2025-02-05T08:35:55.541Z,3.541807,4a953fc0,6 [FLog::Output] (AppDelegate) applicationDidFinishLaunching
2025-02-05T08:35:55.662Z,3.662191,4a953fc0,6,Info [FLog::UpdateController] UpdateController: versionQueryUrl: https://clientsettingscdn.roblox.com/v2/client-version/MacPlayer
2025-02-05T08:35:55.663Z,3.663037,4a953fc0,6,Info [FLog::UpdateController] MacUpdateController: updaterFullPath: /Applications/Roblox.app/Contents/MacOS/RobloxPlayerInstaller.app/Contents/MacOS/RobloxPlayerInstaller
2025-02-05T08:35:55.690Z,3.690973,3ba0000,6,Info [FLog::UpdateController] Update check thread started
2025-02-05T08:35:55.691Z,3.691074,3ba0000,6,Info [FLog::UpdateController] Checking if updater exists at /Applications/Roblox.app/Contents/MacOS/RobloxPlayerInstaller.app/Contents/MacOS/RobloxPlayerInstaller. Returning 1
2025-02-05T08:35:55.691Z,3.691111,4a953fc0,6 [FLog::Output] settingsUrl: https://clientsettingscdn.roblox.com/v2/settings-compressed/application/MacDesktopClient/876303bc5322fbc5499ad5d572b4a57fc6305ca10adf81769b9121c45b7d3a38.dcz
2025-02-05T08:35:55.810Z,3.810688,3ba0000,6,Debug [FLog::UpdateController] version response: {"version":"0.658.0.6580461","clientVersionUpload":"version-4c01fa4a41074574","bootstrapperVersion":"6580461"}
2025-02-05T08:35:55.811Z,3.811509,3ba0000,6,Info [FLog::UpdateController] Update check thread: updateRequired FALSE
2025-02-05T08:35:55.826Z,3.826285,4a953fc0,6 [FLog::Output] Settings Date header was Wed, 05 Feb 2025 08:35:50 GMT
2025-02-05T08:35:55.826Z,3.826390,4a953fc0,6 [FLog::Output] Settings Date timestamp is 1738744550
2025-02-05T08:35:55.882Z,3.882061,4a953fc0,6 [FLog::ClientRunInfo] RobloxGitHash: 6874f45ec658019a67f19ab7de6e688c50292b01
2025-02-05T08:35:55.882Z,3.882469,4a953fc0,6 [FLog::ClientRunInfo] The base url is https://www.roblox.com/
2025-02-05T08:35:55.882Z,3.882501,4a953fc0,6 [FLog::ClientRunInfo] The channel is production
2025-02-05T08:35:56.467Z,4.467112,4a953fc0,6 [FLog::Output] *******
** Validated reflection database in 63.702513 ms, found 5363 entries with the following skipped: 0 enums, 0 properties, 0 functions, 0 events, 0 callbacks, 0 classes.
*******

2025-02-05T08:35:56.473Z,4.473090,4a953fc0,6 [FLog::Output] (AppDelegate) Universal App on Mac: initialize...
2025-02-05T08:35:56.473Z,4.473207,4a953fc0,6 [FLog::Output] syncCookiesFromNativeToEngine was skipped
2025-02-05T08:35:56.473Z,4.473373,4a953fc0,6 [FLog::Output] Current file descriptor limit is 2560, no need to increase
2025-02-05T08:35:56.473Z,4.473396,4a953fc0,6 [FLog::Output] (AppDelegate) Don't have initial browserTrackerId.
2025-02-05T08:35:56.572Z,4.572545,4a953fc0,6 [FLog::Output] syncCookiesFromEngineToNative was skipped
2025-02-05T08:35:56.577Z,4.577526,4a953fc0,6,Info [FLog::PerformanceControlUtil] PerformanceControlUtil: registered single surface tunable (id=0)
2025-02-05T08:35:56.578Z,4.578216,4a953fc0,6 [FLog::SingleSurfaceApp] initializeWithAppStarter
2025-02-05T08:35:56.578Z,4.578249,4a953fc0,6 [FLog::SingleSurfaceApp] initializeSingleton
2025-02-05T08:35:56.580Z,4.580328,4a953fc0,6 [FLog::Output] setAssetFolder /Applications/Roblox.app/Contents/Resources/content/
2025-02-05T08:35:56.580Z,4.580726,4a953fc0,6 [FLog::Output] setExtraAssetFolder /Applications/Roblox.app/Contents/Resources/ExtraContent
2025-02-05T08:35:56.585Z,4.585954,4a953fc0,6 [FLog::Output] Evaluating deferred inferred crashes
2025-02-05T08:35:56.587Z,4.587205,4a953fc0,6 [FLog::SingleSurfaceApp] setStage: (stage:Native)
2025-02-05T08:35:56.587Z,4.587276,4a953fc0,6,Warning [FLog::SingleSurfaceApp] instantiate controllers
2025-02-05T08:35:56.587Z,4.587300,4a953fc0,6 [FLog::SurfaceController] SurfaceController[_:1]::SurfaceController, count: 1
2025-02-05T08:35:56.587Z,4.587321,4a953fc0,6,Warning [FLog::SingleSurfaceApp] instantiate experience coordinator
2025-02-05T08:35:56.589Z,4.589911,4a953fc0,6,Info [FLog::PerformanceControlUtil] PerformanceControlUtil: registered single surface tunable (id=1)
2025-02-05T08:35:56.589Z,4.589949,4a953fc0,6,Info [FLog::CrossExperienceVoiceController] CrossExperienceVoiceController::CrossExperienceVoiceController() constructor
2025-02-05T08:36:00.164Z,8.164384,4a953fc0,6 [FLog::SingleSurfaceApp] initializeLuaAppWithLoggedInUser: (stage:Native).
2025-02-05T08:36:00.164Z,8.164435,4a953fc0,6 [FLog::SingleSurfaceApp] applyLocale
2025-02-05T08:36:00.165Z,8.165499,4a953fc0,6 [FLog::DataModelPatchConfigurer] [_DataModelPatch] Load configs for user key: app:1423803869895817846
2025-02-05T08:36:00.167Z,8.167948,4a953fc0,6 [FLog::DataModelPatchConfigurer] [_DataModelPatch] Retrieving patch
2025-02-05T08:36:00.168Z,8.168070,4a953fc0,6 [FLog::DataModelPatchConfigurer] getCachedPatch DataModelPatchConfig : type=1, assetId=5345954812, assetVersion=10769, maxAppVersion=658, localAssetURI=rbxasset://models/DataModelPatch/DataModelPatch.rbxm
2025-02-05T08:36:00.168Z,8.168097,4a953fc0,6 [FLog::DataModelPatchConfigurer] getCachedPatch : numAttempts=10
2025-02-05T08:36:00.168Z,8.168943,4a953fc0,6 [FLog::DataModelPatchConfigurer] getCachedPatch : contentId=rbxasset://models/DataModelPatch/DataModelPatch.rbxm
2025-02-05T08:36:00.168Z,8.168976,4a953fc0,6 [FLog::DataModelPatchConfigurer] getCachedPatch : get patch from content provider for Model
2025-02-05T08:36:00.191Z,8.191571,4a953fc0,6 [FLog::DataModelPatchConfigurer] deserializeAndVerifyPatch with blake3
2025-02-05T08:36:01.550Z,9.550430,4a953fc0,6,Warning [DFLog::BootcampCLI139737Log] Hello world!!!!!!!!!!!!!!!!!!!!
2025-02-05T08:36:01.550Z,9.550626,4a953fc0,6,Warning [FLog::Output] Hello Earthlings!
2025-02-05T08:36:01.599Z,9.599954,4a953fc0,6 [FLog::SingleSurfaceApp] setStage: (stage:InitializedLuaApp)
2025-02-05T08:36:01.600Z,9.600046,4a953fc0,6 [FLog::SingleSurfaceApp] startLuaApp: (stage:InitializedLuaApp).
2025-02-05T08:36:01.600Z,9.600084,4a953fc0,6 [FLog::SingleSurfaceApp] returnToLuaApp: (stage:InitializedLuaApp).
2025-02-05T08:36:01.600Z,9.600104,4a953fc0,6 [FLog::SingleSurfaceApp] returnToLuaApp: ... disable videoRecorder.
2025-02-05T08:36:01.600Z,9.600120,4a953fc0,6 [FLog::SingleSurfaceApp] returnToLuaAppInternal: ... App has been initialized, returning from game.
2025-02-05T08:36:01.600Z,9.600141,4a953fc0,6 [FLog::SurfaceController] [_:1]::replaceDataModel: (stage:0, window = 0x7fe0ed32db70) [tid:0x7fe0eb00e360]
2025-02-05T08:36:01.600Z,9.600574,3faf000,6 [FLog::Output] Info: DataModel Loading rbxasset://places/Mobile.rbxl
2025-02-05T08:36:01.609Z,9.609654,4a953fc0,6,Warning [FLog::Graphics] RenderView created[1]
2025-02-05T08:36:01.612Z,9.612894,4a953fc0,6 [FLog::Graphics] Metal renderer: AMD Radeon Pro 5300
2025-02-05T08:36:01.612Z,9.612931,4a953fc0,6 [channel] Caps: ThreadSafe 1 Framebuffer 1 FpFramebuffer 1 Shaders 1 Compute 1 Instancing 1 PerInstanceStream 1 ConstBuffers 1
2025-02-05T08:36:01.612Z,9.612947,4a953fc0,6 [channel] Caps: Framebuffer: MRT 4 MSAA 8 Stencil 1
2025-02-05T08:36:01.612Z,9.612961,4a953fc0,6 [channel] Caps: Framebuffer: Depth16 1 Depth24 1 DepthFloat 1 DepthClamp 1
2025-02-05T08:36:01.612Z,9.612974,4a953fc0,6 [channel] Caps: Border Color 1
2025-02-05T08:36:01.612Z,9.612986,4a953fc0,6 [channel] Caps: Texture: RGB10A2 1 RG11B10F 1 R16I 1
2025-02-05T08:36:01.612Z,9.612999,4a953fc0,6 [channel] Caps: Texture: BC6H 1 ASTC HDR 0
2025-02-05T08:36:01.613Z,9.613012,4a953fc0,6 [channel] Caps: Texture: DXT 1 PVR 0 ETC1 0 ETC2 0 Half 1
2025-02-05T08:36:01.613Z,9.613026,4a953fc0,6 [channel] Caps: Texture: 3D 1 Array 1 Depth 1 MSAA 1 MSAAFP16 8
2025-02-05T08:36:01.613Z,9.613038,4a953fc0,6 [channel] Caps: Texture: NPOT 1 PartialMips 1 CubeMipGen 1 CubeFramebuffer 1
2025-02-05T08:36:01.613Z,9.613050,4a953fc0,6 [channel] Caps: Texture: Size 8192 Units 32 VertexUnits 32
2025-02-05T08:36:01.613Z,9.613062,4a953fc0,6 [channel] Caps: ConstantBufferSize 65536
2025-02-05T08:36:01.613Z,9.613074,4a953fc0,6 [channel] Caps: isAppleGPU 0
2025-02-05T08:36:01.613Z,9.613087,4a953fc0,6 [channel] Caps: 32bIdx 1 Memoryless 0
2025-02-05T08:36:01.613Z,9.613099,4a953fc0,6 [channel] Caps: ColorBGR 0 RTFlip 0 MinusOneToOneDepth 0
2025-02-05T08:36:01.617Z,9.617768,3faf000,6 [FLog::DataModelPatchConfigurer] OTAPollingEnabled set to: false
2025-02-05T08:36:01.619Z,9.619979,4a953fc0,6 [FLog::Graphics] Metal: creating framebuffer 5120x2528
2025-02-05T08:36:01.620Z,9.620130,4a953fc0,6 [FLog::Graphics] Video memory size: 2147483648
2025-02-05T08:36:01.667Z,9.667523,3faf000,6 [FLog::DataModelPatchConfigurer] [discovery-ota] Load configs for user key: user:3047960021
2025-02-05T08:36:01.668Z,9.668375,3faf000,6 [FLog::DataModelPatchConfigurer] [discovery-ota] Retrieving patch
2025-02-05T08:36:01.668Z,9.668402,3faf000,6 [FLog::DataModelPatchConfigurer] getCachedPatch DataModelPatchConfig : type=1, assetId=16639814581, assetVersion=1967, maxAppVersion=658, localAssetURI=
2025-02-05T08:36:01.708Z,9.708171,4a953fc0,6 [FLog::Graphics] Loaded 972 shaders from pack metal_osx variant default (7121760 bytes)
2025-02-05T08:36:01.708Z,9.708253,4a953fc0,6 [FLog::Graphics] Compiled 677 shaders in 87 ms
2025-02-05T08:36:01.749Z,9.749919,4a953fc0,6 [FLog::SurfaceController] SurfaceController::disableVR
2025-02-05T08:36:01.750Z,9.750063,4a953fc0,6 [FLog::SurfaceController] SurfaceController[_:1]::start dataModel(0x7fe0ee102a00)
2025-02-05T08:36:01.750Z,9.750104,4a953fc0,6 [FLog::SurfaceController] SurfaceController::RenderJob[_:1]::RenderJob
2025-02-05T08:36:01.750Z,9.750121,4a953fc0,6 [FLog::SurfaceController] SurfaceController[_:1]::run dataModel(0x7fe0ee102a00)
2025-02-05T08:36:01.750Z,9.750165,4a953fc0,6,Info [FLog::CrossExperienceVoiceController] CrossExperienceVoiceController: onCoordinatorTransitionEvent Started - LuaApp
2025-02-05T08:36:01.750Z,9.750184,4a953fc0,6 [FLog::SingleSurfaceApp] setStage: (stage:LuaApp)
2025-02-05T08:36:01.750Z,9.750243,4a953fc0,6 [FLog::SingleSurfaceApp] userDidLogin
2025-02-05T08:36:01.750Z,9.750291,4a953fc0,6 [FLog::SingleSurfaceApp] applyLocale
2025-02-05T08:36:01.750Z,9.750746,40b2000,6 [FLog::Output] (AppDelegate) Doing machine id check.
2025-02-05T08:36:01.829Z,9.829066,3faf000,6,Info [FLog::AudioFocusManager] AudioFocusManager::AudioFocusManager() constructor
2025-02-05T08:36:01.829Z,9.829101,3faf000,6,Info [FLog::AudioFocusService] AudioFocusService::AudioFocusService() constructor
2025-02-05T08:36:01.829Z,9.829145,3faf000,6,Info [FLog::AudioFocusService] AudioFocusService onServiceProvider invokation
2025-02-05T08:36:01.829Z,9.829167,3faf000,6,Info [FLog::AudioFocusService] AudioFocusService::AudioFocusService() onServiceProvider setup
2025-02-05T08:36:02.702Z,10.702223,3eac000,6 [FLog::SurfaceController] SurfaceController::RenderJob::stepDataModelJob: No DM yet. Continue...
2025-02-05T08:36:02.711Z,10.711253,4a953fc0,6 [FLog::SurfaceController] SurfaceController::RenderJob::scheduleRender: No data model. Bind workspace now...
2025-02-05T08:36:02.756Z,10.756179,4a953fc0,6 [FLog::Graphics] Metal: resizing main framebuffer to 5120x2880
2025-02-05T08:36:02.775Z,10.775650,4a953fc0,6 [FLog::Graphics] LayeredClothingMode updated: LC=1 HSR=1
2025-02-05T08:36:02.775Z,10.775727,4a953fc0,6 [FLog::Graphics] Future is bright shadows
2025-02-05T08:36:02.805Z,10.805552,4a953fc0,6 [FLog::Graphics] Terrain TextureArray 512x512, arraySize: 36, mip: 10
2025-02-05T08:36:02.819Z,10.819663,4a953fc0,6 [FLog::Graphics] SceneManager: resizing main targets to 2560x1440
2025-02-05T08:36:02.992Z,10.992455,3faf000,6 [FLog::Warning] Warning: Unable to fetch completed survey ids from app storage  
2025-02-05T08:36:03.180Z,11.180108,3eac000,6,Warning [DFLog::DMNotificationMonitor] DM notification received. Type 10
2025-02-05T08:36:04.444Z,12.444576,3faf000,6 [FLog::Error] Asset (Image) "rbxthumb://type=AvatarHeadShot&id=&w=48&h=48&filters=circular" load failed in TextureManager::PreloadTexture: Request failed
2025-02-05T08:36:04.530Z,12.530199,3eac000,6,Warning [DFLog::DMNotificationMonitor] DM notification received. Type 10
2025-02-05T08:36:05.069Z,13.069173,40b2000,6 [FLog::Error] Asset (Image) "rbxthumb://type=AvatarHeadShot&id=0&w=48&h=48&filters=circular" load failed in TextureManager::PreloadTexture: Request failed
2025-02-05T08:36:05.227Z,13.227259,3eac000,6,Warning [DFLog::DMNotificationMonitor] DM notification received. Type 28
2025-02-05T08:36:05.238Z,13.238099,3faf000,6 [DFLog::SignalRCoreError] ID: 1 Disconnected - stop() called
2025-02-05T08:36:05.291Z,13.291231,3eac000,6,Warning [DFLog::DMNotificationMonitor] DM notification received. Type 10
2025-02-05T08:36:05.291Z,13.291403,3eac000,6,Warning [DFLog::DMNotificationMonitor] DM notification received. Type 10
2025-02-05T08:36:06.064Z,14.064993,3c23000,6,Critical [DFLog::RbxStorage] RbxStorage::init [INIT] availableDiskSpace: 58605989888 bytes, oldCacheSize: -1 bytes, elapsed: 0.044 ms
2025-02-05T08:36:06.163Z,14.163339,3c23000,6,Critical [DFLog::RbxStorage] RbxStorage::init [DONE] name: TelemetryCache(SqliteCache+TelemetryCache(FileCache)), duration: 96.600 ms, dbOpenCount: 1, dbMaxMemory: 0.260 MiB, dbTotalSize: 0.000 MiB, dbNumItems: 1, fileTotalSize: 0.000 MiB, fileNumItems: 0
2025-02-05T08:36:06.163Z,14.163604,3c23000,12,Error [DFLog::HttpTraceError] RbxStorage is not ready
2025-02-05T08:36:06.618Z,14.618340,3eac000,6 [FLog::DataModelPatchConfigurer] [_DataModelPatch] Update OTA config
2025-02-05T08:36:06.779Z,14.779010,3c23000,6 [FLog::DataModelPatchConfigurer] [_DataModelPatch] Update OTA succeeded: {"SchemaVersion":"1","CanaryUserIds":[],"CanaryPercentage":0}
2025-02-05T08:36:06.779Z,14.779068,3c23000,6 [FLog::DataModelPatchConfigurer] [_DataModelPatch] Update OTA config not deployed
2025-02-05T08:36:07.119Z,15.119148,4a953fc0,6 [FLog::Output] Saved channel '' to 'com.roblox.RobloxPlayerChannel' for baseUrl 'www.roblox.com'
2025-02-05T08:36:47.714Z,55.714169,40b2000,6 [FLog::DataModelPatchConfigurer] [discovery-ota] Update OTA config
2025-02-05T08:36:47.875Z,55.875259,3c23000,6 [FLog::DataModelPatchConfigurer] [discovery-ota] Update OTA succeeded: {"SchemaVersion":"1","CanaryUserIds":[],"CanaryPercentage":0}
2025-02-05T08:36:47.875Z,55.875900,3c23000,6 [FLog::DataModelPatchConfigurer] [discovery-ota] Update OTA config not deployed
2025-02-05T08:37:16.046Z,84.046913,4a953fc0,6 [FLog::Graphics] SceneManager: resizing main targets to 2560x1440
2025-02-05T08:37:42.023Z,110.023651,3faf000,6,Warning [DFLog::DMNotificationMonitor] DM notification received. Type 10
2025-02-05T08:37:42.573Z,110.573425,3c23000,12 [DFLog::HttpTraceError] HttpResponse(#316 0x7fe0cc6b2c20) time:291.9ms (net:291.7ms callback:0.0ms timeInRetryQueue:0.0ms)status:403 Forbidden bodySize:145 url:{ "https://games.roblox.com/v1/games/5750914919/social-links/list" } ip:128.116.123.4 external:0 numberOfTimesRetried:0
2025-02-05T08:37:42.578Z,110.578110,3eac000,6 [FLog::Warning] Warning: HTTP error url:`https://games.roblox.com/v1/games/5750914919/social-links/list`
2025-02-05T08:37:42.578Z,110.578491,3eac000,6 [FLog::Warning] Warning: HTTP error code:`403`
2025-02-05T08:37:42.578Z,110.578514,3eac000,6 [FLog::Warning] Warning: HTTP error body:`{"errors":[{"code":3,"message":"Only users who are over twelve years of age may view social links.","userFacingMessage":"Something went wrong"}]}`
2025-02-05T08:37:42.601Z,110.601189,3eac000,6 [FLog::Warning] Warning: Unhandled Promise rejection:

table: 0x0f6a1a6aad1f3b00

CoreGui.RobloxGui.Modules.LuaApp.Thunks.Games.ApiFetchGameSocialLinks:22
CorePackages.Packages._Index.Rodux.Rodux.makeThunkMiddleware:18
CorePackages.Packages._Index.Rodux.Rodux.makeThunkMiddleware:17
CorePackages.Packages._Index.Rodux.Rodux.Store:116
CoreGui.RobloxGui.Modules.LuaApp.Thunks.Games.FetchGameDetailsPageData:106 function startSecondClassFetchPromises
CoreGui.RobloxGui.Modules.LuaApp.Thunks.Games.FetchGameDetailsPageData:220
CorePackages.Packages._Index.Promise.Promise:172 function runExecutor
CorePackages.Packages._Index.Promise.Promise:181

2025-02-05T08:37:45.668Z,113.668678,3faf000,6,Warning [DFLog::DMNotificationMonitor] DM notification received. Type 10
2025-02-05T08:37:47.089Z,115.089447,3eac000,6,Warning [DFLog::DMNotificationMonitor] DM notification received. Type 10
2025-02-05T08:37:48.894Z,116.894508,4a953fc0,6 [FLog::Output] Saved channel '' to 'com.roblox.RobloxPlayerChannel' for baseUrl 'www.roblox.com'
2025-02-05T08:37:48.970Z,116.970070,4a953fc0,6 [FLog::SingleSurfaceApp] launchUGCGame: (stage:LuaApp).
2025-02-05T08:37:48.971Z,116.971161,4a953fc0,6,Info [FLog::CrossExperienceVoiceController] CrossExperienceVoiceController: onCoordinatorTransitionEvent Paused - LuaApp
2025-02-05T08:37:48.971Z,116.971245,4a953fc0,6 [FLog::SingleSurfaceApp] launchUGCGameInternal
2025-02-05T08:37:48.981Z,116.981270,4a953fc0,6 [FLog::SingleSurfaceApp] applyLocale
2025-02-05T08:37:48.981Z,116.981323,4a953fc0,6,Warning [FLog::UgcExperienceController] UgcExperienceController: stop: Did not start due to state.
2025-02-05T08:37:48.981Z,116.981606,4a953fc0,6,Info [FLog::CrossExperienceVoiceController] CrossExperienceVoiceController: onCoordinatorTransitionEvent Stopped - Ugc
2025-02-05T08:37:48.981Z,116.981644,4a953fc0,6,Info [FLog::CrossExperienceVoiceController] CrossExperienceVoiceController: removing all observers for type Ugc
2025-02-05T08:37:48.981Z,116.981659,4a953fc0,6,Warning [FLog::UgcExperienceController] UgcExperienceController: finalize: Did not finalize due to state.
2025-02-05T08:37:48.981Z,116.981667,4a953fc0,6,Info [FLog::UgcExperienceController] UgcExperienceController: initialize:
2025-02-05T08:37:48.998Z,116.998260,4a953fc0,6 [FLog::DataModelPatchConfigurer] [_DataModelPatch] Retrieving patch
2025-02-05T08:37:48.998Z,116.998444,4a953fc0,6 [FLog::DataModelPatchConfigurer] getCachedPatch DataModelPatchConfig : type=1, assetId=5345954812, assetVersion=10769, maxAppVersion=658, localAssetURI=rbxasset://models/DataModelPatch/DataModelPatch.rbxm
2025-02-05T08:37:48.998Z,116.998650,4a953fc0,6 [FLog::DataModelPatchConfigurer] getCachedPatch : numAttempts=10
2025-02-05T08:37:48.999Z,116.999214,4a953fc0,6 [FLog::DataModelPatchConfigurer] getCachedPatch : contentId=rbxasset://models/DataModelPatch/DataModelPatch.rbxm
2025-02-05T08:37:48.999Z,116.999229,4a953fc0,6 [FLog::DataModelPatchConfigurer] getCachedPatch : get patch from content provider for Model
2025-02-05T08:37:49.006Z,117.006073,4a953fc0,6 [FLog::DataModelPatchConfigurer] deserializeAndVerifyPatch with blake3
2025-02-05T08:37:49.264Z,117.264572,4a953fc0,6,Warning [DFLog::BootcampCLI139737Log] Hello world!!!!!!!!!!!!!!!!!!!!
2025-02-05T08:37:49.264Z,117.264816,4a953fc0,6,Warning [FLog::Output] Hello Earthlings!
2025-02-05T08:37:49.279Z,117.279884,4a953fc0,6,Info [FLog::Audio] OutputDevice 0: Cuffie esterne [BuiltIn] 48000/2
2025-02-05T08:37:49.302Z,117.302109,4a953fc0,6,Info [FLog::Audio] InputDevice 0: Microfono esterno({af0144be-277e-8cc3-0000000000000000}) 48000/1/4
2025-02-05T08:37:49.302Z,117.302139,4a953fc0,6,Info [FLog::Audio] InputDevice 1: Microfono iMac({50eb3c32-f018-032c-0000000000000000}) 48000/1/4
2025-02-05T08:37:49.337Z,117.337578,4a953fc0,6,Info [FLog::UgcExperienceController] UgcExperienceController: join: initialized dm 0x7fe0f28cde00
2025-02-05T08:37:49.337Z,117.337669,4a953fc0,6 [FLog::GameJoinUtil] GameJoinUtil::joinGame
2025-02-05T08:37:49.338Z,117.338028,4a953fc0,6 [FLog::GameJoinUtil] GameJoinUtil::joinGamePostStandard: URL: https://gamejoin.roblox.com/v1/join-game BODY: {"placeId":16732694052,"gameJoinAttemptId":"915cf6ba-e239-4b2a-82af-b271ce8e93a0"}
2025-02-05T08:37:49.338Z,117.338120,4a953fc0,6 [FLog::GameJoinUtil] GameJoinUtil::makePlaceLauncherRequest: requestCount: 0, url: https://gamejoin.roblox.com/v1/join-game.
2025-02-05T08:37:49.338Z,117.338341,4a953fc0,6 [FLog::GameJoinUtil] Delaying request by 0.00 seconds
2025-02-05T08:37:49.338Z,117.338440,4a953fc0,6,Info [FLog::CrossExperienceVoiceController] CrossExperienceVoiceController: onCoordinatorTransitionEvent Started - Ugc
2025-02-05T08:37:49.339Z,117.339249,4a953fc0,6 [FLog::SurfaceController] [_:1]::replaceDataModel: (stage:3, window = 0x7fe0ed32db70) [tid:0x7fe0eb00e360]
2025-02-05T08:37:49.339Z,117.339668,4a953fc0,6 [FLog::SurfaceController] stop
2025-02-05T08:37:49.339Z,117.339676,4a953fc0,6 [FLog::SurfaceController] drainRenderingJobs
2025-02-05T08:37:49.339Z,117.339722,40b2000,6 [FLog::SurfaceController] SurfaceController::RenderJob[_:1]::~RenderJob
2025-02-05T08:37:49.346Z,117.346359,4a953fc0,6 [FLog::SurfaceController] SurfaceController[_:1]::start dataModel(0x7fe0f28cde00)
2025-02-05T08:37:49.346Z,117.346397,4a953fc0,6 [FLog::SurfaceController] SurfaceController::RenderJob[_:2]::RenderJob
2025-02-05T08:37:49.346Z,117.346420,4a953fc0,6 [FLog::SurfaceController] SurfaceController[_:1]::run dataModel(0x7fe0f28cde00)
2025-02-05T08:37:49.346Z,117.346443,4a953fc0,6 [FLog::SingleSurfaceApp] setStage: (stage:UGCGame)
2025-02-05T08:37:49.416Z,117.416046,3faf000,6,Info [FLog::UgcExperienceController] UgcExperienceController: submitStartGameTask: scrips are loaded 0x7fe0f28cde00
2025-02-05T08:37:49.416Z,117.416870,3faf000,6 [FLog::SurfaceController] SurfaceController::RenderJob::stepDataModelJob: No DM yet. Continue...
2025-02-05T08:37:49.417Z,117.417679,4a953fc0,6 [FLog::SurfaceController] SurfaceController::RenderJob::scheduleRender: No data model. Bind workspace now...
2025-02-05T08:37:49.435Z,117.435966,4a953fc0,6 [FLog::Graphics] SceneManager: resizing main targets to 2560x1440
2025-02-05T08:37:49.546Z,117.546242,4a953fc0,6 [FLog::Graphics] SceneManager: resizing main targets to 2560x1440
2025-02-05T08:37:49.727Z,117.727921,3faf000,6 [FLog::GameJoinUtil] GameJoinUtil::makePlaceLauncherRequest, response:
{"jobId":"0803cf80-d7dc-4c1a-b3e3-b644877c7879","status":2,"statusData":null,"joinScriptUrl":"https://assetgame.roblox.com/Game/Join.ashx?ticketVersion=2&ticket={\"UserId\"%3a3047960021%2c\"UserName\"%3a\"paninorealaccount009\"%2c\"DisplayName\"%3a\"Jack\"%2c\"CharacterFetchUrl\"%3a\"https%3a%2f%2fapi.roblox.com%2fv1.1%2favatar-fetch%2f%3fplaceId%3d16732694052%26userId%3d3047960021\"%2c\"GameId\"%3a\"0803cf80-d7dc-4c1a-b3e3-b644877c7879\"%2c\"PlaceId\"%3a16732694052%2c\"UniverseId\"%3a5750914919%2c\"ServerId\"%3a1007293%2c\"ServerPort\"%3a61201%2c\"IsTeleport\"%3afalse%2c\"FollowUserId\"%3anull%2c\"TimeStamp\"%3a\"02%2f05%2f2025+08%3a37%3a46\"%2c\"CharacterAppearanceId\"%3a3047960021%2c\"AlternateName\"%3anull%2c\"JoinTypeId\"%3a10%2c\"MatchmakingDecisionId\"%3a\"728695eb-3be8-4e48-9843-014c59a4066d\"%2c\"GameJoinMetadata\"%3a{\"JoinSource\"%3a0%2c\"RequestType\"%3a0%2c\"MatchmakingDecisionId
2025-02-05T08:37:49.728Z,117.728081,3faf000,6 [FLog::GameJoinUtil] Game join succeeded.
2025-02-05T08:37:49.728Z,117.728111,3faf000,6 [FLog::GameJoinUtil] GameJoinUtil::processing join parameters
2025-02-05T08:37:49.746Z,117.746788,40b2000,7 [FLog::Network] NetworkClient:Create
2025-02-05T08:37:49.751Z,117.751709,40b2000,6 [FLog::GameJoinUtil] Null EventId
2025-02-05T08:37:49.753Z,117.753792,40b2000,10 [DFLog::KeyRing] Parsed config created at: 11:59 4/1/2024.
2025-02-05T08:37:49.756Z,117.756348,40b2000,6 [FLog::Output] AnalyticsSessionId is d9d125bc-45ab-4352-a34a-fda527feb9ba.
2025-02-05T08:37:49.756Z,117.756386,40b2000,6 [FLog::Output] ! Joining game '0803cf80-d7dc-4c1a-b3e3-b644877c7879' place 16732694052 at 10.9.8.6
2025-02-05T08:37:49.756Z,117.756424,40b2000,6 [FLog::GameJoinLoadTime] Report game_join_loadtime: sid:d9d125bc-45ab-4352-a34a-fda527feb9ba, clienttime:1738744666.5680000782, join_time:0.78305709899998987567, referral_page:ExperienceDetailsPage, placeid:16732694052, userid:3047960021, universeid:5750914919, 
2025-02-05T08:37:49.766Z,117.766106,40b2000,7 [FLog::Network] Client will attempt to connect following server endpoints with threadSleepTime(-1)
2025-02-05T08:37:49.766Z,117.766129,40b2000,7 [FLog::Network] UDMUX Address = 128.116.44.33, Port = 61201 | RCC Server Address = 10.9.8.6, Port = 61201
2025-02-05T08:37:49.767Z,117.767014,40b2000,7 [FLog::Network] binding socket on inaddr_any:0

2025-02-05T08:37:49.781Z,117.781059,40b2000,6 [FLog::Output] Connecting to UDMUX server 128.116.44.33:61201, and RCC server 10.9.8.6:61201
2025-02-05T08:37:49.962Z,117.962418,40b2000,6 [FLog::Output] Connection accepted from 128.116.44.33|61201
2025-02-05T08:37:49.965Z,117.965218,40b2000,7 [FLog::Network] serverId: 128.116.44.33|61201
2025-02-05T08:37:49.966Z,117.966347,40b2000,7 [FLog::Network] Replicator created for player 128.116.44.33|61201
2025-02-05T08:37:49.966Z,117.966370,40b2000,7 [FLog::Network] Replicator created: 0x7fe0e399d3c0
2025-02-05T08:37:50.154Z,118.154282,3faf000,7 [FLog::Network] Time taken to initialize schema = 8.364237 ms
2025-02-05T08:37:50.156Z,118.156487,3faf000,7 [FLog::Network] Assigned peer id = 1955
2025-02-05T08:37:50.161Z,118.161400,3faf000,7 [FLog::Network] Join snapshot timer: 4.861982
2025-02-05T08:37:50.200Z,118.200027,3eac000,6,Info [FLog::AudioFocusService] AudioFocusService::AudioFocusService() constructor
2025-02-05T08:37:50.200Z,118.200058,3eac000,6,Info [FLog::AudioFocusService] AudioFocusService onServiceProvider invokation
2025-02-05T08:37:50.200Z,118.200066,3eac000,6,Info [FLog::AudioFocusService] AudioFocusService::AudioFocusService() onServiceProvider setup
2025-02-05T08:37:51.528Z,119.528229,40b2000,6 [FLog::Error] Error: Failed to load sound rbxassetid://102597773270227: Requested asset is archived
2025-02-05T08:37:51.793Z,119.793678,478f000,6 [FLog::Error] Asset (Image) "https://assetdelivery.roblox.com/v1/asset?id=00000543453" load failed in TextureManager::PreloadTexture: Request failed
2025-02-05T08:37:52.429Z,120.429230,3eac000,6 [FLog::Output] serverInfoSync started in 0.33ms
2025-02-05T08:37:52.429Z,120.429276,3eac000,6 [FLog::Output] legacyLocalPlayerData started in 0.01ms
2025-02-05T08:37:52.429Z,120.429306,3eac000,6 [FLog::Output] cinematic started in 0.01ms
2025-02-05T08:37:52.429Z,120.429863,3eac000,6 [FLog::Output] client loaded in 52.43ms
2025-02-05T08:37:52.431Z,120.431343,3eac000,6 [FLog::Output] 🍍 Running TopbarPlus v3.0.2 by ForeverHD
2025-02-05T08:37:52.433Z,120.433250,3eac000,6 [FLog::Output] game took 1959.11 to load
2025-02-05T08:37:52.441Z,120.441078,3eac000,6 [FLog::Output] Server RobloxGitHash: 6874f45ec658019a67f19ab7de6e688c50292b01
2025-02-05T08:37:52.441Z,120.441109,3eac000,6 [FLog::Output] Server Prefix: 0.658.0.6580461_20250201T175845Z_RCC_ad039
2025-02-05T08:37:52.523Z,120.523499,40b2000,6 [FLog::Error] Error: Failed to load sound rbxassetid://5546573724: Asset is not approved for the requester
2025-02-05T08:37:52.534Z,120.534363,4a953fc0,6 [FLog::Graphics] Future is bright shadows
2025-02-05T08:37:52.538Z,120.538727,4a953fc0,6 [FLog::Graphics] Terrain TextureArray 512x512, arraySize: 36, mip: 10
2025-02-05T08:37:52.608Z,120.608521,4a953fc0,6 [FLog::Graphics] SceneManager: resizing main targets to 2560x1440
2025-02-05T08:37:53.232Z,121.232033,3eac000,6 [FLog::Output] 1
2025-02-05T08:37:53.252Z,121.252731,40b2000,6 [FLog::Output] // ASSET LOADING SKIPPED DUE TO WORK CONFIG VALUES.
2025-02-05T08:37:53.425Z,121.425888,3eac000,6 [FLog::Output] setting cinematic mode to [false]
2025-02-05T08:37:56.688Z,124.688492,3eac000,6 [FLog::Output] Running Client handler for state true
2025-02-05T08:37:57.634Z,125.634674,3faf000,6 [FLog::Error] Slot Exception
2025-02-05T08:37:57.634Z,125.634705,3faf000,6 [FLog::Error] Error: exception while signaling: Cannot load the AnimationClipProvider Service.
2025-02-05T08:37:57.634Z,125.634758,3faf000,6 [FLog::Error] Slot Exception
2025-02-05T08:37:57.634Z,125.634773,3faf000,6 [FLog::Error] Error: exception while signaling: Cannot load the AnimationClipProvider Service.
2025-02-05T08:37:57.894Z,125.894562,478f000,6 [FLog::Error] Asset (Animation) "rbxassetid://16765683963" load failed in Animation.AnimationId: Animation failed to load
2025-02-05T08:37:57.894Z,125.894890,478f000,6 [FLog::Error] Error: Failed to load animation with sanitized ID rbxassetid://16765683963: Animation failed to load, assetId: https://assetdelivery.roblox.com/v1/asset?id=16765683963&serverplaceid=16732694052
2025-02-05T08:37:58.030Z,126.030418,3faf000,6 [FLog::Warning] Warning: Infinite yield possible on 'Workspace.world.map.Forsaken Shores.Actives:WaitForChild("DoorPart")'
2025-02-05T08:37:58.030Z,126.030563,3faf000,6 [FLog::Output] Info: Stack Begin
2025-02-05T08:37:58.030Z,126.030586,3faf000,6 [FLog::Output] Info: Script 'Players.paninorealaccount009.PlayerScripts.client.AtlantisClientSide', Line 54
2025-02-05T08:37:58.030Z,126.030602,3faf000,6 [FLog::Output] Info: Stack End
2025-02-05T08:37:58.748Z,126.748734,478f000,6 [FLog::Error] Asset (Image) "https://assetdelivery.roblox.com/v1/asset?id=17083490979" load failed in Workspace.active.Mine Explosion.main.c.Texture: Request failed
2025-02-05T08:37:59.335Z,127.335060,3faf000,6 [FLog::Error] Slot Exception
2025-02-05T08:37:59.335Z,127.335121,3faf000,6 [FLog::Error] Error: exception while signaling: Cannot load the AnimationClipProvider Service.
2025-02-05T08:37:59.335Z,127.335175,3faf000,6 [FLog::Error] Slot Exception
2025-02-05T08:37:59.335Z,127.335182,3faf000,6 [FLog::Error] Error: exception while signaling: Cannot load the AnimationClipProvider Service.
2025-02-05T08:37:59.335Z,127.335220,3faf000,6 [FLog::Error] Slot Exception
2025-02-05T08:37:59.335Z,127.335228,3faf000,6 [FLog::Error] Error: exception while signaling: Cannot load the AnimationClipProvider Service.
2025-02-05T08:38:01.817Z,129.817642,3c23000,6 [FLog::Output] Settings Date header was Wed, 05 Feb 2025 08:37:50 GMT
2025-02-05T08:38:01.817Z,129.817673,3c23000,6 [FLog::Output] Settings Date timestamp is 1738744670
2025-02-05T08:38:06.315Z,134.315918,40b2000,6 [FLog::Output] Client started with 37 fps
2025-02-05T08:38:15.940Z,143.940659,3faf000,6 [FLog::Error] Slot Exception
2025-02-05T08:38:15.940Z,143.940704,3faf000,6 [FLog::Error] Error: exception while signaling: Cannot load the AnimationClipProvider Service.
2025-02-05T08:38:23.053Z,151.053986,40b2000,6 [FLog::Error] Slot Exception
2025-02-05T08:38:23.054Z,151.054016,40b2000,6 [FLog::Error] Error: exception while signaling: Cannot load the AnimationClipProvider Service.
2025-02-05T08:38:23.090Z,151.090118,40b2000,6 [FLog::Error] Slot Exception
2025-02-05T08:38:23.090Z,151.090149,40b2000,6 [FLog::Error] Error: exception while signaling: Cannot load the AnimationClipProvider Service.
2025-02-05T08:38:23.090Z,151.090210,40b2000,6 [FLog::Error] Slot Exception
2025-02-05T08:38:23.090Z,151.090225,40b2000,6 [FLog::Error] Error: exception while signaling: Cannot load the AnimationClipProvider Service.
2025-02-05T08:39:57.465Z,245.465027,3faf000,6 [FLog::Output] // DIALOG BEGAN
2025-02-05T08:39:59.849Z,247.849045,3faf000,6 [FLog::Output] // DIALOG ENDED - NO MORE DIALOG RESPONSES
2025-02-05T08:40:01.899Z,249.899872,3c23000,6 [FLog::Output] Settings Date header was Wed, 05 Feb 2025 08:39:58 GMT
2025-02-05T08:40:01.899Z,249.899918,3c23000,6 [FLog::Output] Settings Date timestamp is 1738744798
2025-02-05T08:40:50.253Z,298.253601,3faf000,6,Error [FLog::FMOD] FMOD object: 0x4a80099, parent: 0x7fe08df740b0, fmodOperation: set3DMinMaxDistance, error: An invalid parameter was passed to this function.
2025-02-05T08:40:50.253Z,298.253784,3faf000,6,Error [FLog::FMOD] FMOD object: 0x4a80099, parent: 0x7fe08df740b0, fmodOperation: set3DMinMaxDistance, error: An invalid parameter was passed to this function.
2025-02-05T08:41:01.931Z,309.931458,40b2000,6 [FLog::Output] setting cinematic mode to [false]
2025-02-05T08:41:02.201Z,310.201294,3faf000,6 [FLog::Output] table: 0x26c7edce598475e6
2025-02-05T08:41:06.550Z,314.550659,478f000,6 [FLog::Error] Asset (Animation) "rbxassetid://17850311198" load failed in Animation.AnimationId: Animation failed to load
2025-02-05T08:41:06.550Z,314.550934,478f000,6 [FLog::Error] Error: Failed to load animation with sanitized ID rbxassetid://17850311198: Animation failed to load, assetId: https://assetdelivery.roblox.com/v1/asset?id=17850311198&serverplaceid=16732694052
2025-02-05T08:41:22.622Z,330.622192,3eac000,6 [FLog::Output] setting cinematic mode to [false]
2025-02-05T08:41:22.628Z,330.628571,3eac000,6 [FLog::Output] table: 0x1ce4cff3f768a836
2025-02-05T08:41:45.538Z,353.538025,3eac000,6 [FLog::Error] Slot Exception
2025-02-05T08:41:45.538Z,353.538757,3eac000,6 [FLog::Error] Error: exception while signaling: Cannot load the AnimationClipProvider Service.
2025-02-05T08:41:49.031Z,357.031952,3faf000,6 [FLog::Error] Slot Exception
2025-02-05T08:41:49.032Z,357.032043,3faf000,6 [FLog::Error] Error: exception while signaling: Cannot load the AnimationClipProvider Service.
2025-02-05T08:41:49.032Z,357.032288,3faf000,6 [FLog::Error] Slot Exception
2025-02-05T08:41:49.032Z,357.032318,3faf000,6 [FLog::Error] Error: exception while signaling: Cannot load the AnimationClipProvider Service.
2025-02-05T08:41:57.243Z,365.243469,40b2000,6 [FLog::Output] setting cinematic mode to [false]
2025-02-05T08:41:57.495Z,365.495605,3faf000,6 [FLog::Output] table: 0x11dd5672966281a6
2025-02-05T08:41:59.389Z,367.389282,3faf000,6 [FLog::Output] table: 0x5fc69be6558bf066
2025-02-05T08:42:01.979Z,369.979248,3c23000,6 [FLog::Output] Settings Date header was Wed, 05 Feb 2025 08:41:58 GMT
2025-02-05T08:42:01.979Z,369.979279,3c23000,6 [FLog::Output] Settings Date timestamp is 1738744918
2025-02-05T08:42:09.162Z,377.162384,40b2000,6 [FLog::Output] setting cinematic mode to [false]
2025-02-05T08:42:09.167Z,377.167389,40b2000,6 [FLog::Output] table: 0x4905c35e1bf1d3d6
2025-02-05T08:42:13.996Z,381.996155,3faf000,6 [FLog::Error] Slot Exception
2025-02-05T08:42:13.996Z,381.996216,3faf000,6 [FLog::Error] Error: exception while signaling: Cannot load the AnimationClipProvider Service.
2025-02-05T08:42:14.012Z,382.012695,3faf000,6 [FLog::Error] Slot Exception
2025-02-05T08:42:14.012Z,382.012756,3faf000,6 [FLog::Error] Error: exception while signaling: Cannot load the AnimationClipProvider Service.
2025-02-05T08:42:21.491Z,389.491791,40b2000,6 [FLog::Output] setting cinematic mode to [false]
2025-02-05T08:42:21.520Z,389.520660,40b2000,6 [FLog::Output] table: 0x9203b3ffd1530e86
2025-02-05T08:42:34.802Z,402.802490,3eac000,6 [FLog::Output] setting cinematic mode to [false]
2025-02-05T08:42:34.959Z,402.959198,3faf000,6 [FLog::Output] table: 0xd225d4183e186026
2025-02-05T08:42:36.792Z,404.792358,40b2000,6 [FLog::Output] table: 0xf66128f575d827b6
2025-02-05T08:42:52.727Z,420.727081,3eac000,6 [FLog::Output] setting cinematic mode to [false]
2025-02-05T08:42:52.819Z,420.819916,40b2000,6 [FLog::Output] table: 0x199ff3a5b93c3df6
2025-02-05T08:43:19.577Z,447.577972,478f000,6 [FLog::Error] Asset (Animation) "rbxassetid://17737535694" load failed in Workspace.active.boats.abeme228676.Rowboat.owner.AC.Unoccupied.AnimationId: Animation failed to load
2025-02-05T08:43:19.578Z,447.578064,478f000,6 [FLog::Error] Error: Failed to load animation with sanitized ID rbxassetid://17737535694: Animation failed to load, assetId: https://assetdelivery.roblox.com/v1/asset?id=17737535694&serverplaceid=16732694052
2025-02-05T08:43:19.578Z,447.578125,478f000,6 [FLog::Error] Asset (Animation) "rbxassetid://17737554380" load failed in Workspace.active.boats.abeme228676.Rowboat.owner.AC.Idle.AnimationId: Animation failed to load
2025-02-05T08:43:19.578Z,447.578186,478f000,6 [FLog::Error] Error: Failed to load animation with sanitized ID rbxassetid://17737554380: Animation failed to load, assetId: https://assetdelivery.roblox.com/v1/asset?id=17737554380&serverplaceid=16732694052
2025-02-05T08:43:19.578Z,447.578278,478f000,6 [FLog::Error] Asset (Animation) "rbxassetid://17737574737" load failed in Workspace.active.boats.abeme228676.Rowboat.owner.AC.Active.AnimationId: Animation failed to load
2025-02-05T08:43:19.578Z,447.578308,478f000,6 [FLog::Error] Error: Failed to load animation with sanitized ID rbxassetid://17737574737: Animation failed to load, assetId: https://assetdelivery.roblox.com/v1/asset?id=17737574737&serverplaceid=16732694052
2025-02-05T08:43:44.892Z,472.892242,3faf000,6 [FLog::Output] setting cinematic mode to [false]
2025-02-05T08:43:45.009Z,473.009369,3eac000,6 [FLog::Output] table: 0xc47b243082587016
2025-02-05T08:44:02.076Z,490.076660,3c23000,6 [FLog::Output] Settings Date header was Wed, 05 Feb 2025 08:43:49 GMT
2025-02-05T08:44:02.076Z,490.076965,3c23000,6 [FLog::Output] Settings Date timestamp is 1738745029
2025-02-05T08:44:15.283Z,503.283936,3eac000,6 [FLog::Output] setting cinematic mode to [true]
2025-02-05T08:44:35.653Z,523.653137,40b2000,6 [FLog::Output] setting cinematic mode to [true]
2025-02-05T08:44:35.787Z,523.787170,3faf000,6 [FLog::Output] table: 0x61696b07ccf9c656
2025-02-05T08:46:02.151Z,610.151611,3c23000,6 [FLog::Output] Settings Date header was Wed, 05 Feb 2025 08:45:59 GMT
2025-02-05T08:46:02.152Z,610.152344,3c23000,6 [FLog::Output] Settings Date timestamp is 1738745159
2025-02-05T08:46:39.382Z,647.382202,3faf000,6 [FLog::Output] setting cinematic mode to [true]
2025-02-05T08:46:39.498Z,647.498840,40b2000,6 [FLog::Output] table: 0xdcfdf38fd3afe0a6
2025-02-05T08:47:04.714Z,672.714233,3faf000,6 [FLog::Output] setting cinematic mode to [true]
2025-02-05T08:47:04.719Z,672.719299,3faf000,6 [FLog::Output] table: 0x0b4a828ed95afe96
2025-02-05T08:47:33.435Z,701.435242,3faf000,6 [FLog::Output] setting cinematic mode to [true]
2025-02-05T08:47:33.544Z,701.544922,3eac000,6 [FLog::Output] table: 0xc905d9a0c732d9a6
2025-02-05T08:48:02.234Z,730.234375,3c23000,6 [FLog::Output] Settings Date header was Wed, 05 Feb 2025 08:47:59 GMT
2025-02-05T08:48:02.234Z,730.234436,3c23000,6 [FLog::Output] Settings Date timestamp is 1738745279
2025-02-05T08:48:02.260Z,730.260193,3faf000,6 [FLog::Output] setting cinematic mode to [true]
2025-02-05T08:48:02.288Z,730.288879,3faf000,6 [FLog::Output] table: 0x46811cf11a5de2d6
2025-02-05T08:49:23.499Z,811.499817,3eac000,6 [FLog::Output] setting cinematic mode to [true]
2025-02-05T08:49:23.608Z,811.608521,3faf000,6 [FLog::Output] table: 0x0e7a27ba5fea39b6
2025-02-05T08:49:51.340Z,839.340942,3faf000,6 [FLog::Output] setting cinematic mode to [true]
2025-02-05T08:50:02.309Z,850.309998,3c23000,6 [FLog::Output] Settings Date header was Wed, 05 Feb 2025 08:49:59 GMT
2025-02-05T08:50:02.310Z,850.310608,3c23000,6 [FLog::Output] Settings Date timestamp is 1738745399
2025-02-05T08:50:14.133Z,862.133118,40b2000,6 [FLog::Output] setting cinematic mode to [true]
2025-02-05T08:50:16.524Z,864.524048,3eac000,6,Error [FLog::FMOD] FMOD object: 0x4900215, parent: 0x7fe09c70a5e0, fmodOperation: set3DMinMaxDistance, error: An invalid parameter was passed to this function.
2025-02-05T08:50:16.524Z,864.524109,3eac000,6,Error [FLog::FMOD] FMOD object: 0x4900215, parent: 0x7fe09c70a5e0, fmodOperation: set3DMinMaxDistance, error: An invalid parameter was passed to this function.
2025-02-05T08:50:23.946Z,871.946899,3eac000,6 [FLog::Error] Slot Exception
2025-02-05T08:50:23.946Z,871.946960,3eac000,6 [FLog::Error] Error: exception while signaling: Cannot load the AnimationClipProvider Service.
2025-02-05T08:50:23.998Z,871.998352,3faf000,6 [FLog::Error] Slot Exception
2025-02-05T08:50:23.998Z,871.998413,3faf000,6 [FLog::Error] Error: exception while signaling: Cannot load the AnimationClipProvider Service.
2025-02-05T08:50:23.998Z,871.998474,3faf000,6 [FLog::Error] Slot Exception
2025-02-05T08:50:23.998Z,871.998474,3faf000,6 [FLog::Error] Error: exception while signaling: Cannot load the AnimationClipProvider Service.
2025-02-05T08:50:38.752Z,886.752441,3faf000,6 [FLog::Output] setting cinematic mode to [true]
2025-02-05T08:50:38.861Z,886.861755,40b2000,6 [FLog::Output] table: 0x9e9d2b8a72aee6b6
2025-02-05T08:51:04.394Z,912.394226,3eac000,6 [FLog::Error] Slot Exception
2025-02-05T08:51:04.394Z,912.394287,3eac000,6 [FLog::Error] Error: exception while signaling: Cannot load the AnimationClipProvider Service.
2025-02-05T08:51:06.152Z,914.152588,3faf000,6 [FLog::Output] setting cinematic mode to [true]
2025-02-05T08:51:06.183Z,914.183228,40b2000,6 [FLog::Output] table: 0xc372e3f119564e96
2025-02-05T08:52:02.388Z,970.388245,3c23000,6 [FLog::Output] Settings Date header was Wed, 05 Feb 2025 08:51:51 GMT
2025-02-05T08:52:02.389Z,970.389038,3c23000,6 [FLog::Output] Settings Date timestamp is 1738745511
2025-02-05T08:52:33.572Z,1001.572632,3faf000,6 [FLog::Output] setting cinematic mode to [true]
2025-02-05T08:52:33.701Z,1001.701294,3eac000,6 [FLog::Output] table: 0x4301da14e0c90a76
2025-02-05T08:53:09.237Z,1037.237915,40b2000,6 [FLog::Output] setting cinematic mode to [true]
2025-02-05T08:53:09.356Z,1037.356567,3eac000,6 [FLog::Output] table: 0x4eec49e9ad433406
2025-02-05T08:54:02.464Z,1090.464844,3c23000,6 [FLog::Output] Settings Date header was Wed, 05 Feb 2025 08:53:59 GMT
2025-02-05T08:54:02.465Z,1090.465088,3c23000,6 [FLog::Output] Settings Date timestamp is 1738745639
2025-02-05T08:54:57.613Z,1145.613770,40b2000,6 [FLog::Output] setting cinematic mode to [true]
2025-02-05T08:54:57.716Z,1145.716797,3eac000,6 [FLog::Output] table: 0x6e5b72aeeca03f06
2025-02-05T08:55:09.698Z,1157.698853,3eac000,6 [FLog::Error] Slot Exception
2025-02-05T08:55:09.698Z,1157.698975,3eac000,6 [FLog::Error] Error: exception while signaling: Cannot load the AnimationClipProvider Service.
2025-02-05T08:55:23.706Z,1171.706543,40b2000,6 [FLog::Error] Slot Exception
2025-02-05T08:55:23.706Z,1171.706543,40b2000,6 [FLog::Error] Error: exception while signaling: Cannot load the AnimationClipProvider Service.
2025-02-05T08:55:23.787Z,1171.787109,40b2000,6 [FLog::Error] Slot Exception
2025-02-05T08:55:23.787Z,1171.787231,40b2000,6 [FLog::Error] Error: exception while signaling: Cannot load the AnimationClipProvider Service.
2025-02-05T08:55:23.787Z,1171.787231,40b2000,6 [FLog::Error] Slot Exception
2025-02-05T08:55:23.787Z,1171.787231,40b2000,6 [FLog::Error] Error: exception while signaling: Cannot load the AnimationClipProvider Service.
2025-02-05T08:55:48.112Z,1196.112671,3faf000,6 [FLog::Output] setting cinematic mode to [true]
2025-02-05T08:55:48.231Z,1196.231567,3faf000,6 [FLog::Output] table: 0xad46da11f3358396
2025-02-05T08:55:56.307Z,1204.307373,3faf000,6 [FLog::Error] Slot Exception
2025-02-05T08:55:56.307Z,1204.307495,3faf000,6 [FLog::Error] Error: exception while signaling: Cannot load the AnimationClipProvider Service.
2025-02-05T08:56:02.560Z,1210.560425,3c23000,6 [FLog::Output] Settings Date header was Wed, 05 Feb 2025 08:55:59 GMT
2025-02-05T08:56:02.560Z,1210.560547,3c23000,6 [FLog::Output] Settings Date timestamp is 1738745759
2025-02-05T08:56:13.506Z,1221.506470,3faf000,6 [FLog::Error] Slot Exception
2025-02-05T08:56:13.506Z,1221.506470,3faf000,6 [FLog::Error] Error: exception while signaling: Cannot load the AnimationClipProvider Service.
2025-02-05T08:56:14.621Z,1222.621948,40b2000,6 [FLog::Output] setting cinematic mode to [true]
2025-02-05T08:56:14.625Z,1222.625732,40b2000,6 [FLog::Output] table: 0x98b5f434a7e63386
2025-02-05T08:56:36.159Z,1244.159058,3eac000,6 [FLog::Output] setting cinematic mode to [true]
2025-02-05T08:56:38.401Z,1246.401123,3eac000,6,Error [FLog::FMOD] FMOD object: 0x4ac03c5, parent: 0x7fe083833ec0, fmodOperation: set3DMinMaxDistance, error: An invalid parameter was passed to this function.
2025-02-05T08:56:38.401Z,1246.401123,3eac000,6,Error [FLog::FMOD] FMOD object: 0x4ac03c5, parent: 0x7fe083833ec0, fmodOperation: set3DMinMaxDistance, error: An invalid parameter was passed to this function.
2025-02-05T08:57:00.815Z,1268.815796,3eac000,6 [FLog::Output] setting cinematic mode to [true]
2025-02-05T08:57:00.918Z,1268.918945,3eac000,6 [FLog::Output] table: 0x7829ea1cd234dc76
2025-02-05T08:58:02.631Z,1330.631714,3c23000,6 [FLog::Output] Settings Date header was Wed, 05 Feb 2025 08:57:59 GMT
2025-02-05T08:58:02.631Z,1330.631958,3c23000,6 [FLog::Output] Settings Date timestamp is 1738745879
2025-02-05T09:00:02.709Z,1450.709961,3c23000,6 [FLog::Output] Settings Date header was Wed, 05 Feb 2025 08:59:50 GMT
2025-02-05T09:00:02.710Z,1450.710327,3c23000,6 [FLog::Output] Settings Date timestamp is 1738745990
2025-02-05T09:00:06.661Z,1454.661255,3faf000,6 [FLog::Output] setting cinematic mode to [false]
2025-02-05T09:00:42.036Z,1490.036499,40b2000,6,Error [FLog::FMOD] FMOD object: 0x4980239, parent: 0x7fe0ad7923e0, fmodOperation: set3DMinMaxDistance, error: An invalid parameter was passed to this function.
2025-02-05T09:00:42.036Z,1490.036743,40b2000,6,Error [FLog::FMOD] FMOD object: 0x4980239, parent: 0x7fe0ad7923e0, fmodOperation: set3DMinMaxDistance, error: An invalid parameter was passed to this function.
2025-02-05T09:00:56.268Z,1504.268677,3faf000,6 [FLog::Output] setting cinematic mode to [false]
2025-02-05T09:00:56.368Z,1504.368164,3eac000,6 [FLog::Output] table: 0xdb57f6d01b2d7c46
2025-02-05T09:01:00.383Z,1508.383301,3faf000,6 [FLog::Error] Slot Exception
2025-02-05T09:01:00.383Z,1508.383423,3faf000,6 [FLog::Error] Error: exception while signaling: Cannot load the AnimationClipProvider Service.
2025-02-05T09:01:00.385Z,1508.385132,3faf000,6 [FLog::Error] Slot Exception
2025-02-05T09:01:00.385Z,1508.385254,3faf000,6 [FLog::Error] Error: exception while signaling: Cannot load the AnimationClipProvider Service.
2025-02-05T09:02:00.106Z,1568.106323,3eac000,6 [FLog::Output] setting cinematic mode to [false]
2025-02-05T09:02:00.353Z,1568.353271,40b2000,6 [FLog::Output] table: 0x436ec6a0d8112796
2025-02-05T09:02:02.787Z,1570.787598,3c23000,6 [FLog::Output] Settings Date header was Wed, 05 Feb 2025 09:01:52 GMT
2025-02-05T09:02:02.787Z,1570.787598,3c23000,6 [FLog::Output] Settings Date timestamp is 1738746112
2025-02-05T09:02:11.880Z,1579.880249,3faf000,6 [FLog::Output] setting cinematic mode to [false]
2025-02-05T09:02:11.934Z,1579.934448,40b2000,6 [FLog::Output] table: 0xb7a8f5994edcdf26
2025-02-05T09:03:24.589Z,1652.589233,3eac000,6 [FLog::Output] setting cinematic mode to [false]
2025-02-05T09:03:24.695Z,1652.695679,3faf000,6 [FLog::Output] table: 0x83d958c5f81522b6
2025-02-05T09:03:26.603Z,1654.603516,3faf000,6 [FLog::Output] table: 0xe4aabe0086d00b66
2025-02-05T09:03:51.899Z,1679.899414,478f000,6 [FLog::Error] Asset (Animation) "rbxassetid://16765683963" load failed in Animation.AnimationId: Animation failed to load
2025-02-05T09:03:51.899Z,1679.899780,478f000,6 [FLog::Error] Error: Failed to load animation with sanitized ID rbxassetid://16765683963: Animation failed to load, assetId: https://assetdelivery.roblox.com/v1/asset?id=16765683963&serverplaceid=16732694052
2025-02-05T09:03:52.282Z,1680.282471,478f000,6 [FLog::Error] Asset (Animation) "rbxassetid://17850311198" load failed in Animation.AnimationId: Animation failed to load
2025-02-05T09:03:52.282Z,1680.282593,478f000,6 [FLog::Error] Error: Failed to load animation with sanitized ID rbxassetid://17850311198: Animation failed to load, assetId: https://assetdelivery.roblox.com/v1/asset?id=17850311198&serverplaceid=16732694052
2025-02-05T09:04:02.866Z,1690.866943,3c23000,6 [FLog::Output] Settings Date header was Wed, 05 Feb 2025 09:03:59 GMT
2025-02-05T09:04:02.866Z,1690.866943,3c23000,6 [FLog::Output] Settings Date timestamp is 1738746239
2025-02-05T09:04:22.970Z,1710.970581,3faf000,6 [FLog::Output] // DIALOG BEGAN
2025-02-05T09:04:27.127Z,1715.127075,3faf000,6 [FLog::Output] // DIALOG ENDED - NO MORE DIALOG RESPONSES
2025-02-05T09:04:34.613Z,1722.613525,40b2000,6 [FLog::Output] // DIALOG BEGAN
2025-02-05T09:04:42.322Z,1730.322144,40b2000,6 [FLog::Output] // DIALOG ENDED - WALKED AWAY
2025-02-05T09:04:48.732Z,1736.732666,3faf000,6 [FLog::Output] paninorealaccount009 986882975 false
2025-02-05T09:04:56.814Z,1744.814331,3eac000,6,Warning [DFLog::DMNotificationMonitor] DM notification received. Type 35
2025-02-05T09:04:56.832Z,1744.832886,4a953fc0,6 [FLog::SingleSurfaceApp] leaveUGCGame: (stage:UGCGame) blocking=0.
2025-02-05T09:04:56.833Z,1744.833008,4a953fc0,6 [FLog::SingleSurfaceApp] leaveUGCGameInternal
2025-02-05T09:04:56.834Z,1744.834961,4a953fc0,6 [FLog::SurfaceController] stop
2025-02-05T09:04:56.834Z,1744.834961,4a953fc0,6 [FLog::SurfaceController] drainRenderingJobs
2025-02-05T09:04:56.835Z,1744.835449,4a953fc0,6 [FLog::SurfaceController] SurfaceController::RenderJob[_:2]::~RenderJob
2025-02-05T09:04:57.079Z,1745.079468,4a953fc0,6,Info [FLog::UgcExperienceController] UgcExperienceController: destroyCaptureModeDataModelIfExists: begin
2025-02-05T09:04:57.079Z,1745.079712,4a953fc0,6,Info [FLog::UgcExperienceController] UgcExperienceController: destroyCaptureModeDataModelIfExists: end
2025-02-05T09:04:57.079Z,1745.079834,4a953fc0,6,Info [FLog::UgcExperienceController] UgcExperienceController: stop: begin (blocking=false dataModel=0x7fe0f28cde00)
2025-02-05T09:04:57.080Z,1745.080444,4a953fc0,6,Info [FLog::UgcExperienceController] UgcExperienceController: sendAnalyticsBeforeLeave: sending event None_None
2025-02-05T09:04:57.082Z,1745.082031,4a953fc0,6,Info [FLog::CrossExperienceVoiceController] CrossExperienceVoiceController: onCoordinatorTransitionEvent Stopped - Ugc
2025-02-05T09:04:57.082Z,1745.082275,4a953fc0,6,Info [FLog::CrossExperienceVoiceController] CrossExperienceVoiceController: removing all observers for type Ugc
2025-02-05T09:04:57.084Z,1745.084717,4a953fc0,6 [FLog::SingleSurfaceApp] setStage: (stage:Native)
2025-02-05T09:04:57.085Z,1745.085205,4a953fc0,6 [DFLog::SignalRCoreError] ID: 1 Disconnected - stop() called
2025-02-05T09:04:57.097Z,1745.097290,3faf000,7 [FLog::Network] Client:Disconnect
2025-02-05T09:04:57.175Z,1745.175049,3faf000,7 [FLog::Network] Time to disconnect replication data: 76.726570
2025-02-05T09:04:57.243Z,1745.243652,3faf000,7 [FLog::Network] Sending disconnect with reason: 285
2025-02-05T09:04:57.249Z,1745.249390,3faf000,7 [FLog::Network] Sending disconnect with reason: 285
2025-02-05T09:04:57.249Z,1745.249634,4b71000,7 [FLog::Network] Sending disconnect with reason: 285
2025-02-05T09:04:57.249Z,1745.249756,4b71000,7 [FLog::Network] Connection lost
2025-02-05T09:04:57.249Z,1745.249756,4b71000,7 [FLog::Network] Connection lost: connectMode: Disconnect ASAP, timeMS:1745249, connectionTime 117896
2025-02-05T09:04:57.249Z,1745.249878,4b71000,7 [FLog::Network] Connection lost: AckTimeout 0, IsOutgoingDataWaiting 0
2025-02-05T09:04:57.249Z,1745.249878,4b71000,7 [FLog::Network] Disconnection Notification. Reason: 285
2025-02-05T09:05:03.135Z,1751.135132,3faf000,6,Info [FLog::AudioFocusService] AudioFocusService onServiceProvider invokation
2025-02-05T09:05:03.143Z,1751.143555,3faf000,6,Info [FLog::AudioFocusService] AudioFocusService::AudioFocusService() onServiceProvider teardown
2025-02-05T09:05:03.151Z,1751.151611,3faf000,7 [FLog::Network] Client:Disconnect
2025-02-05T09:05:03.434Z,1751.434326,3faf000,6,Info [FLog::AudioFocusService] AudioFocusService::AudioFocusService() destructor
2025-02-05T09:05:03.439Z,1751.439453,3faf000,7 [FLog::Network] NetworkClient:Remove
2025-02-05T09:05:03.439Z,1751.439819,3faf000,7 [DFLog::MegaReplicatorLogDisconnectCleanUpLog] Destroying MegaReplicator.
2025-02-05T09:05:05.287Z,1753.287354,3eac000,7 [FLog::Network] Replicator destroyed: 0x7fe0e399d3c0
2025-02-05T09:05:05.666Z,1753.666992,4a953fc0,6 [FLog::SingleSurfaceApp] shutDown: (stage:Native).
2025-02-05T09:05:05.667Z,1753.667725,4a953fc0,6 [FLog::SingleSurfaceApp] destroyLuaApp: (stage:Native) blocking:true.
2025-02-05T09:05:05.668Z,1753.668091,4a953fc0,6,Warning [FLog::CrossExperienceVoiceController] CrossExperienceVoiceController: finalize: Did not finalize due to state.
2025-02-05T09:05:05.668Z,1753.668335,4a953fc0,6,Info [FLog::UgcExperienceController] UgcExperienceController: finalized
2025-02-05T09:05:06.783Z,1754.783081,4a953fc0,6,Info [FLog::AudioFocusService] AudioFocusService onServiceProvider invokation
2025-02-05T09:05:06.783Z,1754.783203,4a953fc0,6,Info [FLog::AudioFocusService] AudioFocusService::AudioFocusService() onServiceProvider teardown
2025-02-05T09:05:06.945Z,1754.945435,4a953fc0,6,Info [FLog::AudioFocusService] AudioFocusService::AudioFocusService() destructor
2025-02-05T09:05:07.002Z,1755.002319,4a953fc0,6,Warning [FLog::SingleSurfaceApp] destroyLuaApp: (stage:Native)... finished destroying luaApp.
2025-02-05T09:05:07.002Z,1755.002319,4a953fc0,6 [FLog::SingleSurfaceApp] setStage: (stage:None)
2025-02-05T09:05:07.002Z,1755.002319,4a953fc0,6 [FLog::SingleSurfaceApp] destroy controllers
2025-02-05T09:05:07.003Z,1755.003052,4a953fc0,6,Info [FLog::CrossExperienceVoiceController] CrossExperienceVoiceController::CrossExperienceVoiceController()
2025-02-05T09:05:07.003Z,1755.003540,4a953fc0,6,Info [FLog::UgcExperienceController] UgcExperienceController::~UgcExperienceController()
2025-02-05T09:05:07.003Z,1755.003540,4a953fc0,6 [FLog::SurfaceController] SurfaceController[_:1]::~SurfaceController, count: 0
2025-02-05T09:05:07.003Z,1755.003662,4a953fc0,6,Warning [FLog::Graphics] RenderView destroyed[1]
2025-02-05T09:05:07.119Z,1755.119995,4a953fc0,6 [FLog::SingleSurfaceApp] setStage: (stage:Native)
