2025-02-01T12:20:13.280Z,0.280106,558c3fc0,6 [FLog::MacLuaApp] (AppDelegate) application:openURLs:(
    "roblox-player:1+launchmode:play+gameinfo:gH_ZXhT-n-zHj8dKjcB5Wsr8OjGHdMgowRsYCxI5rhFImDusFvkdZxUlRD9c1fFqI_H0-u1FE5c_pl9tfoXrPvFFX8m-8GOUIGp-ttnJ55Ri3YV9Zn5WKnNCBd1os_UKb2NlWJWhZwzhz4qI6mzEpKDTwpzVDxurHurrcdKRVPNIioPmo4asG1lyii9NY-l1mDKy9n9BOYa6GR7EN3KJf-G5rjenNs0VcX6jhBjgfPk+launchtime:1738412411122+placelauncherurl:https%3A%2F%2Fwww.roblox.com%2FGame%2FPlaceLauncher.ashx%3Frequest%3DRequestFollowUser%26browserTrackerId%3D1738344328674006%26userId%3D3422943738%26joinAttemptId%3D%26joinAttemptOrigin%3DJoinUser+browsertrackerid:1738344328674006+robloxLocale:en_us+gameLocale:en_us+channel:+LaunchExp:InApp"
)
2025-02-01T12:20:13.280Z,0.280543,558c3fc0,6 [FLog::MacLuaApp] (AppDelegate) application:openURLs handling web launch
2025-02-01T12:20:13.280Z,0.280587,558c3fc0,6 [FLog::MacLuaApp] (AppDelegate) Argument 1 = launchmode:play
2025-02-01T12:20:13.280Z,0.280601,558c3fc0,6 [FLog::MacLuaApp] (AppDelegate) Argument 2 = gameinfo:gH_ZXhT-n-zHj8dKjcB5Wsr8OjGHdMgowRsYCxI5rhFImDusFvkdZxUlRD9c1fFqI_H0-u1FE5c_pl9tfoXrPvFFX8m-8GOUIGp-ttnJ55Ri3YV9Zn5WKnNCBd1os_UKb2NlWJWhZwzhz4qI6mzEpKDTwpzVDxurHurrcdKRVPNIioPmo4asG1lyii9NY-l1mDKy9n9BOYa6GR7EN3KJf-G5rjenNs0VcX6jhBjgfPk
2025-02-01T12:20:13.280Z,0.280611,558c3fc0,6 [FLog::MacLuaApp] (AppDelegate) Argument 3 = launchtime:1738412411122
2025-02-01T12:20:13.280Z,0.280621,558c3fc0,6 [FLog::MacLuaApp] (AppDelegate) Argument 4 = placelauncherurl:https%3A%2F%2Fwww.roblox.com%2FGame%2FPlaceLauncher.ashx%3Frequest%3DRequestFollowUser%26browserTrackerId%3D1738344328674006%26userId%3D3422943738%26joinAttemptId%3D%26joinAttemptOrigin%3DJoinUser
2025-02-01T12:20:13.280Z,0.280630,558c3fc0,6 [FLog::MacLuaApp] (AppDelegate) Argument 5 = browsertrackerid:1738344328674006
2025-02-01T12:20:13.280Z,0.280640,558c3fc0,6 [FLog::MacLuaApp] (AppDelegate) Argument 6 = robloxLocale:en_us
2025-02-01T12:20:13.280Z,0.280649,558c3fc0,6 [FLog::MacLuaApp] (AppDelegate) Argument 7 = gameLocale:en_us
2025-02-01T12:20:13.280Z,0.280658,558c3fc0,6 [FLog::MacLuaApp] (AppDelegate) Argument 8 = channel:
2025-02-01T12:20:13.280Z,0.280681,558c3fc0,6 [FLog::Output] Saved channel '' to 'com.roblox.RobloxPlayerChannel' for baseUrl 'www.roblox.com'
2025-02-01T12:20:13.280Z,0.280698,558c3fc0,6 [FLog::Output] RobloxChannel has been set to production
2025-02-01T12:20:13.280Z,0.280707,558c3fc0,6 [FLog::MacLuaApp] (AppDelegate) Argument 9 = LaunchExp:InApp
2025-02-01T12:20:13.280Z,0.280757,558c3fc0,6 [FLog::MacLuaApp] (AppDelegate) reportClientStatus url: https://www.roblox.com/client-status/set?browserTrackerId=1738344328674006&status=BootstrapperInstalling
2025-02-01T12:20:13.282Z,0.282060,558c3fc0,6 [FLog::MacLuaApp] (AppDelegate) application:openURLs cold launch. Defer web launch until after initialization is complete.
2025-02-01T12:20:13.282Z,0.282169,558c3fc0,6 [FLog::Output] (AppDelegate) applicationDidFinishLaunching
2025-02-01T12:20:13.282Z,0.282272,558c3fc0,6,Info [FLog::UpdateController] UpdateController: versionQueryUrl: https://clientsettingscdn.roblox.com/v2/client-version/MacPlayer
2025-02-01T12:20:13.282Z,0.282300,558c3fc0,6,Info [FLog::UpdateController] MacUpdateController: updaterFullPath: /Applications/Roblox.app/Contents/MacOS/RobloxPlayerInstaller.app/Contents/MacOS/RobloxPlayerInstaller
2025-02-01T12:20:13.282Z,0.282348,6b9e000,6,Info [FLog::UpdateController] Update check thread started
2025-02-01T12:20:13.282Z,0.282383,6b9e000,6,Info [FLog::UpdateController] Checking if updater exists at /Applications/Roblox.app/Contents/MacOS/RobloxPlayerInstaller.app/Contents/MacOS/RobloxPlayerInstaller. Returning 1
2025-02-01T12:20:13.282Z,0.282391,558c3fc0,6 [FLog::Output] settingsUrl: https://clientsettingscdn.roblox.com/v2/settings-compressed/application/MacDesktopClient/876303bc5322fbc5499ad5d572b4a57fc6305ca10adf81769b9121c45b7d3a38.dcz
2025-02-01T12:20:13.356Z,0.356727,6b9e000,6,Debug [FLog::UpdateController] version response: {"version":"0.658.0.6580461","clientVersionUpload":"version-4c01fa4a41074574","bootstrapperVersion":"6580461"}
2025-02-01T12:20:13.356Z,0.356812,6b9e000,6,Info [FLog::UpdateController] Update check thread: updateRequired FALSE
2025-02-01T12:20:13.358Z,0.358631,558c3fc0,6 [FLog::Output] Settings Date header was Sat, 01 Feb 2025 12:20:13 GMT
2025-02-01T12:20:13.358Z,0.358658,558c3fc0,6 [FLog::Output] Settings Date timestamp is 1738412413
2025-02-01T12:20:13.370Z,0.370330,558c3fc0,6 [FLog::ClientRunInfo] RobloxGitHash: 6874f45ec658019a67f19ab7de6e688c50292b01
2025-02-01T12:20:13.370Z,0.370517,558c3fc0,6 [FLog::ClientRunInfo] The base url is https://www.roblox.com/
2025-02-01T12:20:13.370Z,0.370529,558c3fc0,6 [FLog::ClientRunInfo] The channel is production
2025-02-01T12:20:13.380Z,0.380884,558c3fc0,6 [FLog::Output] *******
** Validated reflection database in 5.947263 ms, found 5363 entries with the following skipped: 0 enums, 0 properties, 0 functions, 0 events, 0 callbacks, 0 classes.
*******

2025-02-01T12:20:13.381Z,0.381422,558c3fc0,6 [FLog::Output] (AppDelegate) Universal App on Mac: initialize...
2025-02-01T12:20:13.381Z,0.381448,558c3fc0,6 [FLog::Output] syncCookiesFromNativeToEngine was skipped
2025-02-01T12:20:13.381Z,0.381533,558c3fc0,6 [FLog::Output] Current file descriptor limit is 256, increasing to 2560
2025-02-01T12:20:13.381Z,0.381562,558c3fc0,6 [FLog::Output] (AppDelegate) web browserTrackerId = [1738344328674006].
2025-02-01T12:20:13.382Z,0.382759,558c3fc0,6 [FLog::Output] syncCookiesFromEngineToNative was skipped
2025-02-01T12:20:13.382Z,0.382786,558c3fc0,6 [FLog::Output] (AppDelegate) launchTimeMillis = [-1945]
2025-02-01T12:20:13.383Z,0.383013,558c3fc0,6,Info [FLog::PerformanceControlUtil] PerformanceControlUtil: registered single surface tunable (id=0)
2025-02-01T12:20:13.383Z,0.383119,558c3fc0,6 [FLog::SingleSurfaceApp] initializeWithAppStarter
2025-02-01T12:20:13.383Z,0.383133,558c3fc0,6 [FLog::SingleSurfaceApp] initializeSingleton
2025-02-01T12:20:13.383Z,0.383483,558c3fc0,6 [FLog::Output] setAssetFolder /Applications/Roblox.app/Contents/Resources/content/
2025-02-01T12:20:13.383Z,0.383682,558c3fc0,6 [FLog::Output] setExtraAssetFolder /Applications/Roblox.app/Contents/Resources/ExtraContent
2025-02-01T12:20:13.383Z,0.383825,558c3fc0,6 [FLog::Output] Evaluating deferred inferred crashes
2025-02-01T12:20:13.384Z,0.384418,558c3fc0,6 [FLog::SingleSurfaceApp] setStage: (stage:Native)
2025-02-01T12:20:13.384Z,0.384444,558c3fc0,6 [FLog::SingleSurfaceApp] setLocale
2025-02-01T12:20:13.384Z,0.384461,558c3fc0,6,Warning [FLog::SingleSurfaceApp] instantiate controllers
2025-02-01T12:20:13.384Z,0.384481,558c3fc0,6 [FLog::SurfaceController] SurfaceController[_:1]::SurfaceController, count: 1
2025-02-01T12:20:13.384Z,0.384496,558c3fc0,6,Warning [FLog::SingleSurfaceApp] instantiate experience coordinator
2025-02-01T12:20:13.384Z,0.384533,558c3fc0,6,Info [FLog::PerformanceControlUtil] PerformanceControlUtil: registered single surface tunable (id=1)
2025-02-01T12:20:13.384Z,0.384548,558c3fc0,6,Info [FLog::CrossExperienceVoiceController] CrossExperienceVoiceController::CrossExperienceVoiceController() constructor
2025-02-01T12:20:13.385Z,0.385643,6c21000,6,Warning [FLog::HttpOpenTelemetryTracing] No active span to end
2025-02-01T12:20:13.385Z,0.385708,6c21000,12 [DFLog::HttpTraceError] HttpResponse(#5 0x7f7ab8b25c20) time:148.8ms (net:148.7ms callback:0.0ms timeInRetryQueue:0.0ms)status:404 Not Found bodySize:0 url:{ "https://locale.roblox.com/" } ip:128.116.44.3 external:1 numberOfTimesRetried:0
2025-02-01T12:20:13.421Z,0.421698,6c21000,6,Warning [FLog::HttpOpenTelemetryTracing] No active span to end
2025-02-01T12:20:13.421Z,0.421764,6c21000,12 [DFLog::HttpTraceError] HttpResponse(#0 0x7f7ab8843020) time:185.0ms (net:184.9ms callback:0.0ms timeInRetryQueue:0.0ms)status:404 Not Found bodySize:0 url:{ "https://accountsettings.roblox.com/" } ip:128.116.123.4 external:1 numberOfTimesRetried:0
2025-02-01T12:20:13.423Z,0.423928,6c21000,6,Warning [FLog::HttpOpenTelemetryTracing] No active span to end
2025-02-01T12:20:13.423Z,0.423986,6c21000,12 [DFLog::HttpTraceError] HttpResponse(#6 0x7f7ab8853a20) time:187.1ms (net:187.0ms callback:0.0ms timeInRetryQueue:0.0ms)status:404 Not Found bodySize:0 url:{ "https://users.roblox.com/" } ip:128.116.44.3 external:1 numberOfTimesRetried:0
2025-02-01T12:20:13.439Z,0.439848,6c21000,6,Warning [FLog::HttpOpenTelemetryTracing] No active span to end
2025-02-01T12:20:13.439Z,0.439895,6c21000,12 [DFLog::HttpTraceError] HttpResponse(#7 0x7f7ab8854020) time:203.0ms (net:203.0ms callback:0.0ms timeInRetryQueue:0.0ms)status:404 Not Found bodySize:0 url:{ "https://users.roblox.com/" } ip:128.116.44.3 external:1 numberOfTimesRetried:0
2025-02-01T12:20:13.501Z,0.501281,6c21000,6,Warning [FLog::HttpOpenTelemetryTracing] No active span to end
2025-02-01T12:20:13.501Z,0.501378,6c21000,12 [DFLog::HttpTraceError] HttpResponse(#3 0x7f7ab8b2d420) time:263.9ms (net:263.8ms callback:0.0ms timeInRetryQueue:0.0ms)status:404 Not Found bodySize:0 url:{ "https://apis.roblox.com/" } ip:128.116.44.3 external:1 numberOfTimesRetried:0
2025-02-01T12:20:13.504Z,0.504913,6c21000,6,Warning [FLog::HttpOpenTelemetryTracing] No active span to end
2025-02-01T12:20:13.504Z,0.504978,6c21000,12 [DFLog::HttpTraceError] HttpResponse(#4 0x7f7ab8b25620) time:268.1ms (net:268.0ms callback:0.0ms timeInRetryQueue:0.0ms)status:404 Not Found bodySize:0 url:{ "https://apis.roblox.com/" } ip:128.116.44.3 external:1 numberOfTimesRetried:0
2025-02-01T12:20:13.507Z,0.507942,6c21000,6,Warning [FLog::HttpOpenTelemetryTracing] No active span to end
2025-02-01T12:20:13.507Z,0.507996,6c21000,12 [DFLog::HttpTraceError] HttpResponse(#1 0x7f7ab88df620) time:271.2ms (net:271.1ms callback:0.0ms timeInRetryQueue:0.0ms)status:404 Not Found bodySize:0 url:{ "https://apis.roblox.com/" } ip:128.116.44.3 external:1 numberOfTimesRetried:0
2025-02-01T12:20:13.513Z,0.513110,6c21000,6,Warning [FLog::HttpOpenTelemetryTracing] No active span to end
2025-02-01T12:20:13.513Z,0.513162,6c21000,12 [DFLog::HttpTraceError] HttpResponse(#2 0x7f7ab8b2ce20) time:276.3ms (net:276.3ms callback:0.0ms timeInRetryQueue:0.0ms)status:404 Not Found bodySize:0 url:{ "https://apis.roblox.com/" } ip:128.116.44.3 external:1 numberOfTimesRetried:0
2025-02-01T12:20:13.729Z,0.729613,558c3fc0,6 [FLog::SingleSurfaceApp] launchUGCGame: (stage:Native).
2025-02-01T12:20:13.729Z,0.729639,558c3fc0,6 [FLog::SingleSurfaceApp] launchUGCGameInternal
2025-02-01T12:20:13.731Z,0.731883,558c3fc0,6 [FLog::SingleSurfaceApp] applyLocale
2025-02-01T12:20:13.731Z,0.731909,558c3fc0,6,Info [FLog::UgcExperienceController] UgcExperienceController: initialize:
2025-02-01T12:20:13.732Z,0.732908,558c3fc0,6 [FLog::DataModelPatchConfigurer] [_DataModelPatch] Load configs for user key: app:1423803869895817846
2025-02-01T12:20:13.733Z,0.733855,558c3fc0,6 [FLog::DataModelPatchConfigurer] [_DataModelPatch] Retrieving patch
2025-02-01T12:20:13.733Z,0.733873,558c3fc0,6 [FLog::DataModelPatchConfigurer] getCachedPatch DataModelPatchConfig : type=1, assetId=5345954812, assetVersion=10769, maxAppVersion=658, localAssetURI=rbxasset://models/DataModelPatch/DataModelPatch.rbxm
2025-02-01T12:20:13.733Z,0.733882,558c3fc0,6 [FLog::DataModelPatchConfigurer] getCachedPatch : numAttempts=10
2025-02-01T12:20:13.733Z,0.733925,558c3fc0,6 [FLog::DataModelPatchConfigurer] getCachedPatch : contentId=rbxasset://models/DataModelPatch/DataModelPatch.rbxm
2025-02-01T12:20:13.733Z,0.733935,558c3fc0,6 [FLog::DataModelPatchConfigurer] getCachedPatch : get patch from content provider for Model
2025-02-01T12:20:13.734Z,0.734020,558c3fc0,6 [FLog::DataModelPatchConfigurer] deserializeAndVerifyPatch with blake3
2025-02-01T12:20:14.018Z,1.018021,558c3fc0,6,Warning [DFLog::BootcampCLI139737Log] Hello world!!!!!!!!!!!!!!!!!!!!
2025-02-01T12:20:14.102Z,1.102049,558c3fc0,6,Info [FLog::Audio] OutputDevice 0: Cuffie esterne [BuiltIn] 48000/2
2025-02-01T12:20:14.122Z,1.122842,558c3fc0,6,Info [FLog::Audio] InputDevice 0: Microfono esterno({af0144be-277e-8cc3-0000000000000000}) 48000/1/4
2025-02-01T12:20:14.122Z,1.122881,558c3fc0,6,Info [FLog::Audio] InputDevice 1: Microfono iMac({50eb3c32-f018-032c-0000000000000000}) 48000/1/4
2025-02-01T12:20:14.130Z,1.130315,558c3fc0,6,Info [FLog::UgcExperienceController] UgcExperienceController: join: initialized dm 0x7f7ac0c51a00
2025-02-01T12:20:14.130Z,1.130385,558c3fc0,6 [FLog::GameJoinUtil] GameJoinUtil::joinGame
2025-02-01T12:20:14.130Z,1.130475,558c3fc0,6 [FLog::GameJoinUtil] GameJoinUtil::joinGamePostSpecificUser: URL: https://gamejoin.roblox.com/v1/play-with-user BODY: {"userIdToFollow":3422943738,"gameJoinAttemptId":"95d6be25-5c88-414c-8633-5d8648d1dd89"}
2025-02-01T12:20:14.130Z,1.130556,558c3fc0,6 [FLog::GameJoinUtil] GameJoinUtil::makePlaceLauncherRequest: requestCount: 0, url: https://gamejoin.roblox.com/v1/play-with-user.
2025-02-01T12:20:14.130Z,1.130590,558c3fc0,6 [FLog::GameJoinUtil] Delaying request by 0.00 seconds
2025-02-01T12:20:14.130Z,1.130669,558c3fc0,6,Info [FLog::CrossExperienceVoiceController] CrossExperienceVoiceController: onCoordinatorTransitionEvent Started - Ugc
2025-02-01T12:20:14.130Z,1.130805,558c3fc0,6 [FLog::SurfaceController] [_:1]::replaceDataModel: (stage:0, window = 0x7f7ab77a3c90) [tid:0x7f7ab780f560]
2025-02-01T12:20:14.131Z,1.131389,558c3fc0,6,Warning [FLog::Graphics] RenderView created[1]
2025-02-01T12:20:14.133Z,1.133915,558c3fc0,6 [FLog::Graphics] Metal renderer: AMD Radeon Pro 5300
2025-02-01T12:20:14.133Z,1.133946,558c3fc0,6 [channel] Caps: ThreadSafe 1 Framebuffer 1 FpFramebuffer 1 Shaders 1 Compute 1 Instancing 1 PerInstanceStream 1 ConstBuffers 1
2025-02-01T12:20:14.133Z,1.133955,558c3fc0,6 [channel] Caps: Framebuffer: MRT 4 MSAA 8 Stencil 1
2025-02-01T12:20:14.133Z,1.133961,558c3fc0,6 [channel] Caps: Framebuffer: Depth16 1 Depth24 1 DepthFloat 1 DepthClamp 1
2025-02-01T12:20:14.133Z,1.133966,558c3fc0,6 [channel] Caps: Border Color 1
2025-02-01T12:20:14.133Z,1.133972,558c3fc0,6 [channel] Caps: Texture: RGB10A2 1 RG11B10F 1 R16I 1
2025-02-01T12:20:14.133Z,1.133978,558c3fc0,6 [channel] Caps: Texture: BC6H 1 ASTC HDR 0
2025-02-01T12:20:14.133Z,1.133983,558c3fc0,6 [channel] Caps: Texture: DXT 1 PVR 0 ETC1 0 ETC2 0 Half 1
2025-02-01T12:20:14.133Z,1.133998,558c3fc0,6 [channel] Caps: Texture: 3D 1 Array 1 Depth 1 MSAA 1 MSAAFP16 8
2025-02-01T12:20:14.134Z,1.134005,558c3fc0,6 [channel] Caps: Texture: NPOT 1 PartialMips 1 CubeMipGen 1 CubeFramebuffer 1
2025-02-01T12:20:14.134Z,1.134010,558c3fc0,6 [channel] Caps: Texture: Size 8192 Units 32 VertexUnits 32
2025-02-01T12:20:14.134Z,1.134016,558c3fc0,6 [channel] Caps: ConstantBufferSize 65536
2025-02-01T12:20:14.134Z,1.134021,558c3fc0,6 [channel] Caps: isAppleGPU 0
2025-02-01T12:20:14.134Z,1.134026,558c3fc0,6 [channel] Caps: 32bIdx 1 Memoryless 0
2025-02-01T12:20:14.134Z,1.134031,558c3fc0,6 [channel] Caps: ColorBGR 0 RTFlip 0 MinusOneToOneDepth 0
2025-02-01T12:20:14.138Z,1.138082,558c3fc0,6 [FLog::Graphics] Metal: creating framebuffer 5120x2604
2025-02-01T12:20:14.138Z,1.138123,558c3fc0,6 [FLog::Graphics] Video memory size: 2147483648
2025-02-01T12:20:14.191Z,1.191714,7139000,6,Info [FLog::UgcExperienceController] UgcExperienceController: submitStartGameTask: scrips are loaded 0x7f7ac0c51a00
2025-02-01T12:20:14.195Z,1.195154,558c3fc0,6 [FLog::Graphics] Loaded 1021 shaders from pack metal_osx variant default (7181513 bytes)
2025-02-01T12:20:14.195Z,1.195175,558c3fc0,6 [FLog::Graphics] Compiled 677 shaders in 57 ms
2025-02-01T12:20:14.215Z,1.215649,558c3fc0,6 [FLog::SurfaceController] SurfaceController::disableVR
2025-02-01T12:20:14.215Z,1.215795,558c3fc0,6 [FLog::SurfaceController] SurfaceController[_:1]::start dataModel(0x7f7ac0c51a00)
2025-02-01T12:20:14.215Z,1.215827,558c3fc0,6 [FLog::SurfaceController] SurfaceController::RenderJob[_:1]::RenderJob
2025-02-01T12:20:14.215Z,1.215837,558c3fc0,6 [FLog::SurfaceController] SurfaceController[_:1]::run dataModel(0x7f7ac0c51a00)
2025-02-01T12:20:14.215Z,1.215857,558c3fc0,6 [FLog::SingleSurfaceApp] setStage: (stage:UGCGame)
2025-02-01T12:20:14.215Z,1.215869,558c3fc0,6 [FLog::SingleSurfaceApp] userDidLogin
2025-02-01T12:20:14.215Z,1.215878,558c3fc0,6 [FLog::SingleSurfaceApp] applyLocale
2025-02-01T12:20:14.215Z,1.215929,7139000,6 [FLog::Output] (AppDelegate) Doing machine id check.
2025-02-01T12:20:14.229Z,1.229259,723c000,6 [FLog::SurfaceController] SurfaceController::RenderJob::stepDataModelJob: No DM yet. Continue...
2025-02-01T12:20:14.263Z,1.263612,558c3fc0,6 [FLog::SurfaceController] SurfaceController::RenderJob::scheduleRender: No data model. Bind workspace now...
2025-02-01T12:20:14.269Z,1.269478,558c3fc0,6 [FLog::Graphics] LayeredClothingMode updated: LC=1 HSR=1
2025-02-01T12:20:14.274Z,1.274876,558c3fc0,6 [FLog::Graphics] SceneManager: resizing main targets to 2560x1302
2025-02-01T12:20:14.325Z,1.325382,558c3fc0,6 [FLog::Graphics] Metal: resizing main framebuffer to 5120x2880
2025-02-01T12:20:14.330Z,1.330311,558c3fc0,6 [FLog::Graphics] SceneManager: resizing main targets to 2560x1440
2025-02-01T12:20:15.442Z,2.442330,7139000,6 [FLog::GameJoinUtil] GameJoinUtil::makePlaceLauncherRequest, response:
{"jobId":"466f86d8-80fb-42d2-b302-93bfa699ff48","status":2,"statusData":null,"joinScriptUrl":"https://assetgame.roblox.com/Game/Join.ashx?ticketVersion=2&ticket={\"UserId\"%3a3047960021%2c\"UserName\"%3a\"paninorealaccount009\"%2c\"DisplayName\"%3a\"Jack\"%2c\"CharacterFetchUrl\"%3a\"https%3a%2f%2fapi.roblox.com%2fv1.1%2favatar-fetch%2f%3fplaceId%3d135335011609708%26userId%3d3047960021\"%2c\"GameId\"%3a\"466f86d8-80fb-42d2-b302-93bfa699ff48\"%2c\"PlaceId\"%3a135335011609708%2c\"UniverseId\"%3a7096619314%2c\"ServerId\"%3a214448%2c\"ServerPort\"%3a51918%2c\"IsTeleport\"%3afalse%2c\"FollowUserId\"%3a3422943738%2c\"TimeStamp\"%3a\"02%2f01%2f2025+12%3a20%3a14\"%2c\"CharacterAppearanceId\"%3a3047960021%2c\"AlternateName\"%3anull%2c\"JoinTypeId\"%3a5%2c\"MatchmakingDecisionId\"%3anull%2c\"GameJoinMetadata\"%3a{\"JoinSource\"%3a0%2c\"RequestType\"%3a3%2c\"MatchmakingDecisionId\"%3a\"63f093cf-2716-4656-
2025-02-01T12:20:15.442Z,2.442476,7139000,6 [FLog::GameJoinUtil] Game join succeeded.
2025-02-01T12:20:15.442Z,2.442496,7139000,6 [FLog::GameJoinUtil] GameJoinUtil::processing join parameters
2025-02-01T12:20:15.443Z,2.443213,7036000,7 [FLog::Network] NetworkClient:Create
2025-02-01T12:20:15.443Z,2.443528,7036000,6 [FLog::GameJoinUtil] Null EventId
2025-02-01T12:20:15.443Z,2.443605,7036000,10 [DFLog::KeyRing] Parsed config created at: 11:59 4/1/2024.
2025-02-01T12:20:15.446Z,2.446098,7036000,6 [FLog::Output] AnalyticsSessionId is c1b59d00-0ca3-45a8-b2b7-203312056ef0.
2025-02-01T12:20:15.446Z,2.446146,7036000,6 [FLog::Output] ! Joining game '466f86d8-80fb-42d2-b302-93bfa699ff48' place 135335011609708 at 10.206.9.213
2025-02-01T12:20:15.446Z,2.446193,7036000,6 [FLog::GameJoinLoadTime] Report game_join_loadtime: sid:c1b59d00-0ca3-45a8-b2b7-203312056ef0, clienttime:1738412415.5469999313, join_time:1.7139329390000002107, referral_page:RequestFollowUser, placeid:135335011609708, userid:3047960021, universeid:7096619314, 
2025-02-01T12:20:15.448Z,2.448000,7036000,7 [FLog::Network] Client will attempt to connect following server endpoints with threadSleepTime(-1)
2025-02-01T12:20:15.448Z,2.448018,7036000,7 [FLog::Network] UDMUX Address = 128.116.5.33, Port = 51918 | RCC Server Address = 10.206.9.213, Port = 51918
2025-02-01T12:20:15.448Z,2.448907,7036000,7 [FLog::Network] binding socket on inaddr_any:0

2025-02-01T12:20:15.460Z,2.460254,7036000,6 [FLog::Output] Connecting to UDMUX server 128.116.5.33:51918, and RCC server 10.206.9.213:51918
2025-02-01T12:20:15.640Z,2.640986,7036000,6 [FLog::Output] Connection accepted from 128.116.5.33|51918
2025-02-01T12:20:15.642Z,2.642306,7036000,7 [FLog::Network] serverId: 128.116.5.33|51918
2025-02-01T12:20:15.642Z,2.642370,7036000,7 [FLog::Network] Replicator created for player 128.116.5.33|51918
2025-02-01T12:20:15.642Z,2.642381,7036000,7 [FLog::Network] Replicator created: 0x7f7ad775f090
2025-02-01T12:20:15.801Z,2.801033,723c000,7 [FLog::Network] Time taken to initialize schema = 9.970561 ms
2025-02-01T12:20:15.801Z,2.801203,723c000,7 [FLog::Network] Assigned peer id = 6
2025-02-01T12:20:15.801Z,2.801422,723c000,7 [FLog::Network] Join snapshot timer: 0.199476
2025-02-01T12:20:15.807Z,2.807529,7036000,6 [FLog::DataModelPatchConfigurer] OTAPollingEnabled set to: false
2025-02-01T12:20:15.807Z,2.807907,7036000,6 [FLog::DataModelPatchConfigurer] [_DataModelPatch] Update OTA config
2025-02-01T12:20:15.834Z,2.834166,7036000,6,Info [FLog::AudioFocusManager] AudioFocusManager::AudioFocusManager() constructor
2025-02-01T12:20:15.834Z,2.834214,7036000,6,Info [FLog::AudioFocusService] AudioFocusService::AudioFocusService() constructor
2025-02-01T12:20:15.834Z,2.834228,7036000,6,Info [FLog::AudioFocusService] AudioFocusService onServiceProvider invokation
2025-02-01T12:20:15.834Z,2.834235,7036000,6,Info [FLog::AudioFocusService] AudioFocusService::AudioFocusService() onServiceProvider setup
2025-02-01T12:20:15.973Z,2.973847,6c21000,6 [FLog::DataModelPatchConfigurer] [_DataModelPatch] Update OTA succeeded: {"SchemaVersion":"1","CanaryUserIds":[],"CanaryPercentage":0}
2025-02-01T12:20:15.973Z,2.973899,6c21000,6 [FLog::DataModelPatchConfigurer] [_DataModelPatch] Update OTA config not deployed
2025-02-01T12:20:16.087Z,3.087042,723c000,6 [FLog::Warning] Warning: JointsService is deprecated, but an instance was added to JointsService: JointsService.Weld 
2025-02-01T12:20:16.090Z,3.090645,723c000,6 [FLog::Output] Server RobloxGitHash: 6874f45ec658019a67f19ab7de6e688c50292b01
2025-02-01T12:20:16.090Z,3.090665,723c000,6 [FLog::Output] Server Prefix: 0.658.0.6580461_20250201T121953Z_RCC_b7154
2025-02-01T12:20:16.148Z,3.148143,558c3fc0,6 [FLog::Graphics] Future is bright shadows
2025-02-01T12:20:16.150Z,3.150464,558c3fc0,6 [FLog::Graphics] Terrain TextureArray (2022) 512x512, arraySize: 35, mip: 10
2025-02-01T12:20:16.227Z,3.227711,6c21000,6,Critical [DFLog::RbxStorage] RbxStorage::init [INIT] availableDiskSpace: 76069138432 bytes, oldCacheSize: -1 bytes, elapsed: 0.050 ms
2025-02-01T12:20:16.246Z,3.246292,6c21000,6,Error [DFLog::SQLite] sqlite3_error_log: 283 - recovered 185 frames from WAL file /private/var/folders/83/3w46ryz13191t1qd7k9xctdm0000gn/T/Roblox/rbx-storage.db-wal
2025-02-01T12:20:16.249Z,3.249127,6c21000,6,Critical [DFLog::RbxStorage] RbxStorage::init [DONE] name: TelemetryCache(SqliteCache+TelemetryCache(FileCache)), duration: 20.877 ms, dbOpenCount: 5, dbMaxMemory: 0.260 MiB, dbTotalSize: 0.000 MiB, dbNumItems: 1, fileTotalSize: 0.000 MiB, fileNumItems: 0
2025-02-01T12:20:16.284Z,3.284056,7139000,6 [FLog::Output] table: 0xa5235932a1e614d4
2025-02-01T12:20:16.284Z,3.284096,7139000,6 [FLog::Output] started biw
2025-02-01T12:20:16.284Z,3.284123,7139000,6 [FLog::Output] yes
2025-02-01T12:20:16.458Z,3.458437,7139000,6 [FLog::Error] Error: Failed to load sound rbxassetid://201887209: Asset is not approved for the requester
2025-02-01T12:20:16.458Z,3.458484,7139000,6 [FLog::Error] Error: Failed to load sound rbxassetid://201887209: Asset is not approved for the requester
2025-02-01T12:20:16.605Z,3.605818,723c000,6 [FLog::Error] Error: Failed to load sound rbxassetid://201887209: Asset is not approved for the requester
2025-02-01T12:20:16.605Z,3.605859,723c000,6 [FLog::Error] Error: Failed to load sound rbxassetid://201887209: Asset is not approved for the requester
2025-02-01T12:20:16.698Z,3.698399,7654000,6 [FLog::Error] Asset (Image) "https://assetdelivery.roblox.com/v1/asset?id=0" load failed in Workspace.MAP.DEV RIG.Moniter.Screen.Decal.Texture: Request failed
2025-02-01T12:20:16.737Z,3.737871,7139000,6 [FLog::Error] Error: Failed to load sound rbxassetid://572833714: User is not authorized to access Asset.
2025-02-01T12:20:16.737Z,3.737933,7139000,6 [FLog::Error] Error: Failed to load sound rbxassetid://572833714: User is not authorized to access Asset.
2025-02-01T12:20:16.737Z,3.737961,7139000,6 [FLog::Error] Error: Failed to load sound rbxassetid://572833714: User is not authorized to access Asset.
2025-02-01T12:20:17.501Z,4.501159,7036000,6 [FLog::Error] Error: Failed to load sound rbxassetid://201887209: Asset is not approved for the requester
2025-02-01T12:20:17.501Z,4.501312,7036000,6 [FLog::Error] Error: Failed to load sound rbxassetid://201887209: Asset is not approved for the requester
2025-02-01T12:20:17.501Z,4.501396,7036000,6 [FLog::Error] Error: Failed to load sound rbxassetid://572833714: User is not authorized to access Asset.
2025-02-01T12:20:37.860Z,24.860449,7036000,6 [FLog::Output] working perf
2025-02-01T12:20:45.906Z,32.906666,558c3fc0,6 [FLog::Graphics] SceneManager: resizing main targets to 2560x1440
2025-02-01T12:20:52.258Z,39.258038,7139000,6 [FLog::Output] working perf
2025-02-01T12:21:11.522Z,58.522381,7036000,6 [FLog::Output] working perf
2025-02-01T12:22:14.293Z,121.293488,6c21000,6 [FLog::Output] Settings Date header was Sat, 01 Feb 2025 12:21:53 GMT
2025-02-01T12:22:14.293Z,121.293526,6c21000,6 [FLog::Output] Settings Date timestamp is 1738412513
2025-02-01T12:23:32.353Z,199.353485,7139000,6 [FLog::Error] Error: Failed to load sound rbxassetid://201887209: Asset is not approved for the requester
2025-02-01T12:23:32.353Z,199.353958,7139000,6 [FLog::Error] Error: Failed to load sound rbxassetid://201887209: Asset is not approved for the requester
2025-02-01T12:23:32.354Z,199.354004,7139000,6 [FLog::Error] Error: Failed to load sound rbxassetid://572833714: User is not authorized to access Asset.
2025-02-01T12:23:40.562Z,207.562729,7036000,6 [FLog::Error] Error: Failed to load sound rbxassetid://572833714: User is not authorized to access Asset.
2025-02-01T12:23:41.699Z,208.699707,7036000,6 [FLog::Error] Error: Failed to load sound rbxassetid://201887209: Asset is not approved for the requester
2025-02-01T12:23:41.699Z,208.699753,7036000,6 [FLog::Error] Error: Failed to load sound rbxassetid://201887209: Asset is not approved for the requester
2025-02-01T12:23:41.699Z,208.699921,7036000,6 [FLog::Error] Error: Failed to load sound rbxassetid://572833714: User is not authorized to access Asset.
2025-02-01T12:24:14.365Z,241.365082,6c21000,6 [FLog::Output] Settings Date header was Sat, 01 Feb 2025 12:23:52 GMT
2025-02-01T12:24:14.365Z,241.365143,6c21000,6 [FLog::Output] Settings Date timestamp is 1738412632
2025-02-01T12:26:12.942Z,359.942566,723c000,6,Warning [DFLog::DMNotificationMonitor] DM notification received. Type 35
2025-02-01T12:26:12.952Z,359.952606,558c3fc0,6 [FLog::SingleSurfaceApp] leaveUGCGame: (stage:UGCGame) blocking=0.
2025-02-01T12:26:12.952Z,359.952637,558c3fc0,6 [FLog::SingleSurfaceApp] leaveUGCGameInternal
2025-02-01T12:26:12.955Z,359.955109,558c3fc0,6 [FLog::SurfaceController] stop
2025-02-01T12:26:12.955Z,359.955109,558c3fc0,6 [FLog::SurfaceController] drainRenderingJobs
2025-02-01T12:26:12.955Z,359.955170,558c3fc0,6 [FLog::SurfaceController] SurfaceController::RenderJob[_:1]::~RenderJob
2025-02-01T12:26:12.968Z,359.968048,558c3fc0,6,Info [FLog::UgcExperienceController] UgcExperienceController: destroyCaptureModeDataModelIfExists: begin
2025-02-01T12:26:12.968Z,359.968109,558c3fc0,6,Info [FLog::UgcExperienceController] UgcExperienceController: destroyCaptureModeDataModelIfExists: end
2025-02-01T12:26:12.968Z,359.968109,558c3fc0,6,Info [FLog::UgcExperienceController] UgcExperienceController: stop: begin (blocking=false dataModel=0x7f7ac0c51a00)
2025-02-01T12:26:12.968Z,359.968140,558c3fc0,6,Info [FLog::UgcExperienceController] UgcExperienceController: sendAnalyticsBeforeLeave: sending event None_None
2025-02-01T12:26:12.968Z,359.968170,558c3fc0,6,Info [FLog::CrossExperienceVoiceController] CrossExperienceVoiceController: onCoordinatorTransitionEvent Stopped - Ugc
2025-02-01T12:26:12.968Z,359.968201,558c3fc0,6,Info [FLog::CrossExperienceVoiceController] CrossExperienceVoiceController: removing all observers for type Ugc
2025-02-01T12:26:12.969Z,359.969116,558c3fc0,6 [FLog::SingleSurfaceApp] setStage: (stage:Native)
2025-02-01T12:26:12.969Z,359.969116,558c3fc0,6 [DFLog::SignalRCoreError] ID: 1 Disconnected - stop() called
2025-02-01T12:26:12.977Z,359.977875,7139000,7 [FLog::Network] Client:Disconnect
2025-02-01T12:26:12.978Z,359.978607,7139000,7 [FLog::Network] Time to disconnect replication data: 0.662443
2025-02-01T12:26:12.979Z,359.979095,7139000,7 [FLog::Network] Sending disconnect with reason: 285
2025-02-01T12:26:12.979Z,359.979156,7139000,7 [FLog::Network] Sending disconnect with reason: 285
2025-02-01T12:26:12.979Z,359.979187,7e01000,7 [FLog::Network] Sending disconnect with reason: 285
2025-02-01T12:26:12.979Z,359.979279,7e01000,7 [FLog::Network] Connection lost
2025-02-01T12:26:12.979Z,359.979309,7e01000,7 [FLog::Network] Connection lost: connectMode: Disconnect ASAP, timeMS:359979, connectionTime 2581
2025-02-01T12:26:12.979Z,359.979340,7e01000,7 [FLog::Network] Connection lost: AckTimeout 0, IsOutgoingDataWaiting 0
2025-02-01T12:26:12.979Z,359.979340,7e01000,7 [FLog::Network] Disconnection Notification. Reason: 285
2025-02-01T12:26:13.460Z,360.460480,7139000,6,Info [FLog::AudioFocusService] AudioFocusService onServiceProvider invokation
2025-02-01T12:26:13.460Z,360.460907,7139000,6,Info [FLog::AudioFocusService] AudioFocusService::AudioFocusService() onServiceProvider teardown
2025-02-01T12:26:13.461Z,360.461273,7139000,7 [FLog::Network] Client:Disconnect
2025-02-01T12:26:13.635Z,360.635040,7139000,7 [FLog::Network] NetworkClient:Remove
2025-02-01T12:26:13.635Z,360.635071,7139000,7 [DFLog::MegaReplicatorLogDisconnectCleanUpLog] Destroying MegaReplicator.
2025-02-01T12:26:13.689Z,360.689331,7139000,6,Info [FLog::AudioFocusService] AudioFocusService::AudioFocusService() destructor
2025-02-01T12:26:13.713Z,360.713715,7036000,7 [FLog::Network] Replicator destroyed: 0x7f7ad775f090
2025-02-01T12:26:13.999Z,360.999847,558c3fc0,6 [FLog::SingleSurfaceApp] shutDown: (stage:Native).
2025-02-01T12:26:13.999Z,360.999908,558c3fc0,6 [FLog::SingleSurfaceApp] destroyLuaApp: (stage:Native) blocking:true.
2025-02-01T12:26:13.999Z,360.999908,558c3fc0,6,Warning [FLog::CrossExperienceVoiceController] CrossExperienceVoiceController: finalize: Did not finalize due to state.
2025-02-01T12:26:13.999Z,360.999908,558c3fc0,6,Info [FLog::UgcExperienceController] UgcExperienceController: finalized
2025-02-01T12:26:13.999Z,360.999939,558c3fc0,6,Warning [FLog::SingleSurfaceApp] destroyLuaApp: (stage:Native)... finished destroying luaApp.
2025-02-01T12:26:13.999Z,360.999939,558c3fc0,6 [FLog::SingleSurfaceApp] setStage: (stage:None)
2025-02-01T12:26:13.999Z,360.999939,558c3fc0,6 [FLog::SingleSurfaceApp] destroy controllers
2025-02-01T12:26:13.999Z,360.999969,558c3fc0,6,Info [FLog::CrossExperienceVoiceController] CrossExperienceVoiceController::CrossExperienceVoiceController()
2025-02-01T12:26:14.000Z,361.000000,558c3fc0,6,Info [FLog::UgcExperienceController] UgcExperienceController::~UgcExperienceController()
2025-02-01T12:26:14.000Z,361.000000,558c3fc0,6 [FLog::SurfaceController] SurfaceController[_:1]::~SurfaceController, count: 0
2025-02-01T12:26:14.000Z,361.000031,558c3fc0,6,Warning [FLog::Graphics] RenderView destroyed[1]
2025-02-01T12:26:14.036Z,361.036621,558c3fc0,6 [FLog::SingleSurfaceApp] setStage: (stage:Native)
