2025-02-06T16:34:15.207Z,0.207794,4e813fc0,6 [FLog::Output] (AppDelegate) applicationDidFinishLaunching
2025-02-06T16:34:15.208Z,0.208073,4e813fc0,6,Info [FLog::UpdateController] UpdateController: versionQueryUrl: https://clientsettingscdn.roblox.com/v2/client-version/MacPlayer
2025-02-06T16:34:15.208Z,0.208104,4e813fc0,6,Info [FLog::UpdateController] MacUpdateController: updaterFullPath: /Applications/Roblox.app/Contents/MacOS/RobloxPlayerInstaller.app/Contents/MacOS/RobloxPlayerInstaller
2025-02-06T16:34:15.208Z,0.208177,9f3a000,6,Info [FLog::UpdateController] Update check thread started
2025-02-06T16:34:15.208Z,0.208193,4e813fc0,6 [FLog::Output] settingsUrl: https://clientsettingscdn.roblox.com/v2/settings-compressed/application/MacDesktopClient/876303bc5322fbc5499ad5d572b4a57fc6305ca10adf81769b9121c45b7d3a38.dcz
2025-02-06T16:34:15.208Z,0.208230,9f3a000,6,Info [FLog::UpdateController] Checking if updater exists at /Applications/Roblox.app/Contents/MacOS/RobloxPlayerInstaller.app/Contents/MacOS/RobloxPlayerInstaller. Returning 0
2025-02-06T16:34:15.208Z,0.208302,9f3a000,6,Warning [FLog::UpdateController] Updater not found. Skipping update
2025-02-06T16:34:15.208Z,0.208323,9f3a000,6,Info [FLog::UpdateController] Update check thread: updateRequired FALSE
2025-02-06T16:34:15.259Z,0.259150,4e813fc0,6 [FLog::Output] Settings Date header was Thu, 06 Feb 2025 16:34:15 GMT
2025-02-06T16:34:15.259Z,0.259185,4e813fc0,6 [FLog::Output] Settings Date timestamp is 1738859655
2025-02-06T16:34:15.271Z,0.271837,4e813fc0,6 [FLog::ClientRunInfo] RobloxGitHash: 6874f45ec658019a67f19ab7de6e688c50292b01
2025-02-06T16:34:15.272Z,0.272023,4e813fc0,6 [FLog::ClientRunInfo] The base url is https://www.roblox.com/
2025-02-06T16:34:15.272Z,0.272043,4e813fc0,6 [FLog::ClientRunInfo] The channel is production
2025-02-06T16:34:15.283Z,0.283625,4e813fc0,6 [FLog::Output] *******
** Validated reflection database in 6.513976 ms, found 5363 entries with the following skipped: 0 enums, 0 properties, 0 functions, 0 events, 0 callbacks, 0 classes.
*******

2025-02-06T16:34:15.284Z,0.284186,4e813fc0,6 [FLog::Output] (AppDelegate) Universal App on Mac: initialize...
2025-02-06T16:34:15.284Z,0.284210,4e813fc0,6 [FLog::Output] syncCookiesFromNativeToEngine was skipped
2025-02-06T16:34:15.284Z,0.284286,4e813fc0,6 [FLog::Output] Current file descriptor limit is 2560, no need to increase
2025-02-06T16:34:15.284Z,0.284305,4e813fc0,6 [FLog::Output] (AppDelegate) web browserTrackerId = [1738344328674006].
2025-02-06T16:34:15.286Z,0.286483,4e813fc0,6 [FLog::Output] syncCookiesFromEngineToNative was skipped
2025-02-06T16:34:15.286Z,0.286536,4e813fc0,6 [FLog::Output] (AppDelegate) launchTimeMillis = [-4694]
2025-02-06T16:34:15.286Z,0.286843,4e813fc0,6,Info [FLog::PerformanceControlUtil] PerformanceControlUtil: registered single surface tunable (id=0)
2025-02-06T16:34:15.286Z,0.286952,4e813fc0,6 [FLog::SingleSurfaceApp] initializeWithAppStarter
2025-02-06T16:34:15.286Z,0.286969,4e813fc0,6 [FLog::SingleSurfaceApp] initializeSingleton
2025-02-06T16:34:15.287Z,0.287155,4e813fc0,6 [FLog::Output] setAssetFolder /Applications/Roblox.app/Contents/Resources/content/
2025-02-06T16:34:15.287Z,0.287337,4e813fc0,6 [FLog::Output] setExtraAssetFolder /Applications/Roblox.app/Contents/Resources/ExtraContent
2025-02-06T16:34:15.287Z,0.287478,4e813fc0,6 [FLog::Output] Evaluating deferred inferred crashes
2025-02-06T16:34:15.287Z,0.287998,4e813fc0,6 [FLog::SingleSurfaceApp] setStage: (stage:Native)
2025-02-06T16:34:15.288Z,0.288021,4e813fc0,6 [FLog::SingleSurfaceApp] setLocale
2025-02-06T16:34:15.288Z,0.288033,4e813fc0,6,Warning [FLog::SingleSurfaceApp] instantiate controllers
2025-02-06T16:34:15.288Z,0.288043,4e813fc0,6 [FLog::SurfaceController] SurfaceController[_:1]::SurfaceController, count: 1
2025-02-06T16:34:15.288Z,0.288053,4e813fc0,6,Warning [FLog::SingleSurfaceApp] instantiate experience coordinator
2025-02-06T16:34:15.288Z,0.288079,4e813fc0,6,Info [FLog::PerformanceControlUtil] PerformanceControlUtil: registered single surface tunable (id=1)
2025-02-06T16:34:15.288Z,0.288096,4e813fc0,6,Info [FLog::CrossExperienceVoiceController] CrossExperienceVoiceController::CrossExperienceVoiceController() constructor
2025-02-06T16:34:15.337Z,0.337076,a0c3000,6,Warning [FLog::HttpOpenTelemetryTracing] No active span to end
2025-02-06T16:34:15.337Z,0.337151,a0c3000,12 [DFLog::HttpTraceError] HttpResponse(#6 0x7fa73d012620) time:150.3ms (net:150.1ms callback:0.0ms timeInRetryQueue:0.0ms)status:404 Not Found bodySize:0 url:{ "https://users.roblox.com/" } ip:128.116.44.3 external:1 numberOfTimesRetried:0
2025-02-06T16:34:15.351Z,0.351698,a0c3000,6,Warning [FLog::HttpOpenTelemetryTracing] No active span to end
2025-02-06T16:34:15.351Z,0.351749,a0c3000,12 [DFLog::HttpTraceError] HttpResponse(#5 0x7fa73d012020) time:165.0ms (net:164.8ms callback:0.0ms timeInRetryQueue:0.0ms)status:404 Not Found bodySize:0 url:{ "https://locale.roblox.com/" } ip:128.116.44.3 external:1 numberOfTimesRetried:0
2025-02-06T16:34:15.360Z,0.360209,a0c3000,6,Warning [FLog::HttpOpenTelemetryTracing] No active span to end
2025-02-06T16:34:15.360Z,0.360269,a0c3000,12 [DFLog::HttpTraceError] HttpResponse(#0 0x7fa73f134c20) time:173.7ms (net:173.5ms callback:0.0ms timeInRetryQueue:0.0ms)status:404 Not Found bodySize:0 url:{ "https://accountsettings.roblox.com/" } ip:128.116.44.3 external:1 numberOfTimesRetried:0
2025-02-06T16:34:15.365Z,0.365586,a0c3000,6,Warning [FLog::HttpOpenTelemetryTracing] No active span to end
2025-02-06T16:34:15.365Z,0.365637,a0c3000,12 [DFLog::HttpTraceError] HttpResponse(#7 0x7fa73d012c20) time:178.8ms (net:178.7ms callback:0.0ms timeInRetryQueue:0.0ms)status:404 Not Found bodySize:0 url:{ "https://users.roblox.com/" } ip:128.116.44.3 external:1 numberOfTimesRetried:0
2025-02-06T16:34:15.426Z,0.426537,a0c3000,6,Warning [FLog::HttpOpenTelemetryTracing] No active span to end
2025-02-06T16:34:15.426Z,0.426629,a0c3000,12 [DFLog::HttpTraceError] HttpResponse(#3 0x7fa73d011420) time:239.8ms (net:239.7ms callback:0.0ms timeInRetryQueue:0.0ms)status:404 Not Found bodySize:0 url:{ "https://apis.roblox.com/" } ip:128.116.44.3 external:1 numberOfTimesRetried:0
2025-02-06T16:34:15.452Z,0.452213,a0c3000,6,Warning [FLog::HttpOpenTelemetryTracing] No active span to end
2025-02-06T16:34:15.452Z,0.452273,a0c3000,12 [DFLog::HttpTraceError] HttpResponse(#1 0x7fa73d00ea20) time:265.5ms (net:265.4ms callback:0.0ms timeInRetryQueue:0.0ms)status:404 Not Found bodySize:0 url:{ "https://apis.roblox.com/" } ip:128.116.44.3 external:1 numberOfTimesRetried:0
2025-02-06T16:34:15.468Z,0.468446,a0c3000,6,Warning [FLog::HttpOpenTelemetryTracing] No active span to end
2025-02-06T16:34:15.468Z,0.468491,a0c3000,12 [DFLog::HttpTraceError] HttpResponse(#4 0x7fa73d011a20) time:281.7ms (net:281.5ms callback:0.0ms timeInRetryQueue:0.0ms)status:404 Not Found bodySize:0 url:{ "https://apis.roblox.com/" } ip:128.116.44.3 external:1 numberOfTimesRetried:0
2025-02-06T16:34:15.480Z,0.480704,a0c3000,6,Warning [FLog::HttpOpenTelemetryTracing] No active span to end
2025-02-06T16:34:15.480Z,0.480760,a0c3000,12 [DFLog::HttpTraceError] HttpResponse(#2 0x7fa73d010e20) time:294.0ms (net:293.8ms callback:0.0ms timeInRetryQueue:0.0ms)status:404 Not Found bodySize:0 url:{ "https://apis.roblox.com/" } ip:128.116.44.3 external:1 numberOfTimesRetried:0
2025-02-06T16:34:15.608Z,0.608672,4e813fc0,6 [FLog::SingleSurfaceApp] launchUGCGame: (stage:Native).
2025-02-06T16:34:15.608Z,0.608691,4e813fc0,6 [FLog::SingleSurfaceApp] launchUGCGameInternal
2025-02-06T16:34:15.610Z,0.610438,4e813fc0,6 [FLog::SingleSurfaceApp] applyLocale
2025-02-06T16:34:15.610Z,0.610454,4e813fc0,6,Info [FLog::UgcExperienceController] UgcExperienceController: initialize:
2025-02-06T16:34:15.610Z,0.610999,4e813fc0,6 [FLog::DataModelPatchConfigurer] [_DataModelPatch] Load configs for user key: app:1423803869895817846
2025-02-06T16:34:15.611Z,0.611445,4e813fc0,6 [FLog::DataModelPatchConfigurer] [_DataModelPatch] Retrieving patch
2025-02-06T16:34:15.611Z,0.611458,4e813fc0,6 [FLog::DataModelPatchConfigurer] getCachedPatch DataModelPatchConfig : type=1, assetId=5345954812, assetVersion=10769, maxAppVersion=658, localAssetURI=rbxasset://models/DataModelPatch/DataModelPatch.rbxm
2025-02-06T16:34:15.611Z,0.611480,4e813fc0,6 [FLog::DataModelPatchConfigurer] getCachedPatch : numAttempts=10
2025-02-06T16:34:15.611Z,0.611515,4e813fc0,6 [FLog::DataModelPatchConfigurer] getCachedPatch : contentId=rbxasset://models/DataModelPatch/DataModelPatch.rbxm
2025-02-06T16:34:15.611Z,0.611524,4e813fc0,6 [FLog::DataModelPatchConfigurer] getCachedPatch : get patch from content provider for Model
2025-02-06T16:34:15.614Z,0.614966,4e813fc0,6 [FLog::DataModelPatchConfigurer] deserializeAndVerifyPatch with blake3
2025-02-06T16:34:15.881Z,0.881038,4e813fc0,6,Warning [DFLog::BootcampCLI139737Log] Hello world!!!!!!!!!!!!!!!!!!!!
2025-02-06T16:34:15.881Z,0.881075,4e813fc0,6,Warning [FLog::Output] Hello Earthlings!
2025-02-06T16:34:15.933Z,0.933526,4e813fc0,6,Info [FLog::Audio] OutputDevice 0: Cuffie esterne [BuiltIn] 48000/2
2025-02-06T16:34:15.951Z,0.951200,4e813fc0,6,Info [FLog::Audio] InputDevice 0: Microfono esterno({af0144be-277e-8cc3-0000000000000000}) 48000/1/4
2025-02-06T16:34:15.951Z,0.951242,4e813fc0,6,Info [FLog::Audio] InputDevice 1: Microfono iMac({50eb3c32-f018-032c-0000000000000000}) 48000/1/4
2025-02-06T16:34:15.970Z,0.970842,4e813fc0,6,Info [FLog::UgcExperienceController] UgcExperienceController: join: initialized dm 0x7fa74a8fb800
2025-02-06T16:34:15.970Z,0.970884,4e813fc0,6 [FLog::GameJoinUtil] GameJoinUtil::joinGame
2025-02-06T16:34:15.970Z,0.970976,4e813fc0,6 [FLog::GameJoinUtil] GameJoinUtil::joinGamePostSpecificUser: URL: https://gamejoin.roblox.com/v1/play-with-user BODY: {"userIdToFollow":1929626652,"gameJoinAttemptId":"7d2f1b38-1deb-43ce-82b0-7816cb81bf64"}
2025-02-06T16:34:15.971Z,0.971032,4e813fc0,6 [FLog::GameJoinUtil] GameJoinUtil::makePlaceLauncherRequest: requestCount: 0, url: https://gamejoin.roblox.com/v1/play-with-user.
2025-02-06T16:34:15.971Z,0.971100,4e813fc0,6,Info [FLog::CrossExperienceVoiceController] CrossExperienceVoiceController: onCoordinatorTransitionEvent Started - Ugc
2025-02-06T16:34:15.971Z,0.971230,4e813fc0,6 [FLog::SurfaceController] [_:1]::replaceDataModel: (stage:0, window = 0x7fa73b4a5780) [tid:0x7fa73a82bf60]
2025-02-06T16:34:15.975Z,0.975838,4e813fc0,6,Warning [FLog::Graphics] RenderView created[1]
2025-02-06T16:34:15.977Z,0.977754,4e813fc0,6 [FLog::Graphics] Metal renderer: AMD Radeon Pro 5300
2025-02-06T16:34:15.977Z,0.977784,4e813fc0,6 [channel] Caps: ThreadSafe 1 Framebuffer 1 FpFramebuffer 1 Shaders 1 Compute 1 Instancing 1 PerInstanceStream 1 ConstBuffers 1
2025-02-06T16:34:15.977Z,0.977793,4e813fc0,6 [channel] Caps: Framebuffer: MRT 4 MSAA 8 Stencil 1
2025-02-06T16:34:15.977Z,0.977799,4e813fc0,6 [channel] Caps: Framebuffer: Depth16 1 Depth24 1 DepthFloat 1 DepthClamp 1
2025-02-06T16:34:15.977Z,0.977805,4e813fc0,6 [channel] Caps: Border Color 1
2025-02-06T16:34:15.977Z,0.977810,4e813fc0,6 [channel] Caps: Texture: RGB10A2 1 RG11B10F 1 R16I 1
2025-02-06T16:34:15.977Z,0.977815,4e813fc0,6 [channel] Caps: Texture: BC6H 1 ASTC HDR 0
2025-02-06T16:34:15.977Z,0.977821,4e813fc0,6 [channel] Caps: Texture: DXT 1 PVR 0 ETC1 0 ETC2 0 Half 1
2025-02-06T16:34:15.977Z,0.977826,4e813fc0,6 [channel] Caps: Texture: 3D 1 Array 1 Depth 1 MSAA 1 MSAAFP16 8
2025-02-06T16:34:15.977Z,0.977832,4e813fc0,6 [channel] Caps: Texture: NPOT 1 PartialMips 1 CubeMipGen 1 CubeFramebuffer 1
2025-02-06T16:34:15.977Z,0.977837,4e813fc0,6 [channel] Caps: Texture: Size 8192 Units 32 VertexUnits 32
2025-02-06T16:34:15.977Z,0.977842,4e813fc0,6 [channel] Caps: ConstantBufferSize 65536
2025-02-06T16:34:15.977Z,0.977847,4e813fc0,6 [channel] Caps: isAppleGPU 0
2025-02-06T16:34:15.977Z,0.977852,4e813fc0,6 [channel] Caps: 32bIdx 1 Memoryless 0
2025-02-06T16:34:15.977Z,0.977861,4e813fc0,6 [channel] Caps: ColorBGR 0 RTFlip 0 MinusOneToOneDepth 0
2025-02-06T16:34:15.981Z,0.981331,4e813fc0,6 [FLog::Graphics] Metal: creating framebuffer 5120x2528
2025-02-06T16:34:15.981Z,0.981369,4e813fc0,6 [FLog::Graphics] Video memory size: 2147483648
2025-02-06T16:34:16.002Z,1.002536,4e813fc0,6 [FLog::Graphics] Loaded 972 shaders from pack metal_osx variant default (7121760 bytes)
2025-02-06T16:34:16.002Z,1.002581,4e813fc0,6 [FLog::Graphics] Compiled 677 shaders in 21 ms
2025-02-06T16:34:16.026Z,1.026113,4e813fc0,6 [FLog::SurfaceController] SurfaceController::disableVR
2025-02-06T16:34:16.026Z,1.026220,4e813fc0,6 [FLog::SurfaceController] SurfaceController[_:1]::start dataModel(0x7fa74a8fb800)
2025-02-06T16:34:16.026Z,1.026246,4e813fc0,6 [FLog::SurfaceController] SurfaceController::RenderJob[_:1]::RenderJob
2025-02-06T16:34:16.026Z,1.026256,4e813fc0,6 [FLog::SurfaceController] SurfaceController[_:1]::run dataModel(0x7fa74a8fb800)
2025-02-06T16:34:16.026Z,1.026269,4e813fc0,6 [FLog::SingleSurfaceApp] setStage: (stage:UGCGame)
2025-02-06T16:34:16.026Z,1.026279,4e813fc0,6 [FLog::SingleSurfaceApp] userDidLogin
2025-02-06T16:34:16.026Z,1.026286,4e813fc0,6 [FLog::SingleSurfaceApp] applyLocale
2025-02-06T16:34:16.026Z,1.026309,a4d5000,6 [FLog::Output] (AppDelegate) Doing machine id check.
2025-02-06T16:34:16.074Z,1.074852,a5d8000,6,Info [FLog::UgcExperienceController] UgcExperienceController: submitStartGameTask: scrips are loaded 0x7fa74a8fb800
2025-02-06T16:34:16.176Z,1.176901,a5d8000,6 [FLog::SurfaceController] SurfaceController::RenderJob::stepDataModelJob: No DM yet. Continue...
2025-02-06T16:34:16.197Z,1.197406,4e813fc0,6 [FLog::SurfaceController] SurfaceController::RenderJob::scheduleRender: No data model. Bind workspace now...
2025-02-06T16:34:16.202Z,1.202896,4e813fc0,6 [FLog::Graphics] Metal: resizing main framebuffer to 5120x2880
2025-02-06T16:34:16.203Z,1.203004,4e813fc0,6 [FLog::Graphics] LayeredClothingMode updated: LC=1 HSR=1
2025-02-06T16:34:16.215Z,1.215858,4e813fc0,6 [FLog::Graphics] SceneManager: resizing main targets to 2560x1440
2025-02-06T16:34:16.464Z,1.464143,a5d8000,6 [FLog::GameJoinUtil] Game join succeeded.
2025-02-06T16:34:16.464Z,1.464193,a5d8000,6 [FLog::GameJoinUtil] GameJoinUtil::processing join parameters
2025-02-06T16:34:16.483Z,1.483343,a3d2000,7 [FLog::Network] NetworkClient:Create
2025-02-06T16:34:16.483Z,1.483852,a3d2000,6 [FLog::GameJoinUtil] Null EventId
2025-02-06T16:34:16.483Z,1.483933,a3d2000,10 [DFLog::KeyRing] Parsed config created at: 11:59 4/1/2024.
2025-02-06T16:34:16.486Z,1.486135,a3d2000,6 [FLog::Output] AnalyticsSessionId is 257f02bf-d3f9-4a02-a0df-91b1e0cc8404.
2025-02-06T16:34:16.486Z,1.486184,a3d2000,6 [FLog::Output] ! Joining game '7d2f1b38-1deb-43ce-82b0-7816cb81bf64' place 16732694052 at 10.9.3.76
2025-02-06T16:34:16.486Z,1.486236,a3d2000,6 [FLog::GameJoinLoadTime] Report game_join_loadtime: sid:257f02bf-d3f9-4a02-a0df-91b1e0cc8404, clienttime:1738859656.3329999447, join_time:0.87520111300000003052, referral_page:RequestFollowUser, placeid:16732694052, userid:3047960021, universeid:5750914919, 
2025-02-06T16:34:16.488Z,1.488458,a3d2000,7 [FLog::Network] Client will attempt to connect following server endpoints with threadSleepTime(-1)
2025-02-06T16:34:16.488Z,1.488502,a3d2000,7 [FLog::Network] UDMUX Address = 128.116.44.33, Port = 55925 | RCC Server Address = 10.9.3.76, Port = 55925
2025-02-06T16:34:16.489Z,1.489623,a3d2000,7 [FLog::Network] binding socket on inaddr_any:0

2025-02-06T16:34:16.501Z,1.501807,a3d2000,6 [FLog::Output] Connecting to UDMUX server 128.116.44.33:55925, and RCC server 10.9.3.76:55925
2025-02-06T16:34:16.701Z,1.701087,a4d5000,6 [FLog::Output] Connection accepted from 128.116.44.33|55925
2025-02-06T16:34:16.702Z,1.702954,a4d5000,7 [FLog::Network] serverId: 128.116.44.33|55925
2025-02-06T16:34:16.703Z,1.703043,a4d5000,7 [FLog::Network] Replicator created for player 128.116.44.33|55925
2025-02-06T16:34:16.703Z,1.703060,a4d5000,7 [FLog::Network] Replicator created: 0x7fa73a8bdca0
2025-02-06T16:34:16.884Z,1.884861,a5d8000,7 [FLog::Network] Time taken to initialize schema = 7.283661 ms
2025-02-06T16:34:16.885Z,1.885034,a5d8000,7 [FLog::Network] Assigned peer id = 7
2025-02-06T16:34:16.885Z,1.885267,a5d8000,7 [FLog::Network] Join snapshot timer: 0.213429
2025-02-06T16:34:16.894Z,1.894279,a3d2000,6 [FLog::DataModelPatchConfigurer] OTAPollingEnabled set to: false
2025-02-06T16:34:16.912Z,1.912618,a0c3000,6,Critical [DFLog::RbxStorage] RbxStorage::init [INIT] availableDiskSpace: 58231148544 bytes, oldCacheSize: -1 bytes, elapsed: 0.046 ms
2025-02-06T16:34:16.937Z,1.937335,a3d2000,6,Info [FLog::AudioFocusManager] AudioFocusManager::AudioFocusManager() constructor
2025-02-06T16:34:16.937Z,1.937364,a3d2000,6,Info [FLog::AudioFocusService] AudioFocusService::AudioFocusService() constructor
2025-02-06T16:34:16.937Z,1.937377,a3d2000,6,Info [FLog::AudioFocusService] AudioFocusService onServiceProvider invokation
2025-02-06T16:34:16.937Z,1.937384,a3d2000,6,Info [FLog::AudioFocusService] AudioFocusService::AudioFocusService() onServiceProvider setup
2025-02-06T16:34:16.942Z,1.942395,a0c3000,6,Critical [DFLog::RbxStorage] RbxStorage::init [DONE] name: TelemetryCache(SqliteCache+TelemetryCache(FileCache)), duration: 29.329 ms, dbOpenCount: 1, dbMaxMemory: 0.260 MiB, dbTotalSize: 0.000 MiB, dbNumItems: 1, fileTotalSize: 0.000 MiB, fileNumItems: 0
2025-02-06T16:34:16.942Z,1.942502,a0c3000,12,Error [DFLog::HttpTraceError] RbxStorage is not ready
2025-02-06T16:34:18.328Z,3.328151,4e813fc0,6 [FLog::Graphics] Future is bright shadows
2025-02-06T16:34:18.331Z,3.331304,4e813fc0,6 [FLog::Graphics] Terrain TextureArray 512x512, arraySize: 36, mip: 10
2025-02-06T16:34:18.827Z,3.827137,aa73000,6 [FLog::Error] Asset (Image) "https://assetdelivery.roblox.com/v1/asset?id=00000543453" load failed in TextureManager::PreloadTexture: Request failed
2025-02-06T16:34:19.151Z,4.151186,a3d2000,6 [FLog::Output] serverInfoSync started in 0.03ms
2025-02-06T16:34:19.151Z,4.151243,a3d2000,6 [FLog::Output] legacyLocalPlayerData started in 0.01ms
2025-02-06T16:34:19.151Z,4.151272,a3d2000,6 [FLog::Output] cinematic started in 0.01ms
2025-02-06T16:34:19.151Z,4.151893,a3d2000,6 [FLog::Output] client loaded in 132.43ms
2025-02-06T16:34:19.153Z,4.153382,a3d2000,6 [FLog::Output] 🍍 Running TopbarPlus v3.0.2 by ForeverHD
2025-02-06T16:34:19.158Z,4.158915,a3d2000,6 [FLog::Output] game took 1868.52 to load
2025-02-06T16:34:19.162Z,4.162587,a3d2000,6 [FLog::Output] Server RobloxGitHash: 56a89352ee772e2d2f053a2758f8679453495915
2025-02-06T16:34:19.162Z,4.162608,a3d2000,6 [FLog::Output] Server Prefix: 0.659.0.6590474_20250206T124305Z_RCC_67346
2025-02-06T16:34:20.255Z,5.255435,a3d2000,6 [FLog::Output] setting cinematic mode to [false]
2025-02-06T16:34:23.075Z,8.075802,a3d2000,6 [FLog::Output] // ASSET LOADING SKIPPED DUE TO WORK CONFIG VALUES.
2025-02-06T16:34:23.540Z,8.540781,a3d2000,6 [FLog::Output] 1
2025-02-06T16:34:23.546Z,8.546505,a3d2000,6 [FLog::Output] Running Client handler for state true
2025-02-06T16:34:25.136Z,10.136427,aa73000,6 [FLog::Error] Asset (Image) "https://assetdelivery.roblox.com/v1/asset?id=17083490979" load failed in Workspace.active.Mine Explosion.main.c.Texture: Request failed
2025-02-06T16:34:25.207Z,10.207335,a3d2000,6 [FLog::Warning] Warning: Infinite yield possible on 'Workspace.world.map.Forsaken Shores.Actives:WaitForChild("DoorPart")'
2025-02-06T16:34:25.207Z,10.207396,a3d2000,6 [FLog::Output] Info: Stack Begin
2025-02-06T16:34:25.207Z,10.207428,a3d2000,6 [FLog::Output] Info: Script 'Script Raptor.Thread', Line 495
2025-02-06T16:34:25.207Z,10.207455,a3d2000,6 [FLog::Output] Info: Script 'Players.paninorealaccount009.PlayerScripts.client.AtlantisClientSide', Line 54
2025-02-06T16:34:25.207Z,10.207469,a3d2000,6 [FLog::Output] Info: Stack End
2025-02-06T16:34:32.790Z,17.790783,a5d8000,6 [FLog::Output] Client started with 54 fps
2025-02-06T16:34:33.137Z,18.137493,a5d8000,6,Warning [DFLog::DMNotificationMonitor] DM notification received. Type 35
2025-02-06T16:34:33.205Z,18.205185,4e813fc0,6 [FLog::SingleSurfaceApp] leaveUGCGame: (stage:UGCGame) blocking=0.
2025-02-06T16:34:33.205Z,18.205219,4e813fc0,6 [FLog::SingleSurfaceApp] leaveUGCGameInternal
2025-02-06T16:34:33.206Z,18.206846,4e813fc0,6 [FLog::SurfaceController] stop
2025-02-06T16:34:33.206Z,18.206865,4e813fc0,6 [FLog::SurfaceController] drainRenderingJobs
2025-02-06T16:34:33.206Z,18.206894,4e813fc0,6 [FLog::SurfaceController] SurfaceController::RenderJob[_:1]::~RenderJob
2025-02-06T16:34:33.482Z,18.482849,4e813fc0,6,Info [FLog::UgcExperienceController] UgcExperienceController: destroyCaptureModeDataModelIfExists: begin
2025-02-06T16:34:33.483Z,18.483097,4e813fc0,6,Info [FLog::UgcExperienceController] UgcExperienceController: destroyCaptureModeDataModelIfExists: end
2025-02-06T16:34:33.483Z,18.483194,4e813fc0,6,Info [FLog::UgcExperienceController] UgcExperienceController: stop: begin (blocking=false dataModel=0x7fa74a8fb800)
2025-02-06T16:34:33.483Z,18.483231,4e813fc0,6,Info [FLog::UgcExperienceController] UgcExperienceController: sendAnalyticsBeforeLeave: sending event None_None
2025-02-06T16:34:33.483Z,18.483263,4e813fc0,6,Info [FLog::CrossExperienceVoiceController] CrossExperienceVoiceController: onCoordinatorTransitionEvent Stopped - Ugc
2025-02-06T16:34:33.483Z,18.483278,4e813fc0,6,Info [FLog::CrossExperienceVoiceController] CrossExperienceVoiceController: removing all observers for type Ugc
2025-02-06T16:34:33.484Z,18.484776,4e813fc0,6 [FLog::SingleSurfaceApp] setStage: (stage:Native)
2025-02-06T16:34:33.484Z,18.484814,4e813fc0,6 [DFLog::SignalRCoreError] ID: 1 Disconnected - stop() called
2025-02-06T16:34:33.518Z,18.518606,a4d5000,7 [FLog::Network] Client:Disconnect
2025-02-06T16:34:33.538Z,18.538353,a4d5000,7 [FLog::Network] Time to disconnect replication data: 18.649492
2025-02-06T16:34:33.545Z,18.545534,a4d5000,7 [FLog::Network] Sending disconnect with reason: 285
2025-02-06T16:34:33.545Z,18.545612,a4d5000,7 [FLog::Network] Sending disconnect with reason: 285
2025-02-06T16:34:33.545Z,18.545645,b2a3000,7 [FLog::Network] Sending disconnect with reason: 285
2025-02-06T16:34:36.118Z,21.118168,a4d5000,6,Info [FLog::AudioFocusService] AudioFocusService onServiceProvider invokation
2025-02-06T16:34:36.118Z,21.118200,a4d5000,6,Info [FLog::AudioFocusService] AudioFocusService::AudioFocusService() onServiceProvider teardown
2025-02-06T16:34:36.118Z,21.118277,a4d5000,7 [FLog::Network] Client:Disconnect
2025-02-06T16:34:36.358Z,21.358778,a4d5000,6,Info [FLog::AudioFocusService] AudioFocusService::AudioFocusService() destructor
2025-02-06T16:34:36.369Z,21.369623,a4d5000,7 [FLog::Network] NetworkClient:Remove
2025-02-06T16:34:36.369Z,21.369654,a4d5000,7 [DFLog::MegaReplicatorLogDisconnectCleanUpLog] Destroying MegaReplicator.
2025-02-06T16:34:37.022Z,22.022022,a5d8000,7 [FLog::Network] Replicator destroyed: 0x7fa73a8bdca0
2025-02-06T16:34:37.805Z,22.805031,4e813fc0,6 [FLog::SingleSurfaceApp] shutDown: (stage:Native).
2025-02-06T16:34:37.805Z,22.805096,4e813fc0,6 [FLog::SingleSurfaceApp] destroyLuaApp: (stage:Native) blocking:true.
2025-02-06T16:34:37.805Z,22.805107,4e813fc0,6,Warning [FLog::CrossExperienceVoiceController] CrossExperienceVoiceController: finalize: Did not finalize due to state.
2025-02-06T16:34:37.805Z,22.805115,4e813fc0,6,Info [FLog::UgcExperienceController] UgcExperienceController: finalized
2025-02-06T16:34:37.805Z,22.805126,4e813fc0,6,Warning [FLog::SingleSurfaceApp] destroyLuaApp: (stage:Native)... finished destroying luaApp.
2025-02-06T16:34:37.805Z,22.805134,4e813fc0,6 [FLog::SingleSurfaceApp] setStage: (stage:None)
2025-02-06T16:34:37.805Z,22.805140,4e813fc0,6 [FLog::SingleSurfaceApp] destroy controllers
2025-02-06T16:34:37.805Z,22.805149,4e813fc0,6,Info [FLog::CrossExperienceVoiceController] CrossExperienceVoiceController::CrossExperienceVoiceController()
2025-02-06T16:34:37.805Z,22.805162,4e813fc0,6,Info [FLog::UgcExperienceController] UgcExperienceController::~UgcExperienceController()
2025-02-06T16:34:37.805Z,22.805176,4e813fc0,6 [FLog::SurfaceController] SurfaceController[_:1]::~SurfaceController, count: 0
2025-02-06T16:34:37.805Z,22.805185,4e813fc0,6,Warning [FLog::Graphics] RenderView destroyed[1]
2025-02-06T16:34:37.861Z,22.861589,4e813fc0,6 [FLog::SingleSurfaceApp] setStage: (stage:Native)
