2025-02-04T19:29:30.565Z,0.565598,5cb6ffc0,6 [FLog::MacLuaApp] (AppDelegate) application:openURLs:(
    "roblox-player:1+launchmode:play+gameinfo:9rgvbhspwKIUX9t1PwIEntE4bpwCnDSULCFqg7LfKKgHunyUgejhjcB5iHeeEO57_nFOM26UAmz729mUljvHge6tTMCZ9ivuhhHhoqcUgPQ7kgXIzQotpHPZ10OT0xhVd586yaBKp7xzQ0LRmwad0AK4Aej_XpQtUXpjl4IwjHO9p9dHkgrNgOu-V7gYbINi4zzL49ae-ZH82130EaMLxp321TGRNPwWWtLkSrh6uR0+launchtime:1738697366259+placelauncherurl:https%3A%2F%2Fwww.roblox.com%2FGame%2FPlaceLauncher.ashx%3Frequest%3DRequestGame%26browserTrackerId%3D1738344328674006%26placeId%3D16732694052%26isPlayTogetherGame%3Dfalse%26referredByPlayerId%3D0%26joinAttemptId%3Dd11c7dd6-264e-4e11-a588-8a0928f5a984%26joinAttemptOrigin%3DPlayButton+browsertrackerid:1738344328674006+robloxLocale:en_us+gameLocale:en_us+channel:+LaunchExp:InApp"
)
2025-02-04T19:29:30.566Z,0.566073,5cb6ffc0,6 [FLog::MacLuaApp] (AppDelegate) application:openURLs handling web launch
2025-02-04T19:29:30.566Z,0.566150,5cb6ffc0,6 [FLog::MacLuaApp] (AppDelegate) Argument 1 = launchmode:play
2025-02-04T19:29:30.566Z,0.566163,5cb6ffc0,6 [FLog::MacLuaApp] (AppDelegate) Argument 2 = gameinfo:9rgvbhspwKIUX9t1PwIEntE4bpwCnDSULCFqg7LfKKgHunyUgejhjcB5iHeeEO57_nFOM26UAmz729mUljvHge6tTMCZ9ivuhhHhoqcUgPQ7kgXIzQotpHPZ10OT0xhVd586yaBKp7xzQ0LRmwad0AK4Aej_XpQtUXpjl4IwjHO9p9dHkgrNgOu-V7gYbINi4zzL49ae-ZH82130EaMLxp321TGRNPwWWtLkSrh6uR0
2025-02-04T19:29:30.566Z,0.566174,5cb6ffc0,6 [FLog::MacLuaApp] (AppDelegate) Argument 3 = launchtime:1738697366259
2025-02-04T19:29:30.566Z,0.566184,5cb6ffc0,6 [FLog::MacLuaApp] (AppDelegate) Argument 4 = placelauncherurl:https%3A%2F%2Fwww.roblox.com%2FGame%2FPlaceLauncher.ashx%3Frequest%3DRequestGame%26browserTrackerId%3D1738344328674006%26placeId%3D16732694052%26isPlayTogetherGame%3Dfalse%26referredByPlayerId%3D0%26joinAttemptId%3Dd11c7dd6-264e-4e11-a588-8a0928f5a984%26joinAttemptOrigin%3DPlayButton
2025-02-04T19:29:30.566Z,0.566194,5cb6ffc0,6 [FLog::MacLuaApp] (AppDelegate) Argument 5 = browsertrackerid:1738344328674006
2025-02-04T19:29:30.566Z,0.566204,5cb6ffc0,6 [FLog::MacLuaApp] (AppDelegate) Argument 6 = robloxLocale:en_us
2025-02-04T19:29:30.566Z,0.566213,5cb6ffc0,6 [FLog::MacLuaApp] (AppDelegate) Argument 7 = gameLocale:en_us
2025-02-04T19:29:30.566Z,0.566222,5cb6ffc0,6 [FLog::MacLuaApp] (AppDelegate) Argument 8 = channel:
2025-02-04T19:29:30.566Z,0.566244,5cb6ffc0,6 [FLog::Output] Saved channel '' to 'com.roblox.RobloxPlayerChannel' for baseUrl 'www.roblox.com'
2025-02-04T19:29:30.566Z,0.566272,5cb6ffc0,6 [FLog::Output] RobloxChannel has been set to production
2025-02-04T19:29:30.566Z,0.566281,5cb6ffc0,6 [FLog::MacLuaApp] (AppDelegate) Argument 9 = LaunchExp:InApp
2025-02-04T19:29:30.566Z,0.566332,5cb6ffc0,6 [FLog::MacLuaApp] (AppDelegate) reportClientStatus url: https://www.roblox.com/client-status/set?browserTrackerId=1738344328674006&status=BootstrapperInstalling
2025-02-04T19:29:30.567Z,0.567700,5cb6ffc0,6 [FLog::MacLuaApp] (AppDelegate) application:openURLs cold launch. Defer web launch until after initialization is complete.
2025-02-04T19:29:30.567Z,0.567810,5cb6ffc0,6 [FLog::Output] (AppDelegate) applicationDidFinishLaunching
2025-02-04T19:29:30.568Z,0.568310,5cb6ffc0,6,Info [FLog::UpdateController] UpdateController: versionQueryUrl: https://clientsettingscdn.roblox.com/v2/client-version/MacPlayer
2025-02-04T19:29:30.568Z,0.568338,5cb6ffc0,6,Info [FLog::UpdateController] MacUpdateController: updaterFullPath: /Applications/Roblox.app/Contents/MacOS/RobloxPlayerInstaller.app/Contents/MacOS/RobloxPlayerInstaller
2025-02-04T19:29:30.568Z,0.568396,e345000,6,Info [FLog::UpdateController] Update check thread started
2025-02-04T19:29:30.568Z,0.568434,e345000,6,Info [FLog::UpdateController] Checking if updater exists at /Applications/Roblox.app/Contents/MacOS/RobloxPlayerInstaller.app/Contents/MacOS/RobloxPlayerInstaller. Returning 1
2025-02-04T19:29:30.568Z,0.568849,5cb6ffc0,6 [FLog::Output] settingsUrl: https://clientsettingscdn.roblox.com/v2/settings-compressed/application/MacDesktopClient/876303bc5322fbc5499ad5d572b4a57fc6305ca10adf81769b9121c45b7d3a38.dcz
2025-02-04T19:29:30.646Z,0.646408,e345000,6,Debug [FLog::UpdateController] version response: {"version":"0.658.0.6580461","clientVersionUpload":"version-4c01fa4a41074574","bootstrapperVersion":"6580461"}
2025-02-04T19:29:30.647Z,0.647110,e345000,6,Info [FLog::UpdateController] Update check thread: updateRequired FALSE
2025-02-04T19:29:30.650Z,0.650598,5cb6ffc0,6 [FLog::Output] Settings Date header was Tue, 04 Feb 2025 19:29:03 GMT
2025-02-04T19:29:30.650Z,0.650656,5cb6ffc0,6 [FLog::Output] Settings Date timestamp is 1738697343
2025-02-04T19:29:30.661Z,0.661045,e139000,12 [DFLog::HttpTraceError] HttpResponse(#7 0x7fed451a5620) time:139.3ms (net:138.5ms callback:0.0ms timeInRetryQueue:0.0ms)status:404 Not Found bodySize:0 url:{ "https://users.roblox.com/" } ip:128.116.123.4 external:1 numberOfTimesRetried:0
2025-02-04T19:29:30.662Z,0.662941,5cb6ffc0,6 [FLog::ClientRunInfo] RobloxGitHash: 6874f45ec658019a67f19ab7de6e688c50292b01
2025-02-04T19:29:30.663Z,0.663125,5cb6ffc0,6 [FLog::ClientRunInfo] The base url is https://www.roblox.com/
2025-02-04T19:29:30.663Z,0.663137,5cb6ffc0,6 [FLog::ClientRunInfo] The channel is production
2025-02-04T19:29:30.674Z,0.674526,e139000,6,Warning [FLog::HttpOpenTelemetryTracing] No active span to end
2025-02-04T19:29:30.674Z,0.674574,e139000,12 [DFLog::HttpTraceError] HttpResponse(#5 0x7fed451a4a20) time:152.7ms (net:151.9ms callback:0.0ms timeInRetryQueue:0.0ms)status:404 Not Found bodySize:0 url:{ "https://locale.roblox.com/" } ip:128.116.44.3 external:1 numberOfTimesRetried:0
2025-02-04T19:29:30.674Z,0.674899,5cb6ffc0,6 [FLog::Output] *******
** Validated reflection database in 6.271086 ms, found 5363 entries with the following skipped: 0 enums, 0 properties, 0 functions, 0 events, 0 callbacks, 0 classes.
*******

2025-02-04T19:29:30.676Z,0.676406,5cb6ffc0,6 [FLog::Output] (AppDelegate) Universal App on Mac: initialize...
2025-02-04T19:29:30.676Z,0.676434,5cb6ffc0,6 [FLog::Output] syncCookiesFromNativeToEngine was skipped
2025-02-04T19:29:30.676Z,0.676499,5cb6ffc0,6 [FLog::Output] Current file descriptor limit is 256, increasing to 2560
2025-02-04T19:29:30.676Z,0.676513,5cb6ffc0,6 [FLog::Output] (AppDelegate) web browserTrackerId = [1738344328674006].
2025-02-04T19:29:30.679Z,0.679883,5cb6ffc0,6 [FLog::Output] syncCookiesFromEngineToNative was skipped
2025-02-04T19:29:30.679Z,0.679923,5cb6ffc0,6 [FLog::Output] (AppDelegate) launchTimeMillis = [-3969]
2025-02-04T19:29:30.680Z,0.680947,5cb6ffc0,6,Info [FLog::PerformanceControlUtil] PerformanceControlUtil: registered single surface tunable (id=0)
2025-02-04T19:29:30.681Z,0.681189,5cb6ffc0,6 [FLog::SingleSurfaceApp] initializeWithAppStarter
2025-02-04T19:29:30.681Z,0.681207,5cb6ffc0,6 [FLog::SingleSurfaceApp] initializeSingleton
2025-02-04T19:29:30.681Z,0.681990,5cb6ffc0,6 [FLog::Output] setAssetFolder /Applications/Roblox.app/Contents/Resources/content/
2025-02-04T19:29:30.682Z,0.682176,5cb6ffc0,6 [FLog::Output] setExtraAssetFolder /Applications/Roblox.app/Contents/Resources/ExtraContent
2025-02-04T19:29:30.682Z,0.682801,5cb6ffc0,6 [FLog::Output] Evaluating deferred inferred crashes
2025-02-04T19:29:30.683Z,0.683399,5cb6ffc0,6 [FLog::SingleSurfaceApp] setStage: (stage:Native)
2025-02-04T19:29:30.683Z,0.683437,5cb6ffc0,6 [FLog::SingleSurfaceApp] setLocale
2025-02-04T19:29:30.683Z,0.683448,5cb6ffc0,6,Warning [FLog::SingleSurfaceApp] instantiate controllers
2025-02-04T19:29:30.683Z,0.683457,5cb6ffc0,6 [FLog::SurfaceController] SurfaceController[_:1]::SurfaceController, count: 1
2025-02-04T19:29:30.683Z,0.683467,5cb6ffc0,6,Warning [FLog::SingleSurfaceApp] instantiate experience coordinator
2025-02-04T19:29:30.683Z,0.683520,5cb6ffc0,6,Info [FLog::PerformanceControlUtil] PerformanceControlUtil: registered single surface tunable (id=1)
2025-02-04T19:29:30.683Z,0.683531,5cb6ffc0,6,Info [FLog::CrossExperienceVoiceController] CrossExperienceVoiceController::CrossExperienceVoiceController() constructor
2025-02-04T19:29:30.710Z,0.710795,e139000,6,Warning [FLog::HttpOpenTelemetryTracing] No active span to end
2025-02-04T19:29:30.710Z,0.710847,e139000,12 [DFLog::HttpTraceError] HttpResponse(#6 0x7fed451a5020) time:189.1ms (net:188.3ms callback:0.0ms timeInRetryQueue:0.0ms)status:404 Not Found bodySize:0 url:{ "https://users.roblox.com/" } ip:128.116.123.4 external:1 numberOfTimesRetried:0
2025-02-04T19:29:30.739Z,0.739120,e139000,6,Warning [FLog::HttpOpenTelemetryTracing] No active span to end
2025-02-04T19:29:30.739Z,0.739172,e139000,12 [DFLog::HttpTraceError] HttpResponse(#0 0x7fed451ab420) time:218.1ms (net:217.2ms callback:0.0ms timeInRetryQueue:0.0ms)status:404 Not Found bodySize:0 url:{ "https://accountsettings.roblox.com/" } ip:128.116.123.4 external:1 numberOfTimesRetried:0
2025-02-04T19:29:30.747Z,0.747834,e139000,6,Warning [FLog::HttpOpenTelemetryTracing] No active span to end
2025-02-04T19:29:30.747Z,0.747887,e139000,12 [DFLog::HttpTraceError] HttpResponse(#3 0x7fed451a7c20) time:226.1ms (net:225.3ms callback:0.0ms timeInRetryQueue:0.0ms)status:404 Not Found bodySize:0 url:{ "https://apis.roblox.com/" } ip:128.116.44.3 external:1 numberOfTimesRetried:0
2025-02-04T19:29:30.769Z,0.769696,e139000,6,Warning [FLog::HttpOpenTelemetryTracing] No active span to end
2025-02-04T19:29:30.769Z,0.769752,e139000,12 [DFLog::HttpTraceError] HttpResponse(#2 0x7fed451a7620) time:248.0ms (net:247.2ms callback:0.0ms timeInRetryQueue:0.0ms)status:404 Not Found bodySize:0 url:{ "https://apis.roblox.com/" } ip:128.116.44.3 external:1 numberOfTimesRetried:0
2025-02-04T19:29:30.787Z,0.787740,e139000,6,Warning [FLog::HttpOpenTelemetryTracing] No active span to end
2025-02-04T19:29:30.787Z,0.787793,e139000,12 [DFLog::HttpTraceError] HttpResponse(#4 0x7fed451a4420) time:266.0ms (net:265.2ms callback:0.0ms timeInRetryQueue:0.0ms)status:404 Not Found bodySize:0 url:{ "https://apis.roblox.com/" } ip:128.116.44.3 external:1 numberOfTimesRetried:0
2025-02-04T19:29:30.793Z,0.793950,e139000,6,Warning [FLog::HttpOpenTelemetryTracing] No active span to end
2025-02-04T19:29:30.794Z,0.794018,e139000,12 [DFLog::HttpTraceError] HttpResponse(#1 0x7fed451a7020) time:272.2ms (net:271.5ms callback:0.0ms timeInRetryQueue:0.0ms)status:404 Not Found bodySize:0 url:{ "https://apis.roblox.com/" } ip:128.116.44.3 external:1 numberOfTimesRetried:0
2025-02-04T19:29:31.266Z,1.266872,5cb6ffc0,6 [FLog::SingleSurfaceApp] launchUGCGame: (stage:Native).
2025-02-04T19:29:31.266Z,1.266893,5cb6ffc0,6 [FLog::SingleSurfaceApp] launchUGCGameInternal
2025-02-04T19:29:31.268Z,1.268449,5cb6ffc0,6 [FLog::SingleSurfaceApp] applyLocale
2025-02-04T19:29:31.268Z,1.268468,5cb6ffc0,6,Info [FLog::UgcExperienceController] UgcExperienceController: initialize:
2025-02-04T19:29:31.269Z,1.269374,5cb6ffc0,6 [FLog::DataModelPatchConfigurer] [_DataModelPatch] Load configs for user key: app:1423803869895817846
2025-02-04T19:29:31.270Z,1.270810,5cb6ffc0,6 [FLog::DataModelPatchConfigurer] [_DataModelPatch] Retrieving patch
2025-02-04T19:29:31.270Z,1.270855,5cb6ffc0,6 [FLog::DataModelPatchConfigurer] getCachedPatch DataModelPatchConfig : type=1, assetId=5345954812, assetVersion=10769, maxAppVersion=658, localAssetURI=rbxasset://models/DataModelPatch/DataModelPatch.rbxm
2025-02-04T19:29:31.270Z,1.270867,5cb6ffc0,6 [FLog::DataModelPatchConfigurer] getCachedPatch : numAttempts=10
2025-02-04T19:29:31.270Z,1.270920,5cb6ffc0,6 [FLog::DataModelPatchConfigurer] getCachedPatch : contentId=rbxasset://models/DataModelPatch/DataModelPatch.rbxm
2025-02-04T19:29:31.270Z,1.270930,5cb6ffc0,6 [FLog::DataModelPatchConfigurer] getCachedPatch : get patch from content provider for Model
2025-02-04T19:29:31.277Z,1.277561,5cb6ffc0,6 [FLog::DataModelPatchConfigurer] deserializeAndVerifyPatch with blake3
2025-02-04T19:29:31.579Z,1.579252,5cb6ffc0,6,Warning [DFLog::BootcampCLI139737Log] Hello world!!!!!!!!!!!!!!!!!!!!
2025-02-04T19:29:31.579Z,1.579288,5cb6ffc0,6,Warning [FLog::Output] Hello Earthlings!
2025-02-04T19:29:31.667Z,1.667691,5cb6ffc0,6,Info [FLog::Audio] OutputDevice 0: Cuffie esterne [BuiltIn] 48000/2
2025-02-04T19:29:31.685Z,1.685162,5cb6ffc0,6,Info [FLog::Audio] InputDevice 0: Microfono esterno({af0144be-277e-8cc3-0000000000000000}) 48000/1/4
2025-02-04T19:29:31.685Z,1.685194,5cb6ffc0,6,Info [FLog::Audio] InputDevice 1: Microfono iMac({50eb3c32-f018-032c-0000000000000000}) 48000/1/4
2025-02-04T19:29:31.713Z,1.713854,5cb6ffc0,6,Info [FLog::UgcExperienceController] UgcExperienceController: join: initialized dm 0x7fed425d9a00
2025-02-04T19:29:31.713Z,1.713900,5cb6ffc0,6 [FLog::GameJoinUtil] GameJoinUtil::joinGame
2025-02-04T19:29:31.713Z,1.713985,5cb6ffc0,6 [FLog::GameJoinUtil] GameJoinUtil::joinGamePostStandard: URL: https://gamejoin.roblox.com/v1/join-game BODY: {"placeId":16732694052,"gameJoinAttemptId":"d11c7dd6-264e-4e11-a588-8a0928f5a984"}
2025-02-04T19:29:31.714Z,1.714047,5cb6ffc0,6 [FLog::GameJoinUtil] GameJoinUtil::makePlaceLauncherRequest: requestCount: 0, url: https://gamejoin.roblox.com/v1/join-game.
2025-02-04T19:29:31.714Z,1.714068,5cb6ffc0,6 [FLog::GameJoinUtil] Delaying request by 0.00 seconds
2025-02-04T19:29:31.714Z,1.714121,5cb6ffc0,6,Info [FLog::CrossExperienceVoiceController] CrossExperienceVoiceController: onCoordinatorTransitionEvent Started - Ugc
2025-02-04T19:29:31.714Z,1.714290,5cb6ffc0,6 [FLog::SurfaceController] [_:1]::replaceDataModel: (stage:0, window = 0x7fed42216800) [tid:0x7fed4180c760]
2025-02-04T19:29:31.714Z,1.714866,5cb6ffc0,6,Warning [FLog::Graphics] RenderView created[1]
2025-02-04T19:29:31.717Z,1.717023,5cb6ffc0,6 [FLog::Graphics] Metal renderer: AMD Radeon Pro 5300
2025-02-04T19:29:31.717Z,1.717051,5cb6ffc0,6 [channel] Caps: ThreadSafe 1 Framebuffer 1 FpFramebuffer 1 Shaders 1 Compute 1 Instancing 1 PerInstanceStream 1 ConstBuffers 1
2025-02-04T19:29:31.717Z,1.717059,5cb6ffc0,6 [channel] Caps: Framebuffer: MRT 4 MSAA 8 Stencil 1
2025-02-04T19:29:31.717Z,1.717066,5cb6ffc0,6 [channel] Caps: Framebuffer: Depth16 1 Depth24 1 DepthFloat 1 DepthClamp 1
2025-02-04T19:29:31.717Z,1.717072,5cb6ffc0,6 [channel] Caps: Border Color 1
2025-02-04T19:29:31.717Z,1.717078,5cb6ffc0,6 [channel] Caps: Texture: RGB10A2 1 RG11B10F 1 R16I 1
2025-02-04T19:29:31.717Z,1.717083,5cb6ffc0,6 [channel] Caps: Texture: BC6H 1 ASTC HDR 0
2025-02-04T19:29:31.717Z,1.717089,5cb6ffc0,6 [channel] Caps: Texture: DXT 1 PVR 0 ETC1 0 ETC2 0 Half 1
2025-02-04T19:29:31.717Z,1.717095,5cb6ffc0,6 [channel] Caps: Texture: 3D 1 Array 1 Depth 1 MSAA 1 MSAAFP16 8
2025-02-04T19:29:31.717Z,1.717100,5cb6ffc0,6 [channel] Caps: Texture: NPOT 1 PartialMips 1 CubeMipGen 1 CubeFramebuffer 1
2025-02-04T19:29:31.717Z,1.717106,5cb6ffc0,6 [channel] Caps: Texture: Size 8192 Units 32 VertexUnits 32
2025-02-04T19:29:31.717Z,1.717111,5cb6ffc0,6 [channel] Caps: ConstantBufferSize 65536
2025-02-04T19:29:31.717Z,1.717117,5cb6ffc0,6 [channel] Caps: isAppleGPU 0
2025-02-04T19:29:31.717Z,1.717123,5cb6ffc0,6 [channel] Caps: 32bIdx 1 Memoryless 0
2025-02-04T19:29:31.717Z,1.717128,5cb6ffc0,6 [channel] Caps: ColorBGR 0 RTFlip 0 MinusOneToOneDepth 0
2025-02-04T19:29:31.722Z,1.722573,5cb6ffc0,6 [FLog::Graphics] Metal: creating framebuffer 5120x2528
2025-02-04T19:29:31.722Z,1.722630,5cb6ffc0,6 [FLog::Graphics] Video memory size: 2147483648
2025-02-04T19:29:31.782Z,1.782640,5cb6ffc0,6 [FLog::Graphics] Loaded 1021 shaders from pack metal_osx variant default (7181513 bytes)
2025-02-04T19:29:31.782Z,1.782668,5cb6ffc0,6 [FLog::Graphics] Compiled 677 shaders in 59 ms
2025-02-04T19:29:31.783Z,1.783588,e6d1000,6,Info [FLog::UgcExperienceController] UgcExperienceController: submitStartGameTask: scrips are loaded 0x7fed425d9a00
2025-02-04T19:29:31.808Z,1.808703,5cb6ffc0,6 [FLog::SurfaceController] SurfaceController::disableVR
2025-02-04T19:29:31.808Z,1.808814,5cb6ffc0,6 [FLog::SurfaceController] SurfaceController[_:1]::start dataModel(0x7fed425d9a00)
2025-02-04T19:29:31.808Z,1.808841,5cb6ffc0,6 [FLog::SurfaceController] SurfaceController::RenderJob[_:1]::RenderJob
2025-02-04T19:29:31.808Z,1.808852,5cb6ffc0,6 [FLog::SurfaceController] SurfaceController[_:1]::run dataModel(0x7fed425d9a00)
2025-02-04T19:29:31.808Z,1.808864,5cb6ffc0,6 [FLog::SingleSurfaceApp] setStage: (stage:UGCGame)
2025-02-04T19:29:31.808Z,1.808874,5cb6ffc0,6 [FLog::SingleSurfaceApp] userDidLogin
2025-02-04T19:29:31.808Z,1.808882,5cb6ffc0,6 [FLog::SingleSurfaceApp] applyLocale
2025-02-04T19:29:31.808Z,1.808927,e7d4000,6 [FLog::Output] (AppDelegate) Doing machine id check.
2025-02-04T19:29:31.829Z,1.829306,e5ce000,6 [FLog::SurfaceController] SurfaceController::RenderJob::stepDataModelJob: No DM yet. Continue...
2025-02-04T19:29:31.857Z,1.857081,5cb6ffc0,6 [FLog::SurfaceController] SurfaceController::RenderJob::scheduleRender: No data model. Bind workspace now...
2025-02-04T19:29:31.864Z,1.864281,5cb6ffc0,6 [FLog::Graphics] LayeredClothingMode updated: LC=1 HSR=1
2025-02-04T19:29:31.869Z,1.869816,5cb6ffc0,6 [FLog::Graphics] SceneManager: resizing main targets to 2560x1264
2025-02-04T19:29:31.935Z,1.935023,5cb6ffc0,6 [FLog::Graphics] Metal: resizing main framebuffer to 5120x2880
2025-02-04T19:29:31.939Z,1.939677,5cb6ffc0,6 [FLog::Graphics] SceneManager: resizing main targets to 2560x1440
2025-02-04T19:29:33.022Z,3.022090,e5ce000,6 [FLog::GameJoinUtil] GameJoinUtil::makePlaceLauncherRequest, response:
{"jobId":"bc0891a6-d5f5-4265-a584-61ae2576d77b","status":2,"statusData":null,"joinScriptUrl":"https://assetgame.roblox.com/Game/Join.ashx?ticketVersion=2&ticket={\"UserId\"%3a3047960021%2c\"UserName\"%3a\"paninorealaccount009\"%2c\"DisplayName\"%3a\"Jack\"%2c\"CharacterFetchUrl\"%3a\"https%3a%2f%2fapi.roblox.com%2fv1.1%2favatar-fetch%2f%3fplaceId%3d16732694052%26userId%3d3047960021\"%2c\"GameId\"%3a\"bc0891a6-d5f5-4265-a584-61ae2576d77b\"%2c\"PlaceId\"%3a16732694052%2c\"UniverseId\"%3a5750914919%2c\"ServerId\"%3a1117464%2c\"ServerPort\"%3a50971%2c\"IsTeleport\"%3afalse%2c\"FollowUserId\"%3anull%2c\"TimeStamp\"%3a\"02%2f04%2f2025+19%3a29%3a32\"%2c\"CharacterAppearanceId\"%3a3047960021%2c\"AlternateName\"%3anull%2c\"JoinTypeId\"%3a10%2c\"MatchmakingDecisionId\"%3a\"8918fce5-c5ec-4fe6-9a7d-01077b1aaa01\"%2c\"GameJoinMetadata\"%3a{\"JoinSource\"%3a0%2c\"RequestType\"%3a0%2c\"MatchmakingDecisionId\"
2025-02-04T19:29:33.022Z,3.022217,e5ce000,6 [FLog::GameJoinUtil] Game join succeeded.
2025-02-04T19:29:33.022Z,3.022234,e5ce000,6 [FLog::GameJoinUtil] GameJoinUtil::processing join parameters
2025-02-04T19:29:33.069Z,3.069620,e6d1000,7 [FLog::Network] NetworkClient:Create
2025-02-04T19:29:33.070Z,3.070238,e6d1000,6 [FLog::GameJoinUtil] Null EventId
2025-02-04T19:29:33.070Z,3.070331,e6d1000,10 [DFLog::KeyRing] Parsed config created at: 11:59 4/1/2024.
2025-02-04T19:29:33.073Z,3.073360,e6d1000,6 [FLog::Output] AnalyticsSessionId is 076b2964-0570-4f5b-9094-abe5207abc59.
2025-02-04T19:29:33.073Z,3.073411,e6d1000,6 [FLog::Output] ! Joining game 'bc0891a6-d5f5-4265-a584-61ae2576d77b' place 16732694052 at 10.30.8.102
2025-02-04T19:29:33.073Z,3.073448,e6d1000,6 [FLog::GameJoinLoadTime] Report game_join_loadtime: sid:076b2964-0570-4f5b-9094-abe5207abc59, clienttime:1738697373.243999958, join_time:1.8033934789999999104, referral_page:RequestGame, placeid:16732694052, userid:3047960021, universeid:5750914919, 
2025-02-04T19:29:33.075Z,3.075760,e6d1000,7 [FLog::Network] Client will attempt to connect following server endpoints with threadSleepTime(-1)
2025-02-04T19:29:33.075Z,3.075788,e6d1000,7 [FLog::Network] UDMUX Address = 128.116.13.33, Port = 50971 | RCC Server Address = 10.30.8.102, Port = 50971
2025-02-04T19:29:33.133Z,3.133188,e139000,6,Critical [DFLog::RbxStorage] RbxStorage::init [INIT] availableDiskSpace: 56823537664 bytes, oldCacheSize: -1 bytes, elapsed: 0.042 ms
2025-02-04T19:29:33.152Z,3.152133,e139000,6,Error [DFLog::SQLite] sqlite3_error_log: 283 - recovered 51 frames from WAL file /private/var/folders/83/3w46ryz13191t1qd7k9xctdm0000gn/T/Roblox/rbx-storage.db-wal
2025-02-04T19:29:33.156Z,3.156142,e139000,6,Critical [DFLog::RbxStorage] RbxStorage::init [DONE] name: TelemetryCache(SqliteCache+TelemetryCache(FileCache)), duration: 22.418 ms, dbOpenCount: 2, dbMaxMemory: 0.260 MiB, dbTotalSize: 0.000 MiB, dbNumItems: 1, fileTotalSize: 0.000 MiB, fileNumItems: 0
2025-02-04T19:29:33.156Z,3.156235,e139000,12,Error [DFLog::HttpTraceError] RbxStorage is not ready
2025-02-04T19:29:33.205Z,3.205084,e6d1000,7 [FLog::Network] binding socket on inaddr_any:0

2025-02-04T19:29:33.217Z,3.217937,e6d1000,6 [FLog::Output] Connecting to UDMUX server 128.116.13.33:50971, and RCC server 10.30.8.102:50971
2025-02-04T19:29:33.397Z,3.397995,e5ce000,6 [FLog::Output] Connection accepted from 128.116.13.33|50971
2025-02-04T19:29:33.401Z,3.401451,e5ce000,7 [FLog::Network] serverId: 128.116.13.33|50971
2025-02-04T19:29:33.401Z,3.401561,e5ce000,7 [FLog::Network] Replicator created for player 128.116.13.33|50971
2025-02-04T19:29:33.401Z,3.401578,e5ce000,7 [FLog::Network] Replicator created: 0x7fed618bb090
2025-02-04T19:29:33.569Z,3.569756,e7d4000,7 [FLog::Network] Time taken to initialize schema = 5.951187 ms
2025-02-04T19:29:33.570Z,3.570040,e7d4000,7 [FLog::Network] Assigned peer id = 58
2025-02-04T19:29:33.570Z,3.570357,e7d4000,7 [FLog::Network] Join snapshot timer: 0.283983
2025-02-04T19:29:33.581Z,3.581428,e6d1000,6 [FLog::DataModelPatchConfigurer] OTAPollingEnabled set to: false
2025-02-04T19:29:33.606Z,3.606506,e6d1000,6,Info [FLog::AudioFocusManager] AudioFocusManager::AudioFocusManager() constructor
2025-02-04T19:29:33.606Z,3.606551,e6d1000,6,Info [FLog::AudioFocusService] AudioFocusService::AudioFocusService() constructor
2025-02-04T19:29:33.606Z,3.606565,e6d1000,6,Info [FLog::AudioFocusService] AudioFocusService onServiceProvider invokation
2025-02-04T19:29:33.606Z,3.606571,e6d1000,6,Info [FLog::AudioFocusService] AudioFocusService::AudioFocusService() onServiceProvider setup
2025-02-04T19:29:34.893Z,4.893302,5cb6ffc0,6 [FLog::Graphics] Future is bright shadows
2025-02-04T19:29:35.442Z,5.442398,5cb6ffc0,6 [FLog::Graphics] Terrain TextureArray 512x512, arraySize: 36, mip: 10
2025-02-04T19:29:35.552Z,5.552970,ec6f000,6 [FLog::Error] Asset (Image) "https://assetdelivery.roblox.com/v1/asset?id=00000543453" load failed in TextureManager::PreloadTexture: Request failed
2025-02-04T19:29:35.609Z,5.609581,e5ce000,6 [FLog::Output] serverInfoSync started in 0.02ms
2025-02-04T19:29:35.609Z,5.609632,e5ce000,6 [FLog::Output] legacyLocalPlayerData started in 0.01ms
2025-02-04T19:29:35.609Z,5.609656,e5ce000,6 [FLog::Output] cinematic started in 0.01ms
2025-02-04T19:29:35.610Z,5.610201,e5ce000,6 [FLog::Output] client loaded in 44.73ms
2025-02-04T19:29:35.611Z,5.611332,e5ce000,6 [FLog::Output] 🍍 Running TopbarPlus v3.0.2 by ForeverHD
2025-02-04T19:29:35.616Z,5.616191,e5ce000,6 [FLog::Output] game took 1791.69 to load
2025-02-04T19:29:35.621Z,5.621861,e5ce000,6 [FLog::Output] Server RobloxGitHash: 6874f45ec658019a67f19ab7de6e688c50292b01
2025-02-04T19:29:35.621Z,5.621897,e5ce000,6 [FLog::Output] Server Prefix: 0.658.0.6580461_20250204T183039Z_RCC_a7b42
2025-02-04T19:29:36.391Z,6.391674,e6d1000,6 [FLog::Output] setting cinematic mode to [false]
2025-02-04T19:29:36.577Z,6.577922,e5ce000,6 [FLog::Output] // ASSET LOADING SKIPPED DUE TO WORK CONFIG VALUES.
2025-02-04T19:29:37.072Z,7.072873,ec6f000,6 [FLog::Error] Asset (Animation) "rbxassetid://17737535694" load failed in Workspace.active.boats.Samuel79259.Rowboat.owner.AC.Unoccupied.AnimationId: Animation failed to load
2025-02-04T19:29:37.072Z,7.072989,ec6f000,6 [FLog::Error] Error: Failed to load animation with sanitized ID rbxassetid://17737535694: Animation failed to load, assetId: https://assetdelivery.roblox.com/v1/asset?id=17737535694&serverplaceid=16732694052
2025-02-04T19:29:37.073Z,7.073285,ec6f000,6 [FLog::Error] Asset (Animation) "rbxassetid://17737554380" load failed in Workspace.active.boats.Samuel79259.Rowboat.owner.AC.Idle.AnimationId: Animation failed to load
2025-02-04T19:29:37.073Z,7.073417,ec6f000,6 [FLog::Error] Error: Failed to load animation with sanitized ID rbxassetid://17737554380: Animation failed to load, assetId: https://assetdelivery.roblox.com/v1/asset?id=17737554380&serverplaceid=16732694052
2025-02-04T19:29:37.073Z,7.073537,ec6f000,6 [FLog::Error] Asset (Animation) "rbxassetid://17737574737" load failed in Workspace.active.boats.Samuel79259.Rowboat.owner.AC.Active.AnimationId: Animation failed to load
2025-02-04T19:29:37.073Z,7.073568,ec6f000,6 [FLog::Error] Error: Failed to load animation with sanitized ID rbxassetid://17737574737: Animation failed to load, assetId: https://assetdelivery.roblox.com/v1/asset?id=17737574737&serverplaceid=16732694052
2025-02-04T19:29:40.818Z,10.818270,e7d4000,6 [FLog::Output] 1
2025-02-04T19:29:41.508Z,11.508429,e6d1000,6 [FLog::Error] Slot Exception
2025-02-04T19:29:41.508Z,11.508469,e6d1000,6 [FLog::Error] Error: exception while signaling: Cannot load the AnimationClipProvider Service.
2025-02-04T19:29:41.522Z,11.522729,e6d1000,6 [FLog::Error] Slot Exception
2025-02-04T19:29:41.522Z,11.522779,e6d1000,6 [FLog::Error] Error: exception while signaling: Cannot load the AnimationClipProvider Service.
2025-02-04T19:29:41.609Z,11.609221,e6d1000,6 [FLog::Error] Slot Exception
2025-02-04T19:29:41.609Z,11.609262,e6d1000,6 [FLog::Error] Error: exception while signaling: Cannot load the AnimationClipProvider Service.
2025-02-04T19:29:41.716Z,11.716695,e6d1000,6 [FLog::Output] Running Client handler for state true
2025-02-04T19:29:41.899Z,11.899422,e7d4000,6 [FLog::Warning] Warning: Infinite yield possible on 'Workspace.world.map.Forsaken Shores.Actives:WaitForChild("DoorPart")'
2025-02-04T19:29:41.899Z,11.899476,e7d4000,6 [FLog::Output] Info: Stack Begin
2025-02-04T19:29:41.899Z,11.899499,e7d4000,6 [FLog::Output] Info: Script 'Players.paninorealaccount009.PlayerScripts.client.AtlantisClientSide', Line 54
2025-02-04T19:29:41.899Z,11.899513,e7d4000,6 [FLog::Output] Info: Stack End
2025-02-04T19:29:42.076Z,12.076328,e5ce000,6 [FLog::Error] Slot Exception
2025-02-04T19:29:42.076Z,12.076359,e5ce000,6 [FLog::Error] Error: exception while signaling: Cannot load the AnimationClipProvider Service.
2025-02-04T19:29:42.076Z,12.076408,e5ce000,6 [FLog::Error] Slot Exception
2025-02-04T19:29:42.076Z,12.076420,e5ce000,6 [FLog::Error] Error: exception while signaling: Cannot load the AnimationClipProvider Service.
2025-02-04T19:29:42.076Z,12.076461,e5ce000,6 [FLog::Error] Slot Exception
2025-02-04T19:29:42.076Z,12.076471,e5ce000,6 [FLog::Error] Error: exception while signaling: Cannot load the AnimationClipProvider Service.
2025-02-04T19:29:42.076Z,12.076511,e5ce000,6 [FLog::Error] Slot Exception
2025-02-04T19:29:42.076Z,12.076522,e5ce000,6 [FLog::Error] Error: exception while signaling: Cannot load the AnimationClipProvider Service.
2025-02-04T19:29:43.254Z,13.254443,ec6f000,6 [FLog::Error] Asset (Image) "https://assetdelivery.roblox.com/v1/asset?id=17083490979" load failed in Workspace.active.Mine Explosion.main.c.Texture: Request failed
2025-02-04T19:29:50.084Z,20.084042,e7d4000,6 [FLog::Output] Client started with 47 fps
2025-02-04T19:30:00.183Z,30.183073,e7d4000,6,Warning [DFLog::DMNotificationMonitor] DM notification received. Type 35
2025-02-04T19:30:00.216Z,30.216265,5cb6ffc0,6 [FLog::SingleSurfaceApp] leaveUGCGame: (stage:UGCGame) blocking=0.
2025-02-04T19:30:00.216Z,30.216301,5cb6ffc0,6 [FLog::SingleSurfaceApp] leaveUGCGameInternal
2025-02-04T19:30:00.217Z,30.217085,5cb6ffc0,6 [FLog::SurfaceController] stop
2025-02-04T19:30:00.217Z,30.217115,5cb6ffc0,6 [FLog::SurfaceController] drainRenderingJobs
2025-02-04T19:30:00.217Z,30.217398,5cb6ffc0,6 [FLog::SurfaceController] SurfaceController::RenderJob[_:1]::~RenderJob
2025-02-04T19:30:00.393Z,30.393408,5cb6ffc0,6,Info [FLog::UgcExperienceController] UgcExperienceController: destroyCaptureModeDataModelIfExists: begin
2025-02-04T19:30:00.393Z,30.393503,5cb6ffc0,6,Info [FLog::UgcExperienceController] UgcExperienceController: destroyCaptureModeDataModelIfExists: end
2025-02-04T19:30:00.393Z,30.393515,5cb6ffc0,6,Info [FLog::UgcExperienceController] UgcExperienceController: stop: begin (blocking=false dataModel=0x7fed425d9a00)
2025-02-04T19:30:00.393Z,30.393555,5cb6ffc0,6,Info [FLog::UgcExperienceController] UgcExperienceController: sendAnalyticsBeforeLeave: sending event None_None
2025-02-04T19:30:00.393Z,30.393976,5cb6ffc0,6,Info [FLog::CrossExperienceVoiceController] CrossExperienceVoiceController: onCoordinatorTransitionEvent Stopped - Ugc
2025-02-04T19:30:00.394Z,30.394287,5cb6ffc0,6,Info [FLog::CrossExperienceVoiceController] CrossExperienceVoiceController: removing all observers for type Ugc
2025-02-04T19:30:00.394Z,30.394985,5cb6ffc0,6 [FLog::SingleSurfaceApp] setStage: (stage:Native)
2025-02-04T19:30:00.395Z,30.395031,5cb6ffc0,6 [DFLog::SignalRCoreError] ID: 1 Disconnected - stop() called
2025-02-04T19:30:00.402Z,30.402248,e5ce000,7 [FLog::Network] Client:Disconnect
2025-02-04T19:30:00.414Z,30.414541,e5ce000,7 [FLog::Network] Time to disconnect replication data: 12.211332
2025-02-04T19:30:00.415Z,30.415398,e5ce000,7 [FLog::Network] Sending disconnect with reason: 285
2025-02-04T19:30:00.415Z,30.415449,e5ce000,7 [FLog::Network] Sending disconnect with reason: 285
2025-02-04T19:30:00.415Z,30.415470,f293000,7 [FLog::Network] Sending disconnect with reason: 285
2025-02-04T19:30:03.250Z,33.250137,e5ce000,6,Info [FLog::AudioFocusService] AudioFocusService onServiceProvider invokation
2025-02-04T19:30:03.250Z,33.250179,e5ce000,6,Info [FLog::AudioFocusService] AudioFocusService::AudioFocusService() onServiceProvider teardown
2025-02-04T19:30:03.252Z,33.252892,e5ce000,7 [FLog::Network] Client:Disconnect
2025-02-04T19:30:03.381Z,33.381905,e5ce000,6,Info [FLog::AudioFocusService] AudioFocusService::AudioFocusService() destructor
2025-02-04T19:30:03.384Z,33.384258,e5ce000,7 [FLog::Network] NetworkClient:Remove
2025-02-04T19:30:03.384Z,33.384289,e5ce000,7 [DFLog::MegaReplicatorLogDisconnectCleanUpLog] Destroying MegaReplicator.
2025-02-04T19:30:04.121Z,34.121941,e5ce000,7 [FLog::Network] Replicator destroyed: 0x7fed618bb090
2025-02-04T19:30:04.405Z,34.405415,5cb6ffc0,6 [FLog::SingleSurfaceApp] shutDown: (stage:Native).
2025-02-04T19:30:04.405Z,34.405449,5cb6ffc0,6 [FLog::SingleSurfaceApp] destroyLuaApp: (stage:Native) blocking:true.
2025-02-04T19:30:04.405Z,34.405460,5cb6ffc0,6,Warning [FLog::CrossExperienceVoiceController] CrossExperienceVoiceController: finalize: Did not finalize due to state.
2025-02-04T19:30:04.405Z,34.405472,5cb6ffc0,6,Info [FLog::UgcExperienceController] UgcExperienceController: finalized
2025-02-04T19:30:04.405Z,34.405487,5cb6ffc0,6,Warning [FLog::SingleSurfaceApp] destroyLuaApp: (stage:Native)... finished destroying luaApp.
2025-02-04T19:30:04.405Z,34.405499,5cb6ffc0,6 [FLog::SingleSurfaceApp] setStage: (stage:None)
2025-02-04T19:30:04.405Z,34.405502,5cb6ffc0,6 [FLog::SingleSurfaceApp] destroy controllers
2025-02-04T19:30:04.405Z,34.405731,5cb6ffc0,6,Info [FLog::CrossExperienceVoiceController] CrossExperienceVoiceController::CrossExperienceVoiceController()
2025-02-04T19:30:04.405Z,34.405815,5cb6ffc0,6,Info [FLog::UgcExperienceController] UgcExperienceController::~UgcExperienceController()
2025-02-04T19:30:04.406Z,34.406109,5cb6ffc0,6 [FLog::SurfaceController] SurfaceController[_:1]::~SurfaceController, count: 0
2025-02-04T19:30:04.406Z,34.406132,5cb6ffc0,6,Warning [FLog::Graphics] RenderView destroyed[1]
2025-02-04T19:30:04.480Z,34.480839,5cb6ffc0,6 [FLog::SingleSurfaceApp] setStage: (stage:Native)
