2025-02-06T08:18:01.208Z,0.208112,5a175fc0,6 [FLog::Output] (AppDelegate) applicationDidFinishLaunching
2025-02-06T08:18:01.208Z,0.208332,5a175fc0,6,Info [FLog::UpdateController] UpdateController: versionQueryUrl: https://clientsettingscdn.roblox.com/v2/client-version/MacPlayer
2025-02-06T08:18:01.208Z,0.208360,5a175fc0,6,Info [FLog::UpdateController] MacUpdateController: updaterFullPath: /Applications/Roblox.app/Contents/MacOS/RobloxPlayerInstaller.app/Contents/MacOS/RobloxPlayerInstaller
2025-02-06T08:18:01.208Z,0.208397,396c000,6,Info [FLog::UpdateController] Update check thread started
2025-02-06T08:18:01.208Z,0.208428,396c000,6,Info [FLog::UpdateController] Checking if updater exists at /Applications/Roblox.app/Contents/MacOS/RobloxPlayerInstaller.app/Contents/MacOS/RobloxPlayerInstaller. Returning 0
2025-02-06T08:18:01.208Z,0.208440,396c000,6,Warning [FLog::UpdateController] Updater not found. Skipping update
2025-02-06T08:18:01.208Z,0.208440,5a175fc0,6 [FLog::Output] settingsUrl: https://clientsettingscdn.roblox.com/v2/settings-compressed/application/MacDesktopClient/876303bc5322fbc5499ad5d572b4a57fc6305ca10adf81769b9121c45b7d3a38.dcz
2025-02-06T08:18:01.208Z,0.208455,396c000,6,Info [FLog::UpdateController] Update check thread: updateRequired FALSE
2025-02-06T08:18:01.276Z,0.276443,5a175fc0,6 [FLog::Output] Settings Date header was Thu, 06 Feb 2025 08:17:59 GMT
2025-02-06T08:18:01.276Z,0.276476,5a175fc0,6 [FLog::Output] Settings Date timestamp is 1738829879
2025-02-06T08:18:01.287Z,0.287532,5a175fc0,6 [FLog::ClientRunInfo] RobloxGitHash: 6874f45ec658019a67f19ab7de6e688c50292b01
2025-02-06T08:18:01.287Z,0.287673,5a175fc0,6 [FLog::ClientRunInfo] The base url is https://www.roblox.com/
2025-02-06T08:18:01.287Z,0.287691,5a175fc0,6 [FLog::ClientRunInfo] The channel is production
2025-02-06T08:18:01.297Z,0.297770,5a175fc0,6 [FLog::Output] *******
** Validated reflection database in 5.856106 ms, found 5363 entries with the following skipped: 0 enums, 0 properties, 0 functions, 0 events, 0 callbacks, 0 classes.
*******

2025-02-06T08:18:01.298Z,0.298265,5a175fc0,6 [FLog::Output] (AppDelegate) Universal App on Mac: initialize...
2025-02-06T08:18:01.298Z,0.298286,5a175fc0,6 [FLog::Output] syncCookiesFromNativeToEngine was skipped
2025-02-06T08:18:01.298Z,0.298358,5a175fc0,6 [FLog::Output] Current file descriptor limit is 7168, no need to increase
2025-02-06T08:18:01.298Z,0.298371,5a175fc0,6 [FLog::Output] (AppDelegate) Don't have initial browserTrackerId.
2025-02-06T08:18:01.305Z,0.305633,5a175fc0,6 [FLog::Output] syncCookiesFromEngineToNative was skipped
2025-02-06T08:18:01.305Z,0.305808,5a175fc0,6,Info [FLog::PerformanceControlUtil] PerformanceControlUtil: registered single surface tunable (id=0)
2025-02-06T08:18:01.305Z,0.305914,5a175fc0,6 [FLog::SingleSurfaceApp] initializeWithAppStarter
2025-02-06T08:18:01.305Z,0.305929,5a175fc0,6 [FLog::SingleSurfaceApp] initializeSingleton
2025-02-06T08:18:01.306Z,0.306346,5a175fc0,6 [FLog::Output] setAssetFolder /Applications/Roblox.app/Contents/Resources/content/
2025-02-06T08:18:01.306Z,0.306510,5a175fc0,6 [FLog::Output] setExtraAssetFolder /Applications/Roblox.app/Contents/Resources/ExtraContent
2025-02-06T08:18:01.306Z,0.306832,5a175fc0,6 [FLog::Output] Evaluating deferred inferred crashes
2025-02-06T08:18:01.307Z,0.307384,5a175fc0,6 [FLog::SingleSurfaceApp] setStage: (stage:Native)
2025-02-06T08:18:01.307Z,0.307405,5a175fc0,6,Warning [FLog::SingleSurfaceApp] instantiate controllers
2025-02-06T08:18:01.307Z,0.307415,5a175fc0,6 [FLog::SurfaceController] SurfaceController[_:1]::SurfaceController, count: 1
2025-02-06T08:18:01.307Z,0.307426,5a175fc0,6,Warning [FLog::SingleSurfaceApp] instantiate experience coordinator
2025-02-06T08:18:01.307Z,0.307451,5a175fc0,6,Info [FLog::PerformanceControlUtil] PerformanceControlUtil: registered single surface tunable (id=1)
2025-02-06T08:18:01.307Z,0.307461,5a175fc0,6,Info [FLog::CrossExperienceVoiceController] CrossExperienceVoiceController::CrossExperienceVoiceController() constructor
2025-02-06T08:18:01.354Z,0.354136,5a175fc0,6 [FLog::SingleSurfaceApp] initializeLuaAppWithLoggedInUser: (stage:Native).
2025-02-06T08:18:01.354Z,0.354196,5a175fc0,6 [FLog::SingleSurfaceApp] applyLocale
2025-02-06T08:18:01.354Z,0.354758,5a175fc0,6 [FLog::DataModelPatchConfigurer] [_DataModelPatch] Load configs for user key: app:1423803869895817846
2025-02-06T08:18:01.355Z,0.355810,5a175fc0,6 [FLog::DataModelPatchConfigurer] [_DataModelPatch] Retrieving patch
2025-02-06T08:18:01.355Z,0.355828,5a175fc0,6 [FLog::DataModelPatchConfigurer] getCachedPatch DataModelPatchConfig : type=1, assetId=5345954812, assetVersion=10769, maxAppVersion=658, localAssetURI=rbxasset://models/DataModelPatch/DataModelPatch.rbxm
2025-02-06T08:18:01.355Z,0.355838,5a175fc0,6 [FLog::DataModelPatchConfigurer] getCachedPatch : numAttempts=10
2025-02-06T08:18:01.355Z,0.355882,5a175fc0,6 [FLog::DataModelPatchConfigurer] getCachedPatch : contentId=rbxasset://models/DataModelPatch/DataModelPatch.rbxm
2025-02-06T08:18:01.355Z,0.355891,5a175fc0,6 [FLog::DataModelPatchConfigurer] getCachedPatch : get patch from content provider for Model
2025-02-06T08:18:01.362Z,0.362399,5a175fc0,6 [FLog::DataModelPatchConfigurer] deserializeAndVerifyPatch with blake3
2025-02-06T08:18:01.366Z,0.366476,39ef000,6,Warning [FLog::HttpOpenTelemetryTracing] No active span to end
2025-02-06T08:18:01.366Z,0.366555,39ef000,12 [DFLog::HttpTraceError] HttpResponse(#7 0x7ff0fc8af620) time:179.8ms (net:179.8ms callback:0.0ms timeInRetryQueue:0.0ms)status:404 Not Found bodySize:0 url:{ "https://users.roblox.com/" } ip:128.116.44.3 external:1 numberOfTimesRetried:0
2025-02-06T08:18:01.374Z,0.374066,39ef000,6,Warning [FLog::HttpOpenTelemetryTracing] No active span to end
2025-02-06T08:18:01.374Z,0.374113,39ef000,12 [DFLog::HttpTraceError] HttpResponse(#5 0x7ff0fc8aea20) time:187.5ms (net:187.5ms callback:0.0ms timeInRetryQueue:0.0ms)status:404 Not Found bodySize:0 url:{ "https://locale.roblox.com/" } ip:128.116.44.3 external:1 numberOfTimesRetried:0
2025-02-06T08:18:01.375Z,0.375487,39ef000,6,Warning [FLog::HttpOpenTelemetryTracing] No active span to end
2025-02-06T08:18:01.375Z,0.375512,39ef000,12 [DFLog::HttpTraceError] HttpResponse(#0 0x7ff0f79a0020) time:189.1ms (net:189.0ms callback:0.0ms timeInRetryQueue:0.0ms)status:404 Not Found bodySize:0 url:{ "https://accountsettings.roblox.com/" } ip:128.116.44.3 external:1 numberOfTimesRetried:0
2025-02-06T08:18:01.385Z,0.385578,39ef000,6,Warning [FLog::HttpOpenTelemetryTracing] No active span to end
2025-02-06T08:18:01.385Z,0.385633,39ef000,12 [DFLog::HttpTraceError] HttpResponse(#6 0x7ff0fc8af020) time:199.0ms (net:198.9ms callback:0.0ms timeInRetryQueue:0.0ms)status:404 Not Found bodySize:0 url:{ "https://users.roblox.com/" } ip:128.116.44.3 external:1 numberOfTimesRetried:0
2025-02-06T08:18:01.435Z,0.435645,39ef000,6,Warning [FLog::HttpOpenTelemetryTracing] No active span to end
2025-02-06T08:18:01.435Z,0.435708,39ef000,12 [DFLog::HttpTraceError] HttpResponse(#1 0x7ff0f7992c20) time:249.1ms (net:249.1ms callback:0.0ms timeInRetryQueue:0.0ms)status:404 Not Found bodySize:0 url:{ "https://apis.roblox.com/" } ip:128.116.44.3 external:1 numberOfTimesRetried:0
2025-02-06T08:18:01.464Z,0.464361,39ef000,6,Warning [FLog::HttpOpenTelemetryTracing] No active span to end
2025-02-06T08:18:01.464Z,0.464443,39ef000,12 [DFLog::HttpTraceError] HttpResponse(#4 0x7ff0fc8a9e20) time:277.8ms (net:277.7ms callback:0.0ms timeInRetryQueue:0.0ms)status:404 Not Found bodySize:0 url:{ "https://apis.roblox.com/" } ip:128.116.44.3 external:1 numberOfTimesRetried:0
2025-02-06T08:18:01.470Z,0.470192,39ef000,6,Warning [FLog::HttpOpenTelemetryTracing] No active span to end
2025-02-06T08:18:01.470Z,0.470248,39ef000,12 [DFLog::HttpTraceError] HttpResponse(#3 0x7ff0fc8a9820) time:283.6ms (net:283.6ms callback:0.0ms timeInRetryQueue:0.0ms)status:404 Not Found bodySize:0 url:{ "https://apis.roblox.com/" } ip:128.116.44.3 external:1 numberOfTimesRetried:0
2025-02-06T08:18:01.482Z,0.482916,39ef000,6,Warning [FLog::HttpOpenTelemetryTracing] No active span to end
2025-02-06T08:18:01.483Z,0.483016,39ef000,12 [DFLog::HttpTraceError] HttpResponse(#2 0x7ff0fc8a9220) time:296.3ms (net:296.3ms callback:0.0ms timeInRetryQueue:0.0ms)status:404 Not Found bodySize:0 url:{ "https://apis.roblox.com/" } ip:128.116.44.3 external:1 numberOfTimesRetried:0
2025-02-06T08:18:01.640Z,0.640537,5a175fc0,6,Warning [DFLog::BootcampCLI139737Log] Hello world!!!!!!!!!!!!!!!!!!!!
2025-02-06T08:18:01.640Z,0.640562,5a175fc0,6,Warning [FLog::Output] Hello Earthlings!
2025-02-06T08:18:01.660Z,0.660403,5a175fc0,6 [FLog::SingleSurfaceApp] setStage: (stage:InitializedLuaApp)
2025-02-06T08:18:01.660Z,0.660445,5a175fc0,6 [FLog::SingleSurfaceApp] startLuaApp: (stage:InitializedLuaApp).
2025-02-06T08:18:01.660Z,0.660456,5a175fc0,6 [FLog::SingleSurfaceApp] returnToLuaApp: (stage:InitializedLuaApp).
2025-02-06T08:18:01.660Z,0.660469,5a175fc0,6 [FLog::SingleSurfaceApp] returnToLuaApp: ... disable videoRecorder.
2025-02-06T08:18:01.660Z,0.660480,5a175fc0,6 [FLog::SingleSurfaceApp] returnToLuaAppInternal: ... App has been initialized, returning from game.
2025-02-06T08:18:01.660Z,0.660497,5a175fc0,6 [FLog::SurfaceController] [_:1]::replaceDataModel: (stage:0, window = 0x7ff0f809b0c0) [tid:0x7ff0f9026560]
2025-02-06T08:18:01.660Z,0.660611,400a000,6 [FLog::Output] Info: DataModel Loading rbxasset://places/Mobile.rbxl
2025-02-06T08:18:01.669Z,0.669305,5a175fc0,6,Warning [FLog::Graphics] RenderView created[1]
2025-02-06T08:18:01.671Z,0.671719,5a175fc0,6 [FLog::Graphics] Metal renderer: AMD Radeon Pro 5300
2025-02-06T08:18:01.671Z,0.671742,5a175fc0,6 [channel] Caps: ThreadSafe 1 Framebuffer 1 FpFramebuffer 1 Shaders 1 Compute 1 Instancing 1 PerInstanceStream 1 ConstBuffers 1
2025-02-06T08:18:01.671Z,0.671751,5a175fc0,6 [channel] Caps: Framebuffer: MRT 4 MSAA 8 Stencil 1
2025-02-06T08:18:01.671Z,0.671758,5a175fc0,6 [channel] Caps: Framebuffer: Depth16 1 Depth24 1 DepthFloat 1 DepthClamp 1
2025-02-06T08:18:01.671Z,0.671764,5a175fc0,6 [channel] Caps: Border Color 1
2025-02-06T08:18:01.671Z,0.671770,5a175fc0,6 [channel] Caps: Texture: RGB10A2 1 RG11B10F 1 R16I 1
2025-02-06T08:18:01.671Z,0.671776,5a175fc0,6 [channel] Caps: Texture: BC6H 1 ASTC HDR 0
2025-02-06T08:18:01.671Z,0.671781,5a175fc0,6 [channel] Caps: Texture: DXT 1 PVR 0 ETC1 0 ETC2 0 Half 1
2025-02-06T08:18:01.671Z,0.671787,5a175fc0,6 [channel] Caps: Texture: 3D 1 Array 1 Depth 1 MSAA 1 MSAAFP16 8
2025-02-06T08:18:01.671Z,0.671793,5a175fc0,6 [channel] Caps: Texture: NPOT 1 PartialMips 1 CubeMipGen 1 CubeFramebuffer 1
2025-02-06T08:18:01.671Z,0.671799,5a175fc0,6 [channel] Caps: Texture: Size 8192 Units 32 VertexUnits 32
2025-02-06T08:18:01.671Z,0.671804,5a175fc0,6 [channel] Caps: ConstantBufferSize 65536
2025-02-06T08:18:01.671Z,0.671810,5a175fc0,6 [channel] Caps: isAppleGPU 0
2025-02-06T08:18:01.671Z,0.671815,5a175fc0,6 [channel] Caps: 32bIdx 1 Memoryless 0
2025-02-06T08:18:01.671Z,0.671820,5a175fc0,6 [channel] Caps: ColorBGR 0 RTFlip 0 MinusOneToOneDepth 0
2025-02-06T08:18:01.673Z,0.673389,400a000,6 [FLog::DataModelPatchConfigurer] OTAPollingEnabled set to: false
2025-02-06T08:18:01.676Z,0.676303,5a175fc0,6 [FLog::Graphics] Metal: creating framebuffer 5120x2528
2025-02-06T08:18:01.676Z,0.676348,5a175fc0,6 [FLog::Graphics] Video memory size: 2147483648
2025-02-06T08:18:01.727Z,0.727416,400a000,6 [FLog::DataModelPatchConfigurer] [discovery-ota] Load configs for user key: user:3047960021
2025-02-06T08:18:01.727Z,0.727991,400a000,6 [FLog::DataModelPatchConfigurer] [discovery-ota] Retrieving patch
2025-02-06T08:18:01.728Z,0.728013,400a000,6 [FLog::DataModelPatchConfigurer] getCachedPatch DataModelPatchConfig : type=1, assetId=16639814581, assetVersion=1967, maxAppVersion=658, localAssetURI=
2025-02-06T08:18:01.734Z,0.734346,5a175fc0,6 [FLog::Graphics] Loaded 972 shaders from pack metal_osx variant default (7121760 bytes)
2025-02-06T08:18:01.734Z,0.734381,5a175fc0,6 [FLog::Graphics] Compiled 677 shaders in 57 ms
2025-02-06T08:18:01.762Z,0.762895,5a175fc0,6 [FLog::SurfaceController] SurfaceController::disableVR
2025-02-06T08:18:01.763Z,0.763004,5a175fc0,6 [FLog::SurfaceController] SurfaceController[_:1]::start dataModel(0x7ff102cd7400)
2025-02-06T08:18:01.763Z,0.763031,5a175fc0,6 [FLog::SurfaceController] SurfaceController::RenderJob[_:1]::RenderJob
2025-02-06T08:18:01.763Z,0.763058,5a175fc0,6 [FLog::SurfaceController] SurfaceController[_:1]::run dataModel(0x7ff102cd7400)
2025-02-06T08:18:01.763Z,0.763087,5a175fc0,6,Info [FLog::CrossExperienceVoiceController] CrossExperienceVoiceController: onCoordinatorTransitionEvent Started - LuaApp
2025-02-06T08:18:01.763Z,0.763097,5a175fc0,6 [FLog::SingleSurfaceApp] setStage: (stage:LuaApp)
2025-02-06T08:18:01.763Z,0.763129,5a175fc0,6 [FLog::SingleSurfaceApp] userDidLogin
2025-02-06T08:18:01.763Z,0.763139,5a175fc0,6 [FLog::SingleSurfaceApp] applyLocale
2025-02-06T08:18:01.763Z,0.763346,3e04000,6 [FLog::Output] (AppDelegate) Doing machine id check.
2025-02-06T08:18:01.904Z,0.904536,400a000,6,Info [FLog::AudioFocusManager] AudioFocusManager::AudioFocusManager() constructor
2025-02-06T08:18:01.904Z,0.904572,400a000,6,Info [FLog::AudioFocusService] AudioFocusService::AudioFocusService() constructor
2025-02-06T08:18:01.904Z,0.904585,400a000,6,Info [FLog::AudioFocusService] AudioFocusService onServiceProvider invokation
2025-02-06T08:18:01.904Z,0.904592,400a000,6,Info [FLog::AudioFocusService] AudioFocusService::AudioFocusService() onServiceProvider setup
2025-02-06T08:18:02.335Z,1.335447,3e04000,6 [FLog::Warning] Warning: Unable to fetch completed survey ids from app storage  
2025-02-06T08:18:02.336Z,1.336259,3e04000,6 [FLog::SurfaceController] SurfaceController::RenderJob::stepDataModelJob: No DM yet. Continue...
2025-02-06T08:18:02.337Z,1.337054,5a175fc0,6 [FLog::SurfaceController] SurfaceController::RenderJob::scheduleRender: No data model. Bind workspace now...
2025-02-06T08:18:02.342Z,1.342183,5a175fc0,6 [FLog::Graphics] Metal: resizing main framebuffer to 2548x2880
2025-02-06T08:18:02.342Z,1.342265,5a175fc0,6 [FLog::Graphics] LayeredClothingMode updated: LC=1 HSR=1
2025-02-06T08:18:02.342Z,1.342308,5a175fc0,6 [FLog::Graphics] Future is bright shadows
2025-02-06T08:18:02.344Z,1.344202,5a175fc0,6 [FLog::Graphics] Terrain TextureArray 512x512, arraySize: 36, mip: 10
2025-02-06T08:18:02.350Z,1.350124,5a175fc0,6 [FLog::Graphics] SceneManager: resizing main targets to 1274x1440
2025-02-06T08:18:02.500Z,1.500645,3f07000,6,Warning [DFLog::DMNotificationMonitor] DM notification received. Type 10
2025-02-06T08:18:02.550Z,1.550583,3e04000,6,Warning [DFLog::DMNotificationMonitor] DM notification received. Type 10
2025-02-06T08:18:02.562Z,1.562496,3f07000,6 [FLog::Error] Asset (Image) "rbxthumb://type=AvatarHeadShot&id=&w=48&h=48&filters=circular" load failed in TextureManager::PreloadTexture: Request failed
2025-02-06T08:18:02.848Z,1.848766,400a000,6 [DFLog::SignalRCoreError] ID: 1 Disconnected - stop() called
2025-02-06T08:18:02.849Z,1.849033,3e04000,6,Warning [DFLog::DMNotificationMonitor] DM notification received. Type 28
2025-02-06T08:18:02.860Z,1.860087,400a000,6,Warning [DFLog::DMNotificationMonitor] DM notification received. Type 10
2025-02-06T08:18:02.860Z,1.860197,400a000,6,Warning [DFLog::DMNotificationMonitor] DM notification received. Type 10
2025-02-06T08:18:02.899Z,1.899022,3f07000,6 [FLog::Error] Asset (Image) "rbxthumb://type=AvatarHeadShot&id=0&w=48&h=48&filters=circular" load failed in TextureManager::PreloadTexture: Request failed
2025-02-06T08:18:03.071Z,2.071496,3f07000,6 [FLog::DataModelPatchConfigurer] [_DataModelPatch] Update OTA config
2025-02-06T08:18:03.332Z,2.332081,39ef000,6 [FLog::DataModelPatchConfigurer] [_DataModelPatch] Update OTA succeeded: {"SchemaVersion":"1","CanaryUserIds":[],"CanaryPercentage":0}
2025-02-06T08:18:03.332Z,2.332143,39ef000,6 [FLog::DataModelPatchConfigurer] [_DataModelPatch] Update OTA config not deployed
2025-02-06T08:18:03.473Z,2.473758,39ef000,6,Critical [DFLog::RbxStorage] RbxStorage::init [INIT] availableDiskSpace: 58001485824 bytes, oldCacheSize: -1 bytes, elapsed: 0.043 ms
2025-02-06T08:18:03.492Z,2.492778,39ef000,6,Critical [DFLog::RbxStorage] RbxStorage::init [DONE] name: TelemetryCache(SqliteCache+TelemetryCache(FileCache)), duration: 18.521 ms, dbOpenCount: 2, dbMaxMemory: 0.260 MiB, dbTotalSize: 0.000 MiB, dbNumItems: 1, fileTotalSize: 0.000 MiB, fileNumItems: 0
2025-02-06T08:18:03.492Z,2.492898,39ef000,12,Error [DFLog::HttpTraceError] RbxStorage is not ready
2025-02-06T08:18:11.758Z,10.758685,5a175fc0,6 [FLog::SingleSurfaceApp] leaveUGCGame: (stage:LuaApp) blocking=0.
2025-02-06T08:18:11.758Z,10.758719,5a175fc0,6 [FLog::SingleSurfaceApp] leaveUGCGame: ... no-op, not in-game
2025-02-06T08:18:11.758Z,10.758731,5a175fc0,6 [DFLog::SignalRCoreError] ID: 1 Disconnected - stop() called
2025-02-06T08:18:12.325Z,11.325133,5a175fc0,6 [FLog::SingleSurfaceApp] shutDown: (stage:LuaApp).
2025-02-06T08:18:12.325Z,11.325174,5a175fc0,6 [FLog::SurfaceController] drainRenderingJobs
2025-02-06T08:18:12.325Z,11.325722,5a175fc0,6,Warning [FLog::Graphics] RenderView destroyed[1]
2025-02-06T08:18:12.326Z,11.326221,3e04000,6 [FLog::SurfaceController] SurfaceController::RenderJob[_:1]::~RenderJob
2025-02-06T08:18:12.341Z,11.341983,5a175fc0,6 [FLog::SurfaceController] stop
2025-02-06T08:18:12.342Z,11.342016,5a175fc0,6 [FLog::SurfaceController] drainRenderingJobs
2025-02-06T08:18:12.342Z,11.342026,5a175fc0,6 [FLog::SingleSurfaceApp] destroyLuaApp: (stage:LuaApp) blocking:true.
2025-02-06T08:18:12.342Z,11.342035,5a175fc0,6,Warning [FLog::CrossExperienceVoiceController] CrossExperienceVoiceController: finalize: Did not finalize due to state.
2025-02-06T08:18:12.342Z,11.342042,5a175fc0,6,Warning [FLog::UgcExperienceController] UgcExperienceController: finalize: Did not finalize due to state.
2025-02-06T08:18:13.342Z,12.342488,5a175fc0,12 [DFLog::HttpTraceError] HttpResponse(#239 0x7ff0e9c55c20) time:268.8ms (net:268.8ms callback:0.0ms timeInRetryQueue:0.0ms) error:9 message:HttpError: Aborted url:{ "https://ecsv2.roblox.com/client/pbe" } ip:128.116.44.4 external:0 numberOfTimesRetried:0
2025-02-06T08:18:13.743Z,12.743154,5a175fc0,6,Info [FLog::AudioFocusService] AudioFocusService onServiceProvider invokation
2025-02-06T08:18:13.743Z,12.743189,5a175fc0,6,Info [FLog::AudioFocusService] AudioFocusService::AudioFocusService() onServiceProvider teardown
2025-02-06T08:18:13.785Z,12.785744,5a175fc0,6,Info [FLog::AudioFocusService] AudioFocusService::AudioFocusService() destructor
2025-02-06T08:18:13.796Z,12.796424,5a175fc0,6,Warning [FLog::SingleSurfaceApp] destroyLuaApp: (stage:LuaApp)... finished destroying luaApp.
2025-02-06T08:18:13.796Z,12.796451,5a175fc0,6 [FLog::SingleSurfaceApp] setStage: (stage:None)
2025-02-06T08:18:13.796Z,12.796460,5a175fc0,6 [FLog::SingleSurfaceApp] destroy controllers
2025-02-06T08:18:13.796Z,12.796470,5a175fc0,6,Info [FLog::CrossExperienceVoiceController] CrossExperienceVoiceController::CrossExperienceVoiceController()
2025-02-06T08:18:13.796Z,12.796489,5a175fc0,6,Info [FLog::UgcExperienceController] UgcExperienceController::~UgcExperienceController()
2025-02-06T08:18:13.796Z,12.796508,5a175fc0,6 [FLog::SurfaceController] SurfaceController[_:1]::~SurfaceController, count: 0
2025-02-06T08:18:13.796Z,12.796519,5a175fc0,6 [FLog::SingleSurfaceApp] setStage: (stage:Native)
