2025-02-06T08:10:35.345Z,0.345860,5a175fc0,6 [FLog::MacLuaApp] (AppDelegate) application:openURLs:(
    "roblox-player:1+launchmode:play+gameinfo:bgj-ySsT-9eL-pmtBfYA3-tGwUcBzHlUm17HqrJ_DIzjcRyKn3OB1ialeikG18mbzcYJtUpxfHE0LxWvNTsYLJpFPzZC8Il4XZXR1FRsCFCbk7Ib86HKEKKXCVuBuGF30N4CM-295yXinrh9D9brPQjWOpDv3aE6fK00S_KiRw4kdXvOrbsd6b8ZIjlpazhQ6gnNiZ37YPVpciJbW2zeqSy2FAQwdzagjPwzyeCWv8s+launchtime:1738829432897+placelauncherurl:https%3A%2F%2Fwww.roblox.com%2FGame%2FPlaceLauncher.ashx%3Frequest%3DRequestGame%26browserTrackerId%3D1738344328674006%26placeId%3D8286149869%26isPlayTogetherGame%3Dfalse%26referredByPlayerId%3D0%26joinAttemptId%3Df496611c-efed-4bd4-84e4-dd8cd52786eb%26joinAttemptOrigin%3DPlayButton+browsertrackerid:1738344328674006+robloxLocale:en_us+gameLocale:en_us+channel:+LaunchExp:InApp"
)
2025-02-06T08:10:35.346Z,0.346020,5a175fc0,6 [FLog::MacLuaApp] (AppDelegate) application:openURLs handling web launch
2025-02-06T08:10:35.346Z,0.346066,5a175fc0,6 [FLog::MacLuaApp] (AppDelegate) Argument 1 = launchmode:play
2025-02-06T08:10:35.346Z,0.346079,5a175fc0,6 [FLog::MacLuaApp] (AppDelegate) Argument 2 = gameinfo:bgj-ySsT-9eL-pmtBfYA3-tGwUcBzHlUm17HqrJ_DIzjcRyKn3OB1ialeikG18mbzcYJtUpxfHE0LxWvNTsYLJpFPzZC8Il4XZXR1FRsCFCbk7Ib86HKEKKXCVuBuGF30N4CM-295yXinrh9D9brPQjWOpDv3aE6fK00S_KiRw4kdXvOrbsd6b8ZIjlpazhQ6gnNiZ37YPVpciJbW2zeqSy2FAQwdzagjPwzyeCWv8s
2025-02-06T08:10:35.346Z,0.346089,5a175fc0,6 [FLog::MacLuaApp] (AppDelegate) Argument 3 = launchtime:1738829432897
2025-02-06T08:10:35.346Z,0.346099,5a175fc0,6 [FLog::MacLuaApp] (AppDelegate) Argument 4 = placelauncherurl:https%3A%2F%2Fwww.roblox.com%2FGame%2FPlaceLauncher.ashx%3Frequest%3DRequestGame%26browserTrackerId%3D1738344328674006%26placeId%3D8286149869%26isPlayTogetherGame%3Dfalse%26referredByPlayerId%3D0%26joinAttemptId%3Df496611c-efed-4bd4-84e4-dd8cd52786eb%26joinAttemptOrigin%3DPlayButton
2025-02-06T08:10:35.346Z,0.346109,5a175fc0,6 [FLog::MacLuaApp] (AppDelegate) Argument 5 = browsertrackerid:1738344328674006
2025-02-06T08:10:35.346Z,0.346118,5a175fc0,6 [FLog::MacLuaApp] (AppDelegate) Argument 6 = robloxLocale:en_us
2025-02-06T08:10:35.346Z,0.346127,5a175fc0,6 [FLog::MacLuaApp] (AppDelegate) Argument 7 = gameLocale:en_us
2025-02-06T08:10:35.346Z,0.346136,5a175fc0,6 [FLog::MacLuaApp] (AppDelegate) Argument 8 = channel:
2025-02-06T08:10:35.346Z,0.346160,5a175fc0,6 [FLog::Output] Saved channel '' to 'com.roblox.RobloxPlayerChannel' for baseUrl 'www.roblox.com'
2025-02-06T08:10:35.346Z,0.346178,5a175fc0,6 [FLog::Output] RobloxChannel has been set to production
2025-02-06T08:10:35.346Z,0.346187,5a175fc0,6 [FLog::MacLuaApp] (AppDelegate) Argument 9 = LaunchExp:InApp
2025-02-06T08:10:35.346Z,0.346239,5a175fc0,6 [FLog::MacLuaApp] (AppDelegate) reportClientStatus url: https://www.roblox.com/client-status/set?browserTrackerId=1738344328674006&status=BootstrapperInstalling
2025-02-06T08:10:35.347Z,0.347563,5a175fc0,6 [FLog::MacLuaApp] (AppDelegate) application:openURLs cold launch. Defer web launch until after initialization is complete.
2025-02-06T08:10:35.347Z,0.347669,5a175fc0,6 [FLog::Output] (AppDelegate) applicationDidFinishLaunching
2025-02-06T08:10:35.347Z,0.347769,5a175fc0,6,Info [FLog::UpdateController] UpdateController: versionQueryUrl: https://clientsettingscdn.roblox.com/v2/client-version/MacPlayer
2025-02-06T08:10:35.347Z,0.347796,5a175fc0,6,Info [FLog::UpdateController] MacUpdateController: updaterFullPath: /Applications/Roblox.app/Contents/MacOS/RobloxPlayerInstaller.app/Contents/MacOS/RobloxPlayerInstaller
2025-02-06T08:10:35.347Z,0.347837,d3f7000,6,Info [FLog::UpdateController] Update check thread started
2025-02-06T08:10:35.347Z,0.347866,d3f7000,6,Info [FLog::UpdateController] Checking if updater exists at /Applications/Roblox.app/Contents/MacOS/RobloxPlayerInstaller.app/Contents/MacOS/RobloxPlayerInstaller. Returning 0
2025-02-06T08:10:35.347Z,0.347878,d3f7000,6,Warning [FLog::UpdateController] Updater not found. Skipping update
2025-02-06T08:10:35.347Z,0.347878,5a175fc0,6 [FLog::Output] settingsUrl: https://clientsettingscdn.roblox.com/v2/settings-compressed/application/MacDesktopClient/876303bc5322fbc5499ad5d572b4a57fc6305ca10adf81769b9121c45b7d3a38.dcz
2025-02-06T08:10:35.347Z,0.347895,d3f7000,6,Info [FLog::UpdateController] Update check thread: updateRequired FALSE
2025-02-06T08:10:35.423Z,0.423532,5a175fc0,6 [FLog::Output] Settings Date header was Thu, 06 Feb 2025 08:10:33 GMT
2025-02-06T08:10:35.423Z,0.423560,5a175fc0,6 [FLog::Output] Settings Date timestamp is 1738829433
2025-02-06T08:10:35.433Z,0.433615,5a175fc0,6 [FLog::ClientRunInfo] RobloxGitHash: 6874f45ec658019a67f19ab7de6e688c50292b01
2025-02-06T08:10:35.433Z,0.433756,5a175fc0,6 [FLog::ClientRunInfo] The base url is https://www.roblox.com/
2025-02-06T08:10:35.433Z,0.433766,5a175fc0,6 [FLog::ClientRunInfo] The channel is production
2025-02-06T08:10:35.439Z,0.439024,d47a000,6,Warning [FLog::HttpOpenTelemetryTracing] No active span to end
2025-02-06T08:10:35.439Z,0.439079,d47a000,12 [DFLog::HttpTraceError] HttpResponse(#0 0x7f923b17bc20) time:134.1ms (net:133.9ms callback:0.0ms timeInRetryQueue:0.0ms)status:404 Not Found bodySize:0 url:{ "https://accountsettings.roblox.com/" } ip:128.116.44.3 external:1 numberOfTimesRetried:0
2025-02-06T08:10:35.445Z,0.445573,5a175fc0,6 [FLog::Output] *******
** Validated reflection database in 6.671253 ms, found 5363 entries with the following skipped: 0 enums, 0 properties, 0 functions, 0 events, 0 callbacks, 0 classes.
*******

2025-02-06T08:10:35.446Z,0.446334,5a175fc0,6 [FLog::Output] (AppDelegate) Universal App on Mac: initialize...
2025-02-06T08:10:35.446Z,0.446353,5a175fc0,6 [FLog::Output] syncCookiesFromNativeToEngine was skipped
2025-02-06T08:10:35.446Z,0.446419,5a175fc0,6 [FLog::Output] Current file descriptor limit is 2560, no need to increase
2025-02-06T08:10:35.446Z,0.446432,5a175fc0,6 [FLog::Output] (AppDelegate) web browserTrackerId = [1738344328674006].
2025-02-06T08:10:35.448Z,0.448861,5a175fc0,6 [FLog::Output] syncCookiesFromEngineToNative was skipped
2025-02-06T08:10:35.448Z,0.448887,5a175fc0,6 [FLog::Output] (AppDelegate) launchTimeMillis = [-2085]
2025-02-06T08:10:35.449Z,0.449840,5a175fc0,6,Info [FLog::PerformanceControlUtil] PerformanceControlUtil: registered single surface tunable (id=0)
2025-02-06T08:10:35.450Z,0.450279,5a175fc0,6 [FLog::SingleSurfaceApp] initializeWithAppStarter
2025-02-06T08:10:35.450Z,0.450300,5a175fc0,6 [FLog::SingleSurfaceApp] initializeSingleton
2025-02-06T08:10:35.451Z,0.451403,5a175fc0,6 [FLog::Output] setAssetFolder /Applications/Roblox.app/Contents/Resources/content/
2025-02-06T08:10:35.451Z,0.451597,5a175fc0,6 [FLog::Output] setExtraAssetFolder /Applications/Roblox.app/Contents/Resources/ExtraContent
2025-02-06T08:10:35.451Z,0.451999,5a175fc0,6 [FLog::Output] Evaluating deferred inferred crashes
2025-02-06T08:10:35.452Z,0.452684,5a175fc0,6 [FLog::SingleSurfaceApp] setStage: (stage:Native)
2025-02-06T08:10:35.452Z,0.452703,5a175fc0,6 [FLog::SingleSurfaceApp] setLocale
2025-02-06T08:10:35.452Z,0.452713,5a175fc0,6,Warning [FLog::SingleSurfaceApp] instantiate controllers
2025-02-06T08:10:35.452Z,0.452722,5a175fc0,6 [FLog::SurfaceController] SurfaceController[_:1]::SurfaceController, count: 1
2025-02-06T08:10:35.452Z,0.452731,5a175fc0,6,Warning [FLog::SingleSurfaceApp] instantiate experience coordinator
2025-02-06T08:10:35.452Z,0.452757,5a175fc0,6,Info [FLog::PerformanceControlUtil] PerformanceControlUtil: registered single surface tunable (id=1)
2025-02-06T08:10:35.452Z,0.452767,5a175fc0,6,Info [FLog::CrossExperienceVoiceController] CrossExperienceVoiceController::CrossExperienceVoiceController() constructor
2025-02-06T08:10:35.460Z,0.460203,d47a000,6,Warning [FLog::HttpOpenTelemetryTracing] No active span to end
2025-02-06T08:10:35.460Z,0.460246,d47a000,12 [DFLog::HttpTraceError] HttpResponse(#5 0x7f923b180620) time:155.2ms (net:154.8ms callback:0.0ms timeInRetryQueue:0.0ms)status:404 Not Found bodySize:0 url:{ "https://locale.roblox.com/" } ip:128.116.44.3 external:1 numberOfTimesRetried:0
2025-02-06T08:10:35.465Z,0.465099,d47a000,6,Warning [FLog::HttpOpenTelemetryTracing] No active span to end
2025-02-06T08:10:35.465Z,0.465131,d47a000,12 [DFLog::HttpTraceError] HttpResponse(#6 0x7f923b180c20) time:160.1ms (net:159.7ms callback:0.0ms timeInRetryQueue:0.0ms)status:404 Not Found bodySize:0 url:{ "https://users.roblox.com/" } ip:128.116.44.3 external:1 numberOfTimesRetried:0
2025-02-06T08:10:35.497Z,0.497308,d47a000,6,Warning [FLog::HttpOpenTelemetryTracing] No active span to end
2025-02-06T08:10:35.497Z,0.497359,d47a000,12 [DFLog::HttpTraceError] HttpResponse(#7 0x7f923b181220) time:192.3ms (net:191.9ms callback:0.0ms timeInRetryQueue:0.0ms)status:404 Not Found bodySize:0 url:{ "https://users.roblox.com/" } ip:128.116.44.3 external:1 numberOfTimesRetried:0
2025-02-06T08:10:35.552Z,0.552838,d47a000,6,Warning [FLog::HttpOpenTelemetryTracing] No active span to end
2025-02-06T08:10:35.552Z,0.552887,d47a000,12 [DFLog::HttpTraceError] HttpResponse(#4 0x7f923b180020) time:247.9ms (net:247.4ms callback:0.0ms timeInRetryQueue:0.0ms)status:404 Not Found bodySize:0 url:{ "https://apis.roblox.com/" } ip:128.116.44.3 external:1 numberOfTimesRetried:0
2025-02-06T08:10:35.559Z,0.559261,d47a000,6,Warning [FLog::HttpOpenTelemetryTracing] No active span to end
2025-02-06T08:10:35.559Z,0.559300,d47a000,12 [DFLog::HttpTraceError] HttpResponse(#2 0x7f923b17f420) time:254.3ms (net:253.9ms callback:0.0ms timeInRetryQueue:0.0ms)status:404 Not Found bodySize:0 url:{ "https://apis.roblox.com/" } ip:128.116.44.3 external:1 numberOfTimesRetried:0
2025-02-06T08:10:35.585Z,0.585804,d47a000,6,Warning [FLog::HttpOpenTelemetryTracing] No active span to end
2025-02-06T08:10:35.585Z,0.585853,d47a000,12 [DFLog::HttpTraceError] HttpResponse(#1 0x7f923b17ee20) time:280.9ms (net:280.4ms callback:0.0ms timeInRetryQueue:0.0ms)status:404 Not Found bodySize:0 url:{ "https://apis.roblox.com/" } ip:128.116.44.3 external:1 numberOfTimesRetried:0
2025-02-06T08:10:35.594Z,0.594722,d47a000,6,Warning [FLog::HttpOpenTelemetryTracing] No active span to end
2025-02-06T08:10:35.594Z,0.594753,d47a000,12 [DFLog::HttpTraceError] HttpResponse(#3 0x7f923b17fa20) time:289.8ms (net:289.3ms callback:0.0ms timeInRetryQueue:0.0ms)status:404 Not Found bodySize:0 url:{ "https://apis.roblox.com/" } ip:128.116.44.3 external:1 numberOfTimesRetried:0
2025-02-06T08:10:35.835Z,0.835842,5a175fc0,6 [FLog::SingleSurfaceApp] launchUGCGame: (stage:Native).
2025-02-06T08:10:35.835Z,0.835860,5a175fc0,6 [FLog::SingleSurfaceApp] launchUGCGameInternal
2025-02-06T08:10:35.837Z,0.837428,5a175fc0,6 [FLog::SingleSurfaceApp] applyLocale
2025-02-06T08:10:35.837Z,0.837442,5a175fc0,6,Info [FLog::UgcExperienceController] UgcExperienceController: initialize:
2025-02-06T08:10:35.837Z,0.837998,5a175fc0,6 [FLog::DataModelPatchConfigurer] [_DataModelPatch] Load configs for user key: app:1423803869895817846
2025-02-06T08:10:35.838Z,0.838667,5a175fc0,6 [FLog::DataModelPatchConfigurer] [_DataModelPatch] Retrieving patch
2025-02-06T08:10:35.838Z,0.838683,5a175fc0,6 [FLog::DataModelPatchConfigurer] getCachedPatch DataModelPatchConfig : type=1, assetId=5345954812, assetVersion=10769, maxAppVersion=658, localAssetURI=rbxasset://models/DataModelPatch/DataModelPatch.rbxm
2025-02-06T08:10:35.838Z,0.838692,5a175fc0,6 [FLog::DataModelPatchConfigurer] getCachedPatch : numAttempts=10
2025-02-06T08:10:35.838Z,0.838742,5a175fc0,6 [FLog::DataModelPatchConfigurer] getCachedPatch : contentId=rbxasset://models/DataModelPatch/DataModelPatch.rbxm
2025-02-06T08:10:35.838Z,0.838751,5a175fc0,6 [FLog::DataModelPatchConfigurer] getCachedPatch : get patch from content provider for Model
2025-02-06T08:10:35.845Z,0.845889,5a175fc0,6 [FLog::DataModelPatchConfigurer] deserializeAndVerifyPatch with blake3
2025-02-06T08:10:36.120Z,1.120602,5a175fc0,6,Warning [DFLog::BootcampCLI139737Log] Hello world!!!!!!!!!!!!!!!!!!!!
2025-02-06T08:10:36.120Z,1.120633,5a175fc0,6,Warning [FLog::Output] Hello Earthlings!
2025-02-06T08:10:36.176Z,1.176873,5a175fc0,6,Info [FLog::Audio] OutputDevice 0: Cuffie esterne [BuiltIn] 48000/2
2025-02-06T08:10:36.248Z,1.248751,5a175fc0,6,Info [FLog::Audio] InputDevice 0: Microfono esterno({af0144be-277e-8cc3-0000000000000000}) 48000/1/4
2025-02-06T08:10:36.248Z,1.248786,5a175fc0,6,Info [FLog::Audio] InputDevice 1: Microfono iMac({50eb3c32-f018-032c-0000000000000000}) 48000/1/4
2025-02-06T08:10:36.287Z,1.287264,5a175fc0,6,Info [FLog::UgcExperienceController] UgcExperienceController: join: initialized dm 0x7f92461dbc00
2025-02-06T08:10:36.287Z,1.287301,5a175fc0,6 [FLog::GameJoinUtil] GameJoinUtil::joinGame
2025-02-06T08:10:36.287Z,1.287392,5a175fc0,6 [FLog::GameJoinUtil] GameJoinUtil::joinGamePostStandard: URL: https://gamejoin.roblox.com/v1/join-game BODY: {"isTeleport":true,"placeId":8286149869,"gameJoinAttemptId":"f496611c-efed-4bd4-84e4-dd8cd52786eb"}
2025-02-06T08:10:36.287Z,1.287451,5a175fc0,6 [FLog::GameJoinUtil] GameJoinUtil::makePlaceLauncherRequest: requestCount: 0, url: https://gamejoin.roblox.com/v1/join-game.
2025-02-06T08:10:36.287Z,1.287512,5a175fc0,6,Info [FLog::CrossExperienceVoiceController] CrossExperienceVoiceController: onCoordinatorTransitionEvent Started - Ugc
2025-02-06T08:10:36.287Z,1.287610,5a175fc0,6 [FLog::SurfaceController] [_:1]::replaceDataModel: (stage:0, window = 0x7f923c8187a0) [tid:0x7f923c010360]
2025-02-06T08:10:36.288Z,1.288082,5a175fc0,6,Warning [FLog::Graphics] RenderView created[1]
2025-02-06T08:10:36.290Z,1.290825,5a175fc0,6 [FLog::Graphics] Metal renderer: AMD Radeon Pro 5300
2025-02-06T08:10:36.290Z,1.290853,5a175fc0,6 [channel] Caps: ThreadSafe 1 Framebuffer 1 FpFramebuffer 1 Shaders 1 Compute 1 Instancing 1 PerInstanceStream 1 ConstBuffers 1
2025-02-06T08:10:36.290Z,1.290864,5a175fc0,6 [channel] Caps: Framebuffer: MRT 4 MSAA 8 Stencil 1
2025-02-06T08:10:36.290Z,1.290874,5a175fc0,6 [channel] Caps: Framebuffer: Depth16 1 Depth24 1 DepthFloat 1 DepthClamp 1
2025-02-06T08:10:36.290Z,1.290883,5a175fc0,6 [channel] Caps: Border Color 1
2025-02-06T08:10:36.290Z,1.290892,5a175fc0,6 [channel] Caps: Texture: RGB10A2 1 RG11B10F 1 R16I 1
2025-02-06T08:10:36.290Z,1.290901,5a175fc0,6 [channel] Caps: Texture: BC6H 1 ASTC HDR 0
2025-02-06T08:10:36.290Z,1.290910,5a175fc0,6 [channel] Caps: Texture: DXT 1 PVR 0 ETC1 0 ETC2 0 Half 1
2025-02-06T08:10:36.290Z,1.290919,5a175fc0,6 [channel] Caps: Texture: 3D 1 Array 1 Depth 1 MSAA 1 MSAAFP16 8
2025-02-06T08:10:36.290Z,1.290928,5a175fc0,6 [channel] Caps: Texture: NPOT 1 PartialMips 1 CubeMipGen 1 CubeFramebuffer 1
2025-02-06T08:10:36.290Z,1.290935,5a175fc0,6 [channel] Caps: Texture: Size 8192 Units 32 VertexUnits 32
2025-02-06T08:10:36.290Z,1.290941,5a175fc0,6 [channel] Caps: ConstantBufferSize 65536
2025-02-06T08:10:36.290Z,1.290946,5a175fc0,6 [channel] Caps: isAppleGPU 0
2025-02-06T08:10:36.290Z,1.290952,5a175fc0,6 [channel] Caps: 32bIdx 1 Memoryless 0
2025-02-06T08:10:36.290Z,1.290957,5a175fc0,6 [channel] Caps: ColorBGR 0 RTFlip 0 MinusOneToOneDepth 0
2025-02-06T08:10:36.294Z,1.294680,5a175fc0,6 [FLog::Graphics] Metal: creating framebuffer 5120x2528
2025-02-06T08:10:36.294Z,1.294721,5a175fc0,6 [FLog::Graphics] Video memory size: 2147483648
2025-02-06T08:10:36.336Z,1.336254,5a175fc0,6 [FLog::Graphics] Loaded 972 shaders from pack metal_osx variant default (7121760 bytes)
2025-02-06T08:10:36.336Z,1.336282,5a175fc0,6 [FLog::Graphics] Compiled 677 shaders in 41 ms
2025-02-06T08:10:36.359Z,1.359218,5a175fc0,6 [FLog::SurfaceController] SurfaceController::disableVR
2025-02-06T08:10:36.359Z,1.359326,5a175fc0,6 [FLog::SurfaceController] SurfaceController[_:1]::start dataModel(0x7f92461dbc00)
2025-02-06T08:10:36.359Z,1.359352,5a175fc0,6 [FLog::SurfaceController] SurfaceController::RenderJob[_:1]::RenderJob
2025-02-06T08:10:36.359Z,1.359366,5a175fc0,6 [FLog::SurfaceController] SurfaceController[_:1]::run dataModel(0x7f92461dbc00)
2025-02-06T08:10:36.359Z,1.359378,5a175fc0,6 [FLog::SingleSurfaceApp] setStage: (stage:UGCGame)
2025-02-06T08:10:36.359Z,1.359388,5a175fc0,6 [FLog::SingleSurfaceApp] userDidLogin
2025-02-06T08:10:36.359Z,1.359396,5a175fc0,6 [FLog::SingleSurfaceApp] applyLocale
2025-02-06T08:10:36.359Z,1.359420,d992000,6 [FLog::Output] (AppDelegate) Doing machine id check.
2025-02-06T08:10:36.381Z,1.381351,da95000,6,Info [FLog::UgcExperienceController] UgcExperienceController: submitStartGameTask: scrips are loaded 0x7f92461dbc00
2025-02-06T08:10:36.381Z,1.381705,d88f000,6 [FLog::SurfaceController] SurfaceController::RenderJob::stepDataModelJob: No DM yet. Continue...
2025-02-06T08:10:36.397Z,1.397540,5a175fc0,6 [FLog::SurfaceController] SurfaceController::RenderJob::scheduleRender: No data model. Bind workspace now...
2025-02-06T08:10:36.405Z,1.405203,5a175fc0,6 [FLog::Graphics] LayeredClothingMode updated: LC=1 HSR=1
2025-02-06T08:10:36.411Z,1.411101,5a175fc0,6 [FLog::Graphics] SceneManager: resizing main targets to 2560x1264
2025-02-06T08:10:36.535Z,1.535367,5a175fc0,6 [FLog::Graphics] Metal: resizing main framebuffer to 5120x2880
2025-02-06T08:10:36.540Z,1.540553,5a175fc0,6 [FLog::Graphics] SceneManager: resizing main targets to 2560x1440
2025-02-06T08:10:37.572Z,2.572081,d992000,6 [FLog::GameJoinUtil] Game join succeeded.
2025-02-06T08:10:37.572Z,2.572122,d992000,6 [FLog::GameJoinUtil] GameJoinUtil::processing join parameters
2025-02-06T08:10:37.617Z,2.617245,d992000,7 [FLog::Network] NetworkClient:Create
2025-02-06T08:10:37.617Z,2.617583,d992000,6 [FLog::GameJoinUtil] Null EventId
2025-02-06T08:10:37.617Z,2.617665,d992000,10 [DFLog::KeyRing] Parsed config created at: 11:59 4/1/2024.
2025-02-06T08:10:37.620Z,2.620092,d992000,6 [FLog::Output] AnalyticsSessionId is 221124b1-efb9-4577-964f-801bd0e245cd.
2025-02-06T08:10:37.620Z,2.620136,d992000,6 [FLog::Output] ! Joining game 'e6db98d2-cb7d-49b3-b119-f4bf4a4d42ff' place 8286149869 at 10.17.5.211
2025-02-06T08:10:37.620Z,2.620172,d992000,6 [FLog::GameJoinLoadTime] Report game_join_loadtime: sid:221124b1-efb9-4577-964f-801bd0e245cd, clienttime:1738829437.753000021, join_time:1.7817607160000001887, referral_page:RequestGame, placeid:8286149869, userid:3047960021, universeid:3177453609, 
2025-02-06T08:10:37.621Z,2.621929,d992000,7 [FLog::Network] Client will attempt to connect following server endpoints with threadSleepTime(-1)
2025-02-06T08:10:37.621Z,2.621946,d992000,7 [FLog::Network] UDMUX Address = 128.116.21.33, Port = 64160 | RCC Server Address = 10.17.5.211, Port = 64160
2025-02-06T08:10:37.623Z,2.623555,d992000,7 [FLog::Network] binding socket on inaddr_any:0

2025-02-06T08:10:37.636Z,2.636342,d992000,6 [FLog::Output] Connecting to UDMUX server 128.116.21.33:64160, and RCC server 10.17.5.211:64160
2025-02-06T08:10:37.662Z,2.662049,d47a000,6,Critical [DFLog::RbxStorage] RbxStorage::init [INIT] availableDiskSpace: 58289037312 bytes, oldCacheSize: -1 bytes, elapsed: 0.036 ms
2025-02-06T08:10:37.690Z,2.690571,d47a000,6,Critical [DFLog::RbxStorage] RbxStorage::init [DONE] name: TelemetryCache(SqliteCache+TelemetryCache(FileCache)), duration: 28.014 ms, dbOpenCount: 1, dbMaxMemory: 0.260 MiB, dbTotalSize: 0.000 MiB, dbNumItems: 1, fileTotalSize: 0.000 MiB, fileNumItems: 0
2025-02-06T08:10:37.690Z,2.690677,d47a000,12,Error [DFLog::HttpTraceError] RbxStorage is not ready
2025-02-06T08:10:37.803Z,2.803773,da95000,6 [FLog::Output] Connection accepted from 128.116.21.33|64160
2025-02-06T08:10:37.804Z,2.804975,da95000,7 [FLog::Network] serverId: 128.116.21.33|64160
2025-02-06T08:10:37.805Z,2.805037,da95000,7 [FLog::Network] Replicator created for player 128.116.21.33|64160
2025-02-06T08:10:37.805Z,2.805047,da95000,7 [FLog::Network] Replicator created: 0x7f9251c273e0
2025-02-06T08:10:37.920Z,2.920419,d992000,7 [FLog::Network] call to onreceive before physicsReceiver is initialized are ready, dropping packet
2025-02-06T08:10:37.974Z,2.974449,d88f000,7 [FLog::Network] Time taken to initialize schema = 3.851442 ms
2025-02-06T08:10:37.974Z,2.974565,d88f000,7 [FLog::Network] Assigned peer id = 1549
2025-02-06T08:10:37.974Z,2.974776,d88f000,7 [FLog::Network] Join snapshot timer: 0.191484
2025-02-06T08:10:37.986Z,2.986773,d992000,6 [FLog::DataModelPatchConfigurer] OTAPollingEnabled set to: false
2025-02-06T08:10:38.021Z,3.021926,d992000,6,Info [FLog::AudioFocusManager] AudioFocusManager::AudioFocusManager() constructor
2025-02-06T08:10:38.021Z,3.021955,d992000,6,Info [FLog::AudioFocusService] AudioFocusService::AudioFocusService() constructor
2025-02-06T08:10:38.021Z,3.021967,d992000,6,Info [FLog::AudioFocusService] AudioFocusService onServiceProvider invokation
2025-02-06T08:10:38.021Z,3.021988,d992000,6,Info [FLog::AudioFocusService] AudioFocusService::AudioFocusService() onServiceProvider setup
2025-02-06T08:10:38.655Z,3.655717,d992000,6 [FLog::Output] Server RobloxGitHash: 56a89352ee772e2d2f053a2758f8679453495915
2025-02-06T08:10:38.655Z,3.655741,d992000,6 [FLog::Output] Server Prefix: 0.659.0.6590474_20250205T213937Z_RCC_0c69a
2025-02-06T08:10:38.781Z,3.781849,5a175fc0,6 [FLog::Graphics] Terrain TextureArray 512x512, arraySize: 36, mip: 10
2025-02-06T08:10:38.822Z,3.822363,5a175fc0,6 [FLog::Error] Asset (Image) "" load failed: Unexpected URL
2025-02-06T08:10:38.864Z,3.864074,d992000,6 [FLog::Error] Error: Failed to load sound rbxassetid://2400723864: User is not authorized to access Asset.
2025-02-06T08:10:38.864Z,3.864107,d992000,6 [FLog::Error] Error: Failed to load sound rbxassetid://1372259: User is not authorized to access Asset.
2025-02-06T08:10:38.864Z,3.864121,d992000,6 [FLog::Error] Error: Failed to load sound rbxassetid://11420933: User is not authorized to access Asset.
2025-02-06T08:10:42.607Z,7.607760,d88f000,6,Info [DFLog::TrackerAnimationStreamSourceTrace] open
2025-02-06T08:11:46.159Z,71.159805,da95000,6 [FLog::Error] Asset (Image) "https://assetdelivery.roblox.com/v1/asset?id=630062557" load failed in Workspace.tanjiro_rippro.Humanoid.Clothes: Failed to resolve texture format | 76 65 72 73 69 6f 6e 20 32 2e 30 30 0a 0c 00 24 0c ec 02 00 00 68 01 00 00 dd fe 94 be 40 54 87 be a2 76 07 3f ee 29 21 bf 3f fe 06 3d 3a b9 46 3f 00 7b 0f 3c 64 e5 63 3f 00 00 00 00 8a 61 55     version 2.00...$.ì...h...Ýþ”¾@T‡¾¢v.?î)!¿?þ.=:¹F?.{.<dåc?....ŠaU
2025-02-06T08:11:46.161Z,71.161148,d88f000,6 [FLog::Error] Asset (Image) "https://assetdelivery.roblox.com/v1/asset?id=630062557" load failed in Workspace.tanjiro_rippro.LeftLowerLeg.TextureID: Failed to resolve texture format | 76 65 72 73 69 6f 6e 20 32 2e 30 30 0a 0c 00 24 0c ec 02 00 00 68 01 00 00 dd fe 94 be 40 54 87 be a2 76 07 3f ee 29 21 bf 3f fe 06 3d 3a b9 46 3f 00 7b 0f 3c 64 e5 63 3f 00 00 00 00 8a 61 55     version 2.00...$.ì...h...Ýþ”¾@T‡¾¢v.?î)!¿?þ.=:¹F?.{.<dåc?....ŠaU
2025-02-06T08:12:36.549Z,121.549957,d47a000,6 [FLog::Output] Settings Date header was Thu, 06 Feb 2025 08:12:36 GMT
2025-02-06T08:12:36.550Z,121.550659,d47a000,6 [FLog::Output] Settings Date timestamp is 1738829556
2025-02-06T08:14:36.697Z,241.697479,d47a000,6 [FLog::Output] Settings Date header was Thu, 06 Feb 2025 08:14:36 GMT
2025-02-06T08:14:36.698Z,241.698227,d47a000,6 [FLog::Output] Settings Date timestamp is 1738829676
2025-02-06T08:16:36.774Z,361.774902,d47a000,6 [FLog::Output] Settings Date header was Thu, 06 Feb 2025 08:16:37 GMT
2025-02-06T08:16:36.775Z,361.775604,d47a000,6 [FLog::Output] Settings Date timestamp is 1738829797
2025-02-06T08:16:56.022Z,381.022369,5a175fc0,6 [FLog::Error] Error: Failed to load Workspace.Amogus_premium3.Puffy Doll Dress.Handle.SurfaceAppearance. PBR textures may not be visible in game.
2025-02-06T08:16:56.022Z,381.022705,5a175fc0,6 [FLog::Error] Asset (Image) "https://assetdelivery.roblox.com/v1/asset?id=10920891990" load failed: Request failed
2025-02-06T08:16:56.022Z,381.022736,5a175fc0,6 [FLog::Error] Asset (Image) "https://assetdelivery.roblox.com/v1/asset?id=10920891990" load failed: Request failed
2025-02-06T08:16:56.022Z,381.022736,5a175fc0,6 [FLog::Error] Asset (Image) "https://assetdelivery.roblox.com/v1/asset?id=10920891990" load failed: Request failed
2025-02-06T08:18:01.851Z,446.851593,5a175fc0,6 [FLog::Graphics] Metal: resizing main framebuffer to 2548x2880
2025-02-06T08:18:01.854Z,446.854706,5a175fc0,6 [FLog::Graphics] SceneManager: resizing main targets to 1274x1440
2025-02-06T08:18:13.850Z,458.850525,5a175fc0,6 [FLog::Graphics] Metal: resizing main framebuffer to 5120x2880
2025-02-06T08:18:13.853Z,458.853607,5a175fc0,6 [FLog::Graphics] SceneManager: resizing main targets to 2560x1440
2025-02-06T08:18:36.838Z,481.838470,d47a000,6 [FLog::Output] Settings Date header was Thu, 06 Feb 2025 08:18:37 GMT
2025-02-06T08:18:36.838Z,481.838501,d47a000,6 [FLog::Output] Settings Date timestamp is 1738829917
2025-02-06T08:20:36.913Z,601.913269,d47a000,6 [FLog::Output] Settings Date header was Thu, 06 Feb 2025 08:20:37 GMT
2025-02-06T08:20:36.913Z,601.913330,d47a000,6 [FLog::Output] Settings Date timestamp is 1738830037
2025-02-06T08:22:36.986Z,721.986328,d47a000,6 [FLog::Output] Settings Date header was Thu, 06 Feb 2025 08:22:34 GMT
2025-02-06T08:22:36.986Z,721.986328,d47a000,6 [FLog::Output] Settings Date timestamp is 1738830154
2025-02-06T08:24:37.060Z,842.060486,d47a000,6 [FLog::Output] Settings Date header was Thu, 06 Feb 2025 08:24:37 GMT
2025-02-06T08:24:37.060Z,842.060486,d47a000,6 [FLog::Output] Settings Date timestamp is 1738830277
2025-02-06T08:26:37.137Z,962.137207,d47a000,6 [FLog::Output] Settings Date header was Thu, 06 Feb 2025 08:26:34 GMT
2025-02-06T08:26:37.137Z,962.137268,d47a000,6 [FLog::Output] Settings Date timestamp is 1738830394
2025-02-06T08:28:37.229Z,1082.229736,d47a000,6 [FLog::Output] Settings Date header was Thu, 06 Feb 2025 08:28:37 GMT
2025-02-06T08:28:37.229Z,1082.229736,d47a000,6 [FLog::Output] Settings Date timestamp is 1738830517
2025-02-06T08:30:37.305Z,1202.305908,d47a000,6 [FLog::Output] Settings Date header was Thu, 06 Feb 2025 08:30:34 GMT
2025-02-06T08:30:37.305Z,1202.305908,d47a000,6 [FLog::Output] Settings Date timestamp is 1738830634
2025-02-06T08:32:13.774Z,1298.774414,d992000,6,Info [DFLog::TrackerAnimationStreamSourceTrace] close
2025-02-06T08:32:19.412Z,1304.412720,d88f000,6,Info [DFLog::TrackerAnimationStreamSourceTrace] open
2025-02-06T08:32:37.378Z,1322.378174,d47a000,6 [FLog::Output] Settings Date header was Thu, 06 Feb 2025 08:32:37 GMT
2025-02-06T08:32:37.378Z,1322.378174,d47a000,6 [FLog::Output] Settings Date timestamp is 1738830757
2025-02-06T08:33:18.400Z,1363.400757,d992000,6,Warning [DFLog::DMNotificationMonitor] DM notification received. Type 35
2025-02-06T08:33:18.414Z,1363.414429,5a175fc0,6 [FLog::SingleSurfaceApp] leaveUGCGame: (stage:UGCGame) blocking=0.
2025-02-06T08:33:18.414Z,1363.414429,5a175fc0,6 [FLog::SingleSurfaceApp] leaveUGCGameInternal
2025-02-06T08:33:18.415Z,1363.415283,5a175fc0,6 [FLog::SurfaceController] stop
2025-02-06T08:33:18.415Z,1363.415283,5a175fc0,6 [FLog::SurfaceController] drainRenderingJobs
2025-02-06T08:33:18.415Z,1363.415283,5a175fc0,6 [FLog::SurfaceController] SurfaceController::RenderJob[_:1]::~RenderJob
2025-02-06T08:33:18.424Z,1363.424438,5a175fc0,6,Info [FLog::UgcExperienceController] UgcExperienceController: destroyCaptureModeDataModelIfExists: begin
2025-02-06T08:33:18.424Z,1363.424561,5a175fc0,6,Info [FLog::UgcExperienceController] UgcExperienceController: destroyCaptureModeDataModelIfExists: end
2025-02-06T08:33:18.424Z,1363.424561,5a175fc0,6,Info [FLog::UgcExperienceController] UgcExperienceController: stop: begin (blocking=false dataModel=0x7f92461dbc00)
2025-02-06T08:33:18.424Z,1363.424561,5a175fc0,6,Info [FLog::UgcExperienceController] UgcExperienceController: sendAnalyticsBeforeLeave: sending event None_None
2025-02-06T08:33:18.424Z,1363.424561,5a175fc0,6,Info [FLog::CrossExperienceVoiceController] CrossExperienceVoiceController: onCoordinatorTransitionEvent Stopped - Ugc
2025-02-06T08:33:18.424Z,1363.424561,5a175fc0,6,Info [FLog::CrossExperienceVoiceController] CrossExperienceVoiceController: removing all observers for type Ugc
2025-02-06T08:33:18.424Z,1363.424927,5a175fc0,6 [FLog::SingleSurfaceApp] setStage: (stage:Native)
2025-02-06T08:33:18.424Z,1363.424927,5a175fc0,6 [DFLog::SignalRCoreError] ID: 1 Disconnected - stop() called
2025-02-06T08:33:18.437Z,1363.437500,da95000,6,Info [DFLog::TrackerAnimationStreamSourceTrace] close
2025-02-06T08:33:18.448Z,1363.448608,da95000,7 [FLog::Network] Client:Disconnect
2025-02-06T08:33:18.448Z,1363.448975,da95000,7 [FLog::Network] Time to disconnect replication data: 0.389055
2025-02-06T08:33:18.449Z,1363.449707,da95000,7 [FLog::Network] Sending disconnect with reason: 285
2025-02-06T08:33:18.449Z,1363.449707,da95000,7 [FLog::Network] Sending disconnect with reason: 285
2025-02-06T08:33:18.449Z,1363.449707,d168000,7 [FLog::Network] Sending disconnect with reason: 285
2025-02-06T08:33:18.449Z,1363.449829,d168000,7 [FLog::Network] Connection lost
2025-02-06T08:33:18.449Z,1363.449829,d168000,7 [FLog::Network] Connection lost: connectMode: Disconnect ASAP, timeMS:1363449, connectionTime 2741
2025-02-06T08:33:18.449Z,1363.449829,d168000,7 [FLog::Network] Connection lost: AckTimeout 0, IsOutgoingDataWaiting 0
2025-02-06T08:33:18.449Z,1363.449829,d168000,7 [FLog::Network] Disconnection Notification. Reason: 285
2025-02-06T08:33:18.749Z,1363.749390,da95000,6,Info [FLog::AudioFocusService] AudioFocusService onServiceProvider invokation
2025-02-06T08:33:18.749Z,1363.749390,da95000,6,Info [FLog::AudioFocusService] AudioFocusService::AudioFocusService() onServiceProvider teardown
2025-02-06T08:33:18.749Z,1363.749634,da95000,7 [FLog::Network] Client:Disconnect
2025-02-06T08:33:18.852Z,1363.852173,da95000,6,Info [FLog::AudioFocusService] AudioFocusService::AudioFocusService() destructor
2025-02-06T08:33:18.858Z,1363.858887,da95000,7 [FLog::Network] NetworkClient:Remove
2025-02-06T08:33:18.858Z,1363.858887,da95000,7 [DFLog::MegaReplicatorLogDisconnectCleanUpLog] Destroying MegaReplicator.
2025-02-06T08:33:19.014Z,1364.014648,d88f000,7 [FLog::Network] Replicator destroyed: 0x7f9251c273e0
2025-02-06T08:33:19.470Z,1364.470215,5a175fc0,6 [FLog::SingleSurfaceApp] shutDown: (stage:Native).
2025-02-06T08:33:19.470Z,1364.470337,5a175fc0,6 [FLog::SingleSurfaceApp] destroyLuaApp: (stage:Native) blocking:true.
2025-02-06T08:33:19.470Z,1364.470337,5a175fc0,6,Warning [FLog::CrossExperienceVoiceController] CrossExperienceVoiceController: finalize: Did not finalize due to state.
2025-02-06T08:33:19.470Z,1364.470337,5a175fc0,6,Info [FLog::UgcExperienceController] UgcExperienceController: finalized
2025-02-06T08:33:19.470Z,1364.470337,5a175fc0,6,Warning [FLog::SingleSurfaceApp] destroyLuaApp: (stage:Native)... finished destroying luaApp.
2025-02-06T08:33:19.470Z,1364.470337,5a175fc0,6 [FLog::SingleSurfaceApp] setStage: (stage:None)
2025-02-06T08:33:19.470Z,1364.470337,5a175fc0,6 [FLog::SingleSurfaceApp] destroy controllers
2025-02-06T08:33:19.470Z,1364.470337,5a175fc0,6,Info [FLog::CrossExperienceVoiceController] CrossExperienceVoiceController::CrossExperienceVoiceController()
2025-02-06T08:33:19.470Z,1364.470459,5a175fc0,6,Info [FLog::UgcExperienceController] UgcExperienceController::~UgcExperienceController()
2025-02-06T08:33:19.470Z,1364.470459,5a175fc0,6 [FLog::SurfaceController] SurfaceController[_:1]::~SurfaceController, count: 0
2025-02-06T08:33:19.470Z,1364.470459,5a175fc0,6,Warning [FLog::Graphics] RenderView destroyed[1]
2025-02-06T08:33:19.507Z,1364.507812,5a175fc0,6 [FLog::SingleSurfaceApp] setStage: (stage:Native)
