2025-02-02T11:38:14.668Z,0.668599,4ea5efc0,6 [FLog::MacLuaApp] (AppDelegate) application:openURLs:(
    "roblox-player:1+launchmode:play+gameinfo:qNm7IplYsdBcoAhw9lS2rB_dBtpttOFn5EBsWkB-OwUiTGappvE3Sjt5mFlySWvZZ6eGO2H6BRW66XclXMlxmeRlgykskIBVvdG70XXrizql36PkntEg992XaiAg1FXSNgM7xmTYUk48ycOZs6oczEC2zVKVXsCqifHmcgEEztnWIaA4NT7Zewvid03GZtqWmMdR-lS0ADD8ebw9IcsZmDqVPGvWOuLwo5855k1SNss+launchtime:1738496290537+placelauncherurl:https%3A%2F%2Fwww.roblox.com%2FGame%2FPlaceLauncher.ashx%3Frequest%3DRequestFollowUser%26browserTrackerId%3D1738344328674006%26userId%3D178598938%26joinAttemptId%3Dcfd991db-194b-4f11-a78a-84ce7b8c9376%26joinAttemptOrigin%3DJoinUser+browsertrackerid:1738344328674006+robloxLocale:en_us+gameLocale:en_us+channel:+LaunchExp:InApp"
)
2025-02-02T11:38:14.668Z,0.668827,4ea5efc0,6 [FLog::MacLuaApp] (AppDelegate) application:openURLs handling web launch
2025-02-02T11:38:14.668Z,0.668929,4ea5efc0,6 [FLog::MacLuaApp] (AppDelegate) Argument 1 = launchmode:play
2025-02-02T11:38:14.668Z,0.668953,4ea5efc0,6 [FLog::MacLuaApp] (AppDelegate) Argument 2 = gameinfo:qNm7IplYsdBcoAhw9lS2rB_dBtpttOFn5EBsWkB-OwUiTGappvE3Sjt5mFlySWvZZ6eGO2H6BRW66XclXMlxmeRlgykskIBVvdG70XXrizql36PkntEg992XaiAg1FXSNgM7xmTYUk48ycOZs6oczEC2zVKVXsCqifHmcgEEztnWIaA4NT7Zewvid03GZtqWmMdR-lS0ADD8ebw9IcsZmDqVPGvWOuLwo5855k1SNss
2025-02-02T11:38:14.668Z,0.668971,4ea5efc0,6 [FLog::MacLuaApp] (AppDelegate) Argument 3 = launchtime:1738496290537
2025-02-02T11:38:14.668Z,0.668988,4ea5efc0,6 [FLog::MacLuaApp] (AppDelegate) Argument 4 = placelauncherurl:https%3A%2F%2Fwww.roblox.com%2FGame%2FPlaceLauncher.ashx%3Frequest%3DRequestFollowUser%26browserTrackerId%3D1738344328674006%26userId%3D178598938%26joinAttemptId%3Dcfd991db-194b-4f11-a78a-84ce7b8c9376%26joinAttemptOrigin%3DJoinUser
2025-02-02T11:38:14.669Z,0.669003,4ea5efc0,6 [FLog::MacLuaApp] (AppDelegate) Argument 5 = browsertrackerid:1738344328674006
2025-02-02T11:38:14.669Z,0.669020,4ea5efc0,6 [FLog::MacLuaApp] (AppDelegate) Argument 6 = robloxLocale:en_us
2025-02-02T11:38:14.669Z,0.669054,4ea5efc0,6 [FLog::MacLuaApp] (AppDelegate) Argument 7 = gameLocale:en_us
2025-02-02T11:38:14.669Z,0.669068,4ea5efc0,6 [FLog::MacLuaApp] (AppDelegate) Argument 8 = channel:
2025-02-02T11:38:14.669Z,0.669096,4ea5efc0,6 [FLog::Output] Saved channel '' to 'com.roblox.RobloxPlayerChannel' for baseUrl 'www.roblox.com'
2025-02-02T11:38:14.669Z,0.669147,4ea5efc0,6 [FLog::Output] RobloxChannel has been set to production
2025-02-02T11:38:14.669Z,0.669158,4ea5efc0,6 [FLog::MacLuaApp] (AppDelegate) Argument 9 = LaunchExp:InApp
2025-02-02T11:38:14.669Z,0.669223,4ea5efc0,6 [FLog::MacLuaApp] (AppDelegate) reportClientStatus url: https://www.roblox.com/client-status/set?browserTrackerId=1738344328674006&status=BootstrapperInstalling
2025-02-02T11:38:14.671Z,0.671083,4ea5efc0,6 [FLog::MacLuaApp] (AppDelegate) application:openURLs cold launch. Defer web launch until after initialization is complete.
2025-02-02T11:38:14.671Z,0.671217,4ea5efc0,6 [FLog::Output] (AppDelegate) applicationDidFinishLaunching
2025-02-02T11:38:14.672Z,0.672884,4ea5efc0,6,Info [FLog::UpdateController] UpdateController: versionQueryUrl: https://clientsettingscdn.roblox.com/v2/client-version/MacPlayer
2025-02-02T11:38:14.672Z,0.672928,4ea5efc0,6,Info [FLog::UpdateController] MacUpdateController: updaterFullPath: /Applications/Roblox.app/Contents/MacOS/RobloxPlayerInstaller.app/Contents/MacOS/RobloxPlayerInstaller
2025-02-02T11:38:14.672Z,0.672996,7814000,6,Info [FLog::UpdateController] Update check thread started
2025-02-02T11:38:14.673Z,0.673054,7814000,6,Info [FLog::UpdateController] Checking if updater exists at /Applications/Roblox.app/Contents/MacOS/RobloxPlayerInstaller.app/Contents/MacOS/RobloxPlayerInstaller. Returning 1
2025-02-02T11:38:14.673Z,0.673382,4ea5efc0,6 [FLog::Output] settingsUrl: https://clientsettingscdn.roblox.com/v2/settings-compressed/application/MacDesktopClient/876303bc5322fbc5499ad5d572b4a57fc6305ca10adf81769b9121c45b7d3a38.dcz
2025-02-02T11:38:14.749Z,0.749203,7814000,6,Debug [FLog::UpdateController] version response: {"version":"0.658.0.6580461","clientVersionUpload":"version-4c01fa4a41074574","bootstrapperVersion":"6580461"}
2025-02-02T11:38:14.749Z,0.749781,7814000,6,Info [FLog::UpdateController] Update check thread: updateRequired FALSE
2025-02-02T11:38:14.751Z,0.751272,4ea5efc0,6 [FLog::Output] Settings Date header was Sun, 02 Feb 2025 11:37:55 GMT
2025-02-02T11:38:14.751Z,0.751328,4ea5efc0,6 [FLog::Output] Settings Date timestamp is 1738496275
2025-02-02T11:38:14.764Z,0.764234,4ea5efc0,6 [FLog::ClientRunInfo] RobloxGitHash: 6874f45ec658019a67f19ab7de6e688c50292b01
2025-02-02T11:38:14.765Z,0.765062,4ea5efc0,6 [FLog::ClientRunInfo] The base url is https://www.roblox.com/
2025-02-02T11:38:14.765Z,0.765102,4ea5efc0,6 [FLog::ClientRunInfo] The channel is production
2025-02-02T11:38:14.784Z,0.784196,4ea5efc0,6 [FLog::Output] *******
** Validated reflection database in 10.765028 ms, found 5363 entries with the following skipped: 0 enums, 0 properties, 0 functions, 0 events, 0 callbacks, 0 classes.
*******

2025-02-02T11:38:14.787Z,0.787275,4ea5efc0,6 [FLog::Output] (AppDelegate) Universal App on Mac: initialize...
2025-02-02T11:38:14.787Z,0.787357,4ea5efc0,6 [FLog::Output] syncCookiesFromNativeToEngine was skipped
2025-02-02T11:38:14.787Z,0.787487,4ea5efc0,6 [FLog::Output] Current file descriptor limit is 256, increasing to 2560
2025-02-02T11:38:14.787Z,0.787537,4ea5efc0,6 [FLog::Output] (AppDelegate) web browserTrackerId = [1738344328674006].
2025-02-02T11:38:14.794Z,0.794117,4ea5efc0,6 [FLog::Output] syncCookiesFromEngineToNative was skipped
2025-02-02T11:38:14.794Z,0.794180,4ea5efc0,6 [FLog::Output] (AppDelegate) launchTimeMillis = [-2845]
2025-02-02T11:38:14.795Z,0.795712,4ea5efc0,6,Info [FLog::PerformanceControlUtil] PerformanceControlUtil: registered single surface tunable (id=0)
2025-02-02T11:38:14.796Z,0.796358,7897000,6,Warning [FLog::HttpOpenTelemetryTracing] No active span to end
2025-02-02T11:38:14.796Z,0.796417,7897000,12 [DFLog::HttpTraceError] HttpResponse(#7 0x7fbf0c0ce620) time:148.6ms (net:147.8ms callback:0.0ms timeInRetryQueue:0.0ms)status:404 Not Found bodySize:0 url:{ "https://users.roblox.com/" } ip:128.116.44.3 external:1 numberOfTimesRetried:0
2025-02-02T11:38:14.796Z,0.796503,4ea5efc0,6 [FLog::SingleSurfaceApp] initializeWithAppStarter
2025-02-02T11:38:14.796Z,0.796527,4ea5efc0,6 [FLog::SingleSurfaceApp] initializeSingleton
2025-02-02T11:38:14.797Z,0.797500,4ea5efc0,6 [FLog::Output] setAssetFolder /Applications/Roblox.app/Contents/Resources/content/
2025-02-02T11:38:14.797Z,0.797735,4ea5efc0,6 [FLog::Output] setExtraAssetFolder /Applications/Roblox.app/Contents/Resources/ExtraContent
2025-02-02T11:38:14.798Z,0.798576,4ea5efc0,6 [FLog::Output] Evaluating deferred inferred crashes
2025-02-02T11:38:14.799Z,0.799410,4ea5efc0,6 [FLog::SingleSurfaceApp] setStage: (stage:Native)
2025-02-02T11:38:14.799Z,0.799455,4ea5efc0,6 [FLog::SingleSurfaceApp] setLocale
2025-02-02T11:38:14.799Z,0.799468,4ea5efc0,6,Warning [FLog::SingleSurfaceApp] instantiate controllers
2025-02-02T11:38:14.799Z,0.799478,4ea5efc0,6 [FLog::SurfaceController] SurfaceController[_:1]::SurfaceController, count: 1
2025-02-02T11:38:14.799Z,0.799503,4ea5efc0,6,Warning [FLog::SingleSurfaceApp] instantiate experience coordinator
2025-02-02T11:38:14.799Z,0.799609,4ea5efc0,6,Info [FLog::PerformanceControlUtil] PerformanceControlUtil: registered single surface tunable (id=1)
2025-02-02T11:38:14.799Z,0.799624,4ea5efc0,6,Info [FLog::CrossExperienceVoiceController] CrossExperienceVoiceController::CrossExperienceVoiceController() constructor
2025-02-02T11:38:14.823Z,0.823688,7897000,6,Warning [FLog::HttpOpenTelemetryTracing] No active span to end
2025-02-02T11:38:14.823Z,0.823783,7897000,12 [DFLog::HttpTraceError] HttpResponse(#0 0x7fbf0c0bb820) time:177.4ms (net:176.8ms callback:0.0ms timeInRetryQueue:0.0ms)status:404 Not Found bodySize:0 url:{ "https://accountsettings.roblox.com/" } ip:128.116.44.3 external:1 numberOfTimesRetried:0
2025-02-02T11:38:14.826Z,0.826639,7897000,6,Warning [FLog::HttpOpenTelemetryTracing] No active span to end
2025-02-02T11:38:14.826Z,0.826703,7897000,12 [DFLog::HttpTraceError] HttpResponse(#5 0x7fbf0c0cda20) time:179.7ms (net:178.9ms callback:0.0ms timeInRetryQueue:0.0ms)status:404 Not Found bodySize:0 url:{ "https://locale.roblox.com/" } ip:128.116.44.3 external:1 numberOfTimesRetried:0
2025-02-02T11:38:14.834Z,0.834452,7897000,6,Warning [FLog::HttpOpenTelemetryTracing] No active span to end
2025-02-02T11:38:14.834Z,0.834508,7897000,12 [DFLog::HttpTraceError] HttpResponse(#6 0x7fbf0c0ce020) time:187.5ms (net:186.7ms callback:0.0ms timeInRetryQueue:0.0ms)status:404 Not Found bodySize:0 url:{ "https://users.roblox.com/" } ip:128.116.44.3 external:1 numberOfTimesRetried:0
2025-02-02T11:38:14.879Z,0.879005,7897000,6,Warning [FLog::HttpOpenTelemetryTracing] No active span to end
2025-02-02T11:38:14.879Z,0.879064,7897000,12 [DFLog::HttpTraceError] HttpResponse(#3 0x7fbf0c0b1020) time:232.1ms (net:231.3ms callback:0.0ms timeInRetryQueue:0.0ms)status:404 Not Found bodySize:0 url:{ "https://apis.roblox.com/" } ip:128.116.44.3 external:1 numberOfTimesRetried:0
2025-02-02T11:38:14.926Z,0.926983,7897000,6,Warning [FLog::HttpOpenTelemetryTracing] No active span to end
2025-02-02T11:38:14.927Z,0.927029,7897000,12 [DFLog::HttpTraceError] HttpResponse(#2 0x7fbf0c0c3c20) time:280.1ms (net:279.3ms callback:0.0ms timeInRetryQueue:0.0ms)status:404 Not Found bodySize:0 url:{ "https://apis.roblox.com/" } ip:128.116.44.3 external:1 numberOfTimesRetried:0
2025-02-02T11:38:14.931Z,0.931737,7897000,6,Warning [FLog::HttpOpenTelemetryTracing] No active span to end
2025-02-02T11:38:14.931Z,0.931824,7897000,12 [DFLog::HttpTraceError] HttpResponse(#4 0x7fbf0c0b1620) time:284.8ms (net:284.0ms callback:0.0ms timeInRetryQueue:0.0ms)status:404 Not Found bodySize:0 url:{ "https://apis.roblox.com/" } ip:128.116.44.3 external:1 numberOfTimesRetried:0
2025-02-02T11:38:14.935Z,0.935358,7897000,6,Warning [FLog::HttpOpenTelemetryTracing] No active span to end
2025-02-02T11:38:14.935Z,0.935400,7897000,12 [DFLog::HttpTraceError] HttpResponse(#1 0x7fbf0c0c3620) time:288.5ms (net:287.7ms callback:0.0ms timeInRetryQueue:0.0ms)status:404 Not Found bodySize:0 url:{ "https://apis.roblox.com/" } ip:128.116.44.3 external:1 numberOfTimesRetried:0
2025-02-02T11:38:15.515Z,1.515117,4ea5efc0,6 [FLog::SingleSurfaceApp] launchUGCGame: (stage:Native).
2025-02-02T11:38:15.515Z,1.515136,4ea5efc0,6 [FLog::SingleSurfaceApp] launchUGCGameInternal
2025-02-02T11:38:15.516Z,1.516891,4ea5efc0,6 [FLog::SingleSurfaceApp] applyLocale
2025-02-02T11:38:15.516Z,1.516905,4ea5efc0,6,Info [FLog::UgcExperienceController] UgcExperienceController: initialize:
2025-02-02T11:38:15.517Z,1.517664,4ea5efc0,6 [FLog::DataModelPatchConfigurer] [_DataModelPatch] Load configs for user key: app:1423803869895817846
2025-02-02T11:38:15.522Z,1.522353,4ea5efc0,6 [FLog::DataModelPatchConfigurer] [_DataModelPatch] Retrieving patch
2025-02-02T11:38:15.522Z,1.522398,4ea5efc0,6 [FLog::DataModelPatchConfigurer] getCachedPatch DataModelPatchConfig : type=1, assetId=5345954812, assetVersion=10769, maxAppVersion=658, localAssetURI=rbxasset://models/DataModelPatch/DataModelPatch.rbxm
2025-02-02T11:38:15.522Z,1.522417,4ea5efc0,6 [FLog::DataModelPatchConfigurer] getCachedPatch : numAttempts=10
2025-02-02T11:38:15.522Z,1.522539,4ea5efc0,6 [FLog::DataModelPatchConfigurer] getCachedPatch : contentId=rbxasset://models/DataModelPatch/DataModelPatch.rbxm
2025-02-02T11:38:15.522Z,1.522555,4ea5efc0,6 [FLog::DataModelPatchConfigurer] getCachedPatch : get patch from content provider for Model
2025-02-02T11:38:15.522Z,1.522747,4ea5efc0,6 [FLog::DataModelPatchConfigurer] deserializeAndVerifyPatch with blake3
2025-02-02T11:38:15.897Z,1.897748,4ea5efc0,6,Warning [DFLog::BootcampCLI139737Log] Hello world!!!!!!!!!!!!!!!!!!!!
2025-02-02T11:38:16.003Z,2.003944,4ea5efc0,6,Info [FLog::Audio] OutputDevice 0: Cuffie esterne [BuiltIn] 48000/2
2025-02-02T11:38:16.076Z,2.076535,4ea5efc0,6,Info [FLog::Audio] InputDevice 0: Microfono esterno({af0144be-277e-8cc3-0000000000000000}) 48000/1/4
2025-02-02T11:38:16.076Z,2.076566,4ea5efc0,6,Info [FLog::Audio] InputDevice 1: Microfono iMac({50eb3c32-f018-032c-0000000000000000}) 48000/1/4
2025-02-02T11:38:16.092Z,2.092975,4ea5efc0,6,Info [FLog::UgcExperienceController] UgcExperienceController: join: initialized dm 0x7fbf0d993200
2025-02-02T11:38:16.093Z,2.093022,4ea5efc0,6 [FLog::GameJoinUtil] GameJoinUtil::joinGame
2025-02-02T11:38:16.093Z,2.093110,4ea5efc0,6 [FLog::GameJoinUtil] GameJoinUtil::joinGamePostSpecificUser: URL: https://gamejoin.roblox.com/v1/play-with-user BODY: {"userIdToFollow":178598938,"gameJoinAttemptId":"cfd991db-194b-4f11-a78a-84ce7b8c9376"}
2025-02-02T11:38:16.093Z,2.093164,4ea5efc0,6 [FLog::GameJoinUtil] GameJoinUtil::makePlaceLauncherRequest: requestCount: 0, url: https://gamejoin.roblox.com/v1/play-with-user.
2025-02-02T11:38:16.093Z,2.093181,4ea5efc0,6 [FLog::GameJoinUtil] Delaying request by 0.00 seconds
2025-02-02T11:38:16.093Z,2.093231,4ea5efc0,6,Info [FLog::CrossExperienceVoiceController] CrossExperienceVoiceController: onCoordinatorTransitionEvent Started - Ugc
2025-02-02T11:38:16.093Z,2.093328,4ea5efc0,6 [FLog::SurfaceController] [_:1]::replaceDataModel: (stage:0, window = 0x7fbf0cc6ef70) [tid:0x7fbf0b009f60]
2025-02-02T11:38:16.100Z,2.100775,4ea5efc0,6,Warning [FLog::Graphics] RenderView created[1]
2025-02-02T11:38:16.105Z,2.105550,4ea5efc0,6 [FLog::Graphics] Metal renderer: AMD Radeon Pro 5300
2025-02-02T11:38:16.105Z,2.105582,4ea5efc0,6 [channel] Caps: ThreadSafe 1 Framebuffer 1 FpFramebuffer 1 Shaders 1 Compute 1 Instancing 1 PerInstanceStream 1 ConstBuffers 1
2025-02-02T11:38:16.105Z,2.105590,4ea5efc0,6 [channel] Caps: Framebuffer: MRT 4 MSAA 8 Stencil 1
2025-02-02T11:38:16.105Z,2.105596,4ea5efc0,6 [channel] Caps: Framebuffer: Depth16 1 Depth24 1 DepthFloat 1 DepthClamp 1
2025-02-02T11:38:16.105Z,2.105602,4ea5efc0,6 [channel] Caps: Border Color 1
2025-02-02T11:38:16.105Z,2.105607,4ea5efc0,6 [channel] Caps: Texture: RGB10A2 1 RG11B10F 1 R16I 1
2025-02-02T11:38:16.105Z,2.105612,4ea5efc0,6 [channel] Caps: Texture: BC6H 1 ASTC HDR 0
2025-02-02T11:38:16.105Z,2.105618,4ea5efc0,6 [channel] Caps: Texture: DXT 1 PVR 0 ETC1 0 ETC2 0 Half 1
2025-02-02T11:38:16.105Z,2.105623,4ea5efc0,6 [channel] Caps: Texture: 3D 1 Array 1 Depth 1 MSAA 1 MSAAFP16 8
2025-02-02T11:38:16.105Z,2.105628,4ea5efc0,6 [channel] Caps: Texture: NPOT 1 PartialMips 1 CubeMipGen 1 CubeFramebuffer 1
2025-02-02T11:38:16.105Z,2.105633,4ea5efc0,6 [channel] Caps: Texture: Size 8192 Units 32 VertexUnits 32
2025-02-02T11:38:16.105Z,2.105638,4ea5efc0,6 [channel] Caps: ConstantBufferSize 65536
2025-02-02T11:38:16.105Z,2.105643,4ea5efc0,6 [channel] Caps: isAppleGPU 0
2025-02-02T11:38:16.105Z,2.105648,4ea5efc0,6 [channel] Caps: 32bIdx 1 Memoryless 0
2025-02-02T11:38:16.105Z,2.105653,4ea5efc0,6 [channel] Caps: ColorBGR 0 RTFlip 0 MinusOneToOneDepth 0
2025-02-02T11:38:16.109Z,2.109960,4ea5efc0,6 [FLog::Graphics] Metal: creating framebuffer 5120x2528
2025-02-02T11:38:16.110Z,2.110018,4ea5efc0,6 [FLog::Graphics] Video memory size: 2147483648
2025-02-02T11:38:16.175Z,2.175215,7daf000,6,Info [FLog::UgcExperienceController] UgcExperienceController: submitStartGameTask: scrips are loaded 0x7fbf0d993200
2025-02-02T11:38:16.205Z,2.205802,4ea5efc0,6 [FLog::Graphics] Loaded 1021 shaders from pack metal_osx variant default (7181513 bytes)
2025-02-02T11:38:16.205Z,2.205831,4ea5efc0,6 [FLog::Graphics] Compiled 677 shaders in 95 ms
2025-02-02T11:38:16.238Z,2.238960,4ea5efc0,6 [FLog::SurfaceController] SurfaceController::disableVR
2025-02-02T11:38:16.239Z,2.239077,4ea5efc0,6 [FLog::SurfaceController] SurfaceController[_:1]::start dataModel(0x7fbf0d993200)
2025-02-02T11:38:16.239Z,2.239107,4ea5efc0,6 [FLog::SurfaceController] SurfaceController::RenderJob[_:1]::RenderJob
2025-02-02T11:38:16.239Z,2.239118,4ea5efc0,6 [FLog::SurfaceController] SurfaceController[_:1]::run dataModel(0x7fbf0d993200)
2025-02-02T11:38:16.239Z,2.239136,4ea5efc0,6 [FLog::SingleSurfaceApp] setStage: (stage:UGCGame)
2025-02-02T11:38:16.239Z,2.239146,4ea5efc0,6 [FLog::SingleSurfaceApp] userDidLogin
2025-02-02T11:38:16.239Z,2.239153,4ea5efc0,6 [FLog::SingleSurfaceApp] applyLocale
2025-02-02T11:38:16.239Z,2.239178,7daf000,6 [FLog::Output] (AppDelegate) Doing machine id check.
2025-02-02T11:38:16.249Z,2.249867,7eb2000,6 [FLog::SurfaceController] SurfaceController::RenderJob::stepDataModelJob: No DM yet. Continue...
2025-02-02T11:38:16.285Z,2.285643,4ea5efc0,6 [FLog::SurfaceController] SurfaceController::RenderJob::scheduleRender: No data model. Bind workspace now...
2025-02-02T11:38:16.295Z,2.295062,4ea5efc0,6 [FLog::Graphics] LayeredClothingMode updated: LC=1 HSR=1
2025-02-02T11:38:16.303Z,2.303925,4ea5efc0,6 [FLog::Graphics] SceneManager: resizing main targets to 2560x1264
2025-02-02T11:38:16.525Z,2.525640,4ea5efc0,6 [FLog::Graphics] Metal: resizing main framebuffer to 5120x2880
2025-02-02T11:38:16.527Z,2.527128,7cac000,6 [FLog::GameJoinUtil] GameJoinUtil::makePlaceLauncherRequest, response:
{"jobId":"FollowFriend=10449761463;d78ba545-1b21-490c-88c7-d2ad95bd75a6;178598938","status":22,"statusData":null,"joinScriptUrl":null,"authenticationUrl":null,"authenticationTicket":null,"message":null,"joinScript":null,"queuePosition":1}
status code: 200
httpErrorCode: 0
errorMessage: 

2025-02-02T11:38:16.527Z,2.527189,7cac000,6 [FLog::GameJoinUtil] GameJoinUtil::makePlaceLauncherRequest: requestCount: 1, url: https://gamejoin.roblox.com/v1/play-with-user.
2025-02-02T11:38:16.527Z,2.527238,7cac000,6 [FLog::GameJoinUtil] Delaying request by 2.00 seconds
2025-02-02T11:38:16.529Z,2.529989,4ea5efc0,6 [FLog::Graphics] SceneManager: resizing main targets to 2560x1440
2025-02-02T11:38:18.719Z,4.719846,7cac000,6 [FLog::GameJoinUtil] GameJoinUtil::makePlaceLauncherRequest, response:
{"jobId":null,"status":22,"statusData":null,"joinScriptUrl":null,"authenticationUrl":null,"authenticationTicket":null,"message":null,"joinScript":null,"queuePosition":1}
status code: 200
httpErrorCode: 0
errorMessage: 

2025-02-02T11:38:18.719Z,4.719909,7cac000,6 [FLog::GameJoinUtil] GameJoinUtil::makePlaceLauncherRequest: requestCount: 2, url: https://gamejoin.roblox.com/v1/play-with-user.
2025-02-02T11:38:18.719Z,4.719935,7cac000,6 [FLog::GameJoinUtil] Delaying request by 2.00 seconds
2025-02-02T11:38:20.901Z,6.901568,7eb2000,6 [FLog::GameJoinUtil] GameJoinUtil::makePlaceLauncherRequest, response:
{"jobId":null,"status":22,"statusData":null,"joinScriptUrl":null,"authenticationUrl":null,"authenticationTicket":null,"message":null,"joinScript":null,"queuePosition":1}
status code: 200
httpErrorCode: 0
errorMessage: 

2025-02-02T11:38:20.901Z,6.901737,7eb2000,6 [FLog::GameJoinUtil] GameJoinUtil::makePlaceLauncherRequest: requestCount: 3, url: https://gamejoin.roblox.com/v1/play-with-user.
2025-02-02T11:38:20.901Z,6.901763,7eb2000,6 [FLog::GameJoinUtil] Delaying request by 2.00 seconds
2025-02-02T11:38:23.100Z,9.100565,7daf000,6 [FLog::GameJoinUtil] GameJoinUtil::makePlaceLauncherRequest, response:
{"jobId":null,"status":22,"statusData":null,"joinScriptUrl":null,"authenticationUrl":null,"authenticationTicket":null,"message":null,"joinScript":null,"queuePosition":1}
status code: 200
httpErrorCode: 0
errorMessage: 

2025-02-02T11:38:23.100Z,9.100638,7daf000,6 [FLog::GameJoinUtil] GameJoinUtil::makePlaceLauncherRequest: requestCount: 4, url: https://gamejoin.roblox.com/v1/play-with-user.
2025-02-02T11:38:23.100Z,9.100669,7daf000,6 [FLog::GameJoinUtil] Delaying request by 2.00 seconds
2025-02-02T11:38:25.285Z,11.285760,7eb2000,6 [FLog::GameJoinUtil] GameJoinUtil::makePlaceLauncherRequest, response:
{"jobId":null,"status":22,"statusData":null,"joinScriptUrl":null,"authenticationUrl":null,"authenticationTicket":null,"message":null,"joinScript":null,"queuePosition":1}
status code: 200
httpErrorCode: 0
errorMessage: 

2025-02-02T11:38:25.285Z,11.285801,7eb2000,6 [FLog::GameJoinUtil] GameJoinUtil::makePlaceLauncherRequest: requestCount: 5, url: https://gamejoin.roblox.com/v1/play-with-user.
2025-02-02T11:38:25.285Z,11.285824,7eb2000,6 [FLog::GameJoinUtil] Delaying request by 2.00 seconds
2025-02-02T11:38:27.484Z,13.484472,7cac000,6 [FLog::GameJoinUtil] GameJoinUtil::makePlaceLauncherRequest, response:
{"jobId":null,"status":22,"statusData":null,"joinScriptUrl":null,"authenticationUrl":null,"authenticationTicket":null,"message":null,"joinScript":null,"queuePosition":1}
status code: 200
httpErrorCode: 0
errorMessage: 

2025-02-02T11:38:27.484Z,13.484558,7cac000,6 [FLog::GameJoinUtil] GameJoinUtil::makePlaceLauncherRequest: requestCount: 6, url: https://gamejoin.roblox.com/v1/play-with-user.
2025-02-02T11:38:27.484Z,13.484584,7cac000,6 [FLog::GameJoinUtil] Delaying request by 2.00 seconds
2025-02-02T11:38:29.684Z,15.684571,7daf000,6 [FLog::GameJoinUtil] GameJoinUtil::makePlaceLauncherRequest, response:
{"jobId":null,"status":22,"statusData":null,"joinScriptUrl":null,"authenticationUrl":null,"authenticationTicket":null,"message":null,"joinScript":null,"queuePosition":1}
status code: 200
httpErrorCode: 0
errorMessage: 

2025-02-02T11:38:29.685Z,15.685025,7daf000,6 [FLog::GameJoinUtil] GameJoinUtil::makePlaceLauncherRequest: requestCount: 7, url: https://gamejoin.roblox.com/v1/play-with-user.
2025-02-02T11:38:29.685Z,15.685058,7daf000,6 [FLog::GameJoinUtil] Delaying request by 2.00 seconds
2025-02-02T11:38:31.868Z,17.868580,7cac000,6 [FLog::GameJoinUtil] GameJoinUtil::makePlaceLauncherRequest, response:
{"jobId":null,"status":22,"statusData":null,"joinScriptUrl":null,"authenticationUrl":null,"authenticationTicket":null,"message":null,"joinScript":null,"queuePosition":1}
status code: 200
httpErrorCode: 0
errorMessage: 

2025-02-02T11:38:31.868Z,17.868650,7cac000,6 [FLog::GameJoinUtil] GameJoinUtil::makePlaceLauncherRequest: requestCount: 8, url: https://gamejoin.roblox.com/v1/play-with-user.
2025-02-02T11:38:31.868Z,17.868675,7cac000,6 [FLog::GameJoinUtil] Delaying request by 2.00 seconds
2025-02-02T11:38:34.068Z,20.068687,7cac000,6 [FLog::GameJoinUtil] GameJoinUtil::makePlaceLauncherRequest, response:
{"jobId":null,"status":22,"statusData":null,"joinScriptUrl":null,"authenticationUrl":null,"authenticationTicket":null,"message":null,"joinScript":null,"queuePosition":1}
status code: 200
httpErrorCode: 0
errorMessage: 

2025-02-02T11:38:34.068Z,20.068766,7cac000,6 [FLog::GameJoinUtil] GameJoinUtil::makePlaceLauncherRequest: requestCount: 9, url: https://gamejoin.roblox.com/v1/play-with-user.
2025-02-02T11:38:34.068Z,20.068790,7cac000,6 [FLog::GameJoinUtil] Delaying request by 2.00 seconds
2025-02-02T11:38:36.268Z,22.268700,7eb2000,6 [FLog::GameJoinUtil] GameJoinUtil::makePlaceLauncherRequest, response:
{"jobId":null,"status":22,"statusData":null,"joinScriptUrl":null,"authenticationUrl":null,"authenticationTicket":null,"message":null,"joinScript":null,"queuePosition":1}
status code: 200
httpErrorCode: 0
errorMessage: 

2025-02-02T11:38:36.268Z,22.268755,7eb2000,6 [FLog::GameJoinUtil] GameJoinUtil::makePlaceLauncherRequest: requestCount: 10, url: https://gamejoin.roblox.com/v1/play-with-user.
2025-02-02T11:38:36.268Z,22.268780,7eb2000,6 [FLog::GameJoinUtil] Delaying request by 2.00 seconds
2025-02-02T11:38:38.502Z,24.502184,7daf000,6 [FLog::GameJoinUtil] GameJoinUtil::makePlaceLauncherRequest, response:
{"jobId":null,"status":22,"statusData":null,"joinScriptUrl":null,"authenticationUrl":null,"authenticationTicket":null,"message":null,"joinScript":null,"queuePosition":1}
status code: 200
httpErrorCode: 0
errorMessage: 

2025-02-02T11:38:38.502Z,24.502974,7daf000,6 [FLog::GameJoinUtil] GameJoinUtil::makePlaceLauncherRequest: requestCount: 11, url: https://gamejoin.roblox.com/v1/play-with-user.
2025-02-02T11:38:38.503Z,24.503006,7daf000,6 [FLog::GameJoinUtil] Delaying request by 2.00 seconds
2025-02-02T11:38:40.703Z,26.703165,7eb2000,6 [FLog::GameJoinUtil] GameJoinUtil::makePlaceLauncherRequest, response:
{"jobId":null,"status":22,"statusData":null,"joinScriptUrl":null,"authenticationUrl":null,"authenticationTicket":null,"message":null,"joinScript":null,"queuePosition":1}
status code: 200
httpErrorCode: 0
errorMessage: 

2025-02-02T11:38:40.703Z,26.703249,7eb2000,6 [FLog::GameJoinUtil] GameJoinUtil::makePlaceLauncherRequest: requestCount: 12, url: https://gamejoin.roblox.com/v1/play-with-user.
2025-02-02T11:38:40.703Z,26.703279,7eb2000,6 [FLog::GameJoinUtil] Delaying request by 2.00 seconds
2025-02-02T11:38:42.901Z,28.901680,7cac000,6 [FLog::GameJoinUtil] GameJoinUtil::makePlaceLauncherRequest, response:
{"jobId":null,"status":22,"statusData":null,"joinScriptUrl":null,"authenticationUrl":null,"authenticationTicket":null,"message":null,"joinScript":null,"queuePosition":1}
status code: 200
httpErrorCode: 0
errorMessage: 

2025-02-02T11:38:42.901Z,28.901781,7cac000,6 [FLog::GameJoinUtil] GameJoinUtil::makePlaceLauncherRequest: requestCount: 13, url: https://gamejoin.roblox.com/v1/play-with-user.
2025-02-02T11:38:42.901Z,28.901808,7cac000,6 [FLog::GameJoinUtil] Delaying request by 2.00 seconds
2025-02-02T11:38:45.216Z,31.216717,7cac000,6 [FLog::GameJoinUtil] GameJoinUtil::makePlaceLauncherRequest, response:
{"jobId":"d78ba545-1b21-490c-88c7-d2ad95bd75a6","status":2,"statusData":null,"joinScriptUrl":"https://assetgame.roblox.com/Game/Join.ashx?ticketVersion=2&ticket={\"UserId\"%3a3047960021%2c\"UserName\"%3a\"paninorealaccount009\"%2c\"DisplayName\"%3a\"Jack\"%2c\"CharacterFetchUrl\"%3a\"https%3a%2f%2fapi.roblox.com%2fv1.1%2favatar-fetch%2f%3fplaceId%3d10449761463%26userId%3d3047960021\"%2c\"GameId\"%3a\"d78ba545-1b21-490c-88c7-d2ad95bd75a6\"%2c\"PlaceId\"%3a10449761463%2c\"UniverseId\"%3a3808081382%2c\"ServerId\"%3a1117179%2c\"ServerPort\"%3a65429%2c\"IsTeleport\"%3afalse%2c\"FollowUserId\"%3a178598938%2c\"TimeStamp\"%3a\"02%2f02%2f2025+11%3a38%3a44\"%2c\"CharacterAppearanceId\"%3a3047960021%2c\"AlternateName\"%3anull%2c\"JoinTypeId\"%3a5%2c\"MatchmakingDecisionId\"%3anull%2c\"GameJoinMetadata\"%3a{\"JoinSource\"%3a0%2c\"RequestType\"%3a3%2c\"MatchmakingDecisionId\"%3a\"23986415-83ab-43d2-88ea-8a
2025-02-02T11:38:45.216Z,31.216850,7cac000,6 [FLog::GameJoinUtil] Game join succeeded.
2025-02-02T11:38:45.216Z,31.216869,7cac000,6 [FLog::GameJoinUtil] GameJoinUtil::processing join parameters
2025-02-02T11:38:45.236Z,31.236237,7cac000,7 [FLog::Network] NetworkClient:Create
2025-02-02T11:38:45.236Z,31.236912,7cac000,6 [FLog::GameJoinUtil] Null EventId
2025-02-02T11:38:45.237Z,31.237003,7cac000,10 [DFLog::KeyRing] Parsed config created at: 11:59 4/1/2024.
2025-02-02T11:38:45.239Z,31.239195,7cac000,6 [FLog::Output] AnalyticsSessionId is 99cde5d7-1803-4b62-b31a-e631778a463f.
2025-02-02T11:38:45.239Z,31.239279,7cac000,6 [FLog::Output] ! Joining game 'd78ba545-1b21-490c-88c7-d2ad95bd75a6' place 10449761463 at 10.30.5.199
2025-02-02T11:38:45.239Z,31.239317,7cac000,6 [FLog::GameJoinLoadTime] Report game_join_loadtime: sid:99cde5d7-1803-4b62-b31a-e631778a463f, clienttime:1738496324.6180000305, join_time:29.72181759500000453, referral_page:RequestFollowUser, placeid:10449761463, userid:3047960021, universeid:3808081382, 
2025-02-02T11:38:45.240Z,31.240999,7cac000,7 [FLog::Network] Client will attempt to connect following server endpoints with threadSleepTime(-1)
2025-02-02T11:38:45.241Z,31.241014,7cac000,7 [FLog::Network] UDMUX Address = 128.116.13.33, Port = 65429 | RCC Server Address = 10.30.5.199, Port = 65429
2025-02-02T11:38:45.458Z,31.458900,7cac000,7 [FLog::Network] binding socket on inaddr_any:0

2025-02-02T11:38:45.469Z,31.469952,7cac000,6 [FLog::Output] Connecting to UDMUX server 128.116.13.33:65429, and RCC server 10.30.5.199:65429
2025-02-02T11:38:45.651Z,31.651224,7eb2000,6 [FLog::Output] Connection accepted from 128.116.13.33|65429
2025-02-02T11:38:45.653Z,31.653328,7eb2000,7 [FLog::Network] serverId: 128.116.13.33|65429
2025-02-02T11:38:45.653Z,31.653414,7eb2000,7 [FLog::Network] Replicator created for player 128.116.13.33|65429
2025-02-02T11:38:45.653Z,31.653425,7eb2000,7 [FLog::Network] Replicator created: 0x7fbf3a4f94b0
2025-02-02T11:38:45.826Z,31.826172,7cac000,7 [FLog::Network] Time taken to initialize schema = 5.329044 ms
2025-02-02T11:38:45.826Z,31.826302,7cac000,7 [FLog::Network] Assigned peer id = 203
2025-02-02T11:38:45.826Z,31.826563,7cac000,7 [FLog::Network] Join snapshot timer: 0.244148
2025-02-02T11:38:45.832Z,31.832369,7cac000,6 [FLog::DataModelPatchConfigurer] OTAPollingEnabled set to: false
2025-02-02T11:38:45.832Z,31.832678,7cac000,6 [FLog::DataModelPatchConfigurer] [_DataModelPatch] Update OTA config
2025-02-02T11:38:45.851Z,31.851566,7cac000,6,Info [FLog::AudioFocusManager] AudioFocusManager::AudioFocusManager() constructor
2025-02-02T11:38:45.851Z,31.851652,7cac000,6,Info [FLog::AudioFocusService] AudioFocusService::AudioFocusService() constructor
2025-02-02T11:38:45.851Z,31.851665,7cac000,6,Info [FLog::AudioFocusService] AudioFocusService onServiceProvider invokation
2025-02-02T11:38:45.851Z,31.851671,7cac000,6,Info [FLog::AudioFocusService] AudioFocusService::AudioFocusService() onServiceProvider setup
2025-02-02T11:38:45.884Z,31.884010,7897000,6,Critical [DFLog::RbxStorage] RbxStorage::init [INIT] availableDiskSpace: 69124890624 bytes, oldCacheSize: -1 bytes, elapsed: 0.067 ms
2025-02-02T11:38:45.905Z,31.905991,7897000,6,Error [DFLog::SQLite] sqlite3_error_log: 283 - recovered 97 frames from WAL file /private/var/folders/83/3w46ryz13191t1qd7k9xctdm0000gn/T/Roblox/rbx-storage.db-wal
2025-02-02T11:38:45.909Z,31.909498,7897000,6,Critical [DFLog::RbxStorage] RbxStorage::init [DONE] name: TelemetryCache(SqliteCache+TelemetryCache(FileCache)), duration: 24.942 ms, dbOpenCount: 3, dbMaxMemory: 0.260 MiB, dbTotalSize: 0.000 MiB, dbNumItems: 1, fileTotalSize: 0.000 MiB, fileNumItems: 0
2025-02-02T11:38:45.909Z,31.909670,7897000,12,Error [DFLog::HttpTraceError] RbxStorage is not ready
2025-02-02T11:38:45.994Z,31.994644,7897000,6 [FLog::DataModelPatchConfigurer] [_DataModelPatch] Update OTA succeeded: {"SchemaVersion":"1","CanaryUserIds":[],"CanaryPercentage":0}
2025-02-02T11:38:45.994Z,31.994705,7897000,6 [FLog::DataModelPatchConfigurer] [_DataModelPatch] Update OTA config not deployed
2025-02-02T11:38:46.736Z,32.736374,4ea5efc0,6 [FLog::Graphics] Future is bright shadows
2025-02-02T11:38:47.009Z,33.009960,7eb2000,6 [FLog::Output] INTERPRETER LOADED 43.1789168434
2025-02-02T11:38:47.037Z,33.037067,7eb2000,6 [FLog::Output] Server RobloxGitHash: 6874f45ec658019a67f19ab7de6e688c50292b01
2025-02-02T11:38:47.037Z,33.037132,7eb2000,6 [FLog::Output] Server Prefix: 0.658.0.6580461_20250202T083208Z_RCC_7e061
2025-02-02T11:38:47.292Z,33.292774,7cac000,6 [FLog::Output] REPLICATION LOADED 0.30568861961364746
2025-02-02T11:38:47.421Z,33.421875,4ea5efc0,6 [FLog::Graphics] Terrain TextureArray 512x512, arraySize: 36, mip: 10
2025-02-02T11:38:47.754Z,33.754581,7cac000,6 [FLog::Output] CLIENT LOADED 0.7033019065856934
2025-02-02T11:38:48.656Z,34.656139,7897000,6 [FLog::Error] Asset (Image) "https://assetdelivery.roblox.com/v1/asset?id=7216855364'" load failed in Workspace.Live.la_ra2014.Right Arm.WaterPalm.ConstantEmit.3.Texture: Request failed
2025-02-02T11:38:48.656Z,34.656219,7897000,12 [DFLog::HttpTraceError] HttpResponse(#625 0x7fbf10a93620) time:497.2ms (net:145.9ms callback:0.1ms timeInRetryQueue:0.0ms)status:404 Not Found bodySize:63 url:{ "https://assetdelivery.roblox.com/v1/asset?id=7216855364'" } ip:128.116.44.3 external:0 numberOfTimesRetried:0
2025-02-02T11:38:48.744Z,34.744244,7897000,6 [FLog::Error] Asset (Image) "https://assetgame.roblox.com/asset-thumbnail/image?assetId&width=420&height=420&format=png" load failed in Workspace.Live.UgnyteGR.Custom Cape.Plane.002.Decal.Texture: Request failed
2025-02-02T11:38:48.744Z,34.744411,7897000,12 [DFLog::HttpTraceError] HttpResponse(#492 0x7fbf044d9e20) time:969.1ms (net:233.3ms callback:0.2ms timeInRetryQueue:0.0ms)status:404 Not Found bodySize:62738 url:{ original: "https://assetgame.roblox.com/asset-thumbnail/image?assetId&width=420&height=420&format=png" current: "https://www.roblox.com/request-error?code=404" } ip:128.116.44.3 external:0 numberOfTimesRetried:0
2025-02-02T11:38:48.805Z,34.805450,834d000,6 [FLog::Error] Asset (Image) "https://assetdelivery.roblox.com/v1/asset?id=11477170189" load failed in Workspace.Thrown.Explosion.Root.Attachment.Dust2.Texture: Request failed
2025-02-02T11:38:49.645Z,35.645954,4ea5efc0,6 [FLog::Error] Asset (Image) "" load failed in Workspace.Thrown.Cone.Cone.Decal.Texture: Unexpected URL
2025-02-02T11:38:49.870Z,35.870808,7cac000,6 [FLog::Output] 


⚽ [KJ] The Strongest Battlegrounds uses TopbarPlus v2.9.1
🍍 TopbarPlus was developed by ForeverHD and the Nanoblox Team
🚀 You can learn more and take a free copy by searching for 'TopbarPlus' on the DevForum


2025-02-02T11:38:51.011Z,37.011772,7897000,6,Warning [FLog::HttpOpenTelemetryTracing] No active span to end
2025-02-02T11:38:53.244Z,39.244064,4ea5efc0,6 [FLog::Graphics] SceneManager: resizing main targets to 2560x1440
2025-02-02T11:38:58.402Z,44.402618,4ea5efc0,6 [FLog::Graphics] SceneManager: resizing main targets to 2560x1440
2025-02-02T11:38:58.418Z,44.418911,7daf000,6 [FLog::Warning] Warning: Something unexpectedly tried to set the parent of Sound to NULL while trying to set the parent of Sound. Current parent is Attachment.
2025-02-02T11:39:49.292Z,95.292717,7897000,6,Warning [FLog::HttpOpenTelemetryTracing] No active span to end
2025-02-02T11:39:49.917Z,95.917145,7897000,6,Warning [FLog::HttpOpenTelemetryTracing] No active span to end
2025-02-02T11:39:55.240Z,101.240501,7897000,6,Warning [FLog::HttpOpenTelemetryTracing] No active span to end
2025-02-02T11:40:06.777Z,112.777298,7897000,6,Warning [FLog::HttpOpenTelemetryTracing] No active span to end
2025-02-02T11:40:07.083Z,113.083565,7897000,6,Warning [FLog::HttpOpenTelemetryTracing] No active span to end
2025-02-02T11:40:16.354Z,122.354446,7897000,6 [FLog::Output] Settings Date header was Sun, 02 Feb 2025 11:39:53 GMT
2025-02-02T11:40:16.354Z,122.354973,7897000,6 [FLog::Output] Settings Date timestamp is 1738496393
2025-02-02T11:40:39.005Z,145.005768,834d000,6 [FLog::Error] Asset (Animation) "rbxassetid://0" load failed in Animation.AnimationId: Animation failed to load
2025-02-02T11:40:39.006Z,145.006363,834d000,6 [FLog::Error] Error: Failed to load animation with sanitized ID rbxassetid://0: Animation failed to load, assetId: https://assetdelivery.roblox.com/v1/asset?id=0&serverplaceid=10449761463
2025-02-02T11:42:16.435Z,242.435745,7897000,6 [FLog::Output] Settings Date header was Sun, 02 Feb 2025 11:42:15 GMT
2025-02-02T11:42:16.436Z,242.436539,7897000,6 [FLog::Output] Settings Date timestamp is 1738496535
2025-02-02T11:43:21.275Z,307.275085,7daf000,6 [FLog::Warning] Warning: StarterGui:SetCoreGuiEnabled is not supported on type SelfView.
2025-02-02T11:43:28.424Z,314.424103,7daf000,6 [FLog::Error] Asset (Animation) "rbxassetid://0" load failed in Animation.AnimationId: Animation failed to load
2025-02-02T11:43:28.952Z,314.952423,7897000,6,Warning [FLog::HttpOpenTelemetryTracing] No active span to end
2025-02-02T11:43:29.240Z,315.240875,7897000,6,Warning [FLog::HttpOpenTelemetryTracing] No active span to end
2025-02-02T11:43:29.515Z,315.515747,7897000,6,Warning [FLog::HttpOpenTelemetryTracing] No active span to end
2025-02-02T11:43:29.675Z,315.675964,7897000,6,Warning [FLog::HttpOpenTelemetryTracing] No active span to end
2025-02-02T11:43:30.120Z,316.120453,7897000,6,Warning [FLog::HttpOpenTelemetryTracing] No active span to end
2025-02-02T11:43:30.280Z,316.280670,7897000,6,Warning [FLog::HttpOpenTelemetryTracing] No active span to end
2025-02-02T11:43:30.554Z,316.554993,7897000,6,Warning [FLog::HttpOpenTelemetryTracing] No active span to end
2025-02-02T11:43:32.805Z,318.805511,7897000,6,Warning [FLog::HttpOpenTelemetryTracing] No active span to end
2025-02-02T11:43:33.121Z,319.121002,7897000,6,Warning [FLog::HttpOpenTelemetryTracing] No active span to end
2025-02-02T11:43:33.267Z,319.267944,7897000,6,Warning [FLog::HttpOpenTelemetryTracing] No active span to end
2025-02-02T11:43:33.430Z,319.430481,7897000,6,Warning [FLog::HttpOpenTelemetryTracing] No active span to end
2025-02-02T11:43:33.577Z,319.577240,7897000,6,Warning [FLog::HttpOpenTelemetryTracing] No active span to end
2025-02-02T11:44:05.555Z,351.555206,7897000,6,Warning [FLog::HttpOpenTelemetryTracing] No active span to end
2025-02-02T11:44:05.722Z,351.722504,7897000,6,Warning [FLog::HttpOpenTelemetryTracing] No active span to end
2025-02-02T11:44:06.110Z,352.110260,7897000,6,Warning [FLog::HttpOpenTelemetryTracing] No active span to end
2025-02-02T11:44:06.257Z,352.257324,7897000,6,Warning [FLog::HttpOpenTelemetryTracing] No active span to end
2025-02-02T11:44:06.421Z,352.421265,7897000,6,Warning [FLog::HttpOpenTelemetryTracing] No active span to end
2025-02-02T11:44:06.567Z,352.567719,7897000,6,Warning [FLog::HttpOpenTelemetryTracing] No active span to end
2025-02-02T11:44:06.729Z,352.729492,7897000,6,Warning [FLog::HttpOpenTelemetryTracing] No active span to end
2025-02-02T11:44:06.892Z,352.892242,7897000,6,Warning [FLog::HttpOpenTelemetryTracing] No active span to end
2025-02-02T11:44:07.040Z,353.040344,7897000,6,Warning [FLog::HttpOpenTelemetryTracing] No active span to end
2025-02-02T11:44:16.513Z,362.513641,7897000,6 [FLog::Output] Settings Date header was Sun, 02 Feb 2025 11:43:57 GMT
2025-02-02T11:44:16.514Z,362.514404,7897000,6 [FLog::Output] Settings Date timestamp is 1738496637
2025-02-02T11:44:18.993Z,364.993378,7daf000,6 [FLog::Warning] Warning: anim isnt playing
2025-02-02T11:44:19.493Z,365.493683,7daf000,6 [FLog::Warning] Warning: anim isnt playing
2025-02-02T11:44:44.150Z,390.150269,7cac000,6 [FLog::Warning] Warning: anim isnt playing
2025-02-02T11:44:44.657Z,390.657990,7eb2000,6 [FLog::Warning] Warning: anim isnt playing
2025-02-02T11:44:45.157Z,391.157043,7daf000,6 [FLog::Warning] Warning: anim isnt playing
2025-02-02T11:45:09.560Z,415.560760,7cac000,6 [FLog::Warning] Warning: anim isnt playing
2025-02-02T11:45:10.104Z,416.104584,7eb2000,6 [FLog::Warning] Warning: anim isnt playing
2025-02-02T11:45:10.606Z,416.606812,7eb2000,6 [FLog::Warning] Warning: anim isnt playing
2025-02-02T11:45:45.059Z,451.059113,7daf000,6 [FLog::Warning] Warning: anim isnt playing
2025-02-02T11:45:45.554Z,451.554108,7cac000,6 [FLog::Warning] Warning: anim isnt playing
2025-02-02T11:46:14.756Z,480.756622,7cac000,6 [FLog::Warning] Warning: anim isnt playing
2025-02-02T11:46:15.306Z,481.306061,7eb2000,6 [FLog::Warning] Warning: anim isnt playing
2025-02-02T11:46:15.821Z,481.821533,7cac000,6 [FLog::Warning] Warning: anim isnt playing
2025-02-02T11:46:16.587Z,482.587463,7897000,6 [FLog::Output] Settings Date header was Sun, 02 Feb 2025 11:45:55 GMT
2025-02-02T11:46:16.587Z,482.587524,7897000,6 [FLog::Output] Settings Date timestamp is 1738496755
2025-02-02T11:46:40.171Z,506.171295,7cac000,6 [FLog::Warning] Warning: anim isnt playing
2025-02-02T11:46:40.669Z,506.669891,7cac000,6 [FLog::Warning] Warning: anim isnt playing
2025-02-02T11:48:16.659Z,602.659607,7897000,6 [FLog::Output] Settings Date header was Sun, 02 Feb 2025 11:48:16 GMT
2025-02-02T11:48:16.659Z,602.659973,7897000,6 [FLog::Output] Settings Date timestamp is 1738496896
2025-02-02T11:49:41.773Z,687.773804,7daf000,6,Warning [DFLog::DMNotificationMonitor] DM notification received. Type 35
2025-02-02T11:49:41.795Z,687.795105,4ea5efc0,6 [FLog::SingleSurfaceApp] leaveUGCGame: (stage:UGCGame) blocking=0.
2025-02-02T11:49:41.795Z,687.795166,4ea5efc0,6 [FLog::SingleSurfaceApp] leaveUGCGameInternal
2025-02-02T11:49:41.796Z,687.796143,4ea5efc0,6 [FLog::SurfaceController] stop
2025-02-02T11:49:41.796Z,687.796204,4ea5efc0,6 [FLog::SurfaceController] drainRenderingJobs
2025-02-02T11:49:41.796Z,687.796753,4ea5efc0,6 [FLog::SurfaceController] SurfaceController::RenderJob[_:1]::~RenderJob
2025-02-02T11:49:41.816Z,687.816467,4ea5efc0,6,Info [FLog::UgcExperienceController] UgcExperienceController: destroyCaptureModeDataModelIfExists: begin
2025-02-02T11:49:41.816Z,687.816772,4ea5efc0,6,Info [FLog::UgcExperienceController] UgcExperienceController: destroyCaptureModeDataModelIfExists: end
2025-02-02T11:49:41.816Z,687.816833,4ea5efc0,6,Info [FLog::UgcExperienceController] UgcExperienceController: stop: begin (blocking=false dataModel=0x7fbf0d993200)
2025-02-02T11:49:41.816Z,687.816895,4ea5efc0,6,Info [FLog::UgcExperienceController] UgcExperienceController: sendAnalyticsBeforeLeave: sending event None_None
2025-02-02T11:49:41.818Z,687.818054,4ea5efc0,6,Info [FLog::CrossExperienceVoiceController] CrossExperienceVoiceController: onCoordinatorTransitionEvent Stopped - Ugc
2025-02-02T11:49:41.818Z,687.818359,4ea5efc0,6,Info [FLog::CrossExperienceVoiceController] CrossExperienceVoiceController: removing all observers for type Ugc
2025-02-02T11:49:41.820Z,687.820251,4ea5efc0,6 [FLog::SingleSurfaceApp] setStage: (stage:Native)
2025-02-02T11:49:41.820Z,687.820679,4ea5efc0,6 [DFLog::SignalRCoreError] ID: 1 Disconnected - stop() called
2025-02-02T11:49:41.829Z,687.829956,7daf000,7 [FLog::Network] Client:Disconnect
2025-02-02T11:49:41.833Z,687.833191,7daf000,7 [FLog::Network] Time to disconnect replication data: 2.941756
2025-02-02T11:49:41.834Z,687.834290,7daf000,7 [FLog::Network] Sending disconnect with reason: 285
2025-02-02T11:49:41.834Z,687.834595,7daf000,7 [FLog::Network] Sending disconnect with reason: 285
2025-02-02T11:49:41.834Z,687.834595,747f000,7 [FLog::Network] Sending disconnect with reason: 285
2025-02-02T11:49:42.883Z,688.883057,7daf000,6,Info [FLog::AudioFocusService] AudioFocusService onServiceProvider invokation
2025-02-02T11:49:42.883Z,688.883118,7daf000,6,Info [FLog::AudioFocusService] AudioFocusService::AudioFocusService() onServiceProvider teardown
2025-02-02T11:49:42.884Z,688.884033,7daf000,7 [FLog::Network] Client:Disconnect
2025-02-02T11:49:43.035Z,689.035645,7daf000,6,Info [FLog::AudioFocusService] AudioFocusService::AudioFocusService() destructor
2025-02-02T11:49:43.035Z,689.035950,7daf000,7 [FLog::Network] NetworkClient:Remove
2025-02-02T11:49:43.035Z,689.035950,7daf000,7 [DFLog::MegaReplicatorLogDisconnectCleanUpLog] Destroying MegaReplicator.
2025-02-02T11:49:43.470Z,689.470764,7eb2000,7 [FLog::Network] Replicator destroyed: 0x7fbf3a4f94b0
2025-02-02T11:49:44.028Z,690.028015,4ea5efc0,6 [FLog::SingleSurfaceApp] shutDown: (stage:Native).
2025-02-02T11:49:44.028Z,690.028076,4ea5efc0,6 [FLog::SingleSurfaceApp] destroyLuaApp: (stage:Native) blocking:true.
2025-02-02T11:49:44.028Z,690.028076,4ea5efc0,6,Warning [FLog::CrossExperienceVoiceController] CrossExperienceVoiceController: finalize: Did not finalize due to state.
2025-02-02T11:49:44.028Z,690.028076,4ea5efc0,6,Info [FLog::UgcExperienceController] UgcExperienceController: finalized
2025-02-02T11:49:44.028Z,690.028503,4ea5efc0,6,Warning [FLog::SingleSurfaceApp] destroyLuaApp: (stage:Native)... finished destroying luaApp.
2025-02-02T11:49:44.028Z,690.028503,4ea5efc0,6 [FLog::SingleSurfaceApp] setStage: (stage:None)
2025-02-02T11:49:44.028Z,690.028503,4ea5efc0,6 [FLog::SingleSurfaceApp] destroy controllers
2025-02-02T11:49:44.029Z,690.029297,4ea5efc0,6,Info [FLog::CrossExperienceVoiceController] CrossExperienceVoiceController::CrossExperienceVoiceController()
2025-02-02T11:49:44.029Z,690.029663,4ea5efc0,6,Info [FLog::UgcExperienceController] UgcExperienceController::~UgcExperienceController()
2025-02-02T11:49:44.029Z,690.029846,4ea5efc0,6 [FLog::SurfaceController] SurfaceController[_:1]::~SurfaceController, count: 0
2025-02-02T11:49:44.029Z,690.029907,4ea5efc0,6,Warning [FLog::Graphics] RenderView destroyed[1]
2025-02-02T11:49:44.123Z,690.123535,4ea5efc0,6 [FLog::SingleSurfaceApp] setStage: (stage:Native)
