2025-02-02T17:42:33.384Z,0.384527,4ea5efc0,6 [FLog::MacLuaApp] (AppDelegate) application:openURLs:(
    "roblox-player:1+launchmode:play+gameinfo:nSEDwwDPkK3dxPcVXoBoCTN1fBaKHyhwNhq8DOGvEG1tLA28Eoc1FT5qtZ3vGelPD-o4S_3HhUvNnzRgd7uVmmMIcKyoO7QkO2tsNZmf-Bz8JYQf4Vpco7FEwp-BusHaRBFGSnyTYIDchv0zu1M73zygT6H14S6wChA2Jg4Shz19O_wXg1hLDbzmw_ZqnZPCC-zNHG1hpUZgEV7UKwnZFwoUJKBudKz1WoBHMKmsCYk+launchtime:1738518146428+placelauncherurl:https%3A%2F%2Fwww.roblox.com%2FGame%2FPlaceLauncher.ashx%3Frequest%3DRequestPrivateGame%26browserTrackerId%3D1738344328674006%26placeId%3D10449761463%26accessCode%3D782fec9a-a323-4339-8dba-53e3dff5526d%26joinAttemptId%3D2402cf17-d5fa-4974-9777-5cc016c60f1d%26joinAttemptOrigin%3DprivateServerListJoin+browsertrackerid:1738344328674006+robloxLocale:en_us+gameLocale:en_us+channel:+LaunchExp:InApp"
)
2025-02-02T17:42:33.384Z,0.384997,4ea5efc0,6 [FLog::MacLuaApp] (AppDelegate) application:openURLs handling web launch
2025-02-02T17:42:33.385Z,0.385094,4ea5efc0,6 [FLog::MacLuaApp] (AppDelegate) Argument 1 = launchmode:play
2025-02-02T17:42:33.385Z,0.385111,4ea5efc0,6 [FLog::MacLuaApp] (AppDelegate) Argument 2 = gameinfo:nSEDwwDPkK3dxPcVXoBoCTN1fBaKHyhwNhq8DOGvEG1tLA28Eoc1FT5qtZ3vGelPD-o4S_3HhUvNnzRgd7uVmmMIcKyoO7QkO2tsNZmf-Bz8JYQf4Vpco7FEwp-BusHaRBFGSnyTYIDchv0zu1M73zygT6H14S6wChA2Jg4Shz19O_wXg1hLDbzmw_ZqnZPCC-zNHG1hpUZgEV7UKwnZFwoUJKBudKz1WoBHMKmsCYk
2025-02-02T17:42:33.385Z,0.385122,4ea5efc0,6 [FLog::MacLuaApp] (AppDelegate) Argument 3 = launchtime:1738518146428
2025-02-02T17:42:33.385Z,0.385132,4ea5efc0,6 [FLog::MacLuaApp] (AppDelegate) Argument 4 = placelauncherurl:https%3A%2F%2Fwww.roblox.com%2FGame%2FPlaceLauncher.ashx%3Frequest%3DRequestPrivateGame%26browserTrackerId%3D1738344328674006%26placeId%3D10449761463%26accessCode%3D782fec9a-a323-4339-8dba-53e3dff5526d%26joinAttemptId%3D2402cf17-d5fa-4974-9777-5cc016c60f1d%26joinAttemptOrigin%3DprivateServerListJoin
2025-02-02T17:42:33.385Z,0.385141,4ea5efc0,6 [FLog::MacLuaApp] (AppDelegate) Argument 5 = browsertrackerid:1738344328674006
2025-02-02T17:42:33.385Z,0.385151,4ea5efc0,6 [FLog::MacLuaApp] (AppDelegate) Argument 6 = robloxLocale:en_us
2025-02-02T17:42:33.385Z,0.385160,4ea5efc0,6 [FLog::MacLuaApp] (AppDelegate) Argument 7 = gameLocale:en_us
2025-02-02T17:42:33.385Z,0.385169,4ea5efc0,6 [FLog::MacLuaApp] (AppDelegate) Argument 8 = channel:
2025-02-02T17:42:33.385Z,0.385192,4ea5efc0,6 [FLog::Output] Saved channel '' to 'com.roblox.RobloxPlayerChannel' for baseUrl 'www.roblox.com'
2025-02-02T17:42:33.385Z,0.385227,4ea5efc0,6 [FLog::Output] RobloxChannel has been set to production
2025-02-02T17:42:33.385Z,0.385236,4ea5efc0,6 [FLog::MacLuaApp] (AppDelegate) Argument 9 = LaunchExp:InApp
2025-02-02T17:42:33.385Z,0.385296,4ea5efc0,6 [FLog::MacLuaApp] (AppDelegate) reportClientStatus url: https://www.roblox.com/client-status/set?browserTrackerId=1738344328674006&status=BootstrapperInstalling
2025-02-02T17:42:33.386Z,0.386593,4ea5efc0,6 [FLog::MacLuaApp] (AppDelegate) application:openURLs cold launch. Defer web launch until after initialization is complete.
2025-02-02T17:42:33.386Z,0.386703,4ea5efc0,6 [FLog::Output] (AppDelegate) applicationDidFinishLaunching
2025-02-02T17:42:33.387Z,0.387142,4ea5efc0,6,Info [FLog::UpdateController] UpdateController: versionQueryUrl: https://clientsettingscdn.roblox.com/v2/client-version/MacPlayer
2025-02-02T17:42:33.387Z,0.387171,4ea5efc0,6,Info [FLog::UpdateController] MacUpdateController: updaterFullPath: /Applications/Roblox.app/Contents/MacOS/RobloxPlayerInstaller.app/Contents/MacOS/RobloxPlayerInstaller
2025-02-02T17:42:33.387Z,0.387229,a54000,6,Info [FLog::UpdateController] Update check thread started
2025-02-02T17:42:33.387Z,0.387264,a54000,6,Info [FLog::UpdateController] Checking if updater exists at /Applications/Roblox.app/Contents/MacOS/RobloxPlayerInstaller.app/Contents/MacOS/RobloxPlayerInstaller. Returning 1
2025-02-02T17:42:33.387Z,0.387289,4ea5efc0,6 [FLog::Output] settingsUrl: https://clientsettingscdn.roblox.com/v2/settings-compressed/application/MacDesktopClient/876303bc5322fbc5499ad5d572b4a57fc6305ca10adf81769b9121c45b7d3a38.dcz
2025-02-02T17:42:33.464Z,0.464471,4ea5efc0,6 [FLog::Output] Settings Date header was Sun, 02 Feb 2025 17:42:28 GMT
2025-02-02T17:42:33.464Z,0.464540,4ea5efc0,6 [FLog::Output] Settings Date timestamp is 1738518148
2025-02-02T17:42:33.466Z,0.466755,a54000,6,Debug [FLog::UpdateController] version response: {"version":"0.658.0.6580461","clientVersionUpload":"version-4c01fa4a41074574","bootstrapperVersion":"6580461"}
2025-02-02T17:42:33.466Z,0.466858,a54000,6,Info [FLog::UpdateController] Update check thread: updateRequired FALSE
2025-02-02T17:42:33.475Z,0.475891,4ea5efc0,6 [FLog::ClientRunInfo] RobloxGitHash: 6874f45ec658019a67f19ab7de6e688c50292b01
2025-02-02T17:42:33.476Z,0.476045,4ea5efc0,6 [FLog::ClientRunInfo] The base url is https://www.roblox.com/
2025-02-02T17:42:33.476Z,0.476057,4ea5efc0,6 [FLog::ClientRunInfo] The channel is production
2025-02-02T17:42:33.487Z,0.487454,4ea5efc0,6 [FLog::Output] *******
** Validated reflection database in 6.149026 ms, found 5363 entries with the following skipped: 0 enums, 0 properties, 0 functions, 0 events, 0 callbacks, 0 classes.
*******

2025-02-02T17:42:33.488Z,0.488303,4ea5efc0,6 [FLog::Output] (AppDelegate) Universal App on Mac: initialize...
2025-02-02T17:42:33.488Z,0.488335,4ea5efc0,6 [FLog::Output] syncCookiesFromNativeToEngine was skipped
2025-02-02T17:42:33.488Z,0.488409,4ea5efc0,6 [FLog::Output] Current file descriptor limit is 256, increasing to 2560
2025-02-02T17:42:33.488Z,0.488424,4ea5efc0,6 [FLog::Output] (AppDelegate) web browserTrackerId = [1738344328674006].
2025-02-02T17:42:33.490Z,0.490934,4ea5efc0,6 [FLog::Output] syncCookiesFromEngineToNative was skipped
2025-02-02T17:42:33.490Z,0.490964,4ea5efc0,6 [FLog::Output] (AppDelegate) launchTimeMillis = [-6595]
2025-02-02T17:42:33.491Z,0.491554,4ea5efc0,6,Info [FLog::PerformanceControlUtil] PerformanceControlUtil: registered single surface tunable (id=0)
2025-02-02T17:42:33.491Z,0.491820,4ea5efc0,6 [FLog::SingleSurfaceApp] initializeWithAppStarter
2025-02-02T17:42:33.491Z,0.491838,4ea5efc0,6 [FLog::SingleSurfaceApp] initializeSingleton
2025-02-02T17:42:33.492Z,0.492485,4ea5efc0,6 [FLog::Output] setAssetFolder /Applications/Roblox.app/Contents/Resources/content/
2025-02-02T17:42:33.492Z,0.492687,4ea5efc0,6 [FLog::Output] setExtraAssetFolder /Applications/Roblox.app/Contents/Resources/ExtraContent
2025-02-02T17:42:33.493Z,0.493160,4ea5efc0,6 [FLog::Output] Evaluating deferred inferred crashes
2025-02-02T17:42:33.493Z,0.493906,4ea5efc0,6 [FLog::SingleSurfaceApp] setStage: (stage:Native)
2025-02-02T17:42:33.493Z,0.493957,4ea5efc0,6 [FLog::SingleSurfaceApp] setLocale
2025-02-02T17:42:33.493Z,0.493973,4ea5efc0,6,Warning [FLog::SingleSurfaceApp] instantiate controllers
2025-02-02T17:42:33.493Z,0.493996,4ea5efc0,6 [FLog::SurfaceController] SurfaceController[_:1]::SurfaceController, count: 1
2025-02-02T17:42:33.494Z,0.494035,4ea5efc0,6,Warning [FLog::SingleSurfaceApp] instantiate experience coordinator
2025-02-02T17:42:33.494Z,0.494101,4ea5efc0,6,Info [FLog::PerformanceControlUtil] PerformanceControlUtil: registered single surface tunable (id=1)
2025-02-02T17:42:33.494Z,0.494114,4ea5efc0,6,Info [FLog::CrossExperienceVoiceController] CrossExperienceVoiceController::CrossExperienceVoiceController() constructor
2025-02-02T17:42:33.510Z,0.510651,c60000,6,Warning [FLog::HttpOpenTelemetryTracing] No active span to end
2025-02-02T17:42:33.510Z,0.510707,c60000,12 [DFLog::HttpTraceError] HttpResponse(#5 0x7ff3b2841220) time:170.9ms (net:170.7ms callback:0.0ms timeInRetryQueue:0.0ms)status:404 Not Found bodySize:0 url:{ "https://locale.roblox.com/" } ip:128.116.44.3 external:1 numberOfTimesRetried:0
2025-02-02T17:42:33.519Z,0.519756,c60000,6,Warning [FLog::HttpOpenTelemetryTracing] No active span to end
2025-02-02T17:42:33.519Z,0.519811,c60000,12 [DFLog::HttpTraceError] HttpResponse(#7 0x7ff3b286dc20) time:180.1ms (net:179.8ms callback:0.0ms timeInRetryQueue:0.0ms)status:404 Not Found bodySize:0 url:{ "https://users.roblox.com/" } ip:128.116.44.3 external:1 numberOfTimesRetried:0
2025-02-02T17:42:33.524Z,0.524660,c60000,6,Warning [FLog::HttpOpenTelemetryTracing] No active span to end
2025-02-02T17:42:33.524Z,0.524733,c60000,12 [DFLog::HttpTraceError] HttpResponse(#6 0x7ff3b286d620) time:185.0ms (net:184.7ms callback:0.0ms timeInRetryQueue:0.0ms)status:404 Not Found bodySize:0 url:{ "https://users.roblox.com/" } ip:128.116.44.3 external:1 numberOfTimesRetried:0
2025-02-02T17:42:33.542Z,0.542311,c60000,6,Warning [FLog::HttpOpenTelemetryTracing] No active span to end
2025-02-02T17:42:33.542Z,0.542356,c60000,12 [DFLog::HttpTraceError] HttpResponse(#0 0x7ff3b283d020) time:203.1ms (net:202.6ms callback:0.0ms timeInRetryQueue:0.0ms)status:404 Not Found bodySize:0 url:{ "https://accountsettings.roblox.com/" } ip:128.116.44.3 external:1 numberOfTimesRetried:0
2025-02-02T17:42:33.562Z,0.562635,c60000,6,Warning [FLog::HttpOpenTelemetryTracing] No active span to end
2025-02-02T17:42:33.562Z,0.562692,c60000,12 [DFLog::HttpTraceError] HttpResponse(#4 0x7ff3b2840c20) time:223.0ms (net:222.7ms callback:0.0ms timeInRetryQueue:0.0ms)status:404 Not Found bodySize:0 url:{ "https://apis.roblox.com/" } ip:128.116.44.3 external:1 numberOfTimesRetried:0
2025-02-02T17:42:33.589Z,0.589731,c60000,6,Warning [FLog::HttpOpenTelemetryTracing] No active span to end
2025-02-02T17:42:33.589Z,0.589854,c60000,12 [DFLog::HttpTraceError] HttpResponse(#3 0x7ff3b2861a20) time:250.0ms (net:249.8ms callback:0.0ms timeInRetryQueue:0.0ms)status:404 Not Found bodySize:0 url:{ "https://apis.roblox.com/" } ip:128.116.44.3 external:1 numberOfTimesRetried:0
2025-02-02T17:42:33.618Z,0.618597,c60000,6,Warning [FLog::HttpOpenTelemetryTracing] No active span to end
2025-02-02T17:42:33.618Z,0.618653,c60000,12 [DFLog::HttpTraceError] HttpResponse(#2 0x7ff3b2861420) time:279.0ms (net:278.7ms callback:0.0ms timeInRetryQueue:0.0ms)status:404 Not Found bodySize:0 url:{ "https://apis.roblox.com/" } ip:128.116.44.3 external:1 numberOfTimesRetried:0
2025-02-02T17:42:33.619Z,0.619934,c60000,6,Warning [FLog::HttpOpenTelemetryTracing] No active span to end
2025-02-02T17:42:33.619Z,0.619959,c60000,12 [DFLog::HttpTraceError] HttpResponse(#1 0x7ff3b283b620) time:280.3ms (net:280.1ms callback:0.0ms timeInRetryQueue:0.0ms)status:404 Not Found bodySize:0 url:{ "https://apis.roblox.com/" } ip:128.116.44.3 external:1 numberOfTimesRetried:0
2025-02-02T17:42:33.952Z,0.952402,4ea5efc0,6 [FLog::SingleSurfaceApp] launchUGCGame: (stage:Native).
2025-02-02T17:42:33.952Z,0.952428,4ea5efc0,6 [FLog::SingleSurfaceApp] launchUGCGameInternal
2025-02-02T17:42:33.954Z,0.954062,4ea5efc0,6 [FLog::SingleSurfaceApp] applyLocale
2025-02-02T17:42:33.954Z,0.954078,4ea5efc0,6,Info [FLog::UgcExperienceController] UgcExperienceController: initialize:
2025-02-02T17:42:33.954Z,0.954551,4ea5efc0,6 [FLog::DataModelPatchConfigurer] [_DataModelPatch] Load configs for user key: app:1423803869895817846
2025-02-02T17:42:33.955Z,0.955959,4ea5efc0,6 [FLog::DataModelPatchConfigurer] [_DataModelPatch] Retrieving patch
2025-02-02T17:42:33.955Z,0.955976,4ea5efc0,6 [FLog::DataModelPatchConfigurer] getCachedPatch DataModelPatchConfig : type=1, assetId=5345954812, assetVersion=10769, maxAppVersion=658, localAssetURI=rbxasset://models/DataModelPatch/DataModelPatch.rbxm
2025-02-02T17:42:33.955Z,0.955986,4ea5efc0,6 [FLog::DataModelPatchConfigurer] getCachedPatch : numAttempts=10
2025-02-02T17:42:33.956Z,0.956286,4ea5efc0,6 [FLog::DataModelPatchConfigurer] getCachedPatch : contentId=rbxasset://models/DataModelPatch/DataModelPatch.rbxm
2025-02-02T17:42:33.956Z,0.956298,4ea5efc0,6 [FLog::DataModelPatchConfigurer] getCachedPatch : get patch from content provider for Model
2025-02-02T17:42:33.956Z,0.956387,4ea5efc0,6 [FLog::DataModelPatchConfigurer] deserializeAndVerifyPatch with blake3
2025-02-02T17:42:34.265Z,1.265674,4ea5efc0,6,Warning [DFLog::BootcampCLI139737Log] Hello world!!!!!!!!!!!!!!!!!!!!
2025-02-02T17:42:34.403Z,1.403708,4ea5efc0,6,Info [FLog::Audio] OutputDevice 0: Cuffie esterne [BuiltIn] 48000/2
2025-02-02T17:42:34.821Z,1.821069,4ea5efc0,6,Info [FLog::Audio] InputDevice 0: Microfono esterno({af0144be-277e-8cc3-0000000000000000}) 48000/1/4
2025-02-02T17:42:34.821Z,1.821105,4ea5efc0,6,Info [FLog::Audio] InputDevice 1: Microfono iMac({50eb3c32-f018-032c-0000000000000000}) 48000/1/4
2025-02-02T17:42:34.835Z,1.835616,4ea5efc0,6,Info [FLog::UgcExperienceController] UgcExperienceController: join: initialized dm 0x7ff3b9712200
2025-02-02T17:42:34.835Z,1.835663,4ea5efc0,6 [FLog::GameJoinUtil] GameJoinUtil::joinGame
2025-02-02T17:42:34.835Z,1.835760,4ea5efc0,6 [FLog::GameJoinUtil] GameJoinUtil::joinGamePostPrivateServer: URL: https://gamejoin.roblox.com/v1/join-private-game BODY: {"placeId":10449761463,"gameJoinAttemptId":"2402cf17-d5fa-4974-9777-5cc016c60f1d","accessCode":"782fec9a-a323-4339-8dba-53e3dff5526d"}
2025-02-02T17:42:34.835Z,1.835816,4ea5efc0,6 [FLog::GameJoinUtil] GameJoinUtil::makePlaceLauncherRequest: requestCount: 0, url: https://gamejoin.roblox.com/v1/join-private-game.
2025-02-02T17:42:34.835Z,1.835836,4ea5efc0,6 [FLog::GameJoinUtil] Delaying request by 0.00 seconds
2025-02-02T17:42:34.835Z,1.835890,4ea5efc0,6,Info [FLog::CrossExperienceVoiceController] CrossExperienceVoiceController: onCoordinatorTransitionEvent Started - Ugc
2025-02-02T17:42:34.835Z,1.835985,4ea5efc0,6 [FLog::SurfaceController] [_:1]::replaceDataModel: (stage:0, window = 0x7ff3aef23b60) [tid:0x7ff3af80ef60]
2025-02-02T17:42:34.836Z,1.836428,4ea5efc0,6,Warning [FLog::Graphics] RenderView created[1]
2025-02-02T17:42:34.838Z,1.838672,4ea5efc0,6 [FLog::Graphics] Metal renderer: AMD Radeon Pro 5300
2025-02-02T17:42:34.838Z,1.838704,4ea5efc0,6 [channel] Caps: ThreadSafe 1 Framebuffer 1 FpFramebuffer 1 Shaders 1 Compute 1 Instancing 1 PerInstanceStream 1 ConstBuffers 1
2025-02-02T17:42:34.838Z,1.838713,4ea5efc0,6 [channel] Caps: Framebuffer: MRT 4 MSAA 8 Stencil 1
2025-02-02T17:42:34.838Z,1.838720,4ea5efc0,6 [channel] Caps: Framebuffer: Depth16 1 Depth24 1 DepthFloat 1 DepthClamp 1
2025-02-02T17:42:34.838Z,1.838725,4ea5efc0,6 [channel] Caps: Border Color 1
2025-02-02T17:42:34.838Z,1.838731,4ea5efc0,6 [channel] Caps: Texture: RGB10A2 1 RG11B10F 1 R16I 1
2025-02-02T17:42:34.838Z,1.838736,4ea5efc0,6 [channel] Caps: Texture: BC6H 1 ASTC HDR 0
2025-02-02T17:42:34.838Z,1.838742,4ea5efc0,6 [channel] Caps: Texture: DXT 1 PVR 0 ETC1 0 ETC2 0 Half 1
2025-02-02T17:42:34.838Z,1.838748,4ea5efc0,6 [channel] Caps: Texture: 3D 1 Array 1 Depth 1 MSAA 1 MSAAFP16 8
2025-02-02T17:42:34.838Z,1.838753,4ea5efc0,6 [channel] Caps: Texture: NPOT 1 PartialMips 1 CubeMipGen 1 CubeFramebuffer 1
2025-02-02T17:42:34.838Z,1.838758,4ea5efc0,6 [channel] Caps: Texture: Size 8192 Units 32 VertexUnits 32
2025-02-02T17:42:34.838Z,1.838764,4ea5efc0,6 [channel] Caps: ConstantBufferSize 65536
2025-02-02T17:42:34.838Z,1.838769,4ea5efc0,6 [channel] Caps: isAppleGPU 0
2025-02-02T17:42:34.838Z,1.838774,4ea5efc0,6 [channel] Caps: 32bIdx 1 Memoryless 0
2025-02-02T17:42:34.838Z,1.838779,4ea5efc0,6 [channel] Caps: ColorBGR 0 RTFlip 0 MinusOneToOneDepth 0
2025-02-02T17:42:34.843Z,1.843665,4ea5efc0,6 [FLog::Graphics] Metal: creating framebuffer 5120x2528
2025-02-02T17:42:34.843Z,1.843715,4ea5efc0,6 [FLog::Graphics] Video memory size: 2147483648
2025-02-02T17:42:34.898Z,1.898129,eec000,6,Info [FLog::UgcExperienceController] UgcExperienceController: submitStartGameTask: scrips are loaded 0x7ff3b9712200
2025-02-02T17:42:34.903Z,1.903732,4ea5efc0,6 [FLog::Graphics] Loaded 1021 shaders from pack metal_osx variant default (7181513 bytes)
2025-02-02T17:42:34.903Z,1.903766,4ea5efc0,6 [FLog::Graphics] Compiled 677 shaders in 60 ms
2025-02-02T17:42:34.926Z,1.926019,4ea5efc0,6 [FLog::SurfaceController] SurfaceController::disableVR
2025-02-02T17:42:34.926Z,1.926138,4ea5efc0,6 [FLog::SurfaceController] SurfaceController[_:1]::start dataModel(0x7ff3b9712200)
2025-02-02T17:42:34.926Z,1.926166,4ea5efc0,6 [FLog::SurfaceController] SurfaceController::RenderJob[_:1]::RenderJob
2025-02-02T17:42:34.926Z,1.926177,4ea5efc0,6 [FLog::SurfaceController] SurfaceController[_:1]::run dataModel(0x7ff3b9712200)
2025-02-02T17:42:34.926Z,1.926191,4ea5efc0,6 [FLog::SingleSurfaceApp] setStage: (stage:UGCGame)
2025-02-02T17:42:34.926Z,1.926201,4ea5efc0,6 [FLog::SingleSurfaceApp] userDidLogin
2025-02-02T17:42:34.926Z,1.926230,4ea5efc0,6 [FLog::SingleSurfaceApp] applyLocale
2025-02-02T17:42:34.926Z,1.926261,fef000,6 [FLog::Output] (AppDelegate) Doing machine id check.
2025-02-02T17:42:34.936Z,1.936200,eec000,6 [FLog::SurfaceController] SurfaceController::RenderJob::stepDataModelJob: No DM yet. Continue...
2025-02-02T17:42:34.986Z,1.986742,4ea5efc0,6 [FLog::SurfaceController] SurfaceController::RenderJob::scheduleRender: No data model. Bind workspace now...
2025-02-02T17:42:34.995Z,1.995240,4ea5efc0,6 [FLog::Graphics] LayeredClothingMode updated: LC=1 HSR=1
2025-02-02T17:42:35.001Z,2.001432,4ea5efc0,6 [FLog::Graphics] SceneManager: resizing main targets to 2560x1264
2025-02-02T17:42:35.137Z,2.137414,4ea5efc0,6 [FLog::Graphics] Metal: resizing main framebuffer to 5120x2880
2025-02-02T17:42:35.142Z,2.142035,4ea5efc0,6 [FLog::Graphics] SceneManager: resizing main targets to 2560x1440
2025-02-02T17:42:35.171Z,2.171062,10f2000,6 [FLog::GameJoinUtil] GameJoinUtil::makePlaceLauncherRequest, response:
{"jobId":"JoinPrivateGame:PlaceId=10449761463&AccessCode=782fec9a-a323-4339-8dba-53e3dff5526d","status":0,"statusData":null,"joinScriptUrl":null,"authenticationUrl":null,"authenticationTicket":null,"message":null,"joinScript":null,"queuePosition":0}
status code: 200
httpErrorCode: 0
errorMessage: 

2025-02-02T17:42:35.171Z,2.171098,10f2000,6 [FLog::GameJoinUtil] GameJoinUtil::makePlaceLauncherRequest: requestCount: 1, url: https://gamejoin.roblox.com/v1/join-private-game.
2025-02-02T17:42:35.171Z,2.171118,10f2000,6 [FLog::GameJoinUtil] Delaying request by 1.00 seconds
2025-02-02T17:42:36.542Z,3.542933,fef000,6 [FLog::GameJoinUtil] GameJoinUtil::makePlaceLauncherRequest, response:
{"jobId":null,"status":0,"statusData":null,"joinScriptUrl":null,"authenticationUrl":null,"authenticationTicket":null,"message":null,"joinScript":null,"queuePosition":0}
status code: 200
httpErrorCode: 0
errorMessage: 

2025-02-02T17:42:36.543Z,3.543014,fef000,6 [FLog::GameJoinUtil] GameJoinUtil::makePlaceLauncherRequest: requestCount: 2, url: https://gamejoin.roblox.com/v1/join-private-game.
2025-02-02T17:42:36.543Z,3.543053,fef000,6 [FLog::GameJoinUtil] Delaying request by 1.00 seconds
2025-02-02T17:42:37.724Z,4.724148,fef000,6 [FLog::GameJoinUtil] GameJoinUtil::makePlaceLauncherRequest, response:
{"jobId":null,"status":0,"statusData":null,"joinScriptUrl":null,"authenticationUrl":null,"authenticationTicket":null,"message":null,"joinScript":null,"queuePosition":0}
status code: 200
httpErrorCode: 0
errorMessage: 

2025-02-02T17:42:37.724Z,4.724198,fef000,6 [FLog::GameJoinUtil] GameJoinUtil::makePlaceLauncherRequest: requestCount: 3, url: https://gamejoin.roblox.com/v1/join-private-game.
2025-02-02T17:42:37.724Z,4.724220,fef000,6 [FLog::GameJoinUtil] Delaying request by 1.02 seconds
2025-02-02T17:42:38.907Z,5.907984,eec000,6 [FLog::GameJoinUtil] GameJoinUtil::makePlaceLauncherRequest, response:
{"jobId":null,"status":0,"statusData":null,"joinScriptUrl":null,"authenticationUrl":null,"authenticationTicket":null,"message":null,"joinScript":null,"queuePosition":0}
status code: 200
httpErrorCode: 0
errorMessage: 

2025-02-02T17:42:38.908Z,5.908036,eec000,6 [FLog::GameJoinUtil] GameJoinUtil::makePlaceLauncherRequest: requestCount: 4, url: https://gamejoin.roblox.com/v1/join-private-game.
2025-02-02T17:42:38.908Z,5.908057,eec000,6 [FLog::GameJoinUtil] Delaying request by 1.67 seconds
2025-02-02T17:42:40.759Z,7.759573,fef000,6 [FLog::GameJoinUtil] GameJoinUtil::makePlaceLauncherRequest, response:
{"jobId":null,"status":0,"statusData":null,"joinScriptUrl":null,"authenticationUrl":null,"authenticationTicket":null,"message":null,"joinScript":null,"queuePosition":0}
status code: 200
httpErrorCode: 0
errorMessage: 

2025-02-02T17:42:40.759Z,7.759642,fef000,6 [FLog::GameJoinUtil] GameJoinUtil::makePlaceLauncherRequest: requestCount: 5, url: https://gamejoin.roblox.com/v1/join-private-game.
2025-02-02T17:42:40.759Z,7.759676,fef000,6 [FLog::GameJoinUtil] Delaying request by 1.86 seconds
2025-02-02T17:42:42.911Z,9.911391,eec000,6 [FLog::GameJoinUtil] GameJoinUtil::makePlaceLauncherRequest, response:
{"jobId":"1961f8c9-d4ea-439a-b7b9-2fba01a7a0d2","status":2,"statusData":null,"joinScriptUrl":"https://assetgame.roblox.com/Game/Join.ashx?ticketVersion=2&ticket={\"UserId\"%3a3047960021%2c\"UserName\"%3a\"paninorealaccount009\"%2c\"DisplayName\"%3a\"Jack\"%2c\"CharacterFetchUrl\"%3a\"https%3a%2f%2fapi.roblox.com%2fv1.1%2favatar-fetch%2f%3fplaceId%3d10449761463%26userId%3d3047960021\"%2c\"GameId\"%3a\"1961f8c9-d4ea-439a-b7b9-2fba01a7a0d2\"%2c\"PlaceId\"%3a10449761463%2c\"UniverseId\"%3a3808081382%2c\"ServerId\"%3a214623%2c\"ServerPort\"%3a51368%2c\"IsTeleport\"%3afalse%2c\"FollowUserId\"%3anull%2c\"TimeStamp\"%3a\"02%2f02%2f2025+17%3a42%3a42\"%2c\"CharacterAppearanceId\"%3a3047960021%2c\"AlternateName\"%3anull%2c\"JoinTypeId\"%3a6%2c\"MatchmakingDecisionId\"%3anull%2c\"GameJoinMetadata\"%3a{\"JoinSource\"%3a0%2c\"RequestType\"%3a1%2c\"MatchmakingDecisionId\"%3a\"00000000-0000-0000-0000-0000000000
2025-02-02T17:42:42.911Z,9.911576,eec000,6 [FLog::GameJoinUtil] Game join succeeded.
2025-02-02T17:42:42.911Z,9.911596,eec000,6 [FLog::GameJoinUtil] GameJoinUtil::processing join parameters
2025-02-02T17:42:42.983Z,9.983163,fef000,7 [FLog::Network] NetworkClient:Create
2025-02-02T17:42:42.984Z,9.984101,fef000,6 [FLog::GameJoinUtil] Null EventId
2025-02-02T17:42:42.984Z,9.984203,fef000,10 [DFLog::KeyRing] Parsed config created at: 11:59 4/1/2024.
2025-02-02T17:42:42.986Z,9.986770,fef000,6 [FLog::Output] AnalyticsSessionId is 19742674-4ac8-4002-b78a-797ab1f01fad.
2025-02-02T17:42:42.986Z,9.986828,fef000,6 [FLog::Output] ! Joining game '1961f8c9-d4ea-439a-b7b9-2fba01a7a0d2' place 10449761463 at 10.206.11.207
2025-02-02T17:42:42.986Z,9.986866,fef000,6 [FLog::GameJoinLoadTime] Report game_join_loadtime: sid:19742674-4ac8-4002-b78a-797ab1f01fad, clienttime:1738518163.0999999046, join_time:9.0317317599999995537, referral_page:RequestPrivateGame, placeid:10449761463, userid:3047960021, universeid:3808081382, 
2025-02-02T17:42:42.989Z,9.989194,fef000,7 [FLog::Network] Client will attempt to connect following server endpoints with threadSleepTime(-1)
2025-02-02T17:42:42.989Z,9.989224,fef000,7 [FLog::Network] UDMUX Address = 128.116.5.33, Port = 51368 | RCC Server Address = 10.206.11.207, Port = 51368
2025-02-02T17:42:42.991Z,9.991523,fef000,7 [FLog::Network] binding socket on inaddr_any:0

2025-02-02T17:42:43.003Z,10.003057,fef000,6 [FLog::Output] Connecting to UDMUX server 128.116.5.33:51368, and RCC server 10.206.11.207:51368
2025-02-02T17:42:43.129Z,10.129074,fef000,6 [FLog::Output] Connection accepted from 128.116.5.33|51368
2025-02-02T17:42:43.130Z,10.130826,fef000,7 [FLog::Network] serverId: 128.116.5.33|51368
2025-02-02T17:42:43.130Z,10.130925,fef000,7 [FLog::Network] Replicator created for player 128.116.5.33|51368
2025-02-02T17:42:43.130Z,10.130939,fef000,7 [FLog::Network] Replicator created: 0x7ff409ddaea0
2025-02-02T17:42:43.299Z,10.299479,fef000,7 [FLog::Network] Time taken to initialize schema = 5.813801 ms
2025-02-02T17:42:43.299Z,10.299594,fef000,7 [FLog::Network] Assigned peer id = 4
2025-02-02T17:42:43.299Z,10.299850,fef000,7 [FLog::Network] Join snapshot timer: 0.238847
2025-02-02T17:42:43.479Z,10.479367,eec000,6 [FLog::DataModelPatchConfigurer] OTAPollingEnabled set to: false
2025-02-02T17:42:43.479Z,10.479834,eec000,6 [FLog::DataModelPatchConfigurer] [_DataModelPatch] Update OTA config
2025-02-02T17:42:43.498Z,10.498237,eec000,6,Info [FLog::AudioFocusManager] AudioFocusManager::AudioFocusManager() constructor
2025-02-02T17:42:43.498Z,10.498274,eec000,6,Info [FLog::AudioFocusService] AudioFocusService::AudioFocusService() constructor
2025-02-02T17:42:43.498Z,10.498284,eec000,6,Info [FLog::AudioFocusService] AudioFocusService onServiceProvider invokation
2025-02-02T17:42:43.498Z,10.498292,eec000,6,Info [FLog::AudioFocusService] AudioFocusService::AudioFocusService() onServiceProvider setup
2025-02-02T17:42:43.644Z,10.644909,c60000,6 [FLog::DataModelPatchConfigurer] [_DataModelPatch] Update OTA succeeded: {"SchemaVersion":"1","CanaryUserIds":[],"CanaryPercentage":0}
2025-02-02T17:42:43.644Z,10.644953,c60000,6 [FLog::DataModelPatchConfigurer] [_DataModelPatch] Update OTA config not deployed
2025-02-02T17:42:43.771Z,10.771630,4ea5efc0,6 [FLog::Graphics] Future is bright shadows
2025-02-02T17:42:43.967Z,10.967819,c60000,6,Critical [DFLog::RbxStorage] RbxStorage::init [INIT] availableDiskSpace: 66683772928 bytes, oldCacheSize: -1 bytes, elapsed: 0.039 ms
2025-02-02T17:42:43.990Z,10.990417,c60000,6,Error [DFLog::SQLite] sqlite3_error_log: 283 - recovered 229 frames from WAL file /private/var/folders/83/3w46ryz13191t1qd7k9xctdm0000gn/T/Roblox/rbx-storage.db-wal
2025-02-02T17:42:43.993Z,10.993166,c60000,6,Critical [DFLog::RbxStorage] RbxStorage::init [DONE] name: TelemetryCache(SqliteCache+TelemetryCache(FileCache)), duration: 24.889 ms, dbOpenCount: 6, dbMaxMemory: 0.260 MiB, dbTotalSize: 0.000 MiB, dbNumItems: 1, fileTotalSize: 0.000 MiB, fileNumItems: 0
2025-02-02T17:42:44.076Z,11.076581,4ea5efc0,6 [FLog::Graphics] Terrain TextureArray 512x512, arraySize: 36, mip: 10
2025-02-02T17:42:44.226Z,11.226690,eec000,6 [FLog::Output] INTERPRETER LOADED 90.1879075671
2025-02-02T17:42:44.240Z,11.240685,eec000,6 [FLog::Output] Server RobloxGitHash: 6874f45ec658019a67f19ab7de6e688c50292b01
2025-02-02T17:42:44.240Z,11.240717,eec000,6 [FLog::Output] Server Prefix: 0.658.0.6580461_20250202T174212Z_RCC_dd359
2025-02-02T17:42:44.362Z,11.362738,eec000,6 [FLog::Output] REPLICATION LOADED 0.15734100341796875
2025-02-02T17:42:44.504Z,11.504492,eec000,6 [FLog::Output] CLIENT LOADED 0.2333669662475586
2025-02-02T17:42:46.385Z,13.385368,fef000,6 [FLog::Output] 


⚽ [KJ] The Strongest Battlegrounds uses TopbarPlus v2.9.1
🍍 TopbarPlus was developed by ForeverHD and the Nanoblox Team
🚀 You can learn more and take a free copy by searching for 'TopbarPlus' on the DevForum


2025-02-02T17:42:48.538Z,15.538703,c60000,6 [FLog::Error] Asset (Image) "https://assetdelivery.roblox.com/v1/asset?id=7216855364'" load failed in Workspace.paninorealaccount009.Left Arm.WaterPalm.ConstantEmit.3.Texture: Request failed
2025-02-02T17:42:48.538Z,15.538773,c60000,12 [DFLog::HttpTraceError] HttpResponse(#594 0x7ff3a4337a20) time:162.5ms (net:144.6ms callback:0.2ms timeInRetryQueue:0.0ms)status:404 Not Found bodySize:63 url:{ "https://assetdelivery.roblox.com/v1/asset?id=7216855364'" } ip:128.116.44.3 external:0 numberOfTimesRetried:0
2025-02-02T17:42:53.970Z,20.970322,1610000,6 [FLog::Error] Asset (Animation) "rbxassetid://0" load failed in Animation.AnimationId: Animation failed to load
2025-02-02T17:42:53.970Z,20.970371,1610000,6 [FLog::Error] Error: Failed to load animation with sanitized ID rbxassetid://0: Animation failed to load, assetId: https://assetdelivery.roblox.com/v1/asset?id=0&serverplaceid=10449761463
2025-02-02T17:43:26.863Z,53.863846,4ea5efc0,6 [FLog::Error] Asset (Image) "" load failed in Workspace.Live.Weakest Dummy.Torso.roblox.Texture: Unexpected URL
2025-02-02T17:44:36.046Z,123.046783,c60000,6 [FLog::Output] Settings Date header was Sun, 02 Feb 2025 17:44:28 GMT
2025-02-02T17:44:36.047Z,123.047539,c60000,6 [FLog::Output] Settings Date timestamp is 1738518268
2025-02-02T17:46:36.199Z,243.199417,c60000,6 [FLog::Output] Settings Date header was Sun, 02 Feb 2025 17:46:36 GMT
2025-02-02T17:46:36.200Z,243.200150,c60000,6 [FLog::Output] Settings Date timestamp is 1738518396
2025-02-02T17:46:37.417Z,244.417618,fef000,6,Warning [DFLog::DMNotificationMonitor] DM notification received. Type 35
2025-02-02T17:46:37.434Z,244.434387,4ea5efc0,6 [FLog::SingleSurfaceApp] leaveUGCGame: (stage:UGCGame) blocking=0.
2025-02-02T17:46:37.434Z,244.434418,4ea5efc0,6 [FLog::SingleSurfaceApp] leaveUGCGameInternal
2025-02-02T17:46:37.435Z,244.435806,4ea5efc0,6 [FLog::SurfaceController] stop
2025-02-02T17:46:37.435Z,244.435822,4ea5efc0,6 [FLog::SurfaceController] drainRenderingJobs
2025-02-02T17:46:37.435Z,244.435867,4ea5efc0,6 [FLog::SurfaceController] SurfaceController::RenderJob[_:1]::~RenderJob
2025-02-02T17:46:37.448Z,244.448044,4ea5efc0,6,Info [FLog::UgcExperienceController] UgcExperienceController: destroyCaptureModeDataModelIfExists: begin
2025-02-02T17:46:37.448Z,244.448090,4ea5efc0,6,Info [FLog::UgcExperienceController] UgcExperienceController: destroyCaptureModeDataModelIfExists: end
2025-02-02T17:46:37.448Z,244.448105,4ea5efc0,6,Info [FLog::UgcExperienceController] UgcExperienceController: stop: begin (blocking=false dataModel=0x7ff3b9712200)
2025-02-02T17:46:37.448Z,244.448135,4ea5efc0,6,Info [FLog::UgcExperienceController] UgcExperienceController: sendAnalyticsBeforeLeave: sending event None_None
2025-02-02T17:46:37.448Z,244.448196,4ea5efc0,6,Info [FLog::CrossExperienceVoiceController] CrossExperienceVoiceController: onCoordinatorTransitionEvent Stopped - Ugc
2025-02-02T17:46:37.448Z,244.448212,4ea5efc0,6,Info [FLog::CrossExperienceVoiceController] CrossExperienceVoiceController: removing all observers for type Ugc
2025-02-02T17:46:37.449Z,244.449066,4ea5efc0,6 [FLog::SingleSurfaceApp] setStage: (stage:Native)
2025-02-02T17:46:37.449Z,244.449081,4ea5efc0,6 [DFLog::SignalRCoreError] ID: 1 Disconnected - stop() called
2025-02-02T17:46:37.452Z,244.452896,eec000,7 [FLog::Network] Client:Disconnect
2025-02-02T17:46:37.455Z,244.455841,eec000,7 [FLog::Network] Time to disconnect replication data: 2.916288
2025-02-02T17:46:37.456Z,244.456741,eec000,7 [FLog::Network] Sending disconnect with reason: 285
2025-02-02T17:46:37.456Z,244.456787,eec000,7 [FLog::Network] Sending disconnect with reason: 285
2025-02-02T17:46:37.456Z,244.456802,127b000,7 [FLog::Network] Sending disconnect with reason: 285
2025-02-02T17:46:37.456Z,244.456879,127b000,7 [FLog::Network] Connection lost
2025-02-02T17:46:37.456Z,244.456894,127b000,7 [FLog::Network] Connection lost: connectMode: Disconnect ASAP, timeMS:244456, connectionTime 10077
2025-02-02T17:46:37.456Z,244.456909,127b000,7 [FLog::Network] Connection lost: AckTimeout 0, IsOutgoingDataWaiting 0
2025-02-02T17:46:37.456Z,244.456909,127b000,7 [FLog::Network] Disconnection Notification. Reason: 285
2025-02-02T17:46:38.072Z,245.072510,eec000,6,Info [FLog::AudioFocusService] AudioFocusService onServiceProvider invokation
2025-02-02T17:46:38.072Z,245.072556,eec000,6,Info [FLog::AudioFocusService] AudioFocusService::AudioFocusService() onServiceProvider teardown
2025-02-02T17:46:38.072Z,245.072723,eec000,7 [FLog::Network] Client:Disconnect
2025-02-02T17:46:38.193Z,245.193314,eec000,6,Info [FLog::AudioFocusService] AudioFocusService::AudioFocusService() destructor
2025-02-02T17:46:38.195Z,245.195755,eec000,7 [FLog::Network] NetworkClient:Remove
2025-02-02T17:46:38.195Z,245.195786,eec000,7 [DFLog::MegaReplicatorLogDisconnectCleanUpLog] Destroying MegaReplicator.
2025-02-02T17:46:38.573Z,245.573715,10f2000,7 [FLog::Network] Replicator destroyed: 0x7ff409ddaea0
2025-02-02T17:46:39.336Z,246.336304,4ea5efc0,6 [FLog::SingleSurfaceApp] shutDown: (stage:Native).
2025-02-02T17:46:39.336Z,246.336349,4ea5efc0,6 [FLog::SingleSurfaceApp] destroyLuaApp: (stage:Native) blocking:true.
2025-02-02T17:46:39.336Z,246.336380,4ea5efc0,6,Warning [FLog::CrossExperienceVoiceController] CrossExperienceVoiceController: finalize: Did not finalize due to state.
2025-02-02T17:46:39.336Z,246.336395,4ea5efc0,6,Info [FLog::UgcExperienceController] UgcExperienceController: finalized
2025-02-02T17:46:39.336Z,246.336411,4ea5efc0,6,Warning [FLog::SingleSurfaceApp] destroyLuaApp: (stage:Native)... finished destroying luaApp.
2025-02-02T17:46:39.336Z,246.336426,4ea5efc0,6 [FLog::SingleSurfaceApp] setStage: (stage:None)
2025-02-02T17:46:39.336Z,246.336441,4ea5efc0,6 [FLog::SingleSurfaceApp] destroy controllers
2025-02-02T17:46:39.336Z,246.336472,4ea5efc0,6,Info [FLog::CrossExperienceVoiceController] CrossExperienceVoiceController::CrossExperienceVoiceController()
2025-02-02T17:46:39.336Z,246.336502,4ea5efc0,6,Info [FLog::UgcExperienceController] UgcExperienceController::~UgcExperienceController()
2025-02-02T17:46:39.336Z,246.336533,4ea5efc0,6 [FLog::SurfaceController] SurfaceController[_:1]::~SurfaceController, count: 0
2025-02-02T17:46:39.336Z,246.336548,4ea5efc0,6,Warning [FLog::Graphics] RenderView destroyed[1]
2025-02-02T17:46:39.374Z,246.374634,4ea5efc0,6 [FLog::SingleSurfaceApp] setStage: (stage:Native)
