2025-02-03T16:04:41.373Z,0.373114,5b5c3fc0,6 [FLog::MacLuaApp] (AppDelegate) application:openURLs:(
    "roblox-player:1+launchmode:play+gameinfo:f-_L0nhD54fiIarIrdm7GdRy_Ah3FzcA4eXNkGym88_4Ru5ib42REJpaEjJn-h473gk9_eidfAsib-3Z2CSJgPKVpuA0sPs1FvsVDFQZxMYEMe0WsJb-ODldxwisyK1_zO5Bbv0fEsnUtUOuCi9Ijj0nHUikHwJJNel4hs1uB2QhXp1rhiyY6lLJuKOAmwyA9lxoNpjUKezK_Gbt029L0Lxuk7_CjUr09KN8R0fRFwc+launchtime:1738598679701+placelauncherurl:https%3A%2F%2Fwww.roblox.com%2FGame%2FPlaceLauncher.ashx%3Frequest%3DRequestPrivateGame%26browserTrackerId%3D1738344328674006%26placeId%3D16732694052%26accessCode%3D31335fba-9067-48a4-84e2-0f700ab43334%26joinAttemptId%3D1528a89d-487a-48a2-ae4e-fb828b36a829%26joinAttemptOrigin%3DprivateServerListJoin+browsertrackerid:1738344328674006+robloxLocale:en_us+gameLocale:en_us+channel:+LaunchExp:InApp"
)
2025-02-03T16:04:41.373Z,0.373470,5b5c3fc0,6 [FLog::MacLuaApp] (AppDelegate) application:openURLs handling web launch
2025-02-03T16:04:41.373Z,0.373553,5b5c3fc0,6 [FLog::MacLuaApp] (AppDelegate) Argument 1 = launchmode:play
2025-02-03T16:04:41.373Z,0.373570,5b5c3fc0,6 [FLog::MacLuaApp] (AppDelegate) Argument 2 = gameinfo:f-_L0nhD54fiIarIrdm7GdRy_Ah3FzcA4eXNkGym88_4Ru5ib42REJpaEjJn-h473gk9_eidfAsib-3Z2CSJgPKVpuA0sPs1FvsVDFQZxMYEMe0WsJb-ODldxwisyK1_zO5Bbv0fEsnUtUOuCi9Ijj0nHUikHwJJNel4hs1uB2QhXp1rhiyY6lLJuKOAmwyA9lxoNpjUKezK_Gbt029L0Lxuk7_CjUr09KN8R0fRFwc
2025-02-03T16:04:41.373Z,0.373583,5b5c3fc0,6 [FLog::MacLuaApp] (AppDelegate) Argument 3 = launchtime:1738598679701
2025-02-03T16:04:41.373Z,0.373595,5b5c3fc0,6 [FLog::MacLuaApp] (AppDelegate) Argument 4 = placelauncherurl:https%3A%2F%2Fwww.roblox.com%2FGame%2FPlaceLauncher.ashx%3Frequest%3DRequestPrivateGame%26browserTrackerId%3D1738344328674006%26placeId%3D16732694052%26accessCode%3D31335fba-9067-48a4-84e2-0f700ab43334%26joinAttemptId%3D1528a89d-487a-48a2-ae4e-fb828b36a829%26joinAttemptOrigin%3DprivateServerListJoin
2025-02-03T16:04:41.373Z,0.373605,5b5c3fc0,6 [FLog::MacLuaApp] (AppDelegate) Argument 5 = browsertrackerid:1738344328674006
2025-02-03T16:04:41.373Z,0.373615,5b5c3fc0,6 [FLog::MacLuaApp] (AppDelegate) Argument 6 = robloxLocale:en_us
2025-02-03T16:04:41.373Z,0.373625,5b5c3fc0,6 [FLog::MacLuaApp] (AppDelegate) Argument 7 = gameLocale:en_us
2025-02-03T16:04:41.373Z,0.373634,5b5c3fc0,6 [FLog::MacLuaApp] (AppDelegate) Argument 8 = channel:
2025-02-03T16:04:41.373Z,0.373659,5b5c3fc0,6 [FLog::Output] Saved channel '' to 'com.roblox.RobloxPlayerChannel' for baseUrl 'www.roblox.com'
2025-02-03T16:04:41.373Z,0.373687,5b5c3fc0,6 [FLog::Output] RobloxChannel has been set to production
2025-02-03T16:04:41.373Z,0.373697,5b5c3fc0,6 [FLog::MacLuaApp] (AppDelegate) Argument 9 = LaunchExp:InApp
2025-02-03T16:04:41.373Z,0.373750,5b5c3fc0,6 [FLog::MacLuaApp] (AppDelegate) reportClientStatus url: https://www.roblox.com/client-status/set?browserTrackerId=1738344328674006&status=BootstrapperInstalling
2025-02-03T16:04:41.375Z,0.375042,5b5c3fc0,6 [FLog::MacLuaApp] (AppDelegate) application:openURLs cold launch. Defer web launch until after initialization is complete.
2025-02-03T16:04:41.375Z,0.375149,5b5c3fc0,6 [FLog::Output] (AppDelegate) applicationDidFinishLaunching
2025-02-03T16:04:41.375Z,0.375408,5b5c3fc0,6,Info [FLog::UpdateController] UpdateController: versionQueryUrl: https://clientsettingscdn.roblox.com/v2/client-version/MacPlayer
2025-02-03T16:04:41.375Z,0.375439,5b5c3fc0,6,Info [FLog::UpdateController] MacUpdateController: updaterFullPath: /Applications/Roblox.app/Contents/MacOS/RobloxPlayerInstaller.app/Contents/MacOS/RobloxPlayerInstaller
2025-02-03T16:04:41.375Z,0.375496,f6f9000,6,Info [FLog::UpdateController] Update check thread started
2025-02-03T16:04:41.375Z,0.375532,f6f9000,6,Info [FLog::UpdateController] Checking if updater exists at /Applications/Roblox.app/Contents/MacOS/RobloxPlayerInstaller.app/Contents/MacOS/RobloxPlayerInstaller. Returning 1
2025-02-03T16:04:41.375Z,0.375557,5b5c3fc0,6 [FLog::Output] settingsUrl: https://clientsettingscdn.roblox.com/v2/settings-compressed/application/MacDesktopClient/876303bc5322fbc5499ad5d572b4a57fc6305ca10adf81769b9121c45b7d3a38.dcz
2025-02-03T16:04:41.451Z,0.451083,5b5c3fc0,6 [FLog::Output] Settings Date header was Mon, 03 Feb 2025 16:04:22 GMT
2025-02-03T16:04:41.451Z,0.451155,5b5c3fc0,6 [FLog::Output] Settings Date timestamp is 1738598662
2025-02-03T16:04:41.452Z,0.452835,f6f9000,6,Debug [FLog::UpdateController] version response: {"version":"0.658.0.6580461","clientVersionUpload":"version-4c01fa4a41074574","bootstrapperVersion":"6580461"}
2025-02-03T16:04:41.452Z,0.452942,f6f9000,6,Info [FLog::UpdateController] Update check thread: updateRequired FALSE
2025-02-03T16:04:41.462Z,0.462829,5b5c3fc0,6 [FLog::ClientRunInfo] RobloxGitHash: 6874f45ec658019a67f19ab7de6e688c50292b01
2025-02-03T16:04:41.462Z,0.462981,5b5c3fc0,6 [FLog::ClientRunInfo] The base url is https://www.roblox.com/
2025-02-03T16:04:41.462Z,0.462993,5b5c3fc0,6 [FLog::ClientRunInfo] The channel is production
2025-02-03T16:04:41.474Z,0.474596,5b5c3fc0,6 [FLog::Output] *******
** Validated reflection database in 6.597830 ms, found 5363 entries with the following skipped: 0 enums, 0 properties, 0 functions, 0 events, 0 callbacks, 0 classes.
*******

2025-02-03T16:04:41.475Z,0.475466,5b5c3fc0,6 [FLog::Output] (AppDelegate) Universal App on Mac: initialize...
2025-02-03T16:04:41.475Z,0.475497,5b5c3fc0,6 [FLog::Output] syncCookiesFromNativeToEngine was skipped
2025-02-03T16:04:41.475Z,0.475566,5b5c3fc0,6 [FLog::Output] Current file descriptor limit is 2560, no need to increase
2025-02-03T16:04:41.475Z,0.475579,5b5c3fc0,6 [FLog::Output] (AppDelegate) web browserTrackerId = [1738344328674006].
2025-02-03T16:04:41.477Z,0.477652,5b5c3fc0,6 [FLog::Output] syncCookiesFromEngineToNative was skipped
2025-02-03T16:04:41.477Z,0.477680,5b5c3fc0,6 [FLog::Output] (AppDelegate) launchTimeMillis = [-1650]
2025-02-03T16:04:41.478Z,0.478265,5b5c3fc0,6,Info [FLog::PerformanceControlUtil] PerformanceControlUtil: registered single surface tunable (id=0)
2025-02-03T16:04:41.478Z,0.478500,5b5c3fc0,6 [FLog::SingleSurfaceApp] initializeWithAppStarter
2025-02-03T16:04:41.478Z,0.478518,5b5c3fc0,6 [FLog::SingleSurfaceApp] initializeSingleton
2025-02-03T16:04:41.479Z,0.479102,5b5c3fc0,6 [FLog::Output] setAssetFolder /Applications/Roblox.app/Contents/Resources/content/
2025-02-03T16:04:41.479Z,0.479323,5b5c3fc0,6 [FLog::Output] setExtraAssetFolder /Applications/Roblox.app/Contents/Resources/ExtraContent
2025-02-03T16:04:41.479Z,0.479719,5b5c3fc0,6 [FLog::Output] Evaluating deferred inferred crashes
2025-02-03T16:04:41.480Z,0.480331,5b5c3fc0,6 [FLog::SingleSurfaceApp] setStage: (stage:Native)
2025-02-03T16:04:41.480Z,0.480370,5b5c3fc0,6 [FLog::SingleSurfaceApp] setLocale
2025-02-03T16:04:41.480Z,0.480384,5b5c3fc0,6,Warning [FLog::SingleSurfaceApp] instantiate controllers
2025-02-03T16:04:41.480Z,0.480393,5b5c3fc0,6 [FLog::SurfaceController] SurfaceController[_:1]::SurfaceController, count: 1
2025-02-03T16:04:41.480Z,0.480403,5b5c3fc0,6,Warning [FLog::SingleSurfaceApp] instantiate experience coordinator
2025-02-03T16:04:41.480Z,0.480460,5b5c3fc0,6,Info [FLog::PerformanceControlUtil] PerformanceControlUtil: registered single surface tunable (id=1)
2025-02-03T16:04:41.480Z,0.480473,5b5c3fc0,6,Info [FLog::CrossExperienceVoiceController] CrossExperienceVoiceController::CrossExperienceVoiceController() constructor
2025-02-03T16:04:41.507Z,0.507689,f77c000,6,Warning [FLog::HttpOpenTelemetryTracing] No active span to end
2025-02-03T16:04:41.507Z,0.507751,f77c000,12 [DFLog::HttpTraceError] HttpResponse(#0 0x7fd0822afc20) time:176.2ms (net:175.7ms callback:0.0ms timeInRetryQueue:0.0ms)status:404 Not Found bodySize:0 url:{ "https://accountsettings.roblox.com/" } ip:128.116.44.3 external:1 numberOfTimesRetried:0
2025-02-03T16:04:41.519Z,0.519064,f77c000,6,Warning [FLog::HttpOpenTelemetryTracing] No active span to end
2025-02-03T16:04:41.519Z,0.519124,f77c000,12 [DFLog::HttpTraceError] HttpResponse(#7 0x7fd0822d6020) time:187.1ms (net:186.9ms callback:0.0ms timeInRetryQueue:0.0ms)status:404 Not Found bodySize:0 url:{ "https://users.roblox.com/" } ip:128.116.44.3 external:1 numberOfTimesRetried:0
2025-02-03T16:04:41.531Z,0.531114,f77c000,6,Warning [FLog::HttpOpenTelemetryTracing] No active span to end
2025-02-03T16:04:41.531Z,0.531192,f77c000,12 [DFLog::HttpTraceError] HttpResponse(#6 0x7fd0822d5a20) time:199.2ms (net:199.0ms callback:0.0ms timeInRetryQueue:0.0ms)status:404 Not Found bodySize:0 url:{ "https://users.roblox.com/" } ip:128.116.44.3 external:1 numberOfTimesRetried:0
2025-02-03T16:04:41.539Z,0.539741,f77c000,6,Warning [FLog::HttpOpenTelemetryTracing] No active span to end
2025-02-03T16:04:41.539Z,0.539782,f77c000,12 [DFLog::HttpTraceError] HttpResponse(#5 0x7fd0822d5420) time:207.9ms (net:207.6ms callback:0.0ms timeInRetryQueue:0.0ms)status:404 Not Found bodySize:0 url:{ "https://locale.roblox.com/" } ip:128.116.123.3 external:1 numberOfTimesRetried:0
2025-02-03T16:04:41.573Z,0.573988,f77c000,6,Warning [FLog::HttpOpenTelemetryTracing] No active span to end
2025-02-03T16:04:41.574Z,0.574068,f77c000,12 [DFLog::HttpTraceError] HttpResponse(#2 0x7fd0822c7620) time:242.1ms (net:241.9ms callback:0.0ms timeInRetryQueue:0.0ms)status:404 Not Found bodySize:0 url:{ "https://apis.roblox.com/" } ip:128.116.44.3 external:1 numberOfTimesRetried:0
2025-02-03T16:04:41.611Z,0.611490,f77c000,6,Warning [FLog::HttpOpenTelemetryTracing] No active span to end
2025-02-03T16:04:41.611Z,0.611547,f77c000,12 [DFLog::HttpTraceError] HttpResponse(#4 0x7fd0822d4e20) time:279.6ms (net:279.3ms callback:0.0ms timeInRetryQueue:0.0ms)status:404 Not Found bodySize:0 url:{ "https://apis.roblox.com/" } ip:128.116.44.3 external:1 numberOfTimesRetried:0
2025-02-03T16:04:41.634Z,0.634441,f77c000,6,Warning [FLog::HttpOpenTelemetryTracing] No active span to end
2025-02-03T16:04:41.634Z,0.634514,f77c000,12 [DFLog::HttpTraceError] HttpResponse(#1 0x7fd0822b8420) time:302.6ms (net:302.3ms callback:0.0ms timeInRetryQueue:0.0ms)status:404 Not Found bodySize:0 url:{ "https://apis.roblox.com/" } ip:128.116.44.3 external:1 numberOfTimesRetried:0
2025-02-03T16:04:41.634Z,0.634535,f77c000,6,Warning [FLog::HttpOpenTelemetryTracing] No active span to end
2025-02-03T16:04:41.634Z,0.634555,f77c000,12 [DFLog::HttpTraceError] HttpResponse(#3 0x7fd0822d4820) time:302.6ms (net:302.3ms callback:0.0ms timeInRetryQueue:0.0ms)status:404 Not Found bodySize:0 url:{ "https://apis.roblox.com/" } ip:128.116.44.3 external:1 numberOfTimesRetried:0
2025-02-03T16:04:41.954Z,0.954267,5b5c3fc0,6 [FLog::SingleSurfaceApp] launchUGCGame: (stage:Native).
2025-02-03T16:04:41.954Z,0.954306,5b5c3fc0,6 [FLog::SingleSurfaceApp] launchUGCGameInternal
2025-02-03T16:04:41.955Z,0.955895,5b5c3fc0,6 [FLog::SingleSurfaceApp] applyLocale
2025-02-03T16:04:41.955Z,0.955910,5b5c3fc0,6,Info [FLog::UgcExperienceController] UgcExperienceController: initialize:
2025-02-03T16:04:41.956Z,0.956964,5b5c3fc0,6 [FLog::DataModelPatchConfigurer] [_DataModelPatch] Load configs for user key: app:1423803869895817846
2025-02-03T16:04:41.958Z,0.958074,5b5c3fc0,6 [FLog::DataModelPatchConfigurer] [_DataModelPatch] Retrieving patch
2025-02-03T16:04:41.958Z,0.958090,5b5c3fc0,6 [FLog::DataModelPatchConfigurer] getCachedPatch DataModelPatchConfig : type=1, assetId=5345954812, assetVersion=10769, maxAppVersion=658, localAssetURI=rbxasset://models/DataModelPatch/DataModelPatch.rbxm
2025-02-03T16:04:41.958Z,0.958100,5b5c3fc0,6 [FLog::DataModelPatchConfigurer] getCachedPatch : numAttempts=10
2025-02-03T16:04:41.958Z,0.958141,5b5c3fc0,6 [FLog::DataModelPatchConfigurer] getCachedPatch : contentId=rbxasset://models/DataModelPatch/DataModelPatch.rbxm
2025-02-03T16:04:41.958Z,0.958151,5b5c3fc0,6 [FLog::DataModelPatchConfigurer] getCachedPatch : get patch from content provider for Model
2025-02-03T16:04:41.958Z,0.958233,5b5c3fc0,6 [FLog::DataModelPatchConfigurer] deserializeAndVerifyPatch with blake3
2025-02-03T16:04:42.245Z,1.245352,5b5c3fc0,6,Warning [DFLog::BootcampCLI139737Log] Hello world!!!!!!!!!!!!!!!!!!!!
2025-02-03T16:04:42.350Z,1.350584,5b5c3fc0,6,Info [FLog::Audio] OutputDevice 0: Cuffie esterne [BuiltIn] 48000/2
2025-02-03T16:04:42.427Z,1.427539,5b5c3fc0,6,Info [FLog::Audio] InputDevice 0: Microfono esterno({af0144be-277e-8cc3-0000000000000000}) 48000/1/4
2025-02-03T16:04:42.427Z,1.427593,5b5c3fc0,6,Info [FLog::Audio] InputDevice 1: Microfono iMac({50eb3c32-f018-032c-0000000000000000}) 48000/1/4
2025-02-03T16:04:42.442Z,1.442026,5b5c3fc0,6,Info [FLog::UgcExperienceController] UgcExperienceController: join: initialized dm 0x7fd08296da00
2025-02-03T16:04:42.442Z,1.442068,5b5c3fc0,6 [FLog::GameJoinUtil] GameJoinUtil::joinGame
2025-02-03T16:04:42.442Z,1.442153,5b5c3fc0,6 [FLog::GameJoinUtil] GameJoinUtil::joinGamePostPrivateServer: URL: https://gamejoin.roblox.com/v1/join-private-game BODY: {"placeId":16732694052,"gameJoinAttemptId":"1528a89d-487a-48a2-ae4e-fb828b36a829","accessCode":"31335fba-9067-48a4-84e2-0f700ab43334"}
2025-02-03T16:04:42.442Z,1.442210,5b5c3fc0,6 [FLog::GameJoinUtil] GameJoinUtil::makePlaceLauncherRequest: requestCount: 0, url: https://gamejoin.roblox.com/v1/join-private-game.
2025-02-03T16:04:42.442Z,1.442230,5b5c3fc0,6 [FLog::GameJoinUtil] Delaying request by 0.00 seconds
2025-02-03T16:04:42.442Z,1.442280,5b5c3fc0,6,Info [FLog::CrossExperienceVoiceController] CrossExperienceVoiceController: onCoordinatorTransitionEvent Started - Ugc
2025-02-03T16:04:42.442Z,1.442373,5b5c3fc0,6 [FLog::SurfaceController] [_:1]::replaceDataModel: (stage:0, window = 0x7fd07e79cf60) [tid:0x7fd080809560]
2025-02-03T16:04:42.442Z,1.442796,5b5c3fc0,6,Warning [FLog::Graphics] RenderView created[1]
2025-02-03T16:04:42.444Z,1.444958,5b5c3fc0,6 [FLog::Graphics] Metal renderer: AMD Radeon Pro 5300
2025-02-03T16:04:42.444Z,1.444989,5b5c3fc0,6 [channel] Caps: ThreadSafe 1 Framebuffer 1 FpFramebuffer 1 Shaders 1 Compute 1 Instancing 1 PerInstanceStream 1 ConstBuffers 1
2025-02-03T16:04:42.444Z,1.444998,5b5c3fc0,6 [channel] Caps: Framebuffer: MRT 4 MSAA 8 Stencil 1
2025-02-03T16:04:42.445Z,1.445005,5b5c3fc0,6 [channel] Caps: Framebuffer: Depth16 1 Depth24 1 DepthFloat 1 DepthClamp 1
2025-02-03T16:04:42.445Z,1.445011,5b5c3fc0,6 [channel] Caps: Border Color 1
2025-02-03T16:04:42.445Z,1.445017,5b5c3fc0,6 [channel] Caps: Texture: RGB10A2 1 RG11B10F 1 R16I 1
2025-02-03T16:04:42.445Z,1.445022,5b5c3fc0,6 [channel] Caps: Texture: BC6H 1 ASTC HDR 0
2025-02-03T16:04:42.445Z,1.445028,5b5c3fc0,6 [channel] Caps: Texture: DXT 1 PVR 0 ETC1 0 ETC2 0 Half 1
2025-02-03T16:04:42.445Z,1.445033,5b5c3fc0,6 [channel] Caps: Texture: 3D 1 Array 1 Depth 1 MSAA 1 MSAAFP16 8
2025-02-03T16:04:42.445Z,1.445039,5b5c3fc0,6 [channel] Caps: Texture: NPOT 1 PartialMips 1 CubeMipGen 1 CubeFramebuffer 1
2025-02-03T16:04:42.445Z,1.445045,5b5c3fc0,6 [channel] Caps: Texture: Size 8192 Units 32 VertexUnits 32
2025-02-03T16:04:42.445Z,1.445050,5b5c3fc0,6 [channel] Caps: ConstantBufferSize 65536
2025-02-03T16:04:42.445Z,1.445056,5b5c3fc0,6 [channel] Caps: isAppleGPU 0
2025-02-03T16:04:42.445Z,1.445061,5b5c3fc0,6 [channel] Caps: 32bIdx 1 Memoryless 0
2025-02-03T16:04:42.445Z,1.445067,5b5c3fc0,6 [channel] Caps: ColorBGR 0 RTFlip 0 MinusOneToOneDepth 0
2025-02-03T16:04:42.449Z,1.449373,5b5c3fc0,6 [FLog::Graphics] Metal: creating framebuffer 5120x2528
2025-02-03T16:04:42.449Z,1.449422,5b5c3fc0,6 [FLog::Graphics] Video memory size: 2147483648
2025-02-03T16:04:42.496Z,1.496395,fd97000,6,Info [FLog::UgcExperienceController] UgcExperienceController: submitStartGameTask: scrips are loaded 0x7fd08296da00
2025-02-03T16:04:42.502Z,1.502746,5b5c3fc0,6 [FLog::Graphics] Loaded 1021 shaders from pack metal_osx variant default (7181513 bytes)
2025-02-03T16:04:42.502Z,1.502806,5b5c3fc0,6 [FLog::Graphics] Compiled 677 shaders in 53 ms
2025-02-03T16:04:42.523Z,1.523448,5b5c3fc0,6 [FLog::SurfaceController] SurfaceController::disableVR
2025-02-03T16:04:42.523Z,1.523560,5b5c3fc0,6 [FLog::SurfaceController] SurfaceController[_:1]::start dataModel(0x7fd08296da00)
2025-02-03T16:04:42.523Z,1.523586,5b5c3fc0,6 [FLog::SurfaceController] SurfaceController::RenderJob[_:1]::RenderJob
2025-02-03T16:04:42.523Z,1.523597,5b5c3fc0,6 [FLog::SurfaceController] SurfaceController[_:1]::run dataModel(0x7fd08296da00)
2025-02-03T16:04:42.523Z,1.523610,5b5c3fc0,6 [FLog::SingleSurfaceApp] setStage: (stage:UGCGame)
2025-02-03T16:04:42.523Z,1.523620,5b5c3fc0,6 [FLog::SingleSurfaceApp] userDidLogin
2025-02-03T16:04:42.523Z,1.523666,5b5c3fc0,6 [FLog::SingleSurfaceApp] applyLocale
2025-02-03T16:04:42.523Z,1.523685,fd97000,6 [FLog::Output] (AppDelegate) Doing machine id check.
2025-02-03T16:04:42.532Z,1.532608,fc94000,6 [FLog::SurfaceController] SurfaceController::RenderJob::stepDataModelJob: No DM yet. Continue...
2025-02-03T16:04:42.580Z,1.580933,5b5c3fc0,6 [FLog::SurfaceController] SurfaceController::RenderJob::scheduleRender: No data model. Bind workspace now...
2025-02-03T16:04:42.587Z,1.587290,5b5c3fc0,6 [FLog::Graphics] LayeredClothingMode updated: LC=1 HSR=1
2025-02-03T16:04:42.593Z,1.593528,5b5c3fc0,6 [FLog::Graphics] SceneManager: resizing main targets to 2560x1264
2025-02-03T16:04:42.662Z,1.662797,5b5c3fc0,6 [FLog::Graphics] Metal: resizing main framebuffer to 5120x2880
2025-02-03T16:04:42.667Z,1.667240,5b5c3fc0,6 [FLog::Graphics] SceneManager: resizing main targets to 2560x1440
2025-02-03T16:04:43.735Z,2.735288,fb91000,6 [FLog::GameJoinUtil] GameJoinUtil::makePlaceLauncherRequest, response:
{"jobId":"JoinPrivateGame:PlaceId=16732694052&AccessCode=31335fba-9067-48a4-84e2-0f700ab43334","status":0,"statusData":null,"joinScriptUrl":null,"authenticationUrl":null,"authenticationTicket":null,"message":null,"joinScript":null,"queuePosition":0}
status code: 200
httpErrorCode: 0
errorMessage: 

2025-02-03T16:04:43.735Z,2.735346,fb91000,6 [FLog::GameJoinUtil] GameJoinUtil::makePlaceLauncherRequest: requestCount: 1, url: https://gamejoin.roblox.com/v1/join-private-game.
2025-02-03T16:04:43.735Z,2.735372,fb91000,6 [FLog::GameJoinUtil] Delaying request by 1.00 seconds
2025-02-03T16:04:44.913Z,3.913433,fd97000,6 [FLog::GameJoinUtil] GameJoinUtil::makePlaceLauncherRequest, response:
{"jobId":null,"status":0,"statusData":null,"joinScriptUrl":null,"authenticationUrl":null,"authenticationTicket":null,"message":null,"joinScript":null,"queuePosition":0}
status code: 200
httpErrorCode: 0
errorMessage: 

2025-02-03T16:04:44.913Z,3.913537,fd97000,6 [FLog::GameJoinUtil] GameJoinUtil::makePlaceLauncherRequest: requestCount: 2, url: https://gamejoin.roblox.com/v1/join-private-game.
2025-02-03T16:04:44.913Z,3.913589,fd97000,6 [FLog::GameJoinUtil] Delaying request by 1.00 seconds
2025-02-03T16:04:46.081Z,5.081572,fb91000,6 [FLog::GameJoinUtil] GameJoinUtil::makePlaceLauncherRequest, response:
{"jobId":null,"status":0,"statusData":null,"joinScriptUrl":null,"authenticationUrl":null,"authenticationTicket":null,"message":null,"joinScript":null,"queuePosition":0}
status code: 200
httpErrorCode: 0
errorMessage: 

2025-02-03T16:04:46.081Z,5.081636,fb91000,6 [FLog::GameJoinUtil] GameJoinUtil::makePlaceLauncherRequest: requestCount: 3, url: https://gamejoin.roblox.com/v1/join-private-game.
2025-02-03T16:04:46.081Z,5.081665,fb91000,6 [FLog::GameJoinUtil] Delaying request by 1.03 seconds
2025-02-03T16:04:47.279Z,6.279997,fd97000,6 [FLog::GameJoinUtil] GameJoinUtil::makePlaceLauncherRequest, response:
{"jobId":null,"status":0,"statusData":null,"joinScriptUrl":null,"authenticationUrl":null,"authenticationTicket":null,"message":null,"joinScript":null,"queuePosition":0}
status code: 200
httpErrorCode: 0
errorMessage: 

2025-02-03T16:04:47.280Z,6.280074,fd97000,6 [FLog::GameJoinUtil] GameJoinUtil::makePlaceLauncherRequest: requestCount: 4, url: https://gamejoin.roblox.com/v1/join-private-game.
2025-02-03T16:04:47.280Z,6.280109,fd97000,6 [FLog::GameJoinUtil] Delaying request by 1.66 seconds
2025-02-03T16:04:49.113Z,8.113111,fd97000,6 [FLog::GameJoinUtil] GameJoinUtil::makePlaceLauncherRequest, response:
{"jobId":null,"status":0,"statusData":null,"joinScriptUrl":null,"authenticationUrl":null,"authenticationTicket":null,"message":null,"joinScript":null,"queuePosition":0}
status code: 200
httpErrorCode: 0
errorMessage: 

2025-02-03T16:04:49.113Z,8.113163,fd97000,6 [FLog::GameJoinUtil] GameJoinUtil::makePlaceLauncherRequest: requestCount: 5, url: https://gamejoin.roblox.com/v1/join-private-game.
2025-02-03T16:04:49.113Z,8.113184,fd97000,6 [FLog::GameJoinUtil] Delaying request by 1.88 seconds
2025-02-03T16:04:51.164Z,10.164021,fc94000,6 [FLog::GameJoinUtil] GameJoinUtil::makePlaceLauncherRequest, response:
{"jobId":null,"status":0,"statusData":null,"joinScriptUrl":null,"authenticationUrl":null,"authenticationTicket":null,"message":null,"joinScript":null,"queuePosition":0}
status code: 200
httpErrorCode: 0
errorMessage: 

2025-02-03T16:04:51.164Z,10.164126,fc94000,6 [FLog::GameJoinUtil] GameJoinUtil::makePlaceLauncherRequest: requestCount: 6, url: https://gamejoin.roblox.com/v1/join-private-game.
2025-02-03T16:04:51.164Z,10.164164,fc94000,6 [FLog::GameJoinUtil] Delaying request by 2.78 seconds
2025-02-03T16:04:54.115Z,13.115942,fb91000,6 [FLog::GameJoinUtil] GameJoinUtil::makePlaceLauncherRequest, response:
{"jobId":null,"status":0,"statusData":null,"joinScriptUrl":null,"authenticationUrl":null,"authenticationTicket":null,"message":null,"joinScript":null,"queuePosition":0}
status code: 200
httpErrorCode: 0
errorMessage: 

2025-02-03T16:04:54.116Z,13.116022,fb91000,6 [FLog::GameJoinUtil] GameJoinUtil::makePlaceLauncherRequest: requestCount: 7, url: https://gamejoin.roblox.com/v1/join-private-game.
2025-02-03T16:04:54.116Z,13.116057,fb91000,6 [FLog::GameJoinUtil] Delaying request by 3.32 seconds
2025-02-03T16:04:57.613Z,16.613838,fb91000,6 [FLog::GameJoinUtil] GameJoinUtil::makePlaceLauncherRequest, response:
{"jobId":null,"status":0,"statusData":null,"joinScriptUrl":null,"authenticationUrl":null,"authenticationTicket":null,"message":null,"joinScript":null,"queuePosition":0}
status code: 200
httpErrorCode: 0
errorMessage: 

2025-02-03T16:04:57.613Z,16.613916,fb91000,6 [FLog::GameJoinUtil] GameJoinUtil::makePlaceLauncherRequest: requestCount: 8, url: https://gamejoin.roblox.com/v1/join-private-game.
2025-02-03T16:04:57.613Z,16.613953,fb91000,6 [FLog::GameJoinUtil] Delaying request by 4.66 seconds
2025-02-03T16:05:02.448Z,21.448563,fc94000,6 [FLog::GameJoinUtil] GameJoinUtil::makePlaceLauncherRequest, response:
{"jobId":null,"status":0,"statusData":null,"joinScriptUrl":null,"authenticationUrl":null,"authenticationTicket":null,"message":null,"joinScript":null,"queuePosition":0}
status code: 200
httpErrorCode: 0
errorMessage: 

2025-02-03T16:05:02.448Z,21.448624,fc94000,6 [FLog::GameJoinUtil] GameJoinUtil::makePlaceLauncherRequest: requestCount: 9, url: https://gamejoin.roblox.com/v1/join-private-game.
2025-02-03T16:05:02.448Z,21.448654,fc94000,6 [FLog::GameJoinUtil] Delaying request by 5.77 seconds
2025-02-03T16:05:08.398Z,27.398949,fc94000,6 [FLog::GameJoinUtil] GameJoinUtil::makePlaceLauncherRequest, response:
{"jobId":null,"status":0,"statusData":null,"joinScriptUrl":null,"authenticationUrl":null,"authenticationTicket":null,"message":null,"joinScript":null,"queuePosition":0}
status code: 200
httpErrorCode: 0
errorMessage: 

2025-02-03T16:05:08.399Z,27.399021,fc94000,6 [FLog::GameJoinUtil] GameJoinUtil::makePlaceLauncherRequest: requestCount: 10, url: https://gamejoin.roblox.com/v1/join-private-game.
2025-02-03T16:05:08.399Z,27.399048,fc94000,6 [FLog::GameJoinUtil] Delaying request by 7.84 seconds
2025-02-03T16:05:16.498Z,35.498543,fb91000,6 [FLog::GameJoinUtil] GameJoinUtil::makePlaceLauncherRequest, response:
{"jobId":"f694ae6d-753d-48f9-bc2e-dfc4784c5485","status":2,"statusData":null,"joinScriptUrl":"https://assetgame.roblox.com/Game/Join.ashx?ticketVersion=2&ticket={\"UserId\"%3a3047960021%2c\"UserName\"%3a\"paninorealaccount009\"%2c\"DisplayName\"%3a\"Jack\"%2c\"CharacterFetchUrl\"%3a\"https%3a%2f%2fapi.roblox.com%2fv1.1%2favatar-fetch%2f%3fplaceId%3d16732694052%26userId%3d3047960021\"%2c\"GameId\"%3a\"f694ae6d-753d-48f9-bc2e-dfc4784c5485\"%2c\"PlaceId\"%3a16732694052%2c\"UniverseId\"%3a5750914919%2c\"ServerId\"%3a1048374%2c\"ServerPort\"%3a58667%2c\"IsTeleport\"%3afalse%2c\"FollowUserId\"%3anull%2c\"TimeStamp\"%3a\"02%2f03%2f2025+16%3a05%3a16\"%2c\"CharacterAppearanceId\"%3a3047960021%2c\"AlternateName\"%3anull%2c\"JoinTypeId\"%3a6%2c\"MatchmakingDecisionId\"%3anull%2c\"GameJoinMetadata\"%3a{\"JoinSource\"%3a0%2c\"RequestType\"%3a1%2c\"MatchmakingDecisionId\"%3a\"00000000-0000-0000-0000-0000000
2025-02-03T16:05:16.499Z,35.499016,fb91000,6 [FLog::GameJoinUtil] Game join succeeded.
2025-02-03T16:05:16.499Z,35.499077,fb91000,6 [FLog::GameJoinUtil] GameJoinUtil::processing join parameters
2025-02-03T16:05:16.514Z,35.514435,fd97000,7 [FLog::Network] NetworkClient:Create
2025-02-03T16:05:16.515Z,35.515091,fd97000,6 [FLog::GameJoinUtil] Null EventId
2025-02-03T16:05:16.515Z,35.515228,fd97000,10 [DFLog::KeyRing] Parsed config created at: 11:59 4/1/2024.
2025-02-03T16:05:16.517Z,35.517616,fd97000,6 [FLog::Output] AnalyticsSessionId is 0c0982f7-9ec2-42f5-9bf5-13191dc6813d.
2025-02-03T16:05:16.517Z,35.517643,fd97000,6 [FLog::Output] ! Joining game 'f694ae6d-753d-48f9-bc2e-dfc4784c5485' place 16732694052 at 10.17.9.153
2025-02-03T16:05:16.517Z,35.517677,fd97000,6 [FLog::GameJoinLoadTime] Report game_join_loadtime: sid:0c0982f7-9ec2-42f5-9bf5-13191dc6813d, clienttime:1738598716.9200000763, join_time:34.560857076000004895, referral_page:RequestPrivateGame, placeid:16732694052, userid:3047960021, universeid:5750914919, 
2025-02-03T16:05:16.519Z,35.519318,fd97000,7 [FLog::Network] Client will attempt to connect following server endpoints with threadSleepTime(-1)
2025-02-03T16:05:16.519Z,35.519337,fd97000,7 [FLog::Network] UDMUX Address = 128.116.21.33, Port = 58667 | RCC Server Address = 10.17.9.153, Port = 58667
2025-02-03T16:05:16.520Z,35.520214,fd97000,7 [FLog::Network] binding socket on inaddr_any:0

2025-02-03T16:05:16.532Z,35.532341,fd97000,6 [FLog::Output] Connecting to UDMUX server 128.116.21.33:58667, and RCC server 10.17.9.153:58667
2025-02-03T16:05:16.715Z,35.715282,fd97000,6 [FLog::Output] Connection accepted from 128.116.21.33|58667
2025-02-03T16:05:16.716Z,35.716919,fd97000,7 [FLog::Network] serverId: 128.116.21.33|58667
2025-02-03T16:05:16.717Z,35.717003,fd97000,7 [FLog::Network] Replicator created for player 128.116.21.33|58667
2025-02-03T16:05:16.717Z,35.717014,fd97000,7 [FLog::Network] Replicator created: 0x7fd0c1f0f090
2025-02-03T16:05:16.868Z,35.868561,fc94000,7 [FLog::Network] Time taken to initialize schema = 3.792205 ms
2025-02-03T16:05:16.868Z,35.868710,fc94000,7 [FLog::Network] Assigned peer id = 4
2025-02-03T16:05:16.868Z,35.868931,fc94000,7 [FLog::Network] Join snapshot timer: 0.197575
2025-02-03T16:05:17.148Z,36.148407,fc94000,6 [FLog::DataModelPatchConfigurer] OTAPollingEnabled set to: false
2025-02-03T16:05:17.148Z,36.148697,fc94000,6 [FLog::DataModelPatchConfigurer] [_DataModelPatch] Update OTA config
2025-02-03T16:05:17.167Z,36.167130,fc94000,6,Info [FLog::AudioFocusManager] AudioFocusManager::AudioFocusManager() constructor
2025-02-03T16:05:17.167Z,36.167168,fc94000,6,Info [FLog::AudioFocusService] AudioFocusService::AudioFocusService() constructor
2025-02-03T16:05:17.167Z,36.167179,fc94000,6,Info [FLog::AudioFocusService] AudioFocusService onServiceProvider invokation
2025-02-03T16:05:17.167Z,36.167187,fc94000,6,Info [FLog::AudioFocusService] AudioFocusService::AudioFocusService() onServiceProvider setup
2025-02-03T16:05:17.316Z,36.316425,f77c000,6 [FLog::DataModelPatchConfigurer] [_DataModelPatch] Update OTA succeeded: {"SchemaVersion":"1","CanaryUserIds":[],"CanaryPercentage":0}
2025-02-03T16:05:17.316Z,36.316471,f77c000,6 [FLog::DataModelPatchConfigurer] [_DataModelPatch] Update OTA config not deployed
2025-02-03T16:05:17.852Z,36.852451,5b5c3fc0,6 [FLog::Graphics] Future is bright shadows
2025-02-03T16:05:18.218Z,37.218239,f77c000,6,Critical [DFLog::RbxStorage] RbxStorage::init [INIT] availableDiskSpace: 70338838528 bytes, oldCacheSize: -1 bytes, elapsed: 0.046 ms
2025-02-03T16:05:18.242Z,37.242149,f77c000,6,Error [DFLog::SQLite] sqlite3_error_log: 283 - recovered 229 frames from WAL file /private/var/folders/83/3w46ryz13191t1qd7k9xctdm0000gn/T/Roblox/rbx-storage.db-wal
2025-02-03T16:05:18.246Z,37.246296,f77c000,6,Critical [DFLog::RbxStorage] RbxStorage::init [DONE] name: TelemetryCache(SqliteCache+TelemetryCache(FileCache)), duration: 27.466 ms, dbOpenCount: 6, dbMaxMemory: 0.260 MiB, dbTotalSize: 0.000 MiB, dbNumItems: 1, fileTotalSize: 0.000 MiB, fileNumItems: 0
2025-02-03T16:05:18.606Z,37.606800,5b5c3fc0,6 [FLog::Graphics] Terrain TextureArray 512x512, arraySize: 36, mip: 10
2025-02-03T16:05:18.791Z,37.791187,10232000,6 [FLog::Error] Asset (Image) "https://assetdelivery.roblox.com/v1/asset?id=00000543453" load failed in TextureManager::PreloadTexture: Request failed
2025-02-03T16:05:19.132Z,38.132500,fd97000,6 [FLog::Output] serverInfoSync started in 0.03ms
2025-02-03T16:05:19.132Z,38.132557,fd97000,6 [FLog::Output] legacyLocalPlayerData started in 0.01ms
2025-02-03T16:05:19.132Z,38.132591,fd97000,6 [FLog::Output] cinematic started in 0.02ms
2025-02-03T16:05:19.133Z,38.133224,fd97000,6 [FLog::Output] client loaded in 52.54ms
2025-02-03T16:05:19.134Z,38.134193,fd97000,6 [FLog::Output] 🍍 Running TopbarPlus v3.0.2 by ForeverHD
2025-02-03T16:05:19.136Z,38.136108,fd97000,6 [FLog::Output] game took 1753.07 to load
2025-02-03T16:05:19.139Z,38.139938,fd97000,6 [FLog::Output] Server RobloxGitHash: 6874f45ec658019a67f19ab7de6e688c50292b01
2025-02-03T16:05:19.139Z,38.139973,fd97000,6 [FLog::Output] Server Prefix: 0.658.0.6580461_20250203T155737Z_RCC_26494
2025-02-03T16:05:20.440Z,39.440887,fb91000,6 [FLog::Output] setting cinematic mode to [false]
2025-02-03T16:05:22.992Z,41.992821,fc94000,6 [FLog::Output] // ASSET LOADING SKIPPED DUE TO WORK CONFIG VALUES.
2025-02-03T16:05:23.529Z,42.529552,fb91000,6 [FLog::Output] 1
2025-02-03T16:05:23.529Z,42.529694,fb91000,6 [FLog::Output] Running Client handler for state true
2025-02-03T16:05:24.824Z,43.824955,10232000,6 [FLog::Error] Asset (Image) "https://assetdelivery.roblox.com/v1/asset?id=17083490979" load failed in Workspace.active.Mine Explosion.main.c.Texture: Request failed
2025-02-03T16:05:25.413Z,44.413589,fb91000,6 [FLog::Warning] Warning: Infinite yield possible on 'Workspace.world.map.Forsaken Shores.Actives:WaitForChild("DoorPart")'
2025-02-03T16:05:25.413Z,44.413673,fb91000,6 [FLog::Output] Info: Stack Begin
2025-02-03T16:05:25.413Z,44.413708,fb91000,6 [FLog::Output] Info: Script 'Players.paninorealaccount009.PlayerScripts.client.AtlantisClientSide', Line 54
2025-02-03T16:05:25.413Z,44.413727,fb91000,6 [FLog::Output] Info: Stack End
2025-02-03T16:05:32.994Z,51.994171,fc94000,6 [FLog::Output] Client started with 50 fps
2025-02-03T16:06:42.604Z,121.604881,f77c000,6 [FLog::Output] Settings Date header was Mon, 03 Feb 2025 16:06:25 GMT
2025-02-03T16:06:42.604Z,121.604958,f77c000,6 [FLog::Output] Settings Date timestamp is 1738598785
2025-02-03T16:08:42.687Z,241.687927,f77c000,6 [FLog::Output] Settings Date header was Mon, 03 Feb 2025 16:08:43 GMT
2025-02-03T16:08:42.687Z,241.687973,f77c000,6 [FLog::Output] Settings Date timestamp is 1738598923
2025-02-03T16:10:30.388Z,349.388458,fd97000,6,Warning [DFLog::DMNotificationMonitor] DM notification received. Type 35
2025-02-03T16:10:30.400Z,349.400116,5b5c3fc0,6 [FLog::SingleSurfaceApp] leaveUGCGame: (stage:UGCGame) blocking=0.
2025-02-03T16:10:30.400Z,349.400146,5b5c3fc0,6 [FLog::SingleSurfaceApp] leaveUGCGameInternal
2025-02-03T16:10:30.400Z,349.400940,5b5c3fc0,6 [FLog::SurfaceController] stop
2025-02-03T16:10:30.400Z,349.400970,5b5c3fc0,6 [FLog::SurfaceController] drainRenderingJobs
2025-02-03T16:10:30.401Z,349.401001,5b5c3fc0,6 [FLog::SurfaceController] SurfaceController::RenderJob[_:1]::~RenderJob
2025-02-03T16:10:30.574Z,349.574463,5b5c3fc0,6,Info [FLog::UgcExperienceController] UgcExperienceController: destroyCaptureModeDataModelIfExists: begin
2025-02-03T16:10:30.574Z,349.574493,5b5c3fc0,6,Info [FLog::UgcExperienceController] UgcExperienceController: destroyCaptureModeDataModelIfExists: end
2025-02-03T16:10:30.574Z,349.574524,5b5c3fc0,6,Info [FLog::UgcExperienceController] UgcExperienceController: stop: begin (blocking=false dataModel=0x7fd08296da00)
2025-02-03T16:10:30.574Z,349.574554,5b5c3fc0,6,Info [FLog::UgcExperienceController] UgcExperienceController: sendAnalyticsBeforeLeave: sending event None_None
2025-02-03T16:10:30.574Z,349.574585,5b5c3fc0,6,Info [FLog::CrossExperienceVoiceController] CrossExperienceVoiceController: onCoordinatorTransitionEvent Stopped - Ugc
2025-02-03T16:10:30.574Z,349.574585,5b5c3fc0,6,Info [FLog::CrossExperienceVoiceController] CrossExperienceVoiceController: removing all observers for type Ugc
2025-02-03T16:10:30.575Z,349.575012,5b5c3fc0,6 [FLog::SingleSurfaceApp] setStage: (stage:Native)
2025-02-03T16:10:30.575Z,349.575043,5b5c3fc0,6 [DFLog::SignalRCoreError] ID: 1 Disconnected - stop() called
2025-02-03T16:10:30.582Z,349.582214,fc94000,7 [FLog::Network] Client:Disconnect
2025-02-03T16:10:30.592Z,349.592163,fc94000,7 [FLog::Network] Time to disconnect replication data: 9.906452
2025-02-03T16:10:30.592Z,349.592712,fc94000,7 [FLog::Network] Sending disconnect with reason: 285
2025-02-03T16:10:30.592Z,349.592743,fc94000,7 [FLog::Network] Sending disconnect with reason: 285
2025-02-03T16:10:30.592Z,349.592773,f4ed000,7 [FLog::Network] Sending disconnect with reason: 285
2025-02-03T16:10:33.330Z,352.330841,fc94000,6,Info [FLog::AudioFocusService] AudioFocusService onServiceProvider invokation
2025-02-03T16:10:33.330Z,352.330872,fc94000,6,Info [FLog::AudioFocusService] AudioFocusService::AudioFocusService() onServiceProvider teardown
2025-02-03T16:10:33.331Z,352.331024,fc94000,7 [FLog::Network] Client:Disconnect
2025-02-03T16:10:33.633Z,352.633057,fc94000,7 [FLog::Network] NetworkClient:Remove
2025-02-03T16:10:33.633Z,352.633148,fc94000,7 [DFLog::MegaReplicatorLogDisconnectCleanUpLog] Destroying MegaReplicator.
2025-02-03T16:10:34.244Z,353.244263,fc94000,6,Info [FLog::AudioFocusService] AudioFocusService::AudioFocusService() destructor
2025-02-03T16:10:34.282Z,353.282318,fb91000,7 [FLog::Network] Replicator destroyed: 0x7fd0c1f0f090
2025-02-03T16:10:34.948Z,353.948853,5b5c3fc0,6 [FLog::SingleSurfaceApp] shutDown: (stage:Native).
2025-02-03T16:10:34.948Z,353.948914,5b5c3fc0,6 [FLog::SingleSurfaceApp] destroyLuaApp: (stage:Native) blocking:true.
2025-02-03T16:10:34.948Z,353.948944,5b5c3fc0,6,Warning [FLog::CrossExperienceVoiceController] CrossExperienceVoiceController: finalize: Did not finalize due to state.
2025-02-03T16:10:34.948Z,353.948944,5b5c3fc0,6,Info [FLog::UgcExperienceController] UgcExperienceController: finalized
2025-02-03T16:10:34.948Z,353.948944,5b5c3fc0,6,Warning [FLog::SingleSurfaceApp] destroyLuaApp: (stage:Native)... finished destroying luaApp.
2025-02-03T16:10:34.948Z,353.948944,5b5c3fc0,6 [FLog::SingleSurfaceApp] setStage: (stage:None)
2025-02-03T16:10:34.948Z,353.948944,5b5c3fc0,6 [FLog::SingleSurfaceApp] destroy controllers
2025-02-03T16:10:34.948Z,353.948975,5b5c3fc0,6,Info [FLog::CrossExperienceVoiceController] CrossExperienceVoiceController::CrossExperienceVoiceController()
2025-02-03T16:10:34.949Z,353.949036,5b5c3fc0,6,Info [FLog::UgcExperienceController] UgcExperienceController::~UgcExperienceController()
2025-02-03T16:10:34.949Z,353.949097,5b5c3fc0,6 [FLog::SurfaceController] SurfaceController[_:1]::~SurfaceController, count: 0
2025-02-03T16:10:34.949Z,353.949097,5b5c3fc0,6,Warning [FLog::Graphics] RenderView destroyed[1]
2025-02-03T16:10:35.013Z,354.013245,5b5c3fc0,6 [FLog::SingleSurfaceApp] setStage: (stage:Native)
