2025-02-03T17:11:49.271Z,0.271444,5b5c3fc0,6 [FLog::MacLuaApp] (AppDelegate) application:openURLs:(
    "roblox-player:1+launchmode:play+gameinfo:1fmLoi-oIGCN01JGYMeSCz9NzauBf-ZHOeJftpzRnAx0j4kkvFACoJ8021K-JZmkJoV9veZXZtoazx5uL_MKXunkpLK_zZkp5SwqtKTb4mC-jISWqqXdFac2EPESS20pYmgqOiwTlDAFSxhdpHHyw_DJM8Eq7u22Y70sBidsd-d9V0h6TffeqTDDGBafv24HKjng0hjv8E_xePSNvs0di_5kTLLtAVhyrn5GbhAx7cE+launchtime:1738602707604+placelauncherurl:https%3A%2F%2Fwww.roblox.com%2FGame%2FPlaceLauncher.ashx%3Frequest%3DRequestPrivateGame%26browserTrackerId%3D1738344328674006%26placeId%3D10449761463%26accessCode%3D782fec9a-a323-4339-8dba-53e3dff5526d%26joinAttemptId%3Da297dcae-24aa-4c1a-8456-0f520142a510%26joinAttemptOrigin%3DprivateServerListJoin+browsertrackerid:1738344328674006+robloxLocale:en_us+gameLocale:en_us+channel:+LaunchExp:InApp"
)
2025-02-03T17:11:49.271Z,0.271948,5b5c3fc0,6 [FLog::MacLuaApp] (AppDelegate) application:openURLs handling web launch
2025-02-03T17:11:49.272Z,0.272007,5b5c3fc0,6 [FLog::MacLuaApp] (AppDelegate) Argument 1 = launchmode:play
2025-02-03T17:11:49.272Z,0.272021,5b5c3fc0,6 [FLog::MacLuaApp] (AppDelegate) Argument 2 = gameinfo:1fmLoi-oIGCN01JGYMeSCz9NzauBf-ZHOeJftpzRnAx0j4kkvFACoJ8021K-JZmkJoV9veZXZtoazx5uL_MKXunkpLK_zZkp5SwqtKTb4mC-jISWqqXdFac2EPESS20pYmgqOiwTlDAFSxhdpHHyw_DJM8Eq7u22Y70sBidsd-d9V0h6TffeqTDDGBafv24HKjng0hjv8E_xePSNvs0di_5kTLLtAVhyrn5GbhAx7cE
2025-02-03T17:11:49.272Z,0.272032,5b5c3fc0,6 [FLog::MacLuaApp] (AppDelegate) Argument 3 = launchtime:1738602707604
2025-02-03T17:11:49.272Z,0.272042,5b5c3fc0,6 [FLog::MacLuaApp] (AppDelegate) Argument 4 = placelauncherurl:https%3A%2F%2Fwww.roblox.com%2FGame%2FPlaceLauncher.ashx%3Frequest%3DRequestPrivateGame%26browserTrackerId%3D1738344328674006%26placeId%3D10449761463%26accessCode%3D782fec9a-a323-4339-8dba-53e3dff5526d%26joinAttemptId%3Da297dcae-24aa-4c1a-8456-0f520142a510%26joinAttemptOrigin%3DprivateServerListJoin
2025-02-03T17:11:49.272Z,0.272052,5b5c3fc0,6 [FLog::MacLuaApp] (AppDelegate) Argument 5 = browsertrackerid:1738344328674006
2025-02-03T17:11:49.272Z,0.272063,5b5c3fc0,6 [FLog::MacLuaApp] (AppDelegate) Argument 6 = robloxLocale:en_us
2025-02-03T17:11:49.272Z,0.272072,5b5c3fc0,6 [FLog::MacLuaApp] (AppDelegate) Argument 7 = gameLocale:en_us
2025-02-03T17:11:49.272Z,0.272081,5b5c3fc0,6 [FLog::MacLuaApp] (AppDelegate) Argument 8 = channel:
2025-02-03T17:11:49.272Z,0.272108,5b5c3fc0,6 [FLog::Output] Saved channel '' to 'com.roblox.RobloxPlayerChannel' for baseUrl 'www.roblox.com'
2025-02-03T17:11:49.272Z,0.272127,5b5c3fc0,6 [FLog::Output] RobloxChannel has been set to production
2025-02-03T17:11:49.272Z,0.272136,5b5c3fc0,6 [FLog::MacLuaApp] (AppDelegate) Argument 9 = LaunchExp:InApp
2025-02-03T17:11:49.272Z,0.272195,5b5c3fc0,6 [FLog::MacLuaApp] (AppDelegate) reportClientStatus url: https://www.roblox.com/client-status/set?browserTrackerId=1738344328674006&status=BootstrapperInstalling
2025-02-03T17:11:49.273Z,0.273518,5b5c3fc0,6 [FLog::MacLuaApp] (AppDelegate) application:openURLs cold launch. Defer web launch until after initialization is complete.
2025-02-03T17:11:49.273Z,0.273636,5b5c3fc0,6 [FLog::Output] (AppDelegate) applicationDidFinishLaunching
2025-02-03T17:11:49.273Z,0.273725,5b5c3fc0,6,Info [FLog::UpdateController] UpdateController: versionQueryUrl: https://clientsettingscdn.roblox.com/v2/client-version/MacPlayer
2025-02-03T17:11:49.273Z,0.273751,5b5c3fc0,6,Info [FLog::UpdateController] MacUpdateController: updaterFullPath: /Applications/Roblox.app/Contents/MacOS/RobloxPlayerInstaller.app/Contents/MacOS/RobloxPlayerInstaller
2025-02-03T17:11:49.273Z,0.273801,b27a000,6,Info [FLog::UpdateController] Update check thread started
2025-02-03T17:11:49.273Z,0.273838,5b5c3fc0,6 [FLog::Output] settingsUrl: https://clientsettingscdn.roblox.com/v2/settings-compressed/application/MacDesktopClient/876303bc5322fbc5499ad5d572b4a57fc6305ca10adf81769b9121c45b7d3a38.dcz
2025-02-03T17:11:49.273Z,0.273840,b27a000,6,Info [FLog::UpdateController] Checking if updater exists at /Applications/Roblox.app/Contents/MacOS/RobloxPlayerInstaller.app/Contents/MacOS/RobloxPlayerInstaller. Returning 1
2025-02-03T17:11:49.349Z,0.349946,5b5c3fc0,6 [FLog::Output] Settings Date header was Mon, 03 Feb 2025 17:11:50 GMT
2025-02-03T17:11:49.349Z,0.349979,5b5c3fc0,6 [FLog::Output] Settings Date timestamp is 1738602710
2025-02-03T17:11:49.361Z,0.361526,5b5c3fc0,6 [FLog::ClientRunInfo] RobloxGitHash: 6874f45ec658019a67f19ab7de6e688c50292b01
2025-02-03T17:11:49.361Z,0.361675,5b5c3fc0,6 [FLog::ClientRunInfo] The base url is https://www.roblox.com/
2025-02-03T17:11:49.361Z,0.361686,5b5c3fc0,6 [FLog::ClientRunInfo] The channel is production
2025-02-03T17:11:49.372Z,0.372110,5b5c3fc0,6 [FLog::Output] *******
** Validated reflection database in 6.773250 ms, found 5363 entries with the following skipped: 0 enums, 0 properties, 0 functions, 0 events, 0 callbacks, 0 classes.
*******

2025-02-03T17:11:49.372Z,0.372560,5b5c3fc0,6 [FLog::Output] (AppDelegate) Universal App on Mac: initialize...
2025-02-03T17:11:49.372Z,0.372589,5b5c3fc0,6 [FLog::Output] syncCookiesFromNativeToEngine was skipped
2025-02-03T17:11:49.372Z,0.372656,5b5c3fc0,6 [FLog::Output] Current file descriptor limit is 256, increasing to 2560
2025-02-03T17:11:49.372Z,0.372671,5b5c3fc0,6 [FLog::Output] (AppDelegate) web browserTrackerId = [1738344328674006].
2025-02-03T17:11:49.373Z,0.373827,5b5c3fc0,6 [FLog::Output] syncCookiesFromEngineToNative was skipped
2025-02-03T17:11:49.373Z,0.373849,5b5c3fc0,6 [FLog::Output] (AppDelegate) launchTimeMillis = [-2120]
2025-02-03T17:11:49.374Z,0.374059,5b5c3fc0,6,Info [FLog::PerformanceControlUtil] PerformanceControlUtil: registered single surface tunable (id=0)
2025-02-03T17:11:49.405Z,0.405068,b2fd000,6,Warning [FLog::HttpOpenTelemetryTracing] No active span to end
2025-02-03T17:11:49.405Z,0.405125,b2fd000,12 [DFLog::HttpTraceError] HttpResponse(#5 0x7fca1f037e20) time:180.3ms (net:180.2ms callback:0.0ms timeInRetryQueue:0.0ms)status:404 Not Found bodySize:0 url:{ "https://locale.roblox.com/" } ip:128.116.44.3 external:1 numberOfTimesRetried:0
2025-02-03T17:11:49.413Z,0.413877,b2fd000,6,Warning [FLog::HttpOpenTelemetryTracing] No active span to end
2025-02-03T17:11:49.413Z,0.413957,b2fd000,12 [DFLog::HttpTraceError] HttpResponse(#7 0x7fca1f038a20) time:189.1ms (net:189.0ms callback:0.0ms timeInRetryQueue:0.0ms)status:404 Not Found bodySize:0 url:{ "https://users.roblox.com/" } ip:128.116.44.3 external:1 numberOfTimesRetried:0
2025-02-03T17:11:49.421Z,0.421086,b2fd000,6,Warning [FLog::HttpOpenTelemetryTracing] No active span to end
2025-02-03T17:11:49.421Z,0.421143,b2fd000,12 [DFLog::HttpTraceError] HttpResponse(#6 0x7fca1f038420) time:196.3ms (net:196.2ms callback:0.0ms timeInRetryQueue:0.0ms)status:404 Not Found bodySize:0 url:{ "https://users.roblox.com/" } ip:128.116.44.3 external:1 numberOfTimesRetried:0
2025-02-03T17:11:49.424Z,0.424511,b2fd000,6,Warning [FLog::HttpOpenTelemetryTracing] No active span to end
2025-02-03T17:11:49.424Z,0.424550,b2fd000,12 [DFLog::HttpTraceError] HttpResponse(#0 0x7fca1f00de20) time:199.9ms (net:199.8ms callback:0.0ms timeInRetryQueue:0.0ms)status:404 Not Found bodySize:0 url:{ "https://accountsettings.roblox.com/" } ip:128.116.44.3 external:1 numberOfTimesRetried:0
2025-02-03T17:11:49.489Z,0.489577,b2fd000,6,Warning [FLog::HttpOpenTelemetryTracing] No active span to end
2025-02-03T17:11:49.489Z,0.489670,b2fd000,12 [DFLog::HttpTraceError] HttpResponse(#3 0x7fca1f037220) time:264.8ms (net:264.8ms callback:0.0ms timeInRetryQueue:0.0ms)status:404 Not Found bodySize:0 url:{ "https://apis.roblox.com/" } ip:128.116.123.4 external:1 numberOfTimesRetried:0
2025-02-03T17:11:49.504Z,0.504445,b2fd000,6,Warning [FLog::HttpOpenTelemetryTracing] No active span to end
2025-02-03T17:11:49.504Z,0.504686,b2fd000,12 [DFLog::HttpTraceError] HttpResponse(#2 0x7fca1f036c20) time:279.7ms (net:279.6ms callback:0.0ms timeInRetryQueue:0.0ms)status:404 Not Found bodySize:0 url:{ "https://apis.roblox.com/" } ip:128.116.123.4 external:1 numberOfTimesRetried:0
2025-02-03T17:11:49.507Z,0.507130,b2fd000,6,Warning [FLog::HttpOpenTelemetryTracing] No active span to end
2025-02-03T17:11:49.507Z,0.507206,b2fd000,12 [DFLog::HttpTraceError] HttpResponse(#4 0x7fca1f037820) time:282.4ms (net:282.3ms callback:0.0ms timeInRetryQueue:0.0ms)status:404 Not Found bodySize:0 url:{ "https://apis.roblox.com/" } ip:128.116.123.4 external:1 numberOfTimesRetried:0
2025-02-03T17:11:49.511Z,0.511546,b2fd000,6,Warning [FLog::HttpOpenTelemetryTracing] No active span to end
2025-02-03T17:11:49.511Z,0.511604,b2fd000,12 [DFLog::HttpTraceError] HttpResponse(#1 0x7fca1f017620) time:286.8ms (net:286.7ms callback:0.0ms timeInRetryQueue:0.0ms)status:404 Not Found bodySize:0 url:{ "https://apis.roblox.com/" } ip:128.116.123.4 external:1 numberOfTimesRetried:0
2025-02-03T17:11:49.689Z,0.689796,b2fd000,6,Warning [FLog::HttpOpenTelemetryTracing] No active span to end
2025-02-03T17:11:49.689Z,0.689850,b27a000,6,Debug [FLog::UpdateController] version response: {"version":"0.658.0.6580461","clientVersionUpload":"version-4c01fa4a41074574","bootstrapperVersion":"6580461"}
2025-02-03T17:11:49.689Z,0.689899,b27a000,6,Info [FLog::UpdateController] Update check thread: updateRequired FALSE
2025-02-03T17:11:49.689Z,0.689946,5b5c3fc0,6 [FLog::SingleSurfaceApp] initializeWithAppStarter
2025-02-03T17:11:49.689Z,0.689966,5b5c3fc0,6 [FLog::SingleSurfaceApp] initializeSingleton
2025-02-03T17:11:49.690Z,0.690444,5b5c3fc0,6 [FLog::Output] setAssetFolder /Applications/Roblox.app/Contents/Resources/content/
2025-02-03T17:11:49.690Z,0.690619,5b5c3fc0,6 [FLog::Output] setExtraAssetFolder /Applications/Roblox.app/Contents/Resources/ExtraContent
2025-02-03T17:11:49.690Z,0.690759,5b5c3fc0,6 [FLog::Output] Evaluating deferred inferred crashes
2025-02-03T17:11:49.691Z,0.691311,5b5c3fc0,6 [FLog::SingleSurfaceApp] setStage: (stage:Native)
2025-02-03T17:11:49.691Z,0.691327,5b5c3fc0,6 [FLog::SingleSurfaceApp] setLocale
2025-02-03T17:11:49.691Z,0.691337,5b5c3fc0,6,Warning [FLog::SingleSurfaceApp] instantiate controllers
2025-02-03T17:11:49.691Z,0.691344,5b5c3fc0,6 [FLog::SurfaceController] SurfaceController[_:1]::SurfaceController, count: 1
2025-02-03T17:11:49.691Z,0.691351,5b5c3fc0,6,Warning [FLog::SingleSurfaceApp] instantiate experience coordinator
2025-02-03T17:11:49.691Z,0.691377,5b5c3fc0,6,Info [FLog::PerformanceControlUtil] PerformanceControlUtil: registered single surface tunable (id=1)
2025-02-03T17:11:49.691Z,0.691387,5b5c3fc0,6,Info [FLog::CrossExperienceVoiceController] CrossExperienceVoiceController::CrossExperienceVoiceController() constructor
2025-02-03T17:11:50.020Z,1.020409,5b5c3fc0,6 [FLog::SingleSurfaceApp] launchUGCGame: (stage:Native).
2025-02-03T17:11:50.020Z,1.020430,5b5c3fc0,6 [FLog::SingleSurfaceApp] launchUGCGameInternal
2025-02-03T17:11:50.022Z,1.022151,5b5c3fc0,6 [FLog::SingleSurfaceApp] applyLocale
2025-02-03T17:11:50.022Z,1.022184,5b5c3fc0,6,Info [FLog::UgcExperienceController] UgcExperienceController: initialize:
2025-02-03T17:11:50.022Z,1.022697,5b5c3fc0,6 [FLog::DataModelPatchConfigurer] [_DataModelPatch] Load configs for user key: app:1423803869895817846
2025-02-03T17:11:50.023Z,1.023556,5b5c3fc0,6 [FLog::DataModelPatchConfigurer] [_DataModelPatch] Retrieving patch
2025-02-03T17:11:50.023Z,1.023576,5b5c3fc0,6 [FLog::DataModelPatchConfigurer] getCachedPatch DataModelPatchConfig : type=1, assetId=5345954812, assetVersion=10769, maxAppVersion=658, localAssetURI=rbxasset://models/DataModelPatch/DataModelPatch.rbxm
2025-02-03T17:11:50.023Z,1.023587,5b5c3fc0,6 [FLog::DataModelPatchConfigurer] getCachedPatch : numAttempts=10
2025-02-03T17:11:50.023Z,1.023638,5b5c3fc0,6 [FLog::DataModelPatchConfigurer] getCachedPatch : contentId=rbxasset://models/DataModelPatch/DataModelPatch.rbxm
2025-02-03T17:11:50.023Z,1.023648,5b5c3fc0,6 [FLog::DataModelPatchConfigurer] getCachedPatch : get patch from content provider for Model
2025-02-03T17:11:50.023Z,1.023740,5b5c3fc0,6 [FLog::DataModelPatchConfigurer] deserializeAndVerifyPatch with blake3
2025-02-03T17:11:50.342Z,1.342066,5b5c3fc0,6,Warning [DFLog::BootcampCLI139737Log] Hello world!!!!!!!!!!!!!!!!!!!!
2025-02-03T17:11:50.439Z,1.439323,5b5c3fc0,6,Info [FLog::Audio] OutputDevice 0: Cuffie esterne [BuiltIn] 48000/2
2025-02-03T17:11:50.459Z,1.459548,5b5c3fc0,6,Info [FLog::Audio] InputDevice 0: Microfono esterno({af0144be-277e-8cc3-0000000000000000}) 48000/1/4
2025-02-03T17:11:50.459Z,1.459601,5b5c3fc0,6,Info [FLog::Audio] InputDevice 1: Microfono iMac({50eb3c32-f018-032c-0000000000000000}) 48000/1/4
2025-02-03T17:11:50.466Z,1.466089,5b5c3fc0,6,Info [FLog::UgcExperienceController] UgcExperienceController: join: initialized dm 0x7fca2354c800
2025-02-03T17:11:50.466Z,1.466133,5b5c3fc0,6 [FLog::GameJoinUtil] GameJoinUtil::joinGame
2025-02-03T17:11:50.466Z,1.466215,5b5c3fc0,6 [FLog::GameJoinUtil] GameJoinUtil::joinGamePostPrivateServer: URL: https://gamejoin.roblox.com/v1/join-private-game BODY: {"placeId":10449761463,"gameJoinAttemptId":"a297dcae-24aa-4c1a-8456-0f520142a510","accessCode":"782fec9a-a323-4339-8dba-53e3dff5526d"}
2025-02-03T17:11:50.466Z,1.466272,5b5c3fc0,6 [FLog::GameJoinUtil] GameJoinUtil::makePlaceLauncherRequest: requestCount: 0, url: https://gamejoin.roblox.com/v1/join-private-game.
2025-02-03T17:11:50.466Z,1.466294,5b5c3fc0,6 [FLog::GameJoinUtil] Delaying request by 0.00 seconds
2025-02-03T17:11:50.466Z,1.466342,5b5c3fc0,6,Info [FLog::CrossExperienceVoiceController] CrossExperienceVoiceController: onCoordinatorTransitionEvent Started - Ugc
2025-02-03T17:11:50.466Z,1.466444,5b5c3fc0,6 [FLog::SurfaceController] [_:1]::replaceDataModel: (stage:0, window = 0x7fca1d20b4f0) [tid:0x7fca1e00e560]
2025-02-03T17:11:50.466Z,1.466987,5b5c3fc0,6,Warning [FLog::Graphics] RenderView created[1]
2025-02-03T17:11:50.469Z,1.469983,5b5c3fc0,6 [FLog::Graphics] Metal renderer: AMD Radeon Pro 5300
2025-02-03T17:11:50.470Z,1.470021,5b5c3fc0,6 [channel] Caps: ThreadSafe 1 Framebuffer 1 FpFramebuffer 1 Shaders 1 Compute 1 Instancing 1 PerInstanceStream 1 ConstBuffers 1
2025-02-03T17:11:50.470Z,1.470030,5b5c3fc0,6 [channel] Caps: Framebuffer: MRT 4 MSAA 8 Stencil 1
2025-02-03T17:11:50.470Z,1.470036,5b5c3fc0,6 [channel] Caps: Framebuffer: Depth16 1 Depth24 1 DepthFloat 1 DepthClamp 1
2025-02-03T17:11:50.470Z,1.470043,5b5c3fc0,6 [channel] Caps: Border Color 1
2025-02-03T17:11:50.470Z,1.470049,5b5c3fc0,6 [channel] Caps: Texture: RGB10A2 1 RG11B10F 1 R16I 1
2025-02-03T17:11:50.470Z,1.470055,5b5c3fc0,6 [channel] Caps: Texture: BC6H 1 ASTC HDR 0
2025-02-03T17:11:50.470Z,1.470064,5b5c3fc0,6 [channel] Caps: Texture: DXT 1 PVR 0 ETC1 0 ETC2 0 Half 1
2025-02-03T17:11:50.470Z,1.470070,5b5c3fc0,6 [channel] Caps: Texture: 3D 1 Array 1 Depth 1 MSAA 1 MSAAFP16 8
2025-02-03T17:11:50.470Z,1.470076,5b5c3fc0,6 [channel] Caps: Texture: NPOT 1 PartialMips 1 CubeMipGen 1 CubeFramebuffer 1
2025-02-03T17:11:50.470Z,1.470082,5b5c3fc0,6 [channel] Caps: Texture: Size 8192 Units 32 VertexUnits 32
2025-02-03T17:11:50.470Z,1.470087,5b5c3fc0,6 [channel] Caps: ConstantBufferSize 65536
2025-02-03T17:11:50.470Z,1.470093,5b5c3fc0,6 [channel] Caps: isAppleGPU 0
2025-02-03T17:11:50.470Z,1.470098,5b5c3fc0,6 [channel] Caps: 32bIdx 1 Memoryless 0
2025-02-03T17:11:50.470Z,1.470103,5b5c3fc0,6 [channel] Caps: ColorBGR 0 RTFlip 0 MinusOneToOneDepth 0
2025-02-03T17:11:50.473Z,1.473997,5b5c3fc0,6 [FLog::Graphics] Metal: creating framebuffer 5120x2528
2025-02-03T17:11:50.474Z,1.474045,5b5c3fc0,6 [FLog::Graphics] Video memory size: 2147483648
2025-02-03T17:11:50.503Z,1.503975,5b5c3fc0,6 [FLog::Graphics] Loaded 1021 shaders from pack metal_osx variant default (7181513 bytes)
2025-02-03T17:11:50.504Z,1.504028,5b5c3fc0,6 [FLog::Graphics] Compiled 677 shaders in 29 ms
2025-02-03T17:11:50.530Z,1.530279,5b5c3fc0,6 [FLog::SurfaceController] SurfaceController::disableVR
2025-02-03T17:11:50.530Z,1.530389,5b5c3fc0,6 [FLog::SurfaceController] SurfaceController[_:1]::start dataModel(0x7fca2354c800)
2025-02-03T17:11:50.530Z,1.530415,5b5c3fc0,6 [FLog::SurfaceController] SurfaceController::RenderJob[_:1]::RenderJob
2025-02-03T17:11:50.530Z,1.530425,5b5c3fc0,6 [FLog::SurfaceController] SurfaceController[_:1]::run dataModel(0x7fca2354c800)
2025-02-03T17:11:50.530Z,1.530440,5b5c3fc0,6 [FLog::SingleSurfaceApp] setStage: (stage:UGCGame)
2025-02-03T17:11:50.530Z,1.530450,5b5c3fc0,6 [FLog::SingleSurfaceApp] userDidLogin
2025-02-03T17:11:50.530Z,1.530458,5b5c3fc0,6 [FLog::SingleSurfaceApp] applyLocale
2025-02-03T17:11:50.530Z,1.530596,ba1b000,6 [FLog::Output] (AppDelegate) Doing machine id check.
2025-02-03T17:11:50.543Z,1.543270,b918000,6,Info [FLog::UgcExperienceController] UgcExperienceController: submitStartGameTask: scrips are loaded 0x7fca2354c800
2025-02-03T17:11:50.543Z,1.543580,b918000,6 [FLog::SurfaceController] SurfaceController::RenderJob::stepDataModelJob: No DM yet. Continue...
2025-02-03T17:11:50.578Z,1.578058,5b5c3fc0,6 [FLog::SurfaceController] SurfaceController::RenderJob::scheduleRender: No data model. Bind workspace now...
2025-02-03T17:11:50.595Z,1.595653,5b5c3fc0,6 [FLog::Graphics] LayeredClothingMode updated: LC=1 HSR=1
2025-02-03T17:11:50.600Z,1.600237,5b5c3fc0,6 [FLog::Graphics] SceneManager: resizing main targets to 2560x1264
2025-02-03T17:11:50.695Z,1.695027,5b5c3fc0,6 [FLog::Graphics] Metal: resizing main framebuffer to 5120x2880
2025-02-03T17:11:50.700Z,1.700510,5b5c3fc0,6 [FLog::Graphics] SceneManager: resizing main targets to 2560x1440
2025-02-03T17:11:51.773Z,2.773801,b815000,6 [FLog::GameJoinUtil] GameJoinUtil::makePlaceLauncherRequest, response:
{"jobId":"9ee7a010-f9f2-4586-88a9-7b7cd1c7ea5d","status":2,"statusData":null,"joinScriptUrl":"https://assetgame.roblox.com/Game/Join.ashx?ticketVersion=2&ticket={\"UserId\"%3a3047960021%2c\"UserName\"%3a\"paninorealaccount009\"%2c\"DisplayName\"%3a\"Jack\"%2c\"CharacterFetchUrl\"%3a\"https%3a%2f%2fapi.roblox.com%2fv1.1%2favatar-fetch%2f%3fplaceId%3d10449761463%26userId%3d3047960021\"%2c\"GameId\"%3a\"9ee7a010-f9f2-4586-88a9-7b7cd1c7ea5d\"%2c\"PlaceId\"%3a10449761463%2c\"UniverseId\"%3a3808081382%2c\"ServerId\"%3a1117469%2c\"ServerPort\"%3a62598%2c\"IsTeleport\"%3afalse%2c\"FollowUserId\"%3anull%2c\"TimeStamp\"%3a\"02%2f03%2f2025+17%3a11%3a51\"%2c\"CharacterAppearanceId\"%3a3047960021%2c\"AlternateName\"%3anull%2c\"JoinTypeId\"%3a6%2c\"MatchmakingDecisionId\"%3anull%2c\"GameJoinMetadata\"%3a{\"JoinSource\"%3a0%2c\"RequestType\"%3a1%2c\"MatchmakingDecisionId\"%3a\"00000000-0000-0000-0000-00000000
2025-02-03T17:11:51.774Z,2.774030,b815000,6 [FLog::GameJoinUtil] Game join succeeded.
2025-02-03T17:11:51.774Z,2.774073,b815000,6 [FLog::GameJoinUtil] GameJoinUtil::processing join parameters
2025-02-03T17:11:51.777Z,2.777154,b815000,7 [FLog::Network] NetworkClient:Create
2025-02-03T17:11:51.777Z,2.777753,b815000,6 [FLog::GameJoinUtil] Null EventId
2025-02-03T17:11:51.777Z,2.777949,b815000,10 [DFLog::KeyRing] Parsed config created at: 11:59 4/1/2024.
2025-02-03T17:11:51.781Z,2.781452,b815000,6 [FLog::Output] AnalyticsSessionId is b9121760-d4c0-4fd5-b09b-b24c0b145c1b.
2025-02-03T17:11:51.781Z,2.781510,b815000,6 [FLog::Output] ! Joining game '9ee7a010-f9f2-4586-88a9-7b7cd1c7ea5d' place 10449761463 at 10.30.8.143
2025-02-03T17:11:51.781Z,2.781553,b815000,6 [FLog::GameJoinLoadTime] Report game_join_loadtime: sid:b9121760-d4c0-4fd5-b09b-b24c0b145c1b, clienttime:1738602712.5409998894, join_time:1.7573750830000003376, referral_page:RequestPrivateGame, placeid:10449761463, userid:3047960021, universeid:3808081382, 
2025-02-03T17:11:51.783Z,2.783374,b815000,7 [FLog::Network] Client will attempt to connect following server endpoints with threadSleepTime(-1)
2025-02-03T17:11:51.783Z,2.783391,b815000,7 [FLog::Network] UDMUX Address = 128.116.13.33, Port = 62598 | RCC Server Address = 10.30.8.143, Port = 62598
2025-02-03T17:11:51.784Z,2.784592,b815000,7 [FLog::Network] binding socket on inaddr_any:0

2025-02-03T17:11:51.796Z,2.796225,b815000,6 [FLog::Output] Connecting to UDMUX server 128.116.13.33:62598, and RCC server 10.30.8.143:62598
2025-02-03T17:11:51.981Z,2.981928,b918000,6 [FLog::Output] Connection accepted from 128.116.13.33|62598
2025-02-03T17:11:51.983Z,2.983307,b918000,7 [FLog::Network] serverId: 128.116.13.33|62598
2025-02-03T17:11:51.983Z,2.983404,b918000,7 [FLog::Network] Replicator created for player 128.116.13.33|62598
2025-02-03T17:11:51.983Z,2.983415,b918000,7 [FLog::Network] Replicator created: 0x7fca750b7120
2025-02-03T17:11:52.149Z,3.149993,b815000,7 [FLog::Network] Time taken to initialize schema = 4.140477 ms
2025-02-03T17:11:52.166Z,3.166425,b815000,7 [FLog::Network] Assigned peer id = 6
2025-02-03T17:11:52.166Z,3.166780,b815000,7 [FLog::Network] Join snapshot timer: 0.312207
2025-02-03T17:11:52.168Z,3.168997,ba1b000,6 [FLog::DataModelPatchConfigurer] OTAPollingEnabled set to: false
2025-02-03T17:11:52.169Z,3.169291,ba1b000,6 [FLog::DataModelPatchConfigurer] [_DataModelPatch] Update OTA config
2025-02-03T17:11:52.185Z,3.185329,ba1b000,6,Info [FLog::AudioFocusManager] AudioFocusManager::AudioFocusManager() constructor
2025-02-03T17:11:52.185Z,3.185366,ba1b000,6,Info [FLog::AudioFocusService] AudioFocusService::AudioFocusService() constructor
2025-02-03T17:11:52.185Z,3.185378,ba1b000,6,Info [FLog::AudioFocusService] AudioFocusService onServiceProvider invokation
2025-02-03T17:11:52.185Z,3.185385,ba1b000,6,Info [FLog::AudioFocusService] AudioFocusService::AudioFocusService() onServiceProvider setup
2025-02-03T17:11:52.341Z,3.341565,b2fd000,6 [FLog::DataModelPatchConfigurer] [_DataModelPatch] Update OTA succeeded: {"SchemaVersion":"1","CanaryUserIds":[],"CanaryPercentage":0}
2025-02-03T17:11:52.341Z,3.341609,b2fd000,6 [FLog::DataModelPatchConfigurer] [_DataModelPatch] Update OTA config not deployed
2025-02-03T17:11:52.776Z,3.776119,b2fd000,6,Critical [DFLog::RbxStorage] RbxStorage::init [INIT] availableDiskSpace: 69622423552 bytes, oldCacheSize: -1 bytes, elapsed: 0.045 ms
2025-02-03T17:11:52.783Z,3.783623,5b5c3fc0,6 [FLog::Graphics] Future is bright shadows
2025-02-03T17:11:52.795Z,3.795553,b2fd000,6,Error [DFLog::SQLite] sqlite3_error_log: 283 - recovered 405 frames from WAL file /private/var/folders/83/3w46ryz13191t1qd7k9xctdm0000gn/T/Roblox/rbx-storage.db-wal
2025-02-03T17:11:52.803Z,3.803249,b2fd000,6,Critical [DFLog::RbxStorage] RbxStorage::init [DONE] name: TelemetryCache(SqliteCache+TelemetryCache(FileCache)), duration: 23.014 ms, dbOpenCount: 10, dbMaxMemory: 0.260 MiB, dbTotalSize: 0.000 MiB, dbNumItems: 1, fileTotalSize: 0.000 MiB, fileNumItems: 0
2025-02-03T17:11:52.955Z,3.955284,5b5c3fc0,6 [FLog::Graphics] Terrain TextureArray 512x512, arraySize: 36, mip: 10
2025-02-03T17:11:53.055Z,4.055819,b815000,6 [FLog::Output] INTERPRETER LOADED 82.1348018776
2025-02-03T17:11:53.075Z,4.075277,b815000,6 [FLog::Output] Server RobloxGitHash: 6874f45ec658019a67f19ab7de6e688c50292b01
2025-02-03T17:11:53.075Z,4.075309,b815000,6 [FLog::Output] Server Prefix: 0.658.0.6580461_20250203T164717Z_RCC_96245
2025-02-03T17:11:53.157Z,4.157959,ba1b000,6 [FLog::Output] REPLICATION LOADED 0.1306605339050293
2025-02-03T17:11:53.394Z,4.394330,ba1b000,6 [FLog::Output] CLIENT LOADED 0.3057708740234375
2025-02-03T17:11:53.627Z,4.627392,5b5c3fc0,6 [FLog::Graphics] Metal: resizing main framebuffer to 5120x2528
2025-02-03T17:11:53.639Z,4.639081,5b5c3fc0,6 [FLog::Graphics] SceneManager: resizing main targets to 2560x1264
2025-02-03T17:11:55.182Z,6.182964,b815000,6 [FLog::Output] 


⚽ [KJ] The Strongest Battlegrounds uses TopbarPlus v2.9.1
🍍 TopbarPlus was developed by ForeverHD and the Nanoblox Team
🚀 You can learn more and take a free copy by searching for 'TopbarPlus' on the DevForum


2025-02-03T17:11:58.057Z,9.057152,bdb0000,6 [FLog::Error] Asset (Animation) "rbxassetid://0" load failed in Animation.AnimationId: Animation failed to load
2025-02-03T17:11:58.057Z,9.057213,bdb0000,6 [FLog::Error] Error: Failed to load animation with sanitized ID rbxassetid://0: Animation failed to load, assetId: https://assetdelivery.roblox.com/v1/asset?id=0&serverplaceid=10449761463
2025-02-03T17:12:02.444Z,13.444918,5b5c3fc0,6 [FLog::Graphics] Metal: resizing main framebuffer to 5120x2880
2025-02-03T17:12:02.447Z,13.447322,5b5c3fc0,6 [FLog::Graphics] SceneManager: resizing main targets to 2560x1440
2025-02-03T17:12:11.880Z,22.880592,b918000,6,Warning [DFLog::DMNotificationMonitor] DM notification received. Type 35
2025-02-03T17:12:11.891Z,22.891319,5b5c3fc0,6 [FLog::SingleSurfaceApp] leaveUGCGame: (stage:UGCGame) blocking=0.
2025-02-03T17:12:11.891Z,22.891363,5b5c3fc0,6 [FLog::SingleSurfaceApp] leaveUGCGameInternal
2025-02-03T17:12:11.892Z,22.892204,5b5c3fc0,6 [FLog::SurfaceController] stop
2025-02-03T17:12:11.892Z,22.892239,5b5c3fc0,6 [FLog::SurfaceController] drainRenderingJobs
2025-02-03T17:12:11.892Z,22.892277,5b5c3fc0,6 [FLog::SurfaceController] SurfaceController::RenderJob[_:1]::~RenderJob
2025-02-03T17:12:11.897Z,22.897888,5b5c3fc0,6,Info [FLog::UgcExperienceController] UgcExperienceController: destroyCaptureModeDataModelIfExists: begin
2025-02-03T17:12:11.897Z,22.897913,5b5c3fc0,6,Info [FLog::UgcExperienceController] UgcExperienceController: destroyCaptureModeDataModelIfExists: end
2025-02-03T17:12:11.897Z,22.897921,5b5c3fc0,6,Info [FLog::UgcExperienceController] UgcExperienceController: stop: begin (blocking=false dataModel=0x7fca2354c800)
2025-02-03T17:12:11.897Z,22.897947,5b5c3fc0,6,Info [FLog::UgcExperienceController] UgcExperienceController: sendAnalyticsBeforeLeave: sending event None_None
2025-02-03T17:12:11.897Z,22.897985,5b5c3fc0,6,Info [FLog::CrossExperienceVoiceController] CrossExperienceVoiceController: onCoordinatorTransitionEvent Stopped - Ugc
2025-02-03T17:12:11.897Z,22.897993,5b5c3fc0,6,Info [FLog::CrossExperienceVoiceController] CrossExperienceVoiceController: removing all observers for type Ugc
2025-02-03T17:12:11.898Z,22.898321,5b5c3fc0,6 [FLog::SingleSurfaceApp] setStage: (stage:Native)
2025-02-03T17:12:11.898Z,22.898342,5b5c3fc0,6 [DFLog::SignalRCoreError] ID: 1 Disconnected - stop() called
2025-02-03T17:12:11.900Z,22.900555,b815000,7 [FLog::Network] Client:Disconnect
2025-02-03T17:12:11.902Z,22.902401,b815000,7 [FLog::Network] Time to disconnect replication data: 1.798700
2025-02-03T17:12:11.902Z,22.902987,b815000,7 [FLog::Network] Sending disconnect with reason: 285
2025-02-03T17:12:11.903Z,22.903025,b815000,7 [FLog::Network] Sending disconnect with reason: 285
2025-02-03T17:12:11.903Z,22.903051,c24b000,7 [FLog::Network] Sending disconnect with reason: 285
2025-02-03T17:12:11.903Z,22.903133,c24b000,7 [FLog::Network] Connection lost
2025-02-03T17:12:11.903Z,22.903151,c24b000,7 [FLog::Network] Connection lost: connectMode: Disconnect ASAP, timeMS:22903, connectionTime 2915
2025-02-03T17:12:11.903Z,22.903158,c24b000,7 [FLog::Network] Connection lost: AckTimeout 0, IsOutgoingDataWaiting 0
2025-02-03T17:12:11.903Z,22.903166,c24b000,7 [FLog::Network] Disconnection Notification. Reason: 285
2025-02-03T17:12:12.346Z,23.346920,b815000,6,Info [FLog::AudioFocusService] AudioFocusService onServiceProvider invokation
2025-02-03T17:12:12.346Z,23.346956,b815000,6,Info [FLog::AudioFocusService] AudioFocusService::AudioFocusService() onServiceProvider teardown
2025-02-03T17:12:12.347Z,23.347092,b815000,7 [FLog::Network] Client:Disconnect
2025-02-03T17:12:12.450Z,23.450001,b815000,7 [FLog::Network] NetworkClient:Remove
2025-02-03T17:12:12.450Z,23.450056,b815000,7 [DFLog::MegaReplicatorLogDisconnectCleanUpLog] Destroying MegaReplicator.
2025-02-03T17:12:12.811Z,23.811401,b815000,6,Info [FLog::AudioFocusService] AudioFocusService::AudioFocusService() destructor
2025-02-03T17:12:12.841Z,23.841097,b918000,7 [FLog::Network] Replicator destroyed: 0x7fca750b7120
2025-02-03T17:12:13.328Z,24.328405,5b5c3fc0,6 [FLog::SingleSurfaceApp] shutDown: (stage:Native).
2025-02-03T17:12:13.328Z,24.328465,5b5c3fc0,6 [FLog::SingleSurfaceApp] destroyLuaApp: (stage:Native) blocking:true.
2025-02-03T17:12:13.328Z,24.328493,5b5c3fc0,6,Warning [FLog::CrossExperienceVoiceController] CrossExperienceVoiceController: finalize: Did not finalize due to state.
2025-02-03T17:12:13.328Z,24.328510,5b5c3fc0,6,Info [FLog::UgcExperienceController] UgcExperienceController: finalized
2025-02-03T17:12:13.328Z,24.328562,5b5c3fc0,6,Warning [FLog::SingleSurfaceApp] destroyLuaApp: (stage:Native)... finished destroying luaApp.
2025-02-03T17:12:13.328Z,24.328581,5b5c3fc0,6 [FLog::SingleSurfaceApp] setStage: (stage:None)
2025-02-03T17:12:13.328Z,24.328596,5b5c3fc0,6 [FLog::SingleSurfaceApp] destroy controllers
2025-02-03T17:12:13.328Z,24.328638,5b5c3fc0,6,Info [FLog::CrossExperienceVoiceController] CrossExperienceVoiceController::CrossExperienceVoiceController()
2025-02-03T17:12:13.328Z,24.328671,5b5c3fc0,6,Info [FLog::UgcExperienceController] UgcExperienceController::~UgcExperienceController()
2025-02-03T17:12:13.328Z,24.328709,5b5c3fc0,6 [FLog::SurfaceController] SurfaceController[_:1]::~SurfaceController, count: 0
2025-02-03T17:12:13.328Z,24.328722,5b5c3fc0,6,Warning [FLog::Graphics] RenderView destroyed[1]
2025-02-03T17:12:13.358Z,24.358974,5b5c3fc0,6 [FLog::SingleSurfaceApp] setStage: (stage:Native)
