2025-02-03T15:59:42.264Z,0.264953,5b5c3fc0,6 [FLog::MacLuaApp] (AppDelegate) application:openURLs:(
    "roblox-player:1+launchmode:play+gameinfo:HGGa0WH7vWIVhv4UHmiPTzi6GF3vBVQoSgPD6H8Z2X1rQQbTSTWgm5OFCPFVVMKRF5lEXGSnTsfXKTGjnn6fq7M5VCMrA0JtET8nZOfMQzezVVGWEd-h7oOW60otbJXwA8bRTmSnNqEANs0yUcuJ0zHkEbbtAmrlzNwX9c_LwhZ3Fwvg4N3hzOtPIMGOoLrIhj_1U8j4DEhPMc2MN2d750CYErk5c8Bu5_hcJT0sNHU+launchtime:1738598380520+placelauncherurl:https%3A%2F%2Fwww.roblox.com%2FGame%2FPlaceLauncher.ashx%3Frequest%3DRequestGame%26browserTrackerId%3D1738344328674006%26placeId%3D16732694052%26isPlayTogetherGame%3Dfalse%26referredByPlayerId%3D0%26joinAttemptId%3Db3fb0b0f-a0a6-4124-a1a8-b816052bc4c4%26joinAttemptOrigin%3DPlayButton+browsertrackerid:1738344328674006+robloxLocale:en_us+gameLocale:en_us+channel:+LaunchExp:InApp"
)
2025-02-03T15:59:42.265Z,0.265126,5b5c3fc0,6 [FLog::MacLuaApp] (AppDelegate) application:openURLs handling web launch
2025-02-03T15:59:42.265Z,0.265171,5b5c3fc0,6 [FLog::MacLuaApp] (AppDelegate) Argument 1 = launchmode:play
2025-02-03T15:59:42.265Z,0.265184,5b5c3fc0,6 [FLog::MacLuaApp] (AppDelegate) Argument 2 = gameinfo:HGGa0WH7vWIVhv4UHmiPTzi6GF3vBVQoSgPD6H8Z2X1rQQbTSTWgm5OFCPFVVMKRF5lEXGSnTsfXKTGjnn6fq7M5VCMrA0JtET8nZOfMQzezVVGWEd-h7oOW60otbJXwA8bRTmSnNqEANs0yUcuJ0zHkEbbtAmrlzNwX9c_LwhZ3Fwvg4N3hzOtPIMGOoLrIhj_1U8j4DEhPMc2MN2d750CYErk5c8Bu5_hcJT0sNHU
2025-02-03T15:59:42.265Z,0.265195,5b5c3fc0,6 [FLog::MacLuaApp] (AppDelegate) Argument 3 = launchtime:1738598380520
2025-02-03T15:59:42.265Z,0.265205,5b5c3fc0,6 [FLog::MacLuaApp] (AppDelegate) Argument 4 = placelauncherurl:https%3A%2F%2Fwww.roblox.com%2FGame%2FPlaceLauncher.ashx%3Frequest%3DRequestGame%26browserTrackerId%3D1738344328674006%26placeId%3D16732694052%26isPlayTogetherGame%3Dfalse%26referredByPlayerId%3D0%26joinAttemptId%3Db3fb0b0f-a0a6-4124-a1a8-b816052bc4c4%26joinAttemptOrigin%3DPlayButton
2025-02-03T15:59:42.265Z,0.265214,5b5c3fc0,6 [FLog::MacLuaApp] (AppDelegate) Argument 5 = browsertrackerid:1738344328674006
2025-02-03T15:59:42.265Z,0.265224,5b5c3fc0,6 [FLog::MacLuaApp] (AppDelegate) Argument 6 = robloxLocale:en_us
2025-02-03T15:59:42.265Z,0.265233,5b5c3fc0,6 [FLog::MacLuaApp] (AppDelegate) Argument 7 = gameLocale:en_us
2025-02-03T15:59:42.265Z,0.265241,5b5c3fc0,6 [FLog::MacLuaApp] (AppDelegate) Argument 8 = channel:
2025-02-03T15:59:42.265Z,0.265265,5b5c3fc0,6 [FLog::Output] Saved channel '' to 'com.roblox.RobloxPlayerChannel' for baseUrl 'www.roblox.com'
2025-02-03T15:59:42.265Z,0.265282,5b5c3fc0,6 [FLog::Output] RobloxChannel has been set to production
2025-02-03T15:59:42.265Z,0.265291,5b5c3fc0,6 [FLog::MacLuaApp] (AppDelegate) Argument 9 = LaunchExp:InApp
2025-02-03T15:59:42.265Z,0.265341,5b5c3fc0,6 [FLog::MacLuaApp] (AppDelegate) reportClientStatus url: https://www.roblox.com/client-status/set?browserTrackerId=1738344328674006&status=BootstrapperInstalling
2025-02-03T15:59:42.266Z,0.266646,5b5c3fc0,6 [FLog::MacLuaApp] (AppDelegate) application:openURLs cold launch. Defer web launch until after initialization is complete.
2025-02-03T15:59:42.266Z,0.266763,5b5c3fc0,6 [FLog::Output] (AppDelegate) applicationDidFinishLaunching
2025-02-03T15:59:42.266Z,0.266860,5b5c3fc0,6,Info [FLog::UpdateController] UpdateController: versionQueryUrl: https://clientsettingscdn.roblox.com/v2/client-version/MacPlayer
2025-02-03T15:59:42.266Z,0.266886,5b5c3fc0,6,Info [FLog::UpdateController] MacUpdateController: updaterFullPath: /Applications/Roblox.app/Contents/MacOS/RobloxPlayerInstaller.app/Contents/MacOS/RobloxPlayerInstaller
2025-02-03T15:59:42.266Z,0.266939,a8cc000,6,Info [FLog::UpdateController] Update check thread started
2025-02-03T15:59:42.266Z,0.266976,5b5c3fc0,6 [FLog::Output] settingsUrl: https://clientsettingscdn.roblox.com/v2/settings-compressed/application/MacDesktopClient/876303bc5322fbc5499ad5d572b4a57fc6305ca10adf81769b9121c45b7d3a38.dcz
2025-02-03T15:59:42.266Z,0.266992,a8cc000,6,Info [FLog::UpdateController] Checking if updater exists at /Applications/Roblox.app/Contents/MacOS/RobloxPlayerInstaller.app/Contents/MacOS/RobloxPlayerInstaller. Returning 1
2025-02-03T15:59:42.326Z,0.326915,5b5c3fc0,6 [FLog::Output] Settings Date header was Mon, 03 Feb 2025 15:59:24 GMT
2025-02-03T15:59:42.326Z,0.326974,5b5c3fc0,6 [FLog::Output] Settings Date timestamp is 1738598364
2025-02-03T15:59:42.327Z,0.327168,a8cc000,6,Debug [FLog::UpdateController] version response: {"version":"0.658.0.6580461","clientVersionUpload":"version-4c01fa4a41074574","bootstrapperVersion":"6580461"}
2025-02-03T15:59:42.327Z,0.327225,a8cc000,6,Info [FLog::UpdateController] Update check thread: updateRequired FALSE
2025-02-03T15:59:42.338Z,0.338820,5b5c3fc0,6 [FLog::ClientRunInfo] RobloxGitHash: 6874f45ec658019a67f19ab7de6e688c50292b01
2025-02-03T15:59:42.338Z,0.338992,5b5c3fc0,6 [FLog::ClientRunInfo] The base url is https://www.roblox.com/
2025-02-03T15:59:42.339Z,0.339003,5b5c3fc0,6 [FLog::ClientRunInfo] The channel is production
2025-02-03T15:59:42.348Z,0.348391,5b5c3fc0,6 [FLog::Output] *******
** Validated reflection database in 5.910571 ms, found 5363 entries with the following skipped: 0 enums, 0 properties, 0 functions, 0 events, 0 callbacks, 0 classes.
*******

2025-02-03T15:59:42.348Z,0.348968,5b5c3fc0,6 [FLog::Output] (AppDelegate) Universal App on Mac: initialize...
2025-02-03T15:59:42.348Z,0.348989,5b5c3fc0,6 [FLog::Output] syncCookiesFromNativeToEngine was skipped
2025-02-03T15:59:42.349Z,0.349084,5b5c3fc0,6 [FLog::Output] Current file descriptor limit is 256, increasing to 2560
2025-02-03T15:59:42.349Z,0.349099,5b5c3fc0,6 [FLog::Output] (AppDelegate) web browserTrackerId = [1738344328674006].
2025-02-03T15:59:42.350Z,0.350366,5b5c3fc0,6 [FLog::Output] syncCookiesFromEngineToNative was skipped
2025-02-03T15:59:42.350Z,0.350390,5b5c3fc0,6 [FLog::Output] (AppDelegate) launchTimeMillis = [-2186]
2025-02-03T15:59:42.350Z,0.350611,5b5c3fc0,6,Info [FLog::PerformanceControlUtil] PerformanceControlUtil: registered single surface tunable (id=0)
2025-02-03T15:59:42.350Z,0.350721,5b5c3fc0,6 [FLog::SingleSurfaceApp] initializeWithAppStarter
2025-02-03T15:59:42.350Z,0.350736,5b5c3fc0,6 [FLog::SingleSurfaceApp] initializeSingleton
2025-02-03T15:59:42.350Z,0.350898,5b5c3fc0,6 [FLog::Output] setAssetFolder /Applications/Roblox.app/Contents/Resources/content/
2025-02-03T15:59:42.351Z,0.351081,5b5c3fc0,6 [FLog::Output] setExtraAssetFolder /Applications/Roblox.app/Contents/Resources/ExtraContent
2025-02-03T15:59:42.351Z,0.351228,5b5c3fc0,6 [FLog::Output] Evaluating deferred inferred crashes
2025-02-03T15:59:42.351Z,0.351792,5b5c3fc0,6 [FLog::SingleSurfaceApp] setStage: (stage:Native)
2025-02-03T15:59:42.351Z,0.351811,5b5c3fc0,6 [FLog::SingleSurfaceApp] setLocale
2025-02-03T15:59:42.351Z,0.351822,5b5c3fc0,6,Warning [FLog::SingleSurfaceApp] instantiate controllers
2025-02-03T15:59:42.351Z,0.351831,5b5c3fc0,6 [FLog::SurfaceController] SurfaceController[_:1]::SurfaceController, count: 1
2025-02-03T15:59:42.351Z,0.351840,5b5c3fc0,6,Warning [FLog::SingleSurfaceApp] instantiate experience coordinator
2025-02-03T15:59:42.351Z,0.351864,5b5c3fc0,6,Info [FLog::PerformanceControlUtil] PerformanceControlUtil: registered single surface tunable (id=1)
2025-02-03T15:59:42.351Z,0.351875,5b5c3fc0,6,Info [FLog::CrossExperienceVoiceController] CrossExperienceVoiceController::CrossExperienceVoiceController() constructor
2025-02-03T15:59:42.364Z,0.364527,a94f000,6,Warning [FLog::HttpOpenTelemetryTracing] No active span to end
2025-02-03T15:59:42.364Z,0.364592,a94f000,12 [DFLog::HttpTraceError] HttpResponse(#7 0x7f77f954ca20) time:137.9ms (net:137.8ms callback:0.0ms timeInRetryQueue:0.0ms)status:404 Not Found bodySize:0 url:{ "https://users.roblox.com/" } ip:128.116.44.3 external:1 numberOfTimesRetried:0
2025-02-03T15:59:42.393Z,0.393782,a94f000,6,Warning [FLog::HttpOpenTelemetryTracing] No active span to end
2025-02-03T15:59:42.393Z,0.393832,a94f000,12 [DFLog::HttpTraceError] HttpResponse(#0 0x7f77f9533a20) time:167.3ms (net:167.2ms callback:0.0ms timeInRetryQueue:0.0ms)status:404 Not Found bodySize:0 url:{ "https://accountsettings.roblox.com/" } ip:128.116.44.3 external:1 numberOfTimesRetried:0
2025-02-03T15:59:42.393Z,0.393854,a94f000,6,Warning [FLog::HttpOpenTelemetryTracing] No active span to end
2025-02-03T15:59:42.393Z,0.393897,a94f000,12 [DFLog::HttpTraceError] HttpResponse(#6 0x7f77f954c420) time:167.2ms (net:167.1ms callback:0.0ms timeInRetryQueue:0.0ms)status:404 Not Found bodySize:0 url:{ "https://users.roblox.com/" } ip:128.116.44.3 external:1 numberOfTimesRetried:0
2025-02-03T15:59:42.402Z,0.402617,a94f000,6,Warning [FLog::HttpOpenTelemetryTracing] No active span to end
2025-02-03T15:59:42.402Z,0.402665,a94f000,12 [DFLog::HttpTraceError] HttpResponse(#5 0x7f77f954be20) time:176.0ms (net:176.0ms callback:0.0ms timeInRetryQueue:0.0ms)status:404 Not Found bodySize:0 url:{ "https://locale.roblox.com/" } ip:128.116.44.3 external:1 numberOfTimesRetried:0
2025-02-03T15:59:42.484Z,0.484935,a94f000,6,Warning [FLog::HttpOpenTelemetryTracing] No active span to end
2025-02-03T15:59:42.485Z,0.485022,a94f000,12 [DFLog::HttpTraceError] HttpResponse(#2 0x7f77f94ff620) time:258.3ms (net:258.3ms callback:0.0ms timeInRetryQueue:0.0ms)status:404 Not Found bodySize:0 url:{ "https://apis.roblox.com/" } ip:128.116.44.3 external:1 numberOfTimesRetried:0
2025-02-03T15:59:42.495Z,0.495451,a94f000,6,Warning [FLog::HttpOpenTelemetryTracing] No active span to end
2025-02-03T15:59:42.495Z,0.495517,a94f000,12 [DFLog::HttpTraceError] HttpResponse(#4 0x7f77f954b820) time:268.8ms (net:268.8ms callback:0.0ms timeInRetryQueue:0.0ms)status:404 Not Found bodySize:0 url:{ "https://apis.roblox.com/" } ip:128.116.44.3 external:1 numberOfTimesRetried:0
2025-02-03T15:59:42.497Z,0.497806,a94f000,6,Warning [FLog::HttpOpenTelemetryTracing] No active span to end
2025-02-03T15:59:42.497Z,0.497853,a94f000,12 [DFLog::HttpTraceError] HttpResponse(#1 0x7f77f94ff020) time:271.3ms (net:271.2ms callback:0.0ms timeInRetryQueue:0.0ms)status:404 Not Found bodySize:0 url:{ "https://apis.roblox.com/" } ip:128.116.44.3 external:1 numberOfTimesRetried:0
2025-02-03T15:59:42.497Z,0.497879,a94f000,6,Warning [FLog::HttpOpenTelemetryTracing] No active span to end
2025-02-03T15:59:42.497Z,0.497904,a94f000,12 [DFLog::HttpTraceError] HttpResponse(#3 0x7f77f954b220) time:271.3ms (net:271.2ms callback:0.0ms timeInRetryQueue:0.0ms)status:404 Not Found bodySize:0 url:{ "https://apis.roblox.com/" } ip:128.116.44.3 external:1 numberOfTimesRetried:0
2025-02-03T15:59:42.702Z,0.702689,5b5c3fc0,6 [FLog::SingleSurfaceApp] launchUGCGame: (stage:Native).
2025-02-03T15:59:42.702Z,0.702722,5b5c3fc0,6 [FLog::SingleSurfaceApp] launchUGCGameInternal
2025-02-03T15:59:42.704Z,0.704628,5b5c3fc0,6 [FLog::SingleSurfaceApp] applyLocale
2025-02-03T15:59:42.704Z,0.704646,5b5c3fc0,6,Info [FLog::UgcExperienceController] UgcExperienceController: initialize:
2025-02-03T15:59:42.705Z,0.705178,5b5c3fc0,6 [FLog::DataModelPatchConfigurer] [_DataModelPatch] Load configs for user key: app:1423803869895817846
2025-02-03T15:59:42.705Z,0.705974,5b5c3fc0,6 [FLog::DataModelPatchConfigurer] [_DataModelPatch] Retrieving patch
2025-02-03T15:59:42.705Z,0.705989,5b5c3fc0,6 [FLog::DataModelPatchConfigurer] getCachedPatch DataModelPatchConfig : type=1, assetId=5345954812, assetVersion=10769, maxAppVersion=658, localAssetURI=rbxasset://models/DataModelPatch/DataModelPatch.rbxm
2025-02-03T15:59:42.705Z,0.705998,5b5c3fc0,6 [FLog::DataModelPatchConfigurer] getCachedPatch : numAttempts=10
2025-02-03T15:59:42.706Z,0.706038,5b5c3fc0,6 [FLog::DataModelPatchConfigurer] getCachedPatch : contentId=rbxasset://models/DataModelPatch/DataModelPatch.rbxm
2025-02-03T15:59:42.706Z,0.706048,5b5c3fc0,6 [FLog::DataModelPatchConfigurer] getCachedPatch : get patch from content provider for Model
2025-02-03T15:59:42.706Z,0.706126,5b5c3fc0,6 [FLog::DataModelPatchConfigurer] deserializeAndVerifyPatch with blake3
2025-02-03T15:59:42.964Z,0.964234,5b5c3fc0,6,Warning [DFLog::BootcampCLI139737Log] Hello world!!!!!!!!!!!!!!!!!!!!
2025-02-03T15:59:43.047Z,1.047856,5b5c3fc0,6,Info [FLog::Audio] OutputDevice 0: Cuffie esterne [BuiltIn] 48000/2
2025-02-03T15:59:43.066Z,1.066822,5b5c3fc0,6,Info [FLog::Audio] InputDevice 0: Microfono esterno({af0144be-277e-8cc3-0000000000000000}) 48000/1/4
2025-02-03T15:59:43.066Z,1.066856,5b5c3fc0,6,Info [FLog::Audio] InputDevice 1: Microfono iMac({50eb3c32-f018-032c-0000000000000000}) 48000/1/4
2025-02-03T15:59:43.077Z,1.077079,5b5c3fc0,6,Info [FLog::UgcExperienceController] UgcExperienceController: join: initialized dm 0x7f77ffaa3600
2025-02-03T15:59:43.077Z,1.077119,5b5c3fc0,6 [FLog::GameJoinUtil] GameJoinUtil::joinGame
2025-02-03T15:59:43.077Z,1.077203,5b5c3fc0,6 [FLog::GameJoinUtil] GameJoinUtil::joinGamePostStandard: URL: https://gamejoin.roblox.com/v1/join-game BODY: {"placeId":16732694052,"gameJoinAttemptId":"b3fb0b0f-a0a6-4124-a1a8-b816052bc4c4"}
2025-02-03T15:59:43.077Z,1.077266,5b5c3fc0,6 [FLog::GameJoinUtil] GameJoinUtil::makePlaceLauncherRequest: requestCount: 0, url: https://gamejoin.roblox.com/v1/join-game.
2025-02-03T15:59:43.077Z,1.077286,5b5c3fc0,6 [FLog::GameJoinUtil] Delaying request by 0.00 seconds
2025-02-03T15:59:43.077Z,1.077339,5b5c3fc0,6,Info [FLog::CrossExperienceVoiceController] CrossExperienceVoiceController: onCoordinatorTransitionEvent Started - Ugc
2025-02-03T15:59:43.077Z,1.077425,5b5c3fc0,6 [FLog::SurfaceController] [_:1]::replaceDataModel: (stage:0, window = 0x7f77f8883960) [tid:0x7f77fa00d360]
2025-02-03T15:59:43.077Z,1.077840,5b5c3fc0,6,Warning [FLog::Graphics] RenderView created[1]
2025-02-03T15:59:43.079Z,1.079604,5b5c3fc0,6 [FLog::Graphics] Metal renderer: AMD Radeon Pro 5300
2025-02-03T15:59:43.079Z,1.079627,5b5c3fc0,6 [channel] Caps: ThreadSafe 1 Framebuffer 1 FpFramebuffer 1 Shaders 1 Compute 1 Instancing 1 PerInstanceStream 1 ConstBuffers 1
2025-02-03T15:59:43.079Z,1.079636,5b5c3fc0,6 [channel] Caps: Framebuffer: MRT 4 MSAA 8 Stencil 1
2025-02-03T15:59:43.079Z,1.079642,5b5c3fc0,6 [channel] Caps: Framebuffer: Depth16 1 Depth24 1 DepthFloat 1 DepthClamp 1
2025-02-03T15:59:43.079Z,1.079648,5b5c3fc0,6 [channel] Caps: Border Color 1
2025-02-03T15:59:43.079Z,1.079654,5b5c3fc0,6 [channel] Caps: Texture: RGB10A2 1 RG11B10F 1 R16I 1
2025-02-03T15:59:43.079Z,1.079659,5b5c3fc0,6 [channel] Caps: Texture: BC6H 1 ASTC HDR 0
2025-02-03T15:59:43.079Z,1.079664,5b5c3fc0,6 [channel] Caps: Texture: DXT 1 PVR 0 ETC1 0 ETC2 0 Half 1
2025-02-03T15:59:43.079Z,1.079670,5b5c3fc0,6 [channel] Caps: Texture: 3D 1 Array 1 Depth 1 MSAA 1 MSAAFP16 8
2025-02-03T15:59:43.079Z,1.079675,5b5c3fc0,6 [channel] Caps: Texture: NPOT 1 PartialMips 1 CubeMipGen 1 CubeFramebuffer 1
2025-02-03T15:59:43.079Z,1.079681,5b5c3fc0,6 [channel] Caps: Texture: Size 8192 Units 32 VertexUnits 32
2025-02-03T15:59:43.079Z,1.079686,5b5c3fc0,6 [channel] Caps: ConstantBufferSize 65536
2025-02-03T15:59:43.079Z,1.079692,5b5c3fc0,6 [channel] Caps: isAppleGPU 0
2025-02-03T15:59:43.079Z,1.079697,5b5c3fc0,6 [channel] Caps: 32bIdx 1 Memoryless 0
2025-02-03T15:59:43.079Z,1.079704,5b5c3fc0,6 [channel] Caps: ColorBGR 0 RTFlip 0 MinusOneToOneDepth 0
2025-02-03T15:59:43.083Z,1.083164,5b5c3fc0,6 [FLog::Graphics] Metal: creating framebuffer 5120x2528
2025-02-03T15:59:43.083Z,1.083204,5b5c3fc0,6 [FLog::Graphics] Video memory size: 2147483648
2025-02-03T15:59:43.113Z,1.113032,5b5c3fc0,6 [FLog::Graphics] Loaded 1021 shaders from pack metal_osx variant default (7181513 bytes)
2025-02-03T15:59:43.113Z,1.113054,5b5c3fc0,6 [FLog::Graphics] Compiled 677 shaders in 29 ms
2025-02-03T15:59:43.132Z,1.132772,5b5c3fc0,6 [FLog::SurfaceController] SurfaceController::disableVR
2025-02-03T15:59:43.132Z,1.132894,5b5c3fc0,6 [FLog::SurfaceController] SurfaceController[_:1]::start dataModel(0x7f77ffaa3600)
2025-02-03T15:59:43.132Z,1.132922,5b5c3fc0,6 [FLog::SurfaceController] SurfaceController::RenderJob[_:1]::RenderJob
2025-02-03T15:59:43.132Z,1.132932,5b5c3fc0,6 [FLog::SurfaceController] SurfaceController[_:1]::run dataModel(0x7f77ffaa3600)
2025-02-03T15:59:43.132Z,1.132945,5b5c3fc0,6 [FLog::SingleSurfaceApp] setStage: (stage:UGCGame)
2025-02-03T15:59:43.132Z,1.132955,5b5c3fc0,6 [FLog::SingleSurfaceApp] userDidLogin
2025-02-03T15:59:43.132Z,1.132962,5b5c3fc0,6 [FLog::SingleSurfaceApp] applyLocale
2025-02-03T15:59:43.132Z,1.132987,af6a000,6 [FLog::Output] (AppDelegate) Doing machine id check.
2025-02-03T15:59:43.133Z,1.133574,ae67000,6,Info [FLog::UgcExperienceController] UgcExperienceController: submitStartGameTask: scrips are loaded 0x7f77ffaa3600
2025-02-03T15:59:43.133Z,1.133911,ad64000,6 [FLog::SurfaceController] SurfaceController::RenderJob::stepDataModelJob: No DM yet. Continue...
2025-02-03T15:59:43.233Z,1.233885,5b5c3fc0,6 [FLog::SurfaceController] SurfaceController::RenderJob::scheduleRender: No data model. Bind workspace now...
2025-02-03T15:59:43.239Z,1.239122,5b5c3fc0,6 [FLog::Graphics] LayeredClothingMode updated: LC=1 HSR=1
2025-02-03T15:59:43.243Z,1.243144,5b5c3fc0,6 [FLog::Graphics] SceneManager: resizing main targets to 2560x1264
2025-02-03T15:59:43.318Z,1.318343,5b5c3fc0,6 [FLog::Graphics] Metal: resizing main framebuffer to 5120x2880
2025-02-03T15:59:43.323Z,1.323468,5b5c3fc0,6 [FLog::Graphics] SceneManager: resizing main targets to 2560x1440
2025-02-03T15:59:44.371Z,2.371264,ad64000,6 [FLog::GameJoinUtil] GameJoinUtil::makePlaceLauncherRequest, response:
{"jobId":"4fb5c074-6add-42f6-adfe-1484d803e343","status":2,"statusData":null,"joinScriptUrl":"https://assetgame.roblox.com/Game/Join.ashx?ticketVersion=2&ticket={\"UserId\"%3a3047960021%2c\"UserName\"%3a\"paninorealaccount009\"%2c\"DisplayName\"%3a\"Jack\"%2c\"CharacterFetchUrl\"%3a\"https%3a%2f%2fapi.roblox.com%2fv1.1%2favatar-fetch%2f%3fplaceId%3d16732694052%26userId%3d3047960021\"%2c\"GameId\"%3a\"4fb5c074-6add-42f6-adfe-1484d803e343\"%2c\"PlaceId\"%3a16732694052%2c\"UniverseId\"%3a5750914919%2c\"ServerId\"%3a236462%2c\"ServerPort\"%3a52619%2c\"IsTeleport\"%3afalse%2c\"FollowUserId\"%3anull%2c\"TimeStamp\"%3a\"02%2f03%2f2025+15%3a59%3a44\"%2c\"CharacterAppearanceId\"%3a3047960021%2c\"AlternateName\"%3anull%2c\"JoinTypeId\"%3a10%2c\"MatchmakingDecisionId\"%3a\"e3ecee51-fdce-4f95-8b42-52d0a247c0e6\"%2c\"GameJoinMetadata\"%3a{\"JoinSource\"%3a0%2c\"RequestType\"%3a0%2c\"MatchmakingDecisionId\"%
2025-02-03T15:59:44.371Z,2.371478,ad64000,6 [FLog::GameJoinUtil] Game join succeeded.
2025-02-03T15:59:44.371Z,2.371504,ad64000,6 [FLog::GameJoinUtil] GameJoinUtil::processing join parameters
2025-02-03T15:59:44.373Z,2.373240,ad64000,7 [FLog::Network] NetworkClient:Create
2025-02-03T15:59:44.373Z,2.373874,ad64000,6 [FLog::GameJoinUtil] Null EventId
2025-02-03T15:59:44.374Z,2.374037,ad64000,10 [DFLog::KeyRing] Parsed config created at: 11:59 4/1/2024.
2025-02-03T15:59:44.377Z,2.377454,ad64000,6 [FLog::Output] AnalyticsSessionId is 13f1eae2-1d06-49e2-964e-1c1eba9bdd82.
2025-02-03T15:59:44.377Z,2.377504,ad64000,6 [FLog::Output] ! Joining game '4fb5c074-6add-42f6-adfe-1484d803e343' place 16732694052 at 10.208.8.19
2025-02-03T15:59:44.377Z,2.377544,ad64000,6 [FLog::GameJoinLoadTime] Report game_join_loadtime: sid:13f1eae2-1d06-49e2-964e-1c1eba9bdd82, clienttime:1738598385.117000103, join_time:1.6712178820000000989, referral_page:RequestGame, placeid:16732694052, userid:3047960021, universeid:5750914919, 
2025-02-03T15:59:44.379Z,2.379269,ad64000,7 [FLog::Network] Client will attempt to connect following server endpoints with threadSleepTime(-1)
2025-02-03T15:59:44.379Z,2.379285,ad64000,7 [FLog::Network] UDMUX Address = 128.116.1.33, Port = 52619 | RCC Server Address = 10.208.8.19, Port = 52619
2025-02-03T15:59:44.380Z,2.380253,ad64000,7 [FLog::Network] binding socket on inaddr_any:0

2025-02-03T15:59:44.392Z,2.392607,ad64000,6 [FLog::Output] Connecting to UDMUX server 128.116.1.33:52619, and RCC server 10.208.8.19:52619
2025-02-03T15:59:44.983Z,2.983164,af6a000,6 [FLog::Output] Connection accepted from 128.116.1.33|52619
2025-02-03T15:59:44.984Z,2.984730,af6a000,7 [FLog::Network] serverId: 128.116.1.33|52619
2025-02-03T15:59:44.984Z,2.984820,af6a000,7 [FLog::Network] Replicator created for player 128.116.1.33|52619
2025-02-03T15:59:44.984Z,2.984834,af6a000,7 [FLog::Network] Replicator created: 0x7f77fce66b40
2025-02-03T15:59:45.337Z,3.337850,af6a000,7 [FLog::Network] Time taken to initialize schema = 4.896002 ms
2025-02-03T15:59:45.338Z,3.338003,af6a000,7 [FLog::Network] Assigned peer id = 677
2025-02-03T15:59:45.338Z,3.338213,af6a000,7 [FLog::Network] Join snapshot timer: 0.191257
2025-02-03T15:59:45.349Z,3.349958,af6a000,6 [FLog::DataModelPatchConfigurer] OTAPollingEnabled set to: false
2025-02-03T15:59:45.350Z,3.350329,af6a000,6 [FLog::DataModelPatchConfigurer] [_DataModelPatch] Update OTA config
2025-02-03T15:59:45.369Z,3.369535,af6a000,6,Info [FLog::AudioFocusManager] AudioFocusManager::AudioFocusManager() constructor
2025-02-03T15:59:45.369Z,3.369573,af6a000,6,Info [FLog::AudioFocusService] AudioFocusService::AudioFocusService() constructor
2025-02-03T15:59:45.369Z,3.369584,af6a000,6,Info [FLog::AudioFocusService] AudioFocusService onServiceProvider invokation
2025-02-03T15:59:45.369Z,3.369591,af6a000,6,Info [FLog::AudioFocusService] AudioFocusService::AudioFocusService() onServiceProvider setup
2025-02-03T15:59:45.527Z,3.527075,a94f000,6 [FLog::DataModelPatchConfigurer] [_DataModelPatch] Update OTA succeeded: {"SchemaVersion":"1","CanaryUserIds":[],"CanaryPercentage":0}
2025-02-03T15:59:45.527Z,3.527102,a94f000,6 [FLog::DataModelPatchConfigurer] [_DataModelPatch] Update OTA config not deployed
2025-02-03T15:59:45.890Z,3.890146,a94f000,6,Critical [DFLog::RbxStorage] RbxStorage::init [INIT] availableDiskSpace: 70506291200 bytes, oldCacheSize: -1 bytes, elapsed: 0.049 ms
2025-02-03T15:59:45.904Z,3.904446,a94f000,6,Error [DFLog::SQLite] sqlite3_error_log: 283 - recovered 185 frames from WAL file /private/var/folders/83/3w46ryz13191t1qd7k9xctdm0000gn/T/Roblox/rbx-storage.db-wal
2025-02-03T15:59:45.907Z,3.907079,a94f000,6,Critical [DFLog::RbxStorage] RbxStorage::init [DONE] name: TelemetryCache(SqliteCache+TelemetryCache(FileCache)), duration: 16.451 ms, dbOpenCount: 5, dbMaxMemory: 0.260 MiB, dbTotalSize: 0.000 MiB, dbNumItems: 1, fileTotalSize: 0.000 MiB, fileNumItems: 0
2025-02-03T15:59:46.268Z,4.268485,ae67000,6 [FLog::Output] Chat message from unknown Player 128.116.1.33|52619 ahh
2025-02-03T15:59:46.823Z,4.823334,ad64000,6 [FLog::Error] Error: Failed to load sound rbxassetid://102597773270227: Requested asset is archived
2025-02-03T15:59:47.005Z,5.005347,b382000,6 [FLog::Error] Asset (Image) "https://assetdelivery.roblox.com/v1/asset?id=00000543453" load failed in TextureManager::PreloadTexture: Request failed
2025-02-03T15:59:47.272Z,5.272564,5b5c3fc0,6 [FLog::Graphics] Future is bright shadows
2025-02-03T15:59:47.275Z,5.275934,5b5c3fc0,6 [FLog::Graphics] Terrain TextureArray 512x512, arraySize: 36, mip: 10
2025-02-03T15:59:47.728Z,5.728359,ad64000,6 [FLog::Error] Error: Failed to load sound rbxassetid://5546573724: Asset is not approved for the requester
2025-02-03T15:59:48.766Z,6.766556,af6a000,6 [FLog::Output] serverInfoSync started in 0.02ms
2025-02-03T15:59:48.766Z,6.766610,af6a000,6 [FLog::Output] legacyLocalPlayerData started in 0.01ms
2025-02-03T15:59:48.766Z,6.766632,af6a000,6 [FLog::Output] cinematic started in 0.01ms
2025-02-03T15:59:48.767Z,6.767285,af6a000,6 [FLog::Output] client loaded in 42.00ms
2025-02-03T15:59:48.768Z,6.768275,af6a000,6 [FLog::Output] 🍍 Running TopbarPlus v3.0.2 by ForeverHD
2025-02-03T15:59:48.777Z,6.777929,af6a000,6 [FLog::Output] game took 3233.44 to load
2025-02-03T15:59:48.778Z,6.778957,af6a000,6 [FLog::Output] Server RobloxGitHash: 6874f45ec658019a67f19ab7de6e688c50292b01
2025-02-03T15:59:48.778Z,6.778975,af6a000,6 [FLog::Output] Server Prefix: 0.658.0.6580461_20250202T164500Z_RCC_c0826
2025-02-03T15:59:49.060Z,7.060300,ad64000,6 [FLog::Output] setting cinematic mode to [false]
2025-02-03T15:59:49.200Z,7.200524,af6a000,6 [FLog::Output] // ASSET LOADING SKIPPED DUE TO WORK CONFIG VALUES.
2025-02-03T15:59:49.351Z,7.351439,ae67000,6 [FLog::Output] 1
2025-02-03T15:59:52.415Z,10.415914,af6a000,6 [FLog::Output] Running Client handler for state true
2025-02-03T15:59:53.423Z,11.423717,b382000,6 [FLog::Error] Asset (Animation) "rbxassetid://16765683963" load failed in Animation.AnimationId: Animation failed to load
2025-02-03T15:59:53.423Z,11.423789,b382000,6 [FLog::Error] Error: Failed to load animation with sanitized ID rbxassetid://16765683963: Animation failed to load, assetId: https://assetdelivery.roblox.com/v1/asset?id=16765683963&serverplaceid=16732694052
2025-02-03T15:59:53.620Z,11.620127,b382000,6 [FLog::Error] Asset (Image) "https://assetdelivery.roblox.com/v1/asset?id=17083490979" load failed in Workspace.active.Mine Explosion.main.c.Texture: Request failed
2025-02-03T15:59:54.063Z,12.063484,ae67000,6 [FLog::Warning] Warning: Infinite yield possible on 'Workspace.world.map.Forsaken Shores.Actives:WaitForChild("DoorPart")'
2025-02-03T15:59:54.063Z,12.063540,ae67000,6 [FLog::Output] Info: Stack Begin
2025-02-03T15:59:54.063Z,12.063560,ae67000,6 [FLog::Output] Info: Script 'Players.paninorealaccount009.PlayerScripts.client.AtlantisClientSide', Line 54
2025-02-03T15:59:54.063Z,12.063570,ae67000,6 [FLog::Output] Info: Stack End
2025-02-03T16:00:01.540Z,19.540073,af6a000,6 [FLog::Output] Client started with 33 fps
2025-02-03T16:00:59.179Z,77.179474,ad64000,6 [FLog::Error] Slot Exception
2025-02-03T16:00:59.179Z,77.179741,ad64000,6 [FLog::Error] Error: exception while signaling: Cannot load the AnimationClipProvider Service.
2025-02-03T16:00:59.194Z,77.194595,af6a000,6 [FLog::Error] Slot Exception
2025-02-03T16:00:59.194Z,77.194641,af6a000,6 [FLog::Error] Error: exception while signaling: Cannot load the AnimationClipProvider Service.
2025-02-03T16:00:59.194Z,77.194695,af6a000,6 [FLog::Error] Slot Exception
2025-02-03T16:00:59.194Z,77.194702,af6a000,6 [FLog::Error] Error: exception while signaling: Cannot load the AnimationClipProvider Service.
2025-02-03T16:01:25.950Z,103.950745,b382000,6 [FLog::Error] Asset (Animation) "rbxassetid://17737535694" load failed in Workspace.active.boats.Madalin352408.Rowboat.owner.AC.Unoccupied.AnimationId: Animation failed to load
2025-02-03T16:01:25.950Z,103.950790,b382000,6 [FLog::Error] Error: Failed to load animation with sanitized ID rbxassetid://17737535694: Animation failed to load, assetId: https://assetdelivery.roblox.com/v1/asset?id=17737535694&serverplaceid=16732694052
2025-02-03T16:01:25.950Z,103.950829,b382000,6 [FLog::Error] Asset (Animation) "rbxassetid://17737554380" load failed in Workspace.active.boats.Madalin352408.Rowboat.owner.AC.Idle.AnimationId: Animation failed to load
2025-02-03T16:01:25.950Z,103.950844,b382000,6 [FLog::Error] Error: Failed to load animation with sanitized ID rbxassetid://17737554380: Animation failed to load, assetId: https://assetdelivery.roblox.com/v1/asset?id=17737554380&serverplaceid=16732694052
2025-02-03T16:01:25.950Z,103.950874,b382000,6 [FLog::Error] Asset (Animation) "rbxassetid://17737574737" load failed in Workspace.active.boats.Madalin352408.Rowboat.owner.AC.Active.AnimationId: Animation failed to load
2025-02-03T16:01:25.950Z,103.950890,b382000,6 [FLog::Error] Error: Failed to load animation with sanitized ID rbxassetid://17737574737: Animation failed to load, assetId: https://assetdelivery.roblox.com/v1/asset?id=17737574737&serverplaceid=16732694052
2025-02-03T16:01:30.874Z,108.874817,ae67000,6,Warning [DFLog::DMNotificationMonitor] DM notification received. Type 35
2025-02-03T16:01:30.885Z,108.885918,5b5c3fc0,6 [FLog::SingleSurfaceApp] leaveUGCGame: (stage:UGCGame) blocking=0.
2025-02-03T16:01:30.885Z,108.885956,5b5c3fc0,6 [FLog::SingleSurfaceApp] leaveUGCGameInternal
2025-02-03T16:01:30.886Z,108.886856,5b5c3fc0,6 [FLog::SurfaceController] stop
2025-02-03T16:01:30.886Z,108.886871,5b5c3fc0,6 [FLog::SurfaceController] drainRenderingJobs
2025-02-03T16:01:31.046Z,109.046539,5b5c3fc0,6,Info [FLog::UgcExperienceController] UgcExperienceController: destroyCaptureModeDataModelIfExists: begin
2025-02-03T16:01:31.046Z,109.046593,5b5c3fc0,6,Info [FLog::UgcExperienceController] UgcExperienceController: destroyCaptureModeDataModelIfExists: end
2025-02-03T16:01:31.046Z,109.046600,5b5c3fc0,6,Info [FLog::UgcExperienceController] UgcExperienceController: stop: begin (blocking=false dataModel=0x7f77ffaa3600)
2025-02-03T16:01:31.046Z,109.046623,5b5c3fc0,6,Info [FLog::UgcExperienceController] UgcExperienceController: sendAnalyticsBeforeLeave: sending event None_None
2025-02-03T16:01:31.046Z,109.046661,5b5c3fc0,6,Info [FLog::CrossExperienceVoiceController] CrossExperienceVoiceController: onCoordinatorTransitionEvent Stopped - Ugc
2025-02-03T16:01:31.046Z,109.046684,5b5c3fc0,6,Info [FLog::CrossExperienceVoiceController] CrossExperienceVoiceController: removing all observers for type Ugc
2025-02-03T16:01:31.047Z,109.047943,5b5c3fc0,6 [FLog::SingleSurfaceApp] setStage: (stage:Native)
2025-02-03T16:01:31.047Z,109.047966,5b5c3fc0,6 [DFLog::SignalRCoreError] ID: 1 Disconnected - stop() called
2025-02-03T16:01:31.054Z,109.054352,ae67000,7 [FLog::Network] Client:Disconnect
2025-02-03T16:01:31.057Z,109.057388,5b5c3fc0,6 [FLog::SurfaceController] SurfaceController::RenderJob[_:1]::~RenderJob
2025-02-03T16:01:31.065Z,109.065178,ae67000,7 [FLog::Network] Time to disconnect replication data: 10.771628
2025-02-03T16:01:31.065Z,109.065773,ae67000,7 [FLog::Network] Sending disconnect with reason: 285
2025-02-03T16:01:31.065Z,109.065811,ae67000,7 [FLog::Network] Sending disconnect with reason: 285
2025-02-03T16:01:31.065Z,109.065826,bbb2000,7 [FLog::Network] Sending disconnect with reason: 285
2025-02-03T16:01:33.594Z,111.594437,ae67000,6,Info [FLog::AudioFocusService] AudioFocusService onServiceProvider invokation
2025-02-03T16:01:33.594Z,111.594627,ae67000,6,Info [FLog::AudioFocusService] AudioFocusService::AudioFocusService() onServiceProvider teardown
2025-02-03T16:01:33.595Z,111.595177,ae67000,7 [FLog::Network] Client:Disconnect
2025-02-03T16:01:33.881Z,111.881187,ae67000,7 [FLog::Network] NetworkClient:Remove
2025-02-03T16:01:33.881Z,111.881226,ae67000,7 [DFLog::MegaReplicatorLogDisconnectCleanUpLog] Destroying MegaReplicator.
2025-02-03T16:01:34.438Z,112.438194,ae67000,6,Info [FLog::AudioFocusService] AudioFocusService::AudioFocusService() destructor
2025-02-03T16:01:34.486Z,112.486839,af6a000,7 [FLog::Network] Replicator destroyed: 0x7f77fce66b40
2025-02-03T16:01:34.954Z,112.954674,5b5c3fc0,6 [FLog::SingleSurfaceApp] shutDown: (stage:Native).
2025-02-03T16:01:34.954Z,112.954750,5b5c3fc0,6 [FLog::SingleSurfaceApp] destroyLuaApp: (stage:Native) blocking:true.
2025-02-03T16:01:34.954Z,112.954773,5b5c3fc0,6,Warning [FLog::CrossExperienceVoiceController] CrossExperienceVoiceController: finalize: Did not finalize due to state.
2025-02-03T16:01:34.954Z,112.954788,5b5c3fc0,6,Info [FLog::UgcExperienceController] UgcExperienceController: finalized
2025-02-03T16:01:34.954Z,112.954819,5b5c3fc0,6,Warning [FLog::SingleSurfaceApp] destroyLuaApp: (stage:Native)... finished destroying luaApp.
2025-02-03T16:01:34.954Z,112.954834,5b5c3fc0,6 [FLog::SingleSurfaceApp] setStage: (stage:None)
2025-02-03T16:01:34.954Z,112.954849,5b5c3fc0,6 [FLog::SingleSurfaceApp] destroy controllers
2025-02-03T16:01:34.954Z,112.954887,5b5c3fc0,6,Info [FLog::CrossExperienceVoiceController] CrossExperienceVoiceController::CrossExperienceVoiceController()
2025-02-03T16:01:34.954Z,112.954933,5b5c3fc0,6,Info [FLog::UgcExperienceController] UgcExperienceController::~UgcExperienceController()
2025-02-03T16:01:34.954Z,112.954964,5b5c3fc0,6 [FLog::SurfaceController] SurfaceController[_:1]::~SurfaceController, count: 0
2025-02-03T16:01:34.954Z,112.954987,5b5c3fc0,6,Warning [FLog::Graphics] RenderView destroyed[1]
2025-02-03T16:01:35.004Z,113.004745,5b5c3fc0,6 [FLog::SingleSurfaceApp] setStage: (stage:Native)
