2025-02-06T08:56:17.209Z,0.209345,5a175fc0,6 [FLog::MacLuaApp] (AppDelegate) application:openURLs:(
    "roblox-player:1+launchmode:play+gameinfo:HM235x7X6b8xj0shRpG4e6-J9-5GYwMIus3QfRfqOtmXdTLrc6pj_A489yC0jFUWm8WgJBsKNNsyfkk7o-e_RxOUNqLKtvLbaL1BFoB0-QIBDpaBdjyYVt619GlBraENPMnyKxvSZ2BYk1vhvoELlmNP_Xy8iDA81mXLw2m2Bkv5XYqVoXGukijoXmguiH1LjF9OBkATgMvhoHJr1dz20z1WZF0bhIfQTHjvdeFAcKA+launchtime:1738832175167+placelauncherurl:https%3A%2F%2Fwww.roblox.com%2FGame%2FPlaceLauncher.ashx%3Frequest%3DRequestGame%26browserTrackerId%3D1738344328674006%26placeId%3D8286149869%26isPlayTogetherGame%3Dfalse%26referredByPlayerId%3D0%26joinAttemptId%3Dd0d22664-c6fd-4bab-8f78-b853d69e9e9e%26joinAttemptOrigin%3DPlayButton+browsertrackerid:1738344328674006+robloxLocale:en_us+gameLocale:en_us+channel:+LaunchExp:InApp"
)
2025-02-06T08:56:17.209Z,0.209507,5a175fc0,6 [FLog::MacLuaApp] (AppDelegate) application:openURLs handling web launch
2025-02-06T08:56:17.209Z,0.209551,5a175fc0,6 [FLog::MacLuaApp] (AppDelegate) Argument 1 = launchmode:play
2025-02-06T08:56:17.209Z,0.209564,5a175fc0,6 [FLog::MacLuaApp] (AppDelegate) Argument 2 = gameinfo:HM235x7X6b8xj0shRpG4e6-J9-5GYwMIus3QfRfqOtmXdTLrc6pj_A489yC0jFUWm8WgJBsKNNsyfkk7o-e_RxOUNqLKtvLbaL1BFoB0-QIBDpaBdjyYVt619GlBraENPMnyKxvSZ2BYk1vhvoELlmNP_Xy8iDA81mXLw2m2Bkv5XYqVoXGukijoXmguiH1LjF9OBkATgMvhoHJr1dz20z1WZF0bhIfQTHjvdeFAcKA
2025-02-06T08:56:17.209Z,0.209574,5a175fc0,6 [FLog::MacLuaApp] (AppDelegate) Argument 3 = launchtime:1738832175167
2025-02-06T08:56:17.209Z,0.209584,5a175fc0,6 [FLog::MacLuaApp] (AppDelegate) Argument 4 = placelauncherurl:https%3A%2F%2Fwww.roblox.com%2FGame%2FPlaceLauncher.ashx%3Frequest%3DRequestGame%26browserTrackerId%3D1738344328674006%26placeId%3D8286149869%26isPlayTogetherGame%3Dfalse%26referredByPlayerId%3D0%26joinAttemptId%3Dd0d22664-c6fd-4bab-8f78-b853d69e9e9e%26joinAttemptOrigin%3DPlayButton
2025-02-06T08:56:17.209Z,0.209594,5a175fc0,6 [FLog::MacLuaApp] (AppDelegate) Argument 5 = browsertrackerid:1738344328674006
2025-02-06T08:56:17.209Z,0.209603,5a175fc0,6 [FLog::MacLuaApp] (AppDelegate) Argument 6 = robloxLocale:en_us
2025-02-06T08:56:17.209Z,0.209611,5a175fc0,6 [FLog::MacLuaApp] (AppDelegate) Argument 7 = gameLocale:en_us
2025-02-06T08:56:17.209Z,0.209620,5a175fc0,6 [FLog::MacLuaApp] (AppDelegate) Argument 8 = channel:
2025-02-06T08:56:17.209Z,0.209642,5a175fc0,6 [FLog::Output] Saved channel '' to 'com.roblox.RobloxPlayerChannel' for baseUrl 'www.roblox.com'
2025-02-06T08:56:17.209Z,0.209658,5a175fc0,6 [FLog::Output] RobloxChannel has been set to production
2025-02-06T08:56:17.209Z,0.209667,5a175fc0,6 [FLog::MacLuaApp] (AppDelegate) Argument 9 = LaunchExp:InApp
2025-02-06T08:56:17.209Z,0.209717,5a175fc0,6 [FLog::MacLuaApp] (AppDelegate) reportClientStatus url: https://www.roblox.com/client-status/set?browserTrackerId=1738344328674006&status=BootstrapperInstalling
2025-02-06T08:56:17.210Z,0.210898,5a175fc0,6 [FLog::MacLuaApp] (AppDelegate) application:openURLs cold launch. Defer web launch until after initialization is complete.
2025-02-06T08:56:17.211Z,0.211003,5a175fc0,6 [FLog::Output] (AppDelegate) applicationDidFinishLaunching
2025-02-06T08:56:17.211Z,0.211100,5a175fc0,6,Info [FLog::UpdateController] UpdateController: versionQueryUrl: https://clientsettingscdn.roblox.com/v2/client-version/MacPlayer
2025-02-06T08:56:17.211Z,0.211126,5a175fc0,6,Info [FLog::UpdateController] MacUpdateController: updaterFullPath: /Applications/Roblox.app/Contents/MacOS/RobloxPlayerInstaller.app/Contents/MacOS/RobloxPlayerInstaller
2025-02-06T08:56:17.211Z,0.211172,ffc8000,6,Info [FLog::UpdateController] Update check thread started
2025-02-06T08:56:17.211Z,0.211203,ffc8000,6,Info [FLog::UpdateController] Checking if updater exists at /Applications/Roblox.app/Contents/MacOS/RobloxPlayerInstaller.app/Contents/MacOS/RobloxPlayerInstaller. Returning 0
2025-02-06T08:56:17.211Z,0.211213,5a175fc0,6 [FLog::Output] settingsUrl: https://clientsettingscdn.roblox.com/v2/settings-compressed/application/MacDesktopClient/876303bc5322fbc5499ad5d572b4a57fc6305ca10adf81769b9121c45b7d3a38.dcz
2025-02-06T08:56:17.211Z,0.211215,ffc8000,6,Warning [FLog::UpdateController] Updater not found. Skipping update
2025-02-06T08:56:17.211Z,0.211251,ffc8000,6,Info [FLog::UpdateController] Update check thread: updateRequired FALSE
2025-02-06T08:56:17.274Z,0.274620,5a175fc0,6 [FLog::Output] Settings Date header was Thu, 06 Feb 2025 08:56:17 GMT
2025-02-06T08:56:17.274Z,0.274649,5a175fc0,6 [FLog::Output] Settings Date timestamp is 1738832177
2025-02-06T08:56:17.285Z,0.285036,5a175fc0,6 [FLog::ClientRunInfo] RobloxGitHash: 6874f45ec658019a67f19ab7de6e688c50292b01
2025-02-06T08:56:17.285Z,0.285232,5a175fc0,6 [FLog::ClientRunInfo] The base url is https://www.roblox.com/
2025-02-06T08:56:17.285Z,0.285243,5a175fc0,6 [FLog::ClientRunInfo] The channel is production
2025-02-06T08:56:17.294Z,0.294746,5a175fc0,6 [FLog::Output] *******
** Validated reflection database in 5.603052 ms, found 5363 entries with the following skipped: 0 enums, 0 properties, 0 functions, 0 events, 0 callbacks, 0 classes.
*******

2025-02-06T08:56:17.295Z,0.295171,5a175fc0,6 [FLog::Output] (AppDelegate) Universal App on Mac: initialize...
2025-02-06T08:56:17.295Z,0.295194,5a175fc0,6 [FLog::Output] syncCookiesFromNativeToEngine was skipped
2025-02-06T08:56:17.295Z,0.295264,5a175fc0,6 [FLog::Output] Current file descriptor limit is 2560, no need to increase
2025-02-06T08:56:17.295Z,0.295277,5a175fc0,6 [FLog::Output] (AppDelegate) web browserTrackerId = [1738344328674006].
2025-02-06T08:56:17.296Z,0.296374,5a175fc0,6 [FLog::Output] syncCookiesFromEngineToNative was skipped
2025-02-06T08:56:17.296Z,0.296401,5a175fc0,6 [FLog::Output] (AppDelegate) launchTimeMillis = [-1994]
2025-02-06T08:56:17.296Z,0.296612,5a175fc0,6,Info [FLog::PerformanceControlUtil] PerformanceControlUtil: registered single surface tunable (id=0)
2025-02-06T08:56:17.296Z,0.296718,5a175fc0,6 [FLog::SingleSurfaceApp] initializeWithAppStarter
2025-02-06T08:56:17.296Z,0.296733,5a175fc0,6 [FLog::SingleSurfaceApp] initializeSingleton
2025-02-06T08:56:17.296Z,0.296887,5a175fc0,6 [FLog::Output] setAssetFolder /Applications/Roblox.app/Contents/Resources/content/
2025-02-06T08:56:17.297Z,0.297064,5a175fc0,6 [FLog::Output] setExtraAssetFolder /Applications/Roblox.app/Contents/Resources/ExtraContent
2025-02-06T08:56:17.297Z,0.297209,5a175fc0,6 [FLog::Output] Evaluating deferred inferred crashes
2025-02-06T08:56:17.297Z,0.297808,5a175fc0,6 [FLog::SingleSurfaceApp] setStage: (stage:Native)
2025-02-06T08:56:17.297Z,0.297826,5a175fc0,6 [FLog::SingleSurfaceApp] setLocale
2025-02-06T08:56:17.297Z,0.297837,5a175fc0,6,Warning [FLog::SingleSurfaceApp] instantiate controllers
2025-02-06T08:56:17.297Z,0.297845,5a175fc0,6 [FLog::SurfaceController] SurfaceController[_:1]::SurfaceController, count: 1
2025-02-06T08:56:17.297Z,0.297854,5a175fc0,6,Warning [FLog::SingleSurfaceApp] instantiate experience coordinator
2025-02-06T08:56:17.297Z,0.297877,5a175fc0,6,Info [FLog::PerformanceControlUtil] PerformanceControlUtil: registered single surface tunable (id=1)
2025-02-06T08:56:17.297Z,0.297887,5a175fc0,6,Info [FLog::CrossExperienceVoiceController] CrossExperienceVoiceController::CrossExperienceVoiceController() constructor
2025-02-06T08:56:17.313Z,0.313365,10151000,6,Warning [FLog::HttpOpenTelemetryTracing] No active span to end
2025-02-06T08:56:17.313Z,0.313416,10151000,12 [DFLog::HttpTraceError] HttpResponse(#5 0x7f7db8af0e20) time:140.1ms (net:140.0ms callback:0.0ms timeInRetryQueue:0.0ms)status:404 Not Found bodySize:0 url:{ "https://locale.roblox.com/" } ip:128.116.44.3 external:1 numberOfTimesRetried:0
2025-02-06T08:56:17.329Z,0.329290,10151000,6,Warning [FLog::HttpOpenTelemetryTracing] No active span to end
2025-02-06T08:56:17.329Z,0.329341,10151000,12 [DFLog::HttpTraceError] HttpResponse(#6 0x7f7db8af1420) time:156.1ms (net:156.0ms callback:0.0ms timeInRetryQueue:0.0ms)status:404 Not Found bodySize:0 url:{ "https://users.roblox.com/" } ip:128.116.44.3 external:1 numberOfTimesRetried:0
2025-02-06T08:56:17.348Z,0.348868,10151000,6,Warning [FLog::HttpOpenTelemetryTracing] No active span to end
2025-02-06T08:56:17.348Z,0.348925,10151000,12 [DFLog::HttpTraceError] HttpResponse(#7 0x7f7db8af1a20) time:175.6ms (net:175.6ms callback:0.0ms timeInRetryQueue:0.0ms)status:404 Not Found bodySize:0 url:{ "https://users.roblox.com/" } ip:128.116.44.3 external:1 numberOfTimesRetried:0
2025-02-06T08:56:17.353Z,0.353909,10151000,6,Warning [FLog::HttpOpenTelemetryTracing] No active span to end
2025-02-06T08:56:17.353Z,0.353942,10151000,12 [DFLog::HttpTraceError] HttpResponse(#0 0x7f7db8ac4820) time:180.8ms (net:180.7ms callback:0.0ms timeInRetryQueue:0.0ms)status:404 Not Found bodySize:0 url:{ "https://accountsettings.roblox.com/" } ip:128.116.44.3 external:1 numberOfTimesRetried:0
2025-02-06T08:56:17.395Z,0.395650,10151000,6,Warning [FLog::HttpOpenTelemetryTracing] No active span to end
2025-02-06T08:56:17.395Z,0.395704,10151000,12 [DFLog::HttpTraceError] HttpResponse(#1 0x7f7db89a5e20) time:222.5ms (net:222.4ms callback:0.0ms timeInRetryQueue:0.0ms)status:404 Not Found bodySize:0 url:{ "https://apis.roblox.com/" } ip:128.116.44.3 external:1 numberOfTimesRetried:0
2025-02-06T08:56:17.426Z,0.426548,10151000,6,Warning [FLog::HttpOpenTelemetryTracing] No active span to end
2025-02-06T08:56:17.426Z,0.426601,10151000,12 [DFLog::HttpTraceError] HttpResponse(#2 0x7f7db8aefc20) time:253.4ms (net:253.3ms callback:0.0ms timeInRetryQueue:0.0ms)status:404 Not Found bodySize:0 url:{ "https://apis.roblox.com/" } ip:128.116.44.3 external:1 numberOfTimesRetried:0
2025-02-06T08:56:17.432Z,0.432227,10151000,6,Warning [FLog::HttpOpenTelemetryTracing] No active span to end
2025-02-06T08:56:17.432Z,0.432262,10151000,12 [DFLog::HttpTraceError] HttpResponse(#4 0x7f7db8af0820) time:259.0ms (net:258.9ms callback:0.0ms timeInRetryQueue:0.0ms)status:404 Not Found bodySize:0 url:{ "https://apis.roblox.com/" } ip:128.116.44.3 external:1 numberOfTimesRetried:0
2025-02-06T08:56:17.453Z,0.453112,10151000,6,Warning [FLog::HttpOpenTelemetryTracing] No active span to end
2025-02-06T08:56:17.453Z,0.453164,10151000,12 [DFLog::HttpTraceError] HttpResponse(#3 0x7f7db8af0220) time:279.9ms (net:279.8ms callback:0.0ms timeInRetryQueue:0.0ms)status:404 Not Found bodySize:0 url:{ "https://apis.roblox.com/" } ip:128.116.44.3 external:1 numberOfTimesRetried:0
2025-02-06T08:56:17.613Z,0.613250,5a175fc0,6 [FLog::SingleSurfaceApp] launchUGCGame: (stage:Native).
2025-02-06T08:56:17.613Z,0.613273,5a175fc0,6 [FLog::SingleSurfaceApp] launchUGCGameInternal
2025-02-06T08:56:17.615Z,0.615012,5a175fc0,6 [FLog::SingleSurfaceApp] applyLocale
2025-02-06T08:56:17.615Z,0.615041,5a175fc0,6,Info [FLog::UgcExperienceController] UgcExperienceController: initialize:
2025-02-06T08:56:17.615Z,0.615600,5a175fc0,6 [FLog::DataModelPatchConfigurer] [_DataModelPatch] Load configs for user key: app:1423803869895817846
2025-02-06T08:56:17.616Z,0.616358,5a175fc0,6 [FLog::DataModelPatchConfigurer] [_DataModelPatch] Retrieving patch
2025-02-06T08:56:17.616Z,0.616375,5a175fc0,6 [FLog::DataModelPatchConfigurer] getCachedPatch DataModelPatchConfig : type=1, assetId=5345954812, assetVersion=10769, maxAppVersion=658, localAssetURI=rbxasset://models/DataModelPatch/DataModelPatch.rbxm
2025-02-06T08:56:17.616Z,0.616385,5a175fc0,6 [FLog::DataModelPatchConfigurer] getCachedPatch : numAttempts=10
2025-02-06T08:56:17.616Z,0.616425,5a175fc0,6 [FLog::DataModelPatchConfigurer] getCachedPatch : contentId=rbxasset://models/DataModelPatch/DataModelPatch.rbxm
2025-02-06T08:56:17.616Z,0.616434,5a175fc0,6 [FLog::DataModelPatchConfigurer] getCachedPatch : get patch from content provider for Model
2025-02-06T08:56:17.620Z,0.620394,5a175fc0,6 [FLog::DataModelPatchConfigurer] deserializeAndVerifyPatch with blake3
2025-02-06T08:56:17.879Z,0.879183,5a175fc0,6,Warning [DFLog::BootcampCLI139737Log] Hello world!!!!!!!!!!!!!!!!!!!!
2025-02-06T08:56:17.879Z,0.879220,5a175fc0,6,Warning [FLog::Output] Hello Earthlings!
2025-02-06T08:56:17.931Z,0.931526,5a175fc0,6,Info [FLog::Audio] OutputDevice 0: Cuffie esterne [BuiltIn] 48000/2
2025-02-06T08:56:18.004Z,1.004576,5a175fc0,6,Info [FLog::Audio] InputDevice 0: Microfono esterno({af0144be-277e-8cc3-0000000000000000}) 48000/1/4
2025-02-06T08:56:18.004Z,1.004616,5a175fc0,6,Info [FLog::Audio] InputDevice 1: Microfono iMac({50eb3c32-f018-032c-0000000000000000}) 48000/1/4
2025-02-06T08:56:18.020Z,1.020174,5a175fc0,6,Info [FLog::UgcExperienceController] UgcExperienceController: join: initialized dm 0x7f7dc7c12000
2025-02-06T08:56:18.020Z,1.020215,5a175fc0,6 [FLog::GameJoinUtil] GameJoinUtil::joinGame
2025-02-06T08:56:18.020Z,1.020302,5a175fc0,6 [FLog::GameJoinUtil] GameJoinUtil::joinGamePostStandard: URL: https://gamejoin.roblox.com/v1/join-game BODY: {"isTeleport":true,"placeId":8286149869,"gameJoinAttemptId":"d0d22664-c6fd-4bab-8f78-b853d69e9e9e"}
2025-02-06T08:56:18.020Z,1.020359,5a175fc0,6 [FLog::GameJoinUtil] GameJoinUtil::makePlaceLauncherRequest: requestCount: 0, url: https://gamejoin.roblox.com/v1/join-game.
2025-02-06T08:56:18.020Z,1.020420,5a175fc0,6,Info [FLog::CrossExperienceVoiceController] CrossExperienceVoiceController: onCoordinatorTransitionEvent Started - Ugc
2025-02-06T08:56:18.020Z,1.020526,5a175fc0,6 [FLog::SurfaceController] [_:1]::replaceDataModel: (stage:0, window = 0x7f7dbc10d260) [tid:0x7f7db8026360]
2025-02-06T08:56:18.021Z,1.021008,5a175fc0,6,Warning [FLog::Graphics] RenderView created[1]
2025-02-06T08:56:18.022Z,1.022763,5a175fc0,6 [FLog::Graphics] Metal renderer: AMD Radeon Pro 5300
2025-02-06T08:56:18.022Z,1.022788,5a175fc0,6 [channel] Caps: ThreadSafe 1 Framebuffer 1 FpFramebuffer 1 Shaders 1 Compute 1 Instancing 1 PerInstanceStream 1 ConstBuffers 1
2025-02-06T08:56:18.022Z,1.022796,5a175fc0,6 [channel] Caps: Framebuffer: MRT 4 MSAA 8 Stencil 1
2025-02-06T08:56:18.022Z,1.022803,5a175fc0,6 [channel] Caps: Framebuffer: Depth16 1 Depth24 1 DepthFloat 1 DepthClamp 1
2025-02-06T08:56:18.022Z,1.022809,5a175fc0,6 [channel] Caps: Border Color 1
2025-02-06T08:56:18.022Z,1.022814,5a175fc0,6 [channel] Caps: Texture: RGB10A2 1 RG11B10F 1 R16I 1
2025-02-06T08:56:18.022Z,1.022820,5a175fc0,6 [channel] Caps: Texture: BC6H 1 ASTC HDR 0
2025-02-06T08:56:18.022Z,1.022825,5a175fc0,6 [channel] Caps: Texture: DXT 1 PVR 0 ETC1 0 ETC2 0 Half 1
2025-02-06T08:56:18.022Z,1.022831,5a175fc0,6 [channel] Caps: Texture: 3D 1 Array 1 Depth 1 MSAA 1 MSAAFP16 8
2025-02-06T08:56:18.022Z,1.022836,5a175fc0,6 [channel] Caps: Texture: NPOT 1 PartialMips 1 CubeMipGen 1 CubeFramebuffer 1
2025-02-06T08:56:18.022Z,1.022841,5a175fc0,6 [channel] Caps: Texture: Size 8192 Units 32 VertexUnits 32
2025-02-06T08:56:18.022Z,1.022847,5a175fc0,6 [channel] Caps: ConstantBufferSize 65536
2025-02-06T08:56:18.022Z,1.022852,5a175fc0,6 [channel] Caps: isAppleGPU 0
2025-02-06T08:56:18.022Z,1.022857,5a175fc0,6 [channel] Caps: 32bIdx 1 Memoryless 0
2025-02-06T08:56:18.022Z,1.022862,5a175fc0,6 [channel] Caps: ColorBGR 0 RTFlip 0 MinusOneToOneDepth 0
2025-02-06T08:56:18.026Z,1.026252,5a175fc0,6 [FLog::Graphics] Metal: creating framebuffer 5120x2528
2025-02-06T08:56:18.026Z,1.026291,5a175fc0,6 [FLog::Graphics] Video memory size: 2147483648
2025-02-06T08:56:18.060Z,1.060326,5a175fc0,6 [FLog::Graphics] Loaded 972 shaders from pack metal_osx variant default (7121760 bytes)
2025-02-06T08:56:18.060Z,1.060354,5a175fc0,6 [FLog::Graphics] Compiled 677 shaders in 34 ms
2025-02-06T08:56:18.080Z,1.080322,5a175fc0,6 [FLog::SurfaceController] SurfaceController::disableVR
2025-02-06T08:56:18.080Z,1.080431,5a175fc0,6 [FLog::SurfaceController] SurfaceController[_:1]::start dataModel(0x7f7dc7c12000)
2025-02-06T08:56:18.080Z,1.080457,5a175fc0,6 [FLog::SurfaceController] SurfaceController::RenderJob[_:1]::RenderJob
2025-02-06T08:56:18.080Z,1.080468,5a175fc0,6 [FLog::SurfaceController] SurfaceController[_:1]::run dataModel(0x7f7dc7c12000)
2025-02-06T08:56:18.080Z,1.080483,5a175fc0,6 [FLog::SingleSurfaceApp] setStage: (stage:UGCGame)
2025-02-06T08:56:18.080Z,1.080493,5a175fc0,6 [FLog::SingleSurfaceApp] userDidLogin
2025-02-06T08:56:18.080Z,1.080501,5a175fc0,6 [FLog::SingleSurfaceApp] applyLocale
2025-02-06T08:56:18.080Z,1.080524,106e6000,6 [FLog::Output] (AppDelegate) Doing machine id check.
2025-02-06T08:56:18.112Z,1.112200,104e0000,6,Info [FLog::UgcExperienceController] UgcExperienceController: submitStartGameTask: scrips are loaded 0x7f7dc7c12000
2025-02-06T08:56:18.112Z,1.112544,105e3000,6 [FLog::SurfaceController] SurfaceController::RenderJob::stepDataModelJob: No DM yet. Continue...
2025-02-06T08:56:18.121Z,1.121336,5a175fc0,6 [FLog::SurfaceController] SurfaceController::RenderJob::scheduleRender: No data model. Bind workspace now...
2025-02-06T08:56:18.128Z,1.128145,5a175fc0,6 [FLog::Graphics] LayeredClothingMode updated: LC=1 HSR=1
2025-02-06T08:56:18.132Z,1.132579,5a175fc0,6 [FLog::Graphics] SceneManager: resizing main targets to 2560x1264
2025-02-06T08:56:18.212Z,1.212258,5a175fc0,6 [FLog::Graphics] Metal: resizing main framebuffer to 5120x2880
2025-02-06T08:56:18.217Z,1.217359,5a175fc0,6 [FLog::Graphics] SceneManager: resizing main targets to 2560x1440
2025-02-06T08:56:19.256Z,2.256104,104e0000,6 [FLog::GameJoinUtil] Game join succeeded.
2025-02-06T08:56:19.256Z,2.256303,104e0000,6 [FLog::GameJoinUtil] GameJoinUtil::processing join parameters
2025-02-06T08:56:19.270Z,2.270441,106e6000,7 [FLog::Network] NetworkClient:Create
2025-02-06T08:56:19.270Z,2.270796,106e6000,6 [FLog::GameJoinUtil] Null EventId
2025-02-06T08:56:19.270Z,2.270961,106e6000,10 [DFLog::KeyRing] Parsed config created at: 11:59 4/1/2024.
2025-02-06T08:56:19.273Z,2.273693,106e6000,6 [FLog::Output] AnalyticsSessionId is d480096e-7f2c-4428-a163-bfd4ee4ca3f0.
2025-02-06T08:56:19.273Z,2.273744,106e6000,6 [FLog::Output] ! Joining game 'e6db98d2-cb7d-49b3-b119-f4bf4a4d42ff' place 8286149869 at 10.17.5.211
2025-02-06T08:56:19.273Z,2.273787,106e6000,6 [FLog::GameJoinLoadTime] Report game_join_loadtime: sid:d480096e-7f2c-4428-a163-bfd4ee4ca3f0, clienttime:1738832179.5369999409, join_time:1.6576216530000003058, referral_page:RequestGame, placeid:8286149869, userid:3047960021, universeid:3177453609, 
2025-02-06T08:56:19.275Z,2.275754,106e6000,7 [FLog::Network] Client will attempt to connect following server endpoints with threadSleepTime(-1)
2025-02-06T08:56:19.275Z,2.275788,106e6000,7 [FLog::Network] UDMUX Address = 128.116.21.33, Port = 64160 | RCC Server Address = 10.17.5.211, Port = 64160
2025-02-06T08:56:19.276Z,2.276730,106e6000,7 [FLog::Network] binding socket on inaddr_any:0

2025-02-06T08:56:19.288Z,2.288750,106e6000,6 [FLog::Output] Connecting to UDMUX server 128.116.21.33:64160, and RCC server 10.17.5.211:64160
2025-02-06T08:56:19.471Z,2.471672,106e6000,6 [FLog::Output] Connection accepted from 128.116.21.33|64160
2025-02-06T08:56:19.473Z,2.473244,106e6000,7 [FLog::Network] serverId: 128.116.21.33|64160
2025-02-06T08:56:19.473Z,2.473314,106e6000,7 [FLog::Network] Replicator created for player 128.116.21.33|64160
2025-02-06T08:56:19.473Z,2.473324,106e6000,7 [FLog::Network] Replicator created: 0x7f7e000d5450
2025-02-06T08:56:19.571Z,2.571979,104e0000,7 [FLog::Network] call to onreceive before physicsReceiver is initialized are ready, dropping packet
2025-02-06T08:56:19.643Z,2.643565,105e3000,7 [FLog::Network] Time taken to initialize schema = 5.315301 ms
2025-02-06T08:56:19.643Z,2.643680,105e3000,7 [FLog::Network] Assigned peer id = 1662
2025-02-06T08:56:19.643Z,2.643873,105e3000,7 [FLog::Network] Join snapshot timer: 0.175054
2025-02-06T08:56:19.645Z,2.645234,106e6000,6 [FLog::DataModelPatchConfigurer] OTAPollingEnabled set to: false
2025-02-06T08:56:19.680Z,2.680508,106e6000,6,Info [FLog::AudioFocusManager] AudioFocusManager::AudioFocusManager() constructor
2025-02-06T08:56:19.680Z,2.680534,106e6000,6,Info [FLog::AudioFocusService] AudioFocusService::AudioFocusService() constructor
2025-02-06T08:56:19.680Z,2.680551,106e6000,6,Info [FLog::AudioFocusService] AudioFocusService onServiceProvider invokation
2025-02-06T08:56:19.680Z,2.680559,106e6000,6,Info [FLog::AudioFocusService] AudioFocusService::AudioFocusService() onServiceProvider setup
2025-02-06T08:56:20.284Z,3.284991,106e6000,6 [FLog::Output] Server RobloxGitHash: 56a89352ee772e2d2f053a2758f8679453495915
2025-02-06T08:56:20.285Z,3.285025,106e6000,6 [FLog::Output] Server Prefix: 0.659.0.6590474_20250205T213937Z_RCC_0c69a
2025-02-06T08:56:20.504Z,3.504506,5a175fc0,6 [FLog::Graphics] Terrain TextureArray 512x512, arraySize: 36, mip: 10
2025-02-06T08:56:20.558Z,3.558598,5a175fc0,6 [FLog::Error] Asset (Image) "" load failed: Unexpected URL
2025-02-06T08:56:20.625Z,3.625942,104e0000,6 [FLog::Output] Hidden Surface Removal data for Handle https://assetdelivery.roblox.com/v1/asset/?id=13253845633 is invalid, reason: HSR data has not uploaded as hsrId, please publish the place or the model. HSR data is empty.
2025-02-06T08:56:20.625Z,3.625975,104e0000,6 [FLog::Output] HSR data for Eyebrow has not uploaded as hsrId, please publish the place or the model.
2025-02-06T08:56:20.681Z,3.681587,10151000,6,Critical [DFLog::RbxStorage] RbxStorage::init [INIT] availableDiskSpace: 57812172800 bytes, oldCacheSize: -1 bytes, elapsed: 0.055 ms
2025-02-06T08:56:20.698Z,3.698137,10151000,6,Error [DFLog::SQLite] sqlite3_error_log: 283 - recovered 141 frames from WAL file /private/var/folders/83/3w46ryz13191t1qd7k9xctdm0000gn/T/Roblox/rbx-storage.db-wal
2025-02-06T08:56:20.700Z,3.700715,10151000,6,Critical [DFLog::RbxStorage] RbxStorage::init [DONE] name: TelemetryCache(SqliteCache+TelemetryCache(FileCache)), duration: 18.851 ms, dbOpenCount: 4, dbMaxMemory: 0.260 MiB, dbTotalSize: 0.000 MiB, dbNumItems: 1, fileTotalSize: 0.000 MiB, fileNumItems: 0
2025-02-06T08:56:20.700Z,3.700809,10151000,12,Error [DFLog::HttpTraceError] RbxStorage is not ready
2025-02-06T08:56:20.722Z,3.722277,105e3000,6 [FLog::Output] Hidden Surface Removal data for RightHand in NetherCubeGames rbxassetid://15305619573 is invalid, reason: Cage Id does not match, current id is 15305431319, cage id in HSR is 15305619565
2025-02-06T08:56:20.722Z,3.722319,105e3000,6 [FLog::Output] Hidden Surface Removal data for RightHand in NetherCubeGames rbxassetid://15305619573 is invalid, reason: Cage Id does not match, current id is 15305431319, cage id in HSR is 15305619565
2025-02-06T08:56:20.727Z,3.727147,105e3000,6 [FLog::Error] Error: Failed to load sound rbxassetid://2400723864: User is not authorized to access Asset.
2025-02-06T08:56:20.727Z,3.727185,105e3000,6 [FLog::Error] Error: Failed to load sound rbxassetid://1372259: User is not authorized to access Asset.
2025-02-06T08:56:20.727Z,3.727199,105e3000,6 [FLog::Error] Error: Failed to load sound rbxassetid://11420933: User is not authorized to access Asset.
2025-02-06T08:56:21.203Z,4.203040,106e6000,6,Info [DFLog::TrackerAnimationStreamSourceTrace] open
2025-02-06T08:56:36.486Z,19.486874,106e6000,6,Warning [DFLog::DMNotificationMonitor] DM notification received. Type 35
2025-02-06T08:56:36.497Z,19.497637,5a175fc0,6 [FLog::SingleSurfaceApp] leaveUGCGame: (stage:UGCGame) blocking=0.
2025-02-06T08:56:36.497Z,19.497679,5a175fc0,6 [FLog::SingleSurfaceApp] leaveUGCGameInternal
2025-02-06T08:56:36.498Z,19.498442,5a175fc0,6 [FLog::SurfaceController] stop
2025-02-06T08:56:36.498Z,19.498459,5a175fc0,6 [FLog::SurfaceController] drainRenderingJobs
2025-02-06T08:56:36.498Z,19.498489,5a175fc0,6 [FLog::SurfaceController] SurfaceController::RenderJob[_:1]::~RenderJob
2025-02-06T08:56:36.506Z,19.506214,5a175fc0,6,Info [FLog::UgcExperienceController] UgcExperienceController: destroyCaptureModeDataModelIfExists: begin
2025-02-06T08:56:36.506Z,19.506254,5a175fc0,6,Info [FLog::UgcExperienceController] UgcExperienceController: destroyCaptureModeDataModelIfExists: end
2025-02-06T08:56:36.506Z,19.506264,5a175fc0,6,Info [FLog::UgcExperienceController] UgcExperienceController: stop: begin (blocking=false dataModel=0x7f7dc7c12000)
2025-02-06T08:56:36.506Z,19.506285,5a175fc0,6,Info [FLog::UgcExperienceController] UgcExperienceController: sendAnalyticsBeforeLeave: sending event None_None
2025-02-06T08:56:36.506Z,19.506306,5a175fc0,6,Info [FLog::CrossExperienceVoiceController] CrossExperienceVoiceController: onCoordinatorTransitionEvent Stopped - Ugc
2025-02-06T08:56:36.506Z,19.506315,5a175fc0,6,Info [FLog::CrossExperienceVoiceController] CrossExperienceVoiceController: removing all observers for type Ugc
2025-02-06T08:56:36.506Z,19.506680,5a175fc0,6 [FLog::SingleSurfaceApp] setStage: (stage:Native)
2025-02-06T08:56:36.506Z,19.506695,5a175fc0,6 [DFLog::SignalRCoreError] ID: 1 Disconnected - stop() called
2025-02-06T08:56:36.515Z,19.515949,106e6000,6,Info [DFLog::TrackerAnimationStreamSourceTrace] close
2025-02-06T08:56:36.525Z,19.525675,106e6000,7 [FLog::Network] Client:Disconnect
2025-02-06T08:56:36.525Z,19.525906,106e6000,7 [FLog::Network] Time to disconnect replication data: 0.189444
2025-02-06T08:56:36.526Z,19.526247,106e6000,7 [FLog::Network] Sending disconnect with reason: 285
2025-02-06T08:56:36.526Z,19.526274,106e6000,7 [FLog::Network] Sending disconnect with reason: 285
2025-02-06T08:56:36.526Z,19.526291,fd39000,7 [FLog::Network] Sending disconnect with reason: 285
2025-02-06T08:56:36.526Z,19.526352,fd39000,7 [FLog::Network] Connection lost
2025-02-06T08:56:36.526Z,19.526367,fd39000,7 [FLog::Network] Connection lost: connectMode: Disconnect ASAP, timeMS:19526, connectionTime 2399
2025-02-06T08:56:36.526Z,19.526375,fd39000,7 [FLog::Network] Connection lost: AckTimeout 0, IsOutgoingDataWaiting 0
2025-02-06T08:56:36.526Z,19.526381,fd39000,7 [FLog::Network] Disconnection Notification. Reason: 285
2025-02-06T08:56:36.749Z,19.749912,106e6000,6,Info [FLog::AudioFocusService] AudioFocusService onServiceProvider invokation
2025-02-06T08:56:36.749Z,19.749949,106e6000,6,Info [FLog::AudioFocusService] AudioFocusService::AudioFocusService() onServiceProvider teardown
2025-02-06T08:56:36.750Z,19.750011,106e6000,7 [FLog::Network] Client:Disconnect
2025-02-06T08:56:36.850Z,19.850498,106e6000,6,Info [FLog::AudioFocusService] AudioFocusService::AudioFocusService() destructor
2025-02-06T08:56:36.855Z,19.855536,106e6000,7 [FLog::Network] NetworkClient:Remove
2025-02-06T08:56:36.855Z,19.855556,106e6000,7 [DFLog::MegaReplicatorLogDisconnectCleanUpLog] Destroying MegaReplicator.
2025-02-06T08:56:36.927Z,19.927273,104e0000,7 [FLog::Network] Replicator destroyed: 0x7f7e000d5450
2025-02-06T08:56:37.774Z,20.774050,5a175fc0,6 [FLog::SingleSurfaceApp] shutDown: (stage:Native).
2025-02-06T08:56:37.774Z,20.774103,5a175fc0,6 [FLog::SingleSurfaceApp] destroyLuaApp: (stage:Native) blocking:true.
2025-02-06T08:56:37.774Z,20.774113,5a175fc0,6,Warning [FLog::CrossExperienceVoiceController] CrossExperienceVoiceController: finalize: Did not finalize due to state.
2025-02-06T08:56:37.774Z,20.774120,5a175fc0,6,Info [FLog::UgcExperienceController] UgcExperienceController: finalized
2025-02-06T08:56:37.774Z,20.774126,5a175fc0,6,Warning [FLog::SingleSurfaceApp] destroyLuaApp: (stage:Native)... finished destroying luaApp.
2025-02-06T08:56:37.774Z,20.774145,5a175fc0,6 [FLog::SingleSurfaceApp] setStage: (stage:None)
2025-02-06T08:56:37.774Z,20.774153,5a175fc0,6 [FLog::SingleSurfaceApp] destroy controllers
2025-02-06T08:56:37.774Z,20.774160,5a175fc0,6,Info [FLog::CrossExperienceVoiceController] CrossExperienceVoiceController::CrossExperienceVoiceController()
2025-02-06T08:56:37.774Z,20.774174,5a175fc0,6,Info [FLog::UgcExperienceController] UgcExperienceController::~UgcExperienceController()
2025-02-06T08:56:37.774Z,20.774187,5a175fc0,6 [FLog::SurfaceController] SurfaceController[_:1]::~SurfaceController, count: 0
2025-02-06T08:56:37.774Z,20.774195,5a175fc0,6,Warning [FLog::Graphics] RenderView destroyed[1]
2025-02-06T08:56:37.802Z,20.802626,5a175fc0,6 [FLog::SingleSurfaceApp] setStage: (stage:Native)
