2025-02-03T15:58:15.583Z,0.583511,5b5c3fc0,6 [FLog::Output] (AppDelegate) applicationDidFinishLaunching
2025-02-03T15:58:15.583Z,0.583780,5b5c3fc0,6,Info [FLog::UpdateController] UpdateController: versionQueryUrl: https://clientsettingscdn.roblox.com/v2/client-version/MacPlayer
2025-02-03T15:58:15.583Z,0.583807,5b5c3fc0,6,Info [FLog::UpdateController] MacUpdateController: updaterFullPath: /Applications/Roblox.app/Contents/MacOS/RobloxPlayerInstaller.app/Contents/MacOS/RobloxPlayerInstaller
2025-02-03T15:58:15.583Z,0.583862,257f000,6,Info [FLog::UpdateController] Update check thread started
2025-02-03T15:58:15.583Z,0.583902,257f000,6,Info [FLog::UpdateController] Checking if updater exists at /Applications/Roblox.app/Contents/MacOS/RobloxPlayerInstaller.app/Contents/MacOS/RobloxPlayerInstaller. Returning 1
2025-02-03T15:58:15.583Z,0.583918,5b5c3fc0,6 [FLog::Output] settingsUrl: https://clientsettingscdn.roblox.com/v2/settings-compressed/application/MacDesktopClient/876303bc5322fbc5499ad5d572b4a57fc6305ca10adf81769b9121c45b7d3a38.dcz
2025-02-03T15:58:15.634Z,0.634459,257f000,6,Debug [FLog::UpdateController] version response: {"version":"0.658.0.6580461","clientVersionUpload":"version-4c01fa4a41074574","bootstrapperVersion":"6580461"}
2025-02-03T15:58:15.634Z,0.634530,257f000,6,Info [FLog::UpdateController] Update check thread: updateRequired FALSE
2025-02-03T15:58:15.646Z,0.646800,5b5c3fc0,6 [FLog::Output] Settings Date header was Mon, 03 Feb 2025 15:57:59 GMT
2025-02-03T15:58:15.646Z,0.646842,5b5c3fc0,6 [FLog::Output] Settings Date timestamp is 1738598279
2025-02-03T15:58:15.657Z,0.657884,5b5c3fc0,6 [FLog::ClientRunInfo] RobloxGitHash: 6874f45ec658019a67f19ab7de6e688c50292b01
2025-02-03T15:58:15.658Z,0.658010,5b5c3fc0,6 [FLog::ClientRunInfo] The base url is https://www.roblox.com/
2025-02-03T15:58:15.658Z,0.658021,5b5c3fc0,6 [FLog::ClientRunInfo] The channel is production
2025-02-03T15:58:15.668Z,0.668781,5b5c3fc0,6 [FLog::Output] *******
** Validated reflection database in 6.169985 ms, found 5363 entries with the following skipped: 0 enums, 0 properties, 0 functions, 0 events, 0 callbacks, 0 classes.
*******

2025-02-03T15:58:15.669Z,0.669272,5b5c3fc0,6 [FLog::Output] (AppDelegate) Universal App on Mac: initialize...
2025-02-03T15:58:15.669Z,0.669294,5b5c3fc0,6 [FLog::Output] syncCookiesFromNativeToEngine was skipped
2025-02-03T15:58:15.669Z,0.669365,5b5c3fc0,6 [FLog::Output] Current file descriptor limit is 2560, no need to increase
2025-02-03T15:58:15.669Z,0.669383,5b5c3fc0,6 [FLog::Output] (AppDelegate) web browserTrackerId = [1738344328674006].
2025-02-03T15:58:15.675Z,0.675993,5b5c3fc0,6 [FLog::Output] syncCookiesFromEngineToNative was skipped
2025-02-03T15:58:15.676Z,0.676028,5b5c3fc0,6 [FLog::Output] (AppDelegate) launchTimeMillis = [-2660]
2025-02-03T15:58:15.676Z,0.676263,5b5c3fc0,6,Info [FLog::PerformanceControlUtil] PerformanceControlUtil: registered single surface tunable (id=0)
2025-02-03T15:58:15.676Z,0.676356,5b5c3fc0,6 [FLog::SingleSurfaceApp] initializeWithAppStarter
2025-02-03T15:58:15.676Z,0.676370,5b5c3fc0,6 [FLog::SingleSurfaceApp] initializeSingleton
2025-02-03T15:58:15.676Z,0.676792,5b5c3fc0,6 [FLog::Output] setAssetFolder /Applications/Roblox.app/Contents/Resources/content/
2025-02-03T15:58:15.676Z,0.676970,5b5c3fc0,6 [FLog::Output] setExtraAssetFolder /Applications/Roblox.app/Contents/Resources/ExtraContent
2025-02-03T15:58:15.677Z,0.677317,5b5c3fc0,6 [FLog::Output] Evaluating deferred inferred crashes
2025-02-03T15:58:15.677Z,0.677822,5b5c3fc0,6 [FLog::SingleSurfaceApp] setStage: (stage:Native)
2025-02-03T15:58:15.677Z,0.677843,5b5c3fc0,6 [FLog::SingleSurfaceApp] setLocale
2025-02-03T15:58:15.677Z,0.677854,5b5c3fc0,6,Warning [FLog::SingleSurfaceApp] instantiate controllers
2025-02-03T15:58:15.677Z,0.677863,5b5c3fc0,6 [FLog::SurfaceController] SurfaceController[_:1]::SurfaceController, count: 1
2025-02-03T15:58:15.677Z,0.677873,5b5c3fc0,6,Warning [FLog::SingleSurfaceApp] instantiate experience coordinator
2025-02-03T15:58:15.677Z,0.677896,5b5c3fc0,6,Info [FLog::PerformanceControlUtil] PerformanceControlUtil: registered single surface tunable (id=1)
2025-02-03T15:58:15.677Z,0.677918,5b5c3fc0,6,Info [FLog::CrossExperienceVoiceController] CrossExperienceVoiceController::CrossExperienceVoiceController() constructor
2025-02-03T15:58:15.716Z,0.716316,2685000,6,Warning [FLog::HttpOpenTelemetryTracing] No active span to end
2025-02-03T15:58:15.716Z,0.716370,2685000,12 [DFLog::HttpTraceError] HttpResponse(#0 0x7fb8f0af8420) time:155.0ms (net:154.8ms callback:0.0ms timeInRetryQueue:0.0ms)status:404 Not Found bodySize:0 url:{ "https://accountsettings.roblox.com/" } ip:128.116.123.4 external:1 numberOfTimesRetried:0
2025-02-03T15:58:15.749Z,0.749176,2685000,6,Warning [FLog::HttpOpenTelemetryTracing] No active span to end
2025-02-03T15:58:15.749Z,0.749225,2685000,12 [DFLog::HttpTraceError] HttpResponse(#5 0x7fb8f0b0dc20) time:187.7ms (net:187.6ms callback:0.0ms timeInRetryQueue:0.0ms)status:404 Not Found bodySize:0 url:{ "https://locale.roblox.com/" } ip:128.116.123.4 external:1 numberOfTimesRetried:0
2025-02-03T15:58:15.784Z,0.784483,2685000,6,Warning [FLog::HttpOpenTelemetryTracing] No active span to end
2025-02-03T15:58:15.784Z,0.784534,2685000,12 [DFLog::HttpTraceError] HttpResponse(#7 0x7fb8f0b0e820) time:223.0ms (net:222.9ms callback:0.0ms timeInRetryQueue:0.0ms)status:404 Not Found bodySize:0 url:{ "https://users.roblox.com/" } ip:128.116.44.4 external:1 numberOfTimesRetried:0
2025-02-03T15:58:15.789Z,0.789166,2685000,6,Warning [FLog::HttpOpenTelemetryTracing] No active span to end
2025-02-03T15:58:15.789Z,0.789201,2685000,12 [DFLog::HttpTraceError] HttpResponse(#6 0x7fb8f0b0e220) time:227.7ms (net:227.6ms callback:0.0ms timeInRetryQueue:0.0ms)status:404 Not Found bodySize:0 url:{ "https://users.roblox.com/" } ip:128.116.44.4 external:1 numberOfTimesRetried:0
2025-02-03T15:58:15.791Z,0.791547,2685000,6,Warning [FLog::HttpOpenTelemetryTracing] No active span to end
2025-02-03T15:58:15.791Z,0.791573,2685000,12 [DFLog::HttpTraceError] HttpResponse(#1 0x7fb8f0afce20) time:230.1ms (net:230.0ms callback:0.0ms timeInRetryQueue:0.0ms)status:404 Not Found bodySize:0 url:{ "https://apis.roblox.com/" } ip:128.116.44.3 external:1 numberOfTimesRetried:0
2025-02-03T15:58:15.794Z,0.794942,2685000,6,Warning [FLog::HttpOpenTelemetryTracing] No active span to end
2025-02-03T15:58:15.794Z,0.794982,2685000,12 [DFLog::HttpTraceError] HttpResponse(#4 0x7fb8f0af7a20) time:233.4ms (net:233.4ms callback:0.0ms timeInRetryQueue:0.0ms)status:404 Not Found bodySize:0 url:{ "https://apis.roblox.com/" } ip:128.116.44.3 external:1 numberOfTimesRetried:0
2025-02-03T15:58:15.825Z,0.825641,2685000,6,Warning [FLog::HttpOpenTelemetryTracing] No active span to end
2025-02-03T15:58:15.825Z,0.825686,2685000,12 [DFLog::HttpTraceError] HttpResponse(#2 0x7fb8f0afd420) time:264.2ms (net:264.1ms callback:0.0ms timeInRetryQueue:0.0ms)status:404 Not Found bodySize:0 url:{ "https://apis.roblox.com/" } ip:128.116.44.3 external:1 numberOfTimesRetried:0
2025-02-03T15:58:15.827Z,0.827827,2685000,6,Warning [FLog::HttpOpenTelemetryTracing] No active span to end
2025-02-03T15:58:15.827Z,0.827863,2685000,12 [DFLog::HttpTraceError] HttpResponse(#3 0x7fb8f0af7420) time:266.3ms (net:266.3ms callback:0.0ms timeInRetryQueue:0.0ms)status:404 Not Found bodySize:0 url:{ "https://apis.roblox.com/" } ip:128.116.44.3 external:1 numberOfTimesRetried:0
2025-02-03T15:58:16.094Z,1.094326,5b5c3fc0,6 [FLog::SingleSurfaceApp] launchUGCGame: (stage:Native).
2025-02-03T15:58:16.094Z,1.094361,5b5c3fc0,6 [FLog::SingleSurfaceApp] launchUGCGameInternal
2025-02-03T15:58:16.096Z,1.096622,5b5c3fc0,6 [FLog::SingleSurfaceApp] applyLocale
2025-02-03T15:58:16.096Z,1.096644,5b5c3fc0,6,Info [FLog::UgcExperienceController] UgcExperienceController: initialize:
2025-02-03T15:58:16.097Z,1.097274,5b5c3fc0,6 [FLog::DataModelPatchConfigurer] [_DataModelPatch] Load configs for user key: app:1423803869895817846
2025-02-03T15:58:16.098Z,1.098472,5b5c3fc0,6 [FLog::DataModelPatchConfigurer] [_DataModelPatch] Retrieving patch
2025-02-03T15:58:16.098Z,1.098491,5b5c3fc0,6 [FLog::DataModelPatchConfigurer] getCachedPatch DataModelPatchConfig : type=1, assetId=5345954812, assetVersion=10769, maxAppVersion=658, localAssetURI=rbxasset://models/DataModelPatch/DataModelPatch.rbxm
2025-02-03T15:58:16.098Z,1.098518,5b5c3fc0,6 [FLog::DataModelPatchConfigurer] getCachedPatch : numAttempts=10
2025-02-03T15:58:16.098Z,1.098568,5b5c3fc0,6 [FLog::DataModelPatchConfigurer] getCachedPatch : contentId=rbxasset://models/DataModelPatch/DataModelPatch.rbxm
2025-02-03T15:58:16.098Z,1.098577,5b5c3fc0,6 [FLog::DataModelPatchConfigurer] getCachedPatch : get patch from content provider for Model
2025-02-03T15:58:16.098Z,1.098675,5b5c3fc0,6 [FLog::DataModelPatchConfigurer] deserializeAndVerifyPatch with blake3
2025-02-03T15:58:16.461Z,1.461830,5b5c3fc0,6,Warning [DFLog::BootcampCLI139737Log] Hello world!!!!!!!!!!!!!!!!!!!!
2025-02-03T15:58:16.577Z,1.577130,5b5c3fc0,6,Info [FLog::Audio] OutputDevice 0: Cuffie esterne [BuiltIn] 48000/2
2025-02-03T15:58:16.598Z,1.598320,5b5c3fc0,6,Info [FLog::Audio] InputDevice 0: Microfono esterno({af0144be-277e-8cc3-0000000000000000}) 48000/1/4
2025-02-03T15:58:16.598Z,1.598355,5b5c3fc0,6,Info [FLog::Audio] InputDevice 1: Microfono iMac({50eb3c32-f018-032c-0000000000000000}) 48000/1/4
2025-02-03T15:58:16.607Z,1.607599,5b5c3fc0,6,Info [FLog::UgcExperienceController] UgcExperienceController: join: initialized dm 0x7fb8f2e65800
2025-02-03T15:58:16.607Z,1.607649,5b5c3fc0,6 [FLog::GameJoinUtil] GameJoinUtil::joinGame
2025-02-03T15:58:16.607Z,1.607736,5b5c3fc0,6 [FLog::GameJoinUtil] GameJoinUtil::joinGamePostStandard: URL: https://gamejoin.roblox.com/v1/join-game BODY: {"placeId":16732694052,"gameJoinAttemptId":"6aa4886d-acbe-40df-8d5e-e06045b1f037"}
2025-02-03T15:58:16.607Z,1.607794,5b5c3fc0,6 [FLog::GameJoinUtil] GameJoinUtil::makePlaceLauncherRequest: requestCount: 0, url: https://gamejoin.roblox.com/v1/join-game.
2025-02-03T15:58:16.607Z,1.607813,5b5c3fc0,6 [FLog::GameJoinUtil] Delaying request by 0.00 seconds
2025-02-03T15:58:16.607Z,1.607868,5b5c3fc0,6,Info [FLog::CrossExperienceVoiceController] CrossExperienceVoiceController: onCoordinatorTransitionEvent Started - Ugc
2025-02-03T15:58:16.607Z,1.607954,5b5c3fc0,6 [FLog::SurfaceController] [_:1]::replaceDataModel: (stage:0, window = 0x7fb8f2823e90) [tid:0x7fb8f0809560]
2025-02-03T15:58:16.615Z,1.615287,5b5c3fc0,6,Warning [FLog::Graphics] RenderView created[1]
2025-02-03T15:58:16.617Z,1.617421,5b5c3fc0,6 [FLog::Graphics] Metal renderer: AMD Radeon Pro 5300
2025-02-03T15:58:16.617Z,1.617449,5b5c3fc0,6 [channel] Caps: ThreadSafe 1 Framebuffer 1 FpFramebuffer 1 Shaders 1 Compute 1 Instancing 1 PerInstanceStream 1 ConstBuffers 1
2025-02-03T15:58:16.617Z,1.617458,5b5c3fc0,6 [channel] Caps: Framebuffer: MRT 4 MSAA 8 Stencil 1
2025-02-03T15:58:16.617Z,1.617464,5b5c3fc0,6 [channel] Caps: Framebuffer: Depth16 1 Depth24 1 DepthFloat 1 DepthClamp 1
2025-02-03T15:58:16.617Z,1.617470,5b5c3fc0,6 [channel] Caps: Border Color 1
2025-02-03T15:58:16.617Z,1.617476,5b5c3fc0,6 [channel] Caps: Texture: RGB10A2 1 RG11B10F 1 R16I 1
2025-02-03T15:58:16.617Z,1.617481,5b5c3fc0,6 [channel] Caps: Texture: BC6H 1 ASTC HDR 0
2025-02-03T15:58:16.617Z,1.617487,5b5c3fc0,6 [channel] Caps: Texture: DXT 1 PVR 0 ETC1 0 ETC2 0 Half 1
2025-02-03T15:58:16.617Z,1.617492,5b5c3fc0,6 [channel] Caps: Texture: 3D 1 Array 1 Depth 1 MSAA 1 MSAAFP16 8
2025-02-03T15:58:16.617Z,1.617498,5b5c3fc0,6 [channel] Caps: Texture: NPOT 1 PartialMips 1 CubeMipGen 1 CubeFramebuffer 1
2025-02-03T15:58:16.617Z,1.617503,5b5c3fc0,6 [channel] Caps: Texture: Size 8192 Units 32 VertexUnits 32
2025-02-03T15:58:16.617Z,1.617509,5b5c3fc0,6 [channel] Caps: ConstantBufferSize 65536
2025-02-03T15:58:16.617Z,1.617514,5b5c3fc0,6 [channel] Caps: isAppleGPU 0
2025-02-03T15:58:16.617Z,1.617519,5b5c3fc0,6 [channel] Caps: 32bIdx 1 Memoryless 0
2025-02-03T15:58:16.617Z,1.617524,5b5c3fc0,6 [channel] Caps: ColorBGR 0 RTFlip 0 MinusOneToOneDepth 0
2025-02-03T15:58:16.667Z,1.667912,2b1a000,6,Info [FLog::UgcExperienceController] UgcExperienceController: submitStartGameTask: scrips are loaded 0x7fb8f2e65800
2025-02-03T15:58:16.754Z,1.754475,5b5c3fc0,6 [FLog::Graphics] Metal: creating framebuffer 5120x2528
2025-02-03T15:58:16.754Z,1.754557,5b5c3fc0,6 [FLog::Graphics] Video memory size: 2147483648
2025-02-03T15:58:16.809Z,1.809532,5b5c3fc0,6 [FLog::Graphics] Loaded 1021 shaders from pack metal_osx variant default (7181513 bytes)
2025-02-03T15:58:16.809Z,1.809565,5b5c3fc0,6 [FLog::Graphics] Compiled 677 shaders in 54 ms
2025-02-03T15:58:16.833Z,1.833975,5b5c3fc0,6 [FLog::SurfaceController] SurfaceController::disableVR
2025-02-03T15:58:16.834Z,1.834091,5b5c3fc0,6 [FLog::SurfaceController] SurfaceController[_:1]::start dataModel(0x7fb8f2e65800)
2025-02-03T15:58:16.834Z,1.834120,5b5c3fc0,6 [FLog::SurfaceController] SurfaceController::RenderJob[_:1]::RenderJob
2025-02-03T15:58:16.834Z,1.834131,5b5c3fc0,6 [FLog::SurfaceController] SurfaceController[_:1]::run dataModel(0x7fb8f2e65800)
2025-02-03T15:58:16.834Z,1.834144,5b5c3fc0,6 [FLog::SingleSurfaceApp] setStage: (stage:UGCGame)
2025-02-03T15:58:16.834Z,1.834154,5b5c3fc0,6 [FLog::SingleSurfaceApp] userDidLogin
2025-02-03T15:58:16.834Z,1.834162,5b5c3fc0,6 [FLog::SingleSurfaceApp] applyLocale
2025-02-03T15:58:16.834Z,1.834187,2a17000,6 [FLog::Output] (AppDelegate) Doing machine id check.
2025-02-03T15:58:16.845Z,1.845058,2c1d000,6 [FLog::SurfaceController] SurfaceController::RenderJob::stepDataModelJob: No DM yet. Continue...
2025-02-03T15:58:16.898Z,1.898393,5b5c3fc0,6 [FLog::SurfaceController] SurfaceController::RenderJob::scheduleRender: No data model. Bind workspace now...
2025-02-03T15:58:16.907Z,1.907918,5b5c3fc0,6 [FLog::Graphics] LayeredClothingMode updated: LC=1 HSR=1
2025-02-03T15:58:16.916Z,1.916884,5b5c3fc0,6 [FLog::Graphics] SceneManager: resizing main targets to 2560x1264
2025-02-03T15:58:17.106Z,2.106846,5b5c3fc0,6 [FLog::Graphics] Metal: resizing main framebuffer to 5120x2880
2025-02-03T15:58:17.109Z,2.109782,2b1a000,6 [FLog::GameJoinUtil] GameJoinUtil::makePlaceLauncherRequest, response:
{"jobId":"18aef014-dc69-4b44-8b4e-5b4230d2e128","status":2,"statusData":null,"joinScriptUrl":"https://assetgame.roblox.com/Game/Join.ashx?ticketVersion=2&ticket={\"UserId\"%3a3047960021%2c\"UserName\"%3a\"paninorealaccount009\"%2c\"DisplayName\"%3a\"Jack\"%2c\"CharacterFetchUrl\"%3a\"https%3a%2f%2fapi.roblox.com%2fv1.1%2favatar-fetch%2f%3fplaceId%3d16732694052%26userId%3d3047960021\"%2c\"GameId\"%3a\"18aef014-dc69-4b44-8b4e-5b4230d2e128\"%2c\"PlaceId\"%3a16732694052%2c\"UniverseId\"%3a5750914919%2c\"ServerId\"%3a1048008%2c\"ServerPort\"%3a58744%2c\"IsTeleport\"%3afalse%2c\"FollowUserId\"%3anull%2c\"TimeStamp\"%3a\"02%2f03%2f2025+15%3a58%3a16\"%2c\"CharacterAppearanceId\"%3a3047960021%2c\"AlternateName\"%3anull%2c\"JoinTypeId\"%3a10%2c\"MatchmakingDecisionId\"%3a\"a42ff7b5-fe5d-47ce-8d92-710002b83083\"%2c\"GameJoinMetadata\"%3a{\"JoinSource\"%3a0%2c\"RequestType\"%3a0%2c\"MatchmakingDecisionId\"
2025-02-03T15:58:17.109Z,2.109972,2b1a000,6 [FLog::GameJoinUtil] Game join succeeded.
2025-02-03T15:58:17.109Z,2.109998,2b1a000,6 [FLog::GameJoinUtil] GameJoinUtil::processing join parameters
2025-02-03T15:58:17.111Z,2.111408,5b5c3fc0,6 [FLog::Graphics] SceneManager: resizing main targets to 2560x1440
2025-02-03T15:58:17.161Z,2.161086,2b1a000,7 [FLog::Network] NetworkClient:Create
2025-02-03T15:58:17.161Z,2.161583,2b1a000,6 [FLog::GameJoinUtil] Null EventId
2025-02-03T15:58:17.161Z,2.161779,2b1a000,10 [DFLog::KeyRing] Parsed config created at: 11:59 4/1/2024.
2025-02-03T15:58:17.165Z,2.165419,2b1a000,6 [FLog::Output] AnalyticsSessionId is 51cd2629-724b-4ede-8629-6dbe61b68d7f.
2025-02-03T15:58:17.165Z,2.165491,2b1a000,6 [FLog::Output] ! Joining game '18aef014-dc69-4b44-8b4e-5b4230d2e128' place 16732694052 at 10.17.6.153
2025-02-03T15:58:17.165Z,2.165542,2b1a000,6 [FLog::GameJoinLoadTime] Report game_join_loadtime: sid:51cd2629-724b-4ede-8629-6dbe61b68d7f, clienttime:1738598296.7820000648, join_time:1.0672922869999998952, referral_page:RequestGame, placeid:16732694052, userid:3047960021, universeid:5750914919, 
2025-02-03T15:58:17.167Z,2.167701,2b1a000,7 [FLog::Network] Client will attempt to connect following server endpoints with threadSleepTime(-1)
2025-02-03T15:58:17.167Z,2.167733,2b1a000,7 [FLog::Network] UDMUX Address = 128.116.21.33, Port = 58744 | RCC Server Address = 10.17.6.153, Port = 58744
2025-02-03T15:58:17.169Z,2.169022,2b1a000,7 [FLog::Network] binding socket on inaddr_any:0

2025-02-03T15:58:17.179Z,2.179865,2b1a000,6 [FLog::Output] Connecting to UDMUX server 128.116.21.33:58744, and RCC server 10.17.6.153:58744
2025-02-03T15:58:17.306Z,2.306091,3553000,6,Verbose [DFLog::RakNetMissingPingPong] Time since last (ms): ping recv 18446744073709551615, ping sent 18446744073709551615, pong recv 18446744073709551615, pong sent 18446744073709551615, pkt recv 18446744073709551615, pkt sent 2303, reliable recv 2303, ack recv 2303, oldest unacked send 0, oldest unacked recv 2305 | MTU size: 1396 bytes
2025-02-03T15:58:17.306Z,2.306153,3553000,6,Verbose [DFLog::RakNetMissingPingPong] Other stats: dead false, outgoingWaiting true, acksWaiting false, netCapacity 65536, resendBuf msg0, resendBuf bytes0, loss last sec0, limitedByBw false, outputQueueSize 0
2025-02-03T15:58:18.201Z,3.201638,2b1a000,6 [FLog::Output] Connection accepted from 128.116.21.33|58744
2025-02-03T15:58:18.204Z,3.204003,2b1a000,7 [FLog::Network] serverId: 128.116.21.33|58744
2025-02-03T15:58:18.204Z,3.204079,2b1a000,7 [FLog::Network] Replicator created for player 128.116.21.33|58744
2025-02-03T15:58:18.204Z,3.204105,2b1a000,7 [FLog::Network] Replicator created: 0x7fb92c0b0750
2025-02-03T15:58:18.300Z,3.300195,2685000,6,Critical [DFLog::RbxStorage] RbxStorage::init [INIT] availableDiskSpace: 72046198784 bytes, oldCacheSize: -1 bytes, elapsed: 0.050 ms
2025-02-03T15:58:18.319Z,3.319262,2685000,6,Error [DFLog::SQLite] sqlite3_error_log: 283 - recovered 51 frames from WAL file /private/var/folders/83/3w46ryz13191t1qd7k9xctdm0000gn/T/Roblox/rbx-storage.db-wal
2025-02-03T15:58:18.321Z,3.321699,2685000,6,Critical [DFLog::RbxStorage] RbxStorage::init [DONE] name: TelemetryCache(SqliteCache+TelemetryCache(FileCache)), duration: 21.022 ms, dbOpenCount: 2, dbMaxMemory: 0.260 MiB, dbTotalSize: 0.000 MiB, dbNumItems: 1, fileTotalSize: 0.000 MiB, fileNumItems: 0
2025-02-03T15:58:18.321Z,3.321787,2685000,12,Error [DFLog::HttpTraceError] RbxStorage is not ready
2025-02-03T15:58:18.435Z,3.435951,2c1d000,7 [FLog::Network] Time taken to initialize schema = 4.726673 ms
2025-02-03T15:58:18.436Z,3.436109,2c1d000,7 [FLog::Network] Assigned peer id = 1088
2025-02-03T15:58:18.436Z,3.436327,2c1d000,7 [FLog::Network] Join snapshot timer: 0.198227
2025-02-03T15:58:18.447Z,3.447755,2b1a000,6 [FLog::DataModelPatchConfigurer] OTAPollingEnabled set to: false
2025-02-03T15:58:18.448Z,3.448032,2b1a000,6 [FLog::DataModelPatchConfigurer] [_DataModelPatch] Update OTA config
2025-02-03T15:58:18.463Z,3.463411,2b1a000,6,Info [FLog::AudioFocusManager] AudioFocusManager::AudioFocusManager() constructor
2025-02-03T15:58:18.463Z,3.463452,2b1a000,6,Info [FLog::AudioFocusService] AudioFocusService::AudioFocusService() constructor
2025-02-03T15:58:18.463Z,3.463464,2b1a000,6,Info [FLog::AudioFocusService] AudioFocusService onServiceProvider invokation
2025-02-03T15:58:18.463Z,3.463471,2b1a000,6,Info [FLog::AudioFocusService] AudioFocusService::AudioFocusService() onServiceProvider setup
2025-02-03T15:58:18.616Z,3.616507,2685000,6 [FLog::DataModelPatchConfigurer] [_DataModelPatch] Update OTA succeeded: {"SchemaVersion":"1","CanaryUserIds":[],"CanaryPercentage":0}
2025-02-03T15:58:18.632Z,3.632577,2685000,6 [FLog::DataModelPatchConfigurer] [_DataModelPatch] Update OTA config not deployed
2025-02-03T15:58:18.680Z,3.680509,2b1a000,6 [FLog::Output] Chat message from unknown Player 128.116.21.33|58744 2
2025-02-03T15:58:20.076Z,5.076186,2b1a000,6 [FLog::Error] Error: Failed to load sound rbxassetid://102597773270227: Requested asset is archived
2025-02-03T15:58:20.085Z,5.085188,5b5c3fc0,6 [FLog::Graphics] Future is bright shadows
2025-02-03T15:58:20.089Z,5.089006,5b5c3fc0,6 [FLog::Graphics] Terrain TextureArray 512x512, arraySize: 36, mip: 10
2025-02-03T15:58:20.286Z,5.286084,2a17000,6 [FLog::Error] Error: Failed to load sound rbxassetid://5546573724: Asset is not approved for the requester
2025-02-03T15:58:20.398Z,5.398377,3035000,6 [FLog::Error] Asset (Image) "https://assetdelivery.roblox.com/v1/asset?id=00000543453" load failed in TextureManager::PreloadTexture: Request failed
2025-02-03T15:58:20.936Z,5.936191,2b1a000,6 [FLog::Output] serverInfoSync started in 0.03ms
2025-02-03T15:58:20.936Z,5.936594,2b1a000,6 [FLog::Output] legacyLocalPlayerData started in 0.01ms
2025-02-03T15:58:20.936Z,5.936637,2b1a000,6 [FLog::Output] cinematic started in 0.02ms
2025-02-03T15:58:20.937Z,5.937248,2b1a000,6 [FLog::Output] client loaded in 47.39ms
2025-02-03T15:58:20.938Z,5.938139,2b1a000,6 [FLog::Output] 🍍 Running TopbarPlus v3.0.2 by ForeverHD
2025-02-03T15:58:20.943Z,5.943009,2b1a000,6 [FLog::Output] game took 2301.94 to load
2025-02-03T15:58:20.944Z,5.944211,2b1a000,6 [FLog::Output] Server RobloxGitHash: 6874f45ec658019a67f19ab7de6e688c50292b01
2025-02-03T15:58:20.944Z,5.944231,2b1a000,6 [FLog::Output] Server Prefix: 0.658.0.6580461_20250201T180220Z_RCC_cc693
2025-02-03T15:58:21.753Z,6.753053,2b1a000,6 [FLog::Output] setting cinematic mode to [false]
2025-02-03T15:58:21.772Z,6.772727,2b1a000,6 [FLog::Output] // ASSET LOADING SKIPPED DUE TO WORK CONFIG VALUES.
2025-02-03T15:58:22.532Z,7.532110,2c1d000,6 [FLog::Output] 1
2025-02-03T15:58:22.561Z,7.561256,2c1d000,6 [FLog::Output] setting cinematic mode to [false]
2025-02-03T15:58:27.108Z,12.108567,2b1a000,6 [FLog::Warning] Warning: Infinite yield possible on 'Workspace.world.map.Forsaken Shores.Actives:WaitForChild("DoorPart")'
2025-02-03T15:58:27.109Z,12.109143,2b1a000,6 [FLog::Output] Info: Stack Begin
2025-02-03T15:58:27.109Z,12.109437,2b1a000,6 [FLog::Output] Info: Script 'Players.paninorealaccount009.PlayerScripts.client.AtlantisClientSide', Line 54
2025-02-03T15:58:27.109Z,12.109466,2b1a000,6 [FLog::Output] Info: Stack End
2025-02-03T15:58:27.808Z,12.808544,3035000,6 [FLog::Error] Asset (Animation) "rbxassetid://16765683963" load failed in Animation.AnimationId: Animation failed to load
2025-02-03T15:58:27.808Z,12.808829,3035000,6 [FLog::Error] Error: Failed to load animation with sanitized ID rbxassetid://16765683963: Animation failed to load, assetId: https://assetdelivery.roblox.com/v1/asset?id=16765683963&serverplaceid=16732694052
2025-02-03T15:58:27.947Z,12.947591,2b1a000,6 [FLog::Output] Running Client handler for state true
2025-02-03T15:58:29.217Z,14.217474,3035000,6 [FLog::Error] Asset (Image) "https://assetdelivery.roblox.com/v1/asset?id=17083490979" load failed in Workspace.active.Mine Explosion.main.c.Texture: Request failed
2025-02-03T15:58:35.844Z,20.844341,2b1a000,6,Warning [DFLog::DMNotificationMonitor] DM notification received. Type 35
2025-02-03T15:58:35.901Z,20.901655,5b5c3fc0,6 [FLog::SingleSurfaceApp] leaveUGCGame: (stage:UGCGame) blocking=0.
2025-02-03T15:58:35.901Z,20.901705,5b5c3fc0,6 [FLog::SingleSurfaceApp] leaveUGCGameInternal
2025-02-03T15:58:35.903Z,20.903378,5b5c3fc0,6 [FLog::SurfaceController] stop
2025-02-03T15:58:35.903Z,20.903404,5b5c3fc0,6 [FLog::SurfaceController] drainRenderingJobs
2025-02-03T15:58:35.903Z,20.903885,5b5c3fc0,6 [FLog::SurfaceController] SurfaceController::RenderJob[_:1]::~RenderJob
2025-02-03T15:58:36.217Z,21.217510,5b5c3fc0,6,Info [FLog::UgcExperienceController] UgcExperienceController: destroyCaptureModeDataModelIfExists: begin
2025-02-03T15:58:36.218Z,21.218122,5b5c3fc0,6,Info [FLog::UgcExperienceController] UgcExperienceController: destroyCaptureModeDataModelIfExists: end
2025-02-03T15:58:36.218Z,21.218197,5b5c3fc0,6,Info [FLog::UgcExperienceController] UgcExperienceController: stop: begin (blocking=false dataModel=0x7fb8f2e65800)
2025-02-03T15:58:36.218Z,21.218674,5b5c3fc0,6,Info [FLog::UgcExperienceController] UgcExperienceController: sendAnalyticsBeforeLeave: sending event None_None
2025-02-03T15:58:36.219Z,21.219713,5b5c3fc0,6,Info [FLog::CrossExperienceVoiceController] CrossExperienceVoiceController: onCoordinatorTransitionEvent Stopped - Ugc
2025-02-03T15:58:36.220Z,21.220068,5b5c3fc0,6,Info [FLog::CrossExperienceVoiceController] CrossExperienceVoiceController: removing all observers for type Ugc
2025-02-03T15:58:36.223Z,21.223183,5b5c3fc0,6 [FLog::SingleSurfaceApp] setStage: (stage:Native)
2025-02-03T15:58:36.223Z,21.223787,5b5c3fc0,6 [DFLog::SignalRCoreError] ID: 1 Disconnected - stop() called
2025-02-03T15:58:36.344Z,21.344397,2a17000,7 [FLog::Network] Client:Disconnect
2025-02-03T15:58:36.367Z,21.367643,2a17000,7 [FLog::Network] Time to disconnect replication data: 13.512085
2025-02-03T15:58:36.372Z,21.372807,2a17000,7 [FLog::Network] Sending disconnect with reason: 285
2025-02-03T15:58:36.389Z,21.389681,2a17000,7 [FLog::Network] Sending disconnect with reason: 285
2025-02-03T15:58:36.389Z,21.389713,3553000,7 [FLog::Network] Sending disconnect with reason: 285
2025-02-03T15:58:36.389Z,21.389784,3553000,7 [FLog::Network] Connection lost
2025-02-03T15:58:36.389Z,21.389795,3553000,7 [FLog::Network] Connection lost: connectMode: Disconnect ASAP, timeMS:21389, connectionTime 2306
2025-02-03T15:58:36.389Z,21.389803,3553000,7 [FLog::Network] Connection lost: AckTimeout 0, IsOutgoingDataWaiting 0
2025-02-03T15:58:36.389Z,21.389811,3553000,7 [FLog::Network] Disconnection Notification. Reason: 285
2025-02-03T15:58:39.058Z,24.058611,2a17000,6,Info [FLog::AudioFocusService] AudioFocusService onServiceProvider invokation
2025-02-03T15:58:39.058Z,24.058668,2a17000,6,Info [FLog::AudioFocusService] AudioFocusService::AudioFocusService() onServiceProvider teardown
2025-02-03T15:58:39.064Z,24.064314,2a17000,7 [FLog::Network] Client:Disconnect
2025-02-03T15:58:39.387Z,24.387894,2a17000,7 [FLog::Network] NetworkClient:Remove
2025-02-03T15:58:39.387Z,24.387934,2a17000,7 [DFLog::MegaReplicatorLogDisconnectCleanUpLog] Destroying MegaReplicator.
2025-02-03T15:58:40.045Z,25.045715,2a17000,6,Info [FLog::AudioFocusService] AudioFocusService::AudioFocusService() destructor
2025-02-03T15:58:40.080Z,25.080374,2b1a000,7 [FLog::Network] Replicator destroyed: 0x7fb92c0b0750
2025-02-03T15:58:40.894Z,25.894833,5b5c3fc0,6 [FLog::SingleSurfaceApp] shutDown: (stage:Native).
2025-02-03T15:58:40.894Z,25.894890,5b5c3fc0,6 [FLog::SingleSurfaceApp] destroyLuaApp: (stage:Native) blocking:true.
2025-02-03T15:58:40.894Z,25.894918,5b5c3fc0,6,Warning [FLog::CrossExperienceVoiceController] CrossExperienceVoiceController: finalize: Did not finalize due to state.
2025-02-03T15:58:40.894Z,25.894945,5b5c3fc0,6,Info [FLog::UgcExperienceController] UgcExperienceController: finalized
2025-02-03T15:58:40.894Z,25.894985,5b5c3fc0,6,Warning [FLog::SingleSurfaceApp] destroyLuaApp: (stage:Native)... finished destroying luaApp.
2025-02-03T15:58:40.894Z,25.894995,5b5c3fc0,6 [FLog::SingleSurfaceApp] setStage: (stage:None)
2025-02-03T15:58:40.895Z,25.895002,5b5c3fc0,6 [FLog::SingleSurfaceApp] destroy controllers
2025-02-03T15:58:40.895Z,25.895393,5b5c3fc0,6,Info [FLog::CrossExperienceVoiceController] CrossExperienceVoiceController::CrossExperienceVoiceController()
2025-02-03T15:58:40.895Z,25.895718,5b5c3fc0,6,Info [FLog::UgcExperienceController] UgcExperienceController::~UgcExperienceController()
2025-02-03T15:58:40.896Z,25.896038,5b5c3fc0,6 [FLog::SurfaceController] SurfaceController[_:1]::~SurfaceController, count: 0
2025-02-03T15:58:40.896Z,25.896059,5b5c3fc0,6,Warning [FLog::Graphics] RenderView destroyed[1]
2025-02-03T15:58:40.953Z,25.953831,5b5c3fc0,6 [FLog::SingleSurfaceApp] setStage: (stage:Native)
