2025-02-01T12:45:10.356Z,0.356632,558c3fc0,6 [FLog::Output] (AppDelegate) applicationDidFinishLaunching
2025-02-01T12:45:10.357Z,0.357303,558c3fc0,6,Info [FLog::UpdateController] UpdateController: versionQueryUrl: https://clientsettingscdn.roblox.com/v2/client-version/MacPlayer
2025-02-01T12:45:10.357Z,0.357333,558c3fc0,6,Info [FLog::UpdateController] MacUpdateController: updaterFullPath: /Applications/Roblox.app/Contents/MacOS/RobloxPlayerInstaller.app/Contents/MacOS/RobloxPlayerInstaller
2025-02-01T12:45:10.357Z,0.357388,ea78000,6,Info [FLog::UpdateController] Update check thread started
2025-02-01T12:45:10.357Z,0.357429,ea78000,6,Info [FLog::UpdateController] Checking if updater exists at /Applications/Roblox.app/Contents/MacOS/RobloxPlayerInstaller.app/Contents/MacOS/RobloxPlayerInstaller. Returning 1
2025-02-01T12:45:10.357Z,0.357451,558c3fc0,6 [FLog::Output] settingsUrl: https://clientsettingscdn.roblox.com/v2/settings-compressed/application/MacDesktopClient/876303bc5322fbc5499ad5d572b4a57fc6305ca10adf81769b9121c45b7d3a38.dcz
2025-02-01T12:45:10.432Z,0.432798,ea78000,6,Debug [FLog::UpdateController] version response: {"version":"0.658.0.6580461","clientVersionUpload":"version-4c01fa4a41074574","bootstrapperVersion":"6580461"}
2025-02-01T12:45:10.432Z,0.432991,ea78000,6,Info [FLog::UpdateController] Update check thread: updateRequired FALSE
2025-02-01T12:45:10.433Z,0.433829,558c3fc0,6 [FLog::Output] Settings Date header was Sat, 01 Feb 2025 12:45:10 GMT
2025-02-01T12:45:10.433Z,0.433894,558c3fc0,6 [FLog::Output] Settings Date timestamp is 1738413910
2025-02-01T12:45:10.444Z,0.444245,558c3fc0,6 [FLog::Output] LoadClientSettingsFromLocal: "{}
"
2025-02-01T12:45:10.445Z,0.445119,558c3fc0,6 [FLog::ClientRunInfo] RobloxGitHash: 6874f45ec658019a67f19ab7de6e688c50292b01
2025-02-01T12:45:10.445Z,0.445321,558c3fc0,6 [FLog::ClientRunInfo] The base url is https://www.roblox.com/
2025-02-01T12:45:10.445Z,0.445338,558c3fc0,6 [FLog::ClientRunInfo] The channel is production
2025-02-01T12:45:10.456Z,0.456311,558c3fc0,6 [FLog::Output] *******
** Validated reflection database in 5.753619 ms, found 5363 entries with the following skipped: 0 enums, 0 properties, 0 functions, 0 events, 0 callbacks, 0 classes.
*******

2025-02-01T12:45:10.457Z,0.457114,558c3fc0,6 [FLog::Output] (AppDelegate) Universal App on Mac: initialize...
2025-02-01T12:45:10.457Z,0.457142,558c3fc0,6 [FLog::Output] syncCookiesFromNativeToEngine was skipped
2025-02-01T12:45:10.457Z,0.457214,558c3fc0,6 [FLog::Output] Current file descriptor limit is 256, increasing to 2560
2025-02-01T12:45:10.457Z,0.457230,558c3fc0,6 [FLog::Output] (AppDelegate) Don't have initial browserTrackerId.
2025-02-01T12:45:10.461Z,0.461107,558c3fc0,6 [FLog::Output] syncCookiesFromEngineToNative was skipped
2025-02-01T12:45:10.461Z,0.461609,558c3fc0,6,Info [FLog::PerformanceControlUtil] PerformanceControlUtil: registered single surface tunable (id=0)
2025-02-01T12:45:10.461Z,0.461878,558c3fc0,6 [FLog::SingleSurfaceApp] initializeWithAppStarter
2025-02-01T12:45:10.461Z,0.461895,558c3fc0,6 [FLog::SingleSurfaceApp] initializeSingleton
2025-02-01T12:45:10.462Z,0.462618,558c3fc0,6 [FLog::Output] setAssetFolder /Applications/Roblox.app/Contents/Resources/content/
2025-02-01T12:45:10.462Z,0.462804,558c3fc0,6 [FLog::Output] setExtraAssetFolder /Applications/Roblox.app/Contents/Resources/ExtraContent
2025-02-01T12:45:10.463Z,0.463354,558c3fc0,6 [FLog::Output] Evaluating deferred inferred crashes
2025-02-01T12:45:10.463Z,0.463955,558c3fc0,6 [FLog::SingleSurfaceApp] setStage: (stage:Native)
2025-02-01T12:45:10.463Z,0.463993,558c3fc0,6,Warning [FLog::SingleSurfaceApp] instantiate controllers
2025-02-01T12:45:10.464Z,0.464004,558c3fc0,6 [FLog::SurfaceController] SurfaceController[_:1]::SurfaceController, count: 1
2025-02-01T12:45:10.464Z,0.464014,558c3fc0,6,Warning [FLog::SingleSurfaceApp] instantiate experience coordinator
2025-02-01T12:45:10.464Z,0.464078,558c3fc0,6,Info [FLog::PerformanceControlUtil] PerformanceControlUtil: registered single surface tunable (id=1)
2025-02-01T12:45:10.464Z,0.464092,558c3fc0,6,Info [FLog::CrossExperienceVoiceController] CrossExperienceVoiceController::CrossExperienceVoiceController() constructor
2025-02-01T12:45:10.494Z,0.494892,eb7e000,6,Warning [FLog::HttpOpenTelemetryTracing] No active span to end
2025-02-01T12:45:10.494Z,0.494946,eb7e000,12 [DFLog::HttpTraceError] HttpResponse(#6 0x7fe793329620) time:173.4ms (net:173.1ms callback:0.0ms timeInRetryQueue:0.0ms)status:404 Not Found bodySize:0 url:{ "https://users.roblox.com/" } ip:128.116.44.3 external:1 numberOfTimesRetried:0
2025-02-01T12:45:10.502Z,0.502594,eb7e000,6,Warning [FLog::HttpOpenTelemetryTracing] No active span to end
2025-02-01T12:45:10.502Z,0.502648,eb7e000,12 [DFLog::HttpTraceError] HttpResponse(#5 0x7fe793329020) time:181.1ms (net:180.9ms callback:0.0ms timeInRetryQueue:0.0ms)status:404 Not Found bodySize:0 url:{ "https://locale.roblox.com/" } ip:128.116.44.3 external:1 numberOfTimesRetried:0
2025-02-01T12:45:10.512Z,0.512091,eb7e000,6,Warning [FLog::HttpOpenTelemetryTracing] No active span to end
2025-02-01T12:45:10.512Z,0.512139,eb7e000,12 [DFLog::HttpTraceError] HttpResponse(#0 0x7fe79331d220) time:191.0ms (net:190.6ms callback:0.0ms timeInRetryQueue:0.0ms)status:404 Not Found bodySize:0 url:{ "https://accountsettings.roblox.com/" } ip:128.116.44.3 external:1 numberOfTimesRetried:0
2025-02-01T12:45:10.521Z,0.521303,eb7e000,6,Warning [FLog::HttpOpenTelemetryTracing] No active span to end
2025-02-01T12:45:10.521Z,0.521350,eb7e000,12 [DFLog::HttpTraceError] HttpResponse(#7 0x7fe793329c20) time:199.8ms (net:199.5ms callback:0.0ms timeInRetryQueue:0.0ms)status:404 Not Found bodySize:0 url:{ "https://users.roblox.com/" } ip:128.116.44.3 external:1 numberOfTimesRetried:0
2025-02-01T12:45:10.567Z,0.567034,eb7e000,6,Warning [FLog::HttpOpenTelemetryTracing] No active span to end
2025-02-01T12:45:10.567Z,0.567078,eb7e000,12 [DFLog::HttpTraceError] HttpResponse(#2 0x7fe793327e20) time:245.6ms (net:245.3ms callback:0.0ms timeInRetryQueue:0.0ms)status:404 Not Found bodySize:0 url:{ "https://apis.roblox.com/" } ip:128.116.44.3 external:1 numberOfTimesRetried:0
2025-02-01T12:45:10.584Z,0.584667,eb7e000,6,Warning [FLog::HttpOpenTelemetryTracing] No active span to end
2025-02-01T12:45:10.584Z,0.584719,eb7e000,12 [DFLog::HttpTraceError] HttpResponse(#4 0x7fe793328a20) time:263.2ms (net:263.0ms callback:0.0ms timeInRetryQueue:0.0ms)status:404 Not Found bodySize:0 url:{ "https://apis.roblox.com/" } ip:128.116.44.3 external:1 numberOfTimesRetried:0
2025-02-01T12:45:10.599Z,0.599984,eb7e000,6,Warning [FLog::HttpOpenTelemetryTracing] No active span to end
2025-02-01T12:45:10.600Z,0.600034,eb7e000,12 [DFLog::HttpTraceError] HttpResponse(#1 0x7fe793327820) time:278.6ms (net:278.3ms callback:0.0ms timeInRetryQueue:0.0ms)status:404 Not Found bodySize:0 url:{ "https://apis.roblox.com/" } ip:128.116.44.3 external:1 numberOfTimesRetried:0
2025-02-01T12:45:10.613Z,0.613214,eb7e000,6,Warning [FLog::HttpOpenTelemetryTracing] No active span to end
2025-02-01T12:45:10.613Z,0.613266,eb7e000,12 [DFLog::HttpTraceError] HttpResponse(#3 0x7fe793328420) time:291.8ms (net:291.5ms callback:0.0ms timeInRetryQueue:0.0ms)status:404 Not Found bodySize:0 url:{ "https://apis.roblox.com/" } ip:128.116.44.3 external:1 numberOfTimesRetried:0
2025-02-01T12:45:10.645Z,0.645908,558c3fc0,6 [FLog::SingleSurfaceApp] initializeLuaAppWithLoggedInUser: (stage:Native).
2025-02-01T12:45:10.645Z,0.645936,558c3fc0,6 [FLog::SingleSurfaceApp] applyLocale
2025-02-01T12:45:10.646Z,0.646428,558c3fc0,6 [FLog::DataModelPatchConfigurer] [_DataModelPatch] Load configs for user key: app:1423803869895817846
2025-02-01T12:45:10.647Z,0.647445,558c3fc0,6 [FLog::DataModelPatchConfigurer] [_DataModelPatch] Retrieving patch
2025-02-01T12:45:10.647Z,0.647463,558c3fc0,6 [FLog::DataModelPatchConfigurer] getCachedPatch DataModelPatchConfig : type=1, assetId=5345954812, assetVersion=10769, maxAppVersion=658, localAssetURI=rbxasset://models/DataModelPatch/DataModelPatch.rbxm
2025-02-01T12:45:10.647Z,0.647473,558c3fc0,6 [FLog::DataModelPatchConfigurer] getCachedPatch : numAttempts=10
2025-02-01T12:45:10.647Z,0.647517,558c3fc0,6 [FLog::DataModelPatchConfigurer] getCachedPatch : contentId=rbxasset://models/DataModelPatch/DataModelPatch.rbxm
2025-02-01T12:45:10.647Z,0.647543,558c3fc0,6 [FLog::DataModelPatchConfigurer] getCachedPatch : get patch from content provider for Model
2025-02-01T12:45:10.647Z,0.647632,558c3fc0,6 [FLog::DataModelPatchConfigurer] deserializeAndVerifyPatch with blake3
2025-02-01T12:45:10.923Z,0.923950,558c3fc0,6,Warning [DFLog::BootcampCLI139737Log] Hello world!!!!!!!!!!!!!!!!!!!!
2025-02-01T12:45:10.937Z,0.937081,558c3fc0,6 [FLog::SingleSurfaceApp] setStage: (stage:InitializedLuaApp)
2025-02-01T12:45:10.937Z,0.937111,558c3fc0,6 [FLog::SingleSurfaceApp] startLuaApp: (stage:InitializedLuaApp).
2025-02-01T12:45:10.937Z,0.937119,558c3fc0,6 [FLog::SingleSurfaceApp] returnToLuaApp: (stage:InitializedLuaApp).
2025-02-01T12:45:10.937Z,0.937129,558c3fc0,6 [FLog::SingleSurfaceApp] returnToLuaApp: ... disable videoRecorder.
2025-02-01T12:45:10.937Z,0.937142,558c3fc0,6 [FLog::SingleSurfaceApp] returnToLuaAppInternal: ... App has been initialized, returning from game.
2025-02-01T12:45:10.937Z,0.937153,558c3fc0,6 [FLog::SurfaceController] [_:1]::replaceDataModel: (stage:0, window = 0x7fe794784930) [tid:0x7fe79380f360]
2025-02-01T12:45:10.937Z,0.937584,558c3fc0,6,Warning [FLog::Graphics] RenderView created[1]
2025-02-01T12:45:10.939Z,0.939233,558c3fc0,6 [FLog::Graphics] Metal renderer: AMD Radeon Pro 5300
2025-02-01T12:45:10.939Z,0.939252,558c3fc0,6 [channel] Caps: ThreadSafe 1 Framebuffer 1 FpFramebuffer 1 Shaders 1 Compute 1 Instancing 1 PerInstanceStream 1 ConstBuffers 1
2025-02-01T12:45:10.939Z,0.939261,558c3fc0,6 [channel] Caps: Framebuffer: MRT 4 MSAA 8 Stencil 1
2025-02-01T12:45:10.939Z,0.939267,558c3fc0,6 [channel] Caps: Framebuffer: Depth16 1 Depth24 1 DepthFloat 1 DepthClamp 1
2025-02-01T12:45:10.939Z,0.939273,558c3fc0,6 [channel] Caps: Border Color 1
2025-02-01T12:45:10.939Z,0.939279,558c3fc0,6 [channel] Caps: Texture: RGB10A2 1 RG11B10F 1 R16I 1
2025-02-01T12:45:10.939Z,0.939285,558c3fc0,6 [channel] Caps: Texture: BC6H 1 ASTC HDR 0
2025-02-01T12:45:10.939Z,0.939290,558c3fc0,6 [channel] Caps: Texture: DXT 1 PVR 0 ETC1 0 ETC2 0 Half 1
2025-02-01T12:45:10.939Z,0.939296,558c3fc0,6 [channel] Caps: Texture: 3D 1 Array 1 Depth 1 MSAA 1 MSAAFP16 8
2025-02-01T12:45:10.939Z,0.939305,558c3fc0,6 [channel] Caps: Texture: NPOT 1 PartialMips 1 CubeMipGen 1 CubeFramebuffer 1
2025-02-01T12:45:10.939Z,0.939311,558c3fc0,6 [channel] Caps: Texture: Size 8192 Units 32 VertexUnits 32
2025-02-01T12:45:10.939Z,0.939317,558c3fc0,6 [channel] Caps: ConstantBufferSize 65536
2025-02-01T12:45:10.939Z,0.939322,558c3fc0,6 [channel] Caps: isAppleGPU 0
2025-02-01T12:45:10.939Z,0.939328,558c3fc0,6 [channel] Caps: 32bIdx 1 Memoryless 0
2025-02-01T12:45:10.939Z,0.939333,558c3fc0,6 [channel] Caps: ColorBGR 0 RTFlip 0 MinusOneToOneDepth 0
2025-02-01T12:45:10.943Z,0.943403,558c3fc0,6 [FLog::Graphics] Metal: creating framebuffer 5120x2604
2025-02-01T12:45:10.943Z,0.943438,558c3fc0,6 [FLog::Graphics] Video memory size: 2147483648
2025-02-01T12:45:10.946Z,0.946866,f013000,6 [FLog::Output] Info: DataModel Loading rbxasset://places/Mobile.rbxl
2025-02-01T12:45:10.956Z,0.956140,f013000,6 [FLog::DataModelPatchConfigurer] OTAPollingEnabled set to: false
2025-02-01T12:45:10.981Z,0.981925,f013000,6 [FLog::DataModelPatchConfigurer] [discovery-ota] Load configs for user key: app:1423803869895817846
2025-02-01T12:45:10.982Z,0.982411,f013000,6 [FLog::DataModelPatchConfigurer] [discovery-ota] Retrieving patch
2025-02-01T12:45:10.982Z,0.982428,f013000,6 [FLog::DataModelPatchConfigurer] getCachedPatch DataModelPatchConfig : type=1, assetId=16639814581, assetVersion=1967, maxAppVersion=658, localAssetURI=
2025-02-01T12:45:11.040Z,1.040738,558c3fc0,6 [FLog::Graphics] Loaded 1021 shaders from pack metal_osx variant default (7181513 bytes)
2025-02-01T12:45:11.040Z,1.040772,558c3fc0,6 [FLog::Graphics] Compiled 677 shaders in 97 ms
2025-02-01T12:45:11.067Z,1.067021,558c3fc0,6 [FLog::SurfaceController] SurfaceController::disableVR
2025-02-01T12:45:11.067Z,1.067135,558c3fc0,6 [FLog::SurfaceController] SurfaceController[_:1]::start dataModel(0x7fe798b62a00)
2025-02-01T12:45:11.067Z,1.067175,558c3fc0,6 [FLog::SurfaceController] SurfaceController::RenderJob[_:1]::RenderJob
2025-02-01T12:45:11.067Z,1.067188,558c3fc0,6 [FLog::SurfaceController] SurfaceController[_:1]::run dataModel(0x7fe798b62a00)
2025-02-01T12:45:11.067Z,1.067217,558c3fc0,6,Info [FLog::CrossExperienceVoiceController] CrossExperienceVoiceController: onCoordinatorTransitionEvent Started - LuaApp
2025-02-01T12:45:11.067Z,1.067228,558c3fc0,6 [FLog::SingleSurfaceApp] setStage: (stage:LuaApp)
2025-02-01T12:45:11.067Z,1.067261,558c3fc0,6 [FLog::SingleSurfaceApp] userDidLogin
2025-02-01T12:45:11.067Z,1.067272,558c3fc0,6 [FLog::SingleSurfaceApp] applyLocale
2025-02-01T12:45:11.067Z,1.067434,ef10000,6 [FLog::Output] (AppDelegate) Doing machine id check.
2025-02-01T12:45:11.085Z,1.085290,f013000,6,Info [FLog::AudioFocusManager] AudioFocusManager::AudioFocusManager() constructor
2025-02-01T12:45:11.085Z,1.085317,f013000,6,Info [FLog::AudioFocusService] AudioFocusService::AudioFocusService() constructor
2025-02-01T12:45:11.085Z,1.085331,f013000,6,Info [FLog::AudioFocusService] AudioFocusService onServiceProvider invokation
2025-02-01T12:45:11.085Z,1.085338,f013000,6,Info [FLog::AudioFocusService] AudioFocusService::AudioFocusService() onServiceProvider setup
2025-02-01T12:45:11.492Z,1.492806,f013000,6 [FLog::SurfaceController] SurfaceController::RenderJob::stepDataModelJob: No DM yet. Continue...
2025-02-01T12:45:11.493Z,1.493687,558c3fc0,6 [FLog::SurfaceController] SurfaceController::RenderJob::scheduleRender: No data model. Bind workspace now...
2025-02-01T12:45:11.508Z,1.508335,558c3fc0,6 [FLog::Graphics] Metal: resizing main framebuffer to 5120x2880
2025-02-01T12:45:11.508Z,1.508458,558c3fc0,6 [FLog::Graphics] LayeredClothingMode updated: LC=1 HSR=1
2025-02-01T12:45:11.508Z,1.508510,558c3fc0,6 [FLog::Graphics] Future is bright shadows
2025-02-01T12:45:11.511Z,1.511164,558c3fc0,6 [FLog::Graphics] Terrain TextureArray 512x512, arraySize: 36, mip: 10
2025-02-01T12:45:11.516Z,1.516871,558c3fc0,6 [FLog::Graphics] SceneManager: resizing main targets to 2560x1440
2025-02-01T12:45:11.567Z,1.567218,ef10000,6 [FLog::Warning] Warning: Unable to fetch completed survey ids from app storage  
2025-02-01T12:45:11.625Z,1.625780,ef10000,6,Warning [DFLog::DMNotificationMonitor] DM notification received. Type 10
2025-02-01T12:45:11.678Z,1.678134,ef10000,6,Warning [DFLog::DMNotificationMonitor] DM notification received. Type 10
2025-02-01T12:45:11.691Z,1.691774,f013000,6 [FLog::Error] Asset (Image) "rbxthumb://type=AvatarHeadShot&id=&w=48&h=48&filters=circular" load failed in TextureManager::PreloadTexture: Request failed
2025-02-01T12:45:11.947Z,1.947755,f116000,6 [FLog::DataModelPatchConfigurer] [_DataModelPatch] Update OTA config
2025-02-01T12:45:11.955Z,1.955709,f013000,6 [DFLog::SignalRCoreError] ID: 1 Disconnected - stop() called
2025-02-01T12:45:11.955Z,1.955925,f116000,6,Warning [DFLog::DMNotificationMonitor] DM notification received. Type 28
2025-02-01T12:45:11.967Z,1.967808,f013000,6,Warning [DFLog::DMNotificationMonitor] DM notification received. Type 10
2025-02-01T12:45:11.968Z,1.968003,f013000,6,Warning [DFLog::DMNotificationMonitor] DM notification received. Type 10
2025-02-01T12:45:12.002Z,2.002776,f116000,6 [FLog::Error] Asset (Image) "rbxthumb://type=AvatarHeadShot&id=0&w=48&h=48&filters=circular" load failed in TextureManager::PreloadTexture: Request failed
2025-02-01T12:45:12.112Z,2.112114,eb7e000,6 [FLog::DataModelPatchConfigurer] [_DataModelPatch] Update OTA succeeded: {"SchemaVersion":"1","CanaryUserIds":[],"CanaryPercentage":0}
2025-02-01T12:45:12.112Z,2.112147,eb7e000,6 [FLog::DataModelPatchConfigurer] [_DataModelPatch] Update OTA config not deployed
2025-02-01T12:45:12.354Z,2.354668,eb7e000,6,Critical [DFLog::RbxStorage] RbxStorage::init [INIT] availableDiskSpace: 75835265024 bytes, oldCacheSize: -1 bytes, elapsed: 0.035 ms
2025-02-01T12:45:12.377Z,2.377888,eb7e000,6,Error [DFLog::SQLite] sqlite3_error_log: 283 - recovered 229 frames from WAL file /private/var/folders/83/3w46ryz13191t1qd7k9xctdm0000gn/T/Roblox/rbx-storage.db-wal
2025-02-01T12:45:12.381Z,2.381406,eb7e000,6,Critical [DFLog::RbxStorage] RbxStorage::init [DONE] name: TelemetryCache(SqliteCache+TelemetryCache(FileCache)), duration: 26.099 ms, dbOpenCount: 6, dbMaxMemory: 0.260 MiB, dbTotalSize: 0.000 MiB, dbNumItems: 1, fileTotalSize: 0.000 MiB, fileNumItems: 0
2025-02-01T12:45:12.440Z,2.440863,558c3fc0,6 [FLog::Output] Saved channel '' to 'com.roblox.RobloxPlayerChannel' for baseUrl 'www.roblox.com'
2025-02-01T12:45:18.763Z,8.763474,558c3fc0,6 [FLog::SingleSurfaceApp] launchUGCGame: (stage:LuaApp).
2025-02-01T12:45:18.763Z,8.763538,558c3fc0,6,Info [FLog::CrossExperienceVoiceController] CrossExperienceVoiceController: onCoordinatorTransitionEvent Paused - LuaApp
2025-02-01T12:45:18.763Z,8.763557,558c3fc0,6 [FLog::SingleSurfaceApp] launchUGCGameInternal
2025-02-01T12:45:18.765Z,8.765849,558c3fc0,6 [FLog::SingleSurfaceApp] applyLocale
2025-02-01T12:45:18.765Z,8.765868,558c3fc0,6,Warning [FLog::UgcExperienceController] UgcExperienceController: stop: Did not start due to state.
2025-02-01T12:45:18.765Z,8.765879,558c3fc0,6,Info [FLog::CrossExperienceVoiceController] CrossExperienceVoiceController: onCoordinatorTransitionEvent Stopped - Ugc
2025-02-01T12:45:18.765Z,8.765888,558c3fc0,6,Info [FLog::CrossExperienceVoiceController] CrossExperienceVoiceController: removing all observers for type Ugc
2025-02-01T12:45:18.765Z,8.765897,558c3fc0,6,Warning [FLog::UgcExperienceController] UgcExperienceController: finalize: Did not finalize due to state.
2025-02-01T12:45:18.765Z,8.765905,558c3fc0,6,Info [FLog::UgcExperienceController] UgcExperienceController: initialize:
2025-02-01T12:45:18.766Z,8.766234,558c3fc0,6 [FLog::DataModelPatchConfigurer] [_DataModelPatch] Retrieving patch
2025-02-01T12:45:18.766Z,8.766254,558c3fc0,6 [FLog::DataModelPatchConfigurer] getCachedPatch DataModelPatchConfig : type=1, assetId=5345954812, assetVersion=10769, maxAppVersion=658, localAssetURI=rbxasset://models/DataModelPatch/DataModelPatch.rbxm
2025-02-01T12:45:18.766Z,8.766266,558c3fc0,6 [FLog::DataModelPatchConfigurer] getCachedPatch : numAttempts=10
2025-02-01T12:45:18.766Z,8.766346,558c3fc0,6 [FLog::DataModelPatchConfigurer] getCachedPatch : contentId=rbxasset://models/DataModelPatch/DataModelPatch.rbxm
2025-02-01T12:45:18.766Z,8.766356,558c3fc0,6 [FLog::DataModelPatchConfigurer] getCachedPatch : get patch from content provider for Model
2025-02-01T12:45:18.766Z,8.766446,558c3fc0,6 [FLog::DataModelPatchConfigurer] deserializeAndVerifyPatch with blake3
2025-02-01T12:45:18.996Z,8.996766,558c3fc0,6,Warning [DFLog::BootcampCLI139737Log] Hello world!!!!!!!!!!!!!!!!!!!!
2025-02-01T12:45:18.998Z,8.998961,558c3fc0,6,Info [FLog::Audio] OutputDevice 0: Cuffie esterne [BuiltIn] 48000/2
2025-02-01T12:45:19.014Z,9.014108,558c3fc0,6,Info [FLog::Audio] InputDevice 0: Microfono esterno({af0144be-277e-8cc3-0000000000000000}) 48000/1/4
2025-02-01T12:45:19.014Z,9.014141,558c3fc0,6,Info [FLog::Audio] InputDevice 1: Microfono iMac({50eb3c32-f018-032c-0000000000000000}) 48000/1/4
2025-02-01T12:45:19.017Z,9.017482,558c3fc0,6,Info [FLog::UgcExperienceController] UgcExperienceController: join: initialized dm 0x7fe78f625c00
2025-02-01T12:45:19.017Z,9.017515,558c3fc0,6 [FLog::GameJoinUtil] GameJoinUtil::joinGame
2025-02-01T12:45:19.017Z,9.017568,558c3fc0,6 [FLog::GameJoinUtil] GameJoinUtil::joinGamePostSpecificUser: URL: https://gamejoin.roblox.com/v1/play-with-user BODY: {"userIdToFollow":6212809800,"placeId":17581668152,"gameJoinAttemptId":"8090823e-4dc6-496f-a825-4320d04094ec"}
2025-02-01T12:45:19.017Z,9.017625,558c3fc0,6 [FLog::GameJoinUtil] GameJoinUtil::makePlaceLauncherRequest: requestCount: 0, url: https://gamejoin.roblox.com/v1/play-with-user.
2025-02-01T12:45:19.017Z,9.017643,558c3fc0,6 [FLog::GameJoinUtil] Delaying request by 0.00 seconds
2025-02-01T12:45:19.017Z,9.017686,558c3fc0,6,Info [FLog::CrossExperienceVoiceController] CrossExperienceVoiceController: onCoordinatorTransitionEvent Started - Ugc
2025-02-01T12:45:19.017Z,9.017786,558c3fc0,6 [FLog::SurfaceController] [_:1]::replaceDataModel: (stage:3, window = 0x7fe794784930) [tid:0x7fe79380f360]
2025-02-01T12:45:19.017Z,9.017813,558c3fc0,6 [FLog::SurfaceController] stop
2025-02-01T12:45:19.017Z,9.017820,558c3fc0,6 [FLog::SurfaceController] drainRenderingJobs
2025-02-01T12:45:19.017Z,9.017838,558c3fc0,6 [FLog::SurfaceController] SurfaceController::RenderJob[_:1]::~RenderJob
2025-02-01T12:45:19.018Z,9.018355,558c3fc0,6 [FLog::SurfaceController] SurfaceController[_:1]::start dataModel(0x7fe78f625c00)
2025-02-01T12:45:19.018Z,9.018385,558c3fc0,6 [FLog::SurfaceController] SurfaceController::RenderJob[_:2]::RenderJob
2025-02-01T12:45:19.018Z,9.018394,558c3fc0,6 [FLog::SurfaceController] SurfaceController[_:1]::run dataModel(0x7fe78f625c00)
2025-02-01T12:45:19.018Z,9.018404,558c3fc0,6 [FLog::SingleSurfaceApp] setStage: (stage:UGCGame)
2025-02-01T12:45:19.068Z,9.068448,f116000,6,Info [FLog::UgcExperienceController] UgcExperienceController: submitStartGameTask: scrips are loaded 0x7fe78f625c00
2025-02-01T12:45:19.068Z,9.068669,ef10000,6 [FLog::SurfaceController] SurfaceController::RenderJob::stepDataModelJob: No DM yet. Continue...
2025-02-01T12:45:19.069Z,9.069275,558c3fc0,6 [FLog::SurfaceController] SurfaceController::RenderJob::scheduleRender: No data model. Bind workspace now...
2025-02-01T12:45:19.364Z,9.364599,ef10000,6 [FLog::GameJoinUtil] GameJoinUtil::makePlaceLauncherRequest, response:
{"jobId":"74ef2020-773b-4ff6-9547-d172c11626f3","status":2,"statusData":null,"joinScriptUrl":"https://assetgame.roblox.com/Game/Join.ashx?ticketVersion=2&ticket={\"UserId\"%3a3047960021%2c\"UserName\"%3a\"paninorealaccount009\"%2c\"DisplayName\"%3a\"Jack\"%2c\"CharacterFetchUrl\"%3a\"https%3a%2f%2fapi.roblox.com%2fv1.1%2favatar-fetch%2f%3fplaceId%3d17581668152%26userId%3d3047960021\"%2c\"GameId\"%3a\"74ef2020-773b-4ff6-9547-d172c11626f3\"%2c\"PlaceId\"%3a17581668152%2c\"UniverseId\"%3a6019027471%2c\"ServerId\"%3a1117533%2c\"ServerPort\"%3a59023%2c\"IsTeleport\"%3afalse%2c\"FollowUserId\"%3a6212809800%2c\"TimeStamp\"%3a\"02%2f01%2f2025+12%3a45%3a19\"%2c\"CharacterAppearanceId\"%3a3047960021%2c\"AlternateName\"%3anull%2c\"JoinTypeId\"%3a5%2c\"MatchmakingDecisionId\"%3anull%2c\"GameJoinMetadata\"%3a{\"JoinSource\"%3a0%2c\"RequestType\"%3a3%2c\"MatchmakingDecisionId\"%3a\"6c9218c9-3a61-48af-af6e-29
2025-02-01T12:45:19.364Z,9.364769,ef10000,6 [FLog::GameJoinUtil] Game join succeeded.
2025-02-01T12:45:19.364Z,9.364789,ef10000,6 [FLog::GameJoinUtil] GameJoinUtil::processing join parameters
2025-02-01T12:45:19.378Z,9.378774,f013000,7 [FLog::Network] NetworkClient:Create
2025-02-01T12:45:19.379Z,9.379254,f013000,6 [FLog::GameJoinUtil] Null EventId
2025-02-01T12:45:19.379Z,9.379370,f013000,10 [DFLog::KeyRing] Parsed config created at: 11:59 4/1/2024.
2025-02-01T12:45:19.381Z,9.381421,f013000,6 [FLog::Output] AnalyticsSessionId is 1fa8a13a-f934-4c02-ac25-0f7b6bd22a9e.
2025-02-01T12:45:19.381Z,9.381439,f013000,6 [FLog::Output] ! Joining game '74ef2020-773b-4ff6-9547-d172c11626f3' place 17581668152 at 10.30.9.162
2025-02-01T12:45:19.381Z,9.381472,f013000,6 [FLog::GameJoinLoadTime] Report game_join_loadtime: sid:1fa8a13a-f934-4c02-ac25-0f7b6bd22a9e, clienttime:1738413919.6849999428, join_time:0.61584455999999931919, referral_page:LuaChat, placeid:17581668152, userid:3047960021, universeid:6019027471, 
2025-02-01T12:45:19.383Z,9.383687,f013000,7 [FLog::Network] Client will attempt to connect following server endpoints with threadSleepTime(-1)
2025-02-01T12:45:19.383Z,9.383701,f013000,7 [FLog::Network] UDMUX Address = 128.116.13.33, Port = 59023 | RCC Server Address = 10.30.9.162, Port = 59023
2025-02-01T12:45:19.384Z,9.384556,f013000,7 [FLog::Network] binding socket on inaddr_any:0

2025-02-01T12:45:19.397Z,9.397417,f013000,6 [FLog::Output] Connecting to UDMUX server 128.116.13.33:59023, and RCC server 10.30.9.162:59023
2025-02-01T12:45:19.581Z,9.581929,ef10000,6 [FLog::Output] Connection accepted from 128.116.13.33|59023
2025-02-01T12:45:19.583Z,9.583405,ef10000,7 [FLog::Network] serverId: 128.116.13.33|59023
2025-02-01T12:45:19.583Z,9.583483,ef10000,7 [FLog::Network] Replicator created for player 128.116.13.33|59023
2025-02-01T12:45:19.583Z,9.583512,ef10000,7 [FLog::Network] Replicator created: 0x7fe7db404230
2025-02-01T12:45:19.751Z,9.751986,ef10000,7 [FLog::Network] Time taken to initialize schema = 3.978290 ms
2025-02-01T12:45:19.752Z,9.752094,ef10000,7 [FLog::Network] Assigned peer id = 451
2025-02-01T12:45:19.752Z,9.752295,ef10000,7 [FLog::Network] Join snapshot timer: 0.183855
2025-02-01T12:45:19.782Z,9.782686,ef10000,6,Info [FLog::AudioFocusService] AudioFocusService::AudioFocusService() constructor
2025-02-01T12:45:19.782Z,9.782724,ef10000,6,Info [FLog::AudioFocusService] AudioFocusService onServiceProvider invokation
2025-02-01T12:45:19.782Z,9.782733,ef10000,6,Info [FLog::AudioFocusService] AudioFocusService::AudioFocusService() onServiceProvider setup
2025-02-01T12:45:20.293Z,10.293248,ef10000,6 [FLog::Warning] AdPortal is invalid: 
2025-02-01T12:45:20.293Z,10.293290,ef10000,6 [FLog::Warning] AdPortal is invalid: 
2025-02-01T12:45:20.293Z,10.293303,ef10000,6 [FLog::Warning] AdPortal is invalid: 
2025-02-01T12:45:20.293Z,10.293312,ef10000,6 [FLog::Warning] AdPortal is invalid: 
2025-02-01T12:45:20.293Z,10.293322,ef10000,6 [FLog::Warning] AdPortal is invalid: 
2025-02-01T12:45:20.293Z,10.293331,ef10000,6 [FLog::Warning] AdPortal is invalid: 
2025-02-01T12:45:20.293Z,10.293340,ef10000,6 [FLog::Warning] AdPortal is invalid: 
2025-02-01T12:45:20.293Z,10.293348,ef10000,6 [FLog::Warning] AdPortal is invalid: 
2025-02-01T12:45:20.293Z,10.293357,ef10000,6 [FLog::Warning] AdPortal is invalid: 
2025-02-01T12:45:20.293Z,10.293365,ef10000,6 [FLog::Warning] AdPortal is invalid: 
2025-02-01T12:45:20.293Z,10.293374,ef10000,6 [FLog::Warning] AdPortal is invalid: 
2025-02-01T12:45:20.293Z,10.293383,ef10000,6 [FLog::Warning] AdPortal is invalid: 
2025-02-01T12:45:20.293Z,10.293391,ef10000,6 [FLog::Warning] AdPortal is invalid: 
2025-02-01T12:45:20.293Z,10.293400,ef10000,6 [FLog::Warning] AdPortal is invalid: 
2025-02-01T12:45:20.293Z,10.293408,ef10000,6 [FLog::Warning] AdPortal is invalid: 
2025-02-01T12:45:20.293Z,10.293417,ef10000,6 [FLog::Warning] AdPortal is invalid: 
2025-02-01T12:45:20.293Z,10.293425,ef10000,6 [FLog::Warning] AdPortal is invalid: 
2025-02-01T12:45:20.293Z,10.293433,ef10000,6 [FLog::Warning] AdPortal is invalid: 
2025-02-01T12:45:20.293Z,10.293442,ef10000,6 [FLog::Warning] AdPortal is invalid: 
2025-02-01T12:45:20.293Z,10.293449,ef10000,6 [FLog::Warning] AdPortal is invalid: 
2025-02-01T12:45:20.293Z,10.293583,ef10000,6 [FLog::Warning] AdPortal is invalid: 
2025-02-01T12:45:20.293Z,10.293607,ef10000,6 [FLog::Warning] AdPortal is invalid: 
2025-02-01T12:45:20.310Z,10.310839,558c3fc0,6 [FLog::Graphics] Future is bright shadows
2025-02-01T12:45:20.316Z,10.316375,558c3fc0,6 [FLog::Graphics] Terrain TextureArray (2022) 512x512, arraySize: 35, mip: 10
2025-02-01T12:45:20.678Z,10.678975,facf000,6 [FLog::Error] Asset (Image) "https://assetdelivery.roblox.com/v1/asset?id=2919629328" load failed in Workspace.Ildan1918sCar.Body.MeshPart.rear1-1.Texture: Request failed
2025-02-01T12:45:21.062Z,11.062581,f013000,6 [FLog::Output] Server RobloxGitHash: 6874f45ec658019a67f19ab7de6e688c50292b01
2025-02-01T12:45:21.062Z,11.062613,f013000,6 [FLog::Output] Server Prefix: 0.658.0.6580461_20250201T064929Z_RCC_4b86f
2025-02-01T12:45:22.232Z,12.232892,facf000,6 [FLog::Error] Asset (Image) "https://assetdelivery.roblox.com/v1/asset?id=7166547108" load failed in Players.paninorealaccount009.PlayerGui.Player.MainFrame.PlayerFrame.Container.Buttons.Previous.Image: Request failed
2025-02-01T12:45:27.685Z,17.685715,f116000,6,Info [DFLog::TrackerAnimationStreamSourceTrace] open
2025-02-01T12:45:48.885Z,38.885128,f013000,6,Warning [DFLog::DMNotificationMonitor] DM notification received. Type 35
2025-02-01T12:45:48.902Z,38.902012,558c3fc0,6 [FLog::SingleSurfaceApp] leaveUGCGame: (stage:UGCGame) blocking=0.
2025-02-01T12:45:48.902Z,38.902058,558c3fc0,6 [FLog::SingleSurfaceApp] leaveUGCGameInternal
2025-02-01T12:45:48.903Z,38.903637,558c3fc0,6 [FLog::SurfaceController] stop
2025-02-01T12:45:48.903Z,38.903675,558c3fc0,6 [FLog::SurfaceController] drainRenderingJobs
2025-02-01T12:45:48.903Z,38.903713,558c3fc0,6 [FLog::SurfaceController] SurfaceController::RenderJob[_:2]::~RenderJob
2025-02-01T12:45:48.929Z,38.929062,558c3fc0,6,Info [FLog::UgcExperienceController] UgcExperienceController: destroyCaptureModeDataModelIfExists: begin
2025-02-01T12:45:48.929Z,38.929165,558c3fc0,6,Info [FLog::UgcExperienceController] UgcExperienceController: destroyCaptureModeDataModelIfExists: end
2025-02-01T12:45:48.929Z,38.929203,558c3fc0,6,Info [FLog::UgcExperienceController] UgcExperienceController: stop: begin (blocking=false dataModel=0x7fe78f625c00)
2025-02-01T12:45:48.929Z,38.929661,558c3fc0,6,Info [FLog::UgcExperienceController] UgcExperienceController: sendAnalyticsBeforeLeave: sending event None_None
2025-02-01T12:45:48.930Z,38.930096,558c3fc0,6,Info [FLog::CrossExperienceVoiceController] CrossExperienceVoiceController: onCoordinatorTransitionEvent Stopped - Ugc
2025-02-01T12:45:48.930Z,38.930157,558c3fc0,6,Info [FLog::CrossExperienceVoiceController] CrossExperienceVoiceController: removing all observers for type Ugc
2025-02-01T12:45:48.931Z,38.931934,558c3fc0,6 [FLog::SingleSurfaceApp] setStage: (stage:Native)
2025-02-01T12:45:48.931Z,38.931995,558c3fc0,6 [DFLog::SignalRCoreError] ID: 1 Disconnected - stop() called
2025-02-01T12:45:48.934Z,38.934170,ef10000,6,Info [DFLog::TrackerAnimationStreamSourceTrace] close
2025-02-01T12:45:48.941Z,38.941689,ef10000,7 [FLog::Network] Client:Disconnect
2025-02-01T12:45:48.943Z,38.943081,ef10000,7 [FLog::Network] Time to disconnect replication data: 1.259005
2025-02-01T12:45:48.944Z,38.944248,ef10000,7 [FLog::Network] Sending disconnect with reason: 285
2025-02-01T12:45:48.944Z,38.944302,ef10000,7 [FLog::Network] Sending disconnect with reason: 285
2025-02-01T12:45:48.944Z,38.944344,fd5e000,7 [FLog::Network] Sending disconnect with reason: 285
2025-02-01T12:45:48.944Z,38.944450,fd5e000,7 [FLog::Network] Connection lost
2025-02-01T12:45:48.944Z,38.944466,fd5e000,7 [FLog::Network] Connection lost: connectMode: Disconnect ASAP, timeMS:38944, connectionTime 9522
2025-02-01T12:45:48.944Z,38.944469,fd5e000,7 [FLog::Network] Connection lost: AckTimeout 0, IsOutgoingDataWaiting 0
2025-02-01T12:45:48.944Z,38.944481,fd5e000,7 [FLog::Network] Disconnection Notification. Reason: 285
2025-02-01T12:45:49.443Z,39.443611,ef10000,6,Info [FLog::AudioFocusService] AudioFocusService onServiceProvider invokation
2025-02-01T12:45:49.443Z,39.443653,ef10000,6,Info [FLog::AudioFocusService] AudioFocusService::AudioFocusService() onServiceProvider teardown
2025-02-01T12:45:49.445Z,39.445122,ef10000,7 [FLog::Network] Client:Disconnect
2025-02-01T12:45:49.583Z,39.583927,ef10000,7 [FLog::Network] NetworkClient:Remove
2025-02-01T12:45:49.584Z,39.584084,ef10000,7 [DFLog::MegaReplicatorLogDisconnectCleanUpLog] Destroying MegaReplicator.
2025-02-01T12:45:49.773Z,39.773273,ef10000,6,Info [FLog::AudioFocusService] AudioFocusService::AudioFocusService() destructor
2025-02-01T12:45:49.820Z,39.820499,ef10000,7 [FLog::Network] Replicator destroyed: 0x7fe7db404230
2025-02-01T12:45:50.267Z,40.267879,558c3fc0,6 [FLog::SingleSurfaceApp] shutDown: (stage:Native).
2025-02-01T12:45:50.270Z,40.270813,558c3fc0,6 [FLog::SingleSurfaceApp] destroyLuaApp: (stage:Native) blocking:true.
2025-02-01T12:45:50.270Z,40.270847,558c3fc0,6,Warning [FLog::CrossExperienceVoiceController] CrossExperienceVoiceController: finalize: Did not finalize due to state.
2025-02-01T12:45:50.271Z,40.271339,558c3fc0,6,Info [FLog::UgcExperienceController] UgcExperienceController: finalized
2025-02-01T12:45:51.271Z,41.271702,558c3fc0,12 [DFLog::HttpTraceError] HttpResponse(#1420 0x7fe784e1c420) time:262.2ms (net:261.9ms callback:0.0ms timeInRetryQueue:0.0ms) error:9 message:HttpError: Aborted url:{ "https://ecsv2.roblox.com/client/pbe" } ip:128.116.44.3 external:0 numberOfTimesRetried:0
2025-02-01T12:45:51.784Z,41.784405,558c3fc0,6,Info [FLog::AudioFocusService] AudioFocusService onServiceProvider invokation
2025-02-01T12:45:51.784Z,41.784443,558c3fc0,6,Info [FLog::AudioFocusService] AudioFocusService::AudioFocusService() onServiceProvider teardown
2025-02-01T12:45:51.854Z,41.854855,558c3fc0,6,Info [FLog::AudioFocusService] AudioFocusService::AudioFocusService() destructor
2025-02-01T12:45:51.907Z,41.907528,558c3fc0,6,Warning [FLog::SingleSurfaceApp] destroyLuaApp: (stage:Native)... finished destroying luaApp.
2025-02-01T12:45:51.907Z,41.907578,558c3fc0,6 [FLog::SingleSurfaceApp] setStage: (stage:None)
2025-02-01T12:45:51.907Z,41.907585,558c3fc0,6 [FLog::SingleSurfaceApp] destroy controllers
2025-02-01T12:45:51.908Z,41.908318,558c3fc0,6,Info [FLog::CrossExperienceVoiceController] CrossExperienceVoiceController::CrossExperienceVoiceController()
2025-02-01T12:45:51.908Z,41.908390,558c3fc0,6,Info [FLog::UgcExperienceController] UgcExperienceController::~UgcExperienceController()
2025-02-01T12:45:51.908Z,41.908428,558c3fc0,6 [FLog::SurfaceController] SurfaceController[_:1]::~SurfaceController, count: 0
2025-02-01T12:45:51.908Z,41.908440,558c3fc0,6,Warning [FLog::Graphics] RenderView destroyed[1]
2025-02-01T12:45:51.951Z,41.951824,558c3fc0,6 [FLog::SingleSurfaceApp] setStage: (stage:Native)
