2025-02-05T20:51:18.480Z,0.480864,4a953fc0,6 [FLog::MacLuaApp] (AppDelegate) application:openURLs:(
    "roblox-player:1+launchmode:play+gameinfo:E1vm9hf6YLSt-k7VWH-uY9QXhLQS9BE6VP4q_1orLzoaphGEZkt-AC77Fh4VyDHh9RihGXoC4j2rXDxTaO6mo4UZJN0ge691JJY73TZL_ZmeTCet-bYK8cnYRYDVubnsKnqIA34AU1obwszpVnm6ytqt1dFugbVBY-UJtqTF381HIVzOmzArdEyuozOheYIOCUQvkIQiHcI1Tfcn9Eni84JePmbXMbMzrDdJCfLWF0s+launchtime:1738788673593+placelauncherurl:https%3A%2F%2Fwww.roblox.com%2FGame%2FPlaceLauncher.ashx%3Frequest%3DRequestPrivateGame%26browserTrackerId%3D1738344328674006%26placeId%3D10449761463%26accessCode%3D782fec9a-a323-4339-8dba-53e3dff5526d%26joinAttemptId%3Dfffc5751-94ab-4df3-a980-6b635ac93e0f%26joinAttemptOrigin%3DprivateServerListJoin+browsertrackerid:1738344328674006+robloxLocale:en_us+gameLocale:en_us+channel:+LaunchExp:InApp"
)
2025-02-05T20:51:18.481Z,0.481198,4a953fc0,6 [FLog::MacLuaApp] (AppDelegate) application:openURLs handling web launch
2025-02-05T20:51:18.481Z,0.481262,4a953fc0,6 [FLog::MacLuaApp] (AppDelegate) Argument 1 = launchmode:play
2025-02-05T20:51:18.481Z,0.481277,4a953fc0,6 [FLog::MacLuaApp] (AppDelegate) Argument 2 = gameinfo:E1vm9hf6YLSt-k7VWH-uY9QXhLQS9BE6VP4q_1orLzoaphGEZkt-AC77Fh4VyDHh9RihGXoC4j2rXDxTaO6mo4UZJN0ge691JJY73TZL_ZmeTCet-bYK8cnYRYDVubnsKnqIA34AU1obwszpVnm6ytqt1dFugbVBY-UJtqTF381HIVzOmzArdEyuozOheYIOCUQvkIQiHcI1Tfcn9Eni84JePmbXMbMzrDdJCfLWF0s
2025-02-05T20:51:18.481Z,0.481288,4a953fc0,6 [FLog::MacLuaApp] (AppDelegate) Argument 3 = launchtime:1738788673593
2025-02-05T20:51:18.481Z,0.481298,4a953fc0,6 [FLog::MacLuaApp] (AppDelegate) Argument 4 = placelauncherurl:https%3A%2F%2Fwww.roblox.com%2FGame%2FPlaceLauncher.ashx%3Frequest%3DRequestPrivateGame%26browserTrackerId%3D1738344328674006%26placeId%3D10449761463%26accessCode%3D782fec9a-a323-4339-8dba-53e3dff5526d%26joinAttemptId%3Dfffc5751-94ab-4df3-a980-6b635ac93e0f%26joinAttemptOrigin%3DprivateServerListJoin
2025-02-05T20:51:18.481Z,0.481308,4a953fc0,6 [FLog::MacLuaApp] (AppDelegate) Argument 5 = browsertrackerid:1738344328674006
2025-02-05T20:51:18.481Z,0.481317,4a953fc0,6 [FLog::MacLuaApp] (AppDelegate) Argument 6 = robloxLocale:en_us
2025-02-05T20:51:18.481Z,0.481326,4a953fc0,6 [FLog::MacLuaApp] (AppDelegate) Argument 7 = gameLocale:en_us
2025-02-05T20:51:18.481Z,0.481335,4a953fc0,6 [FLog::MacLuaApp] (AppDelegate) Argument 8 = channel:
2025-02-05T20:51:18.481Z,0.481360,4a953fc0,6 [FLog::Output] Saved channel '' to 'com.roblox.RobloxPlayerChannel' for baseUrl 'www.roblox.com'
2025-02-05T20:51:18.481Z,0.481392,4a953fc0,6 [FLog::Output] RobloxChannel has been set to production
2025-02-05T20:51:18.481Z,0.481402,4a953fc0,6 [FLog::MacLuaApp] (AppDelegate) Argument 9 = LaunchExp:InApp
2025-02-05T20:51:18.481Z,0.481458,4a953fc0,6 [FLog::MacLuaApp] (AppDelegate) reportClientStatus url: https://www.roblox.com/client-status/set?browserTrackerId=1738344328674006&status=BootstrapperInstalling
2025-02-05T20:51:18.491Z,0.491552,4a953fc0,6 [FLog::MacLuaApp] (AppDelegate) application:openURLs cold launch. Defer web launch until after initialization is complete.
2025-02-05T20:51:18.491Z,0.491694,4a953fc0,6 [FLog::Output] (AppDelegate) applicationDidFinishLaunching
2025-02-05T20:51:18.492Z,0.492077,4a953fc0,6,Info [FLog::UpdateController] UpdateController: versionQueryUrl: https://clientsettingscdn.roblox.com/v2/client-version/MacPlayer
2025-02-05T20:51:18.492Z,0.492112,4a953fc0,6,Info [FLog::UpdateController] MacUpdateController: updaterFullPath: /Applications/Roblox.app/Contents/MacOS/RobloxPlayerInstaller.app/Contents/MacOS/RobloxPlayerInstaller
2025-02-05T20:51:18.492Z,0.492157,1004d000,6,Info [FLog::UpdateController] Update check thread started
2025-02-05T20:51:18.492Z,0.492190,1004d000,6,Info [FLog::UpdateController] Checking if updater exists at /Applications/Roblox.app/Contents/MacOS/RobloxPlayerInstaller.app/Contents/MacOS/RobloxPlayerInstaller. Returning 0
2025-02-05T20:51:18.492Z,0.492202,1004d000,6,Warning [FLog::UpdateController] Updater not found. Skipping update
2025-02-05T20:51:18.492Z,0.492209,4a953fc0,6 [FLog::Output] settingsUrl: https://clientsettingscdn.roblox.com/v2/settings-compressed/application/MacDesktopClient/876303bc5322fbc5499ad5d572b4a57fc6305ca10adf81769b9121c45b7d3a38.dcz
2025-02-05T20:51:18.492Z,0.492213,1004d000,6,Info [FLog::UpdateController] Update check thread: updateRequired FALSE
2025-02-05T20:51:18.586Z,0.586405,4a953fc0,6 [FLog::Output] Settings Date header was Wed, 05 Feb 2025 20:50:52 GMT
2025-02-05T20:51:18.586Z,0.586436,4a953fc0,6 [FLog::Output] Settings Date timestamp is 1738788652
2025-02-05T20:51:18.590Z,0.590471,102dc000,12 [DFLog::HttpTraceError] HttpResponse(#6 0x7fabd689fe20) time:144.9ms (net:144.6ms callback:0.0ms timeInRetryQueue:0.0ms)status:404 Not Found bodySize:0 url:{ "https://users.roblox.com/" } ip:128.116.44.3 external:1 numberOfTimesRetried:0
2025-02-05T20:51:18.598Z,0.598334,4a953fc0,6 [FLog::ClientRunInfo] RobloxGitHash: 6874f45ec658019a67f19ab7de6e688c50292b01
2025-02-05T20:51:18.598Z,0.598498,4a953fc0,6 [FLog::ClientRunInfo] The base url is https://www.roblox.com/
2025-02-05T20:51:18.598Z,0.598509,4a953fc0,6 [FLog::ClientRunInfo] The channel is production
2025-02-05T20:51:18.611Z,0.611114,4a953fc0,6 [FLog::Output] *******
** Validated reflection database in 5.850085 ms, found 5363 entries with the following skipped: 0 enums, 0 properties, 0 functions, 0 events, 0 callbacks, 0 classes.
*******

2025-02-05T20:51:18.612Z,0.612951,4a953fc0,6 [FLog::Output] (AppDelegate) Universal App on Mac: initialize...
2025-02-05T20:51:18.612Z,0.612971,4a953fc0,6 [FLog::Output] syncCookiesFromNativeToEngine was skipped
2025-02-05T20:51:18.613Z,0.613035,4a953fc0,6 [FLog::Output] Current file descriptor limit is 2560, no need to increase
2025-02-05T20:51:18.613Z,0.613048,4a953fc0,6 [FLog::Output] (AppDelegate) web browserTrackerId = [1738344328674006].
2025-02-05T20:51:18.615Z,0.615099,4a953fc0,6 [FLog::Output] syncCookiesFromEngineToNative was skipped
2025-02-05T20:51:18.615Z,0.615124,4a953fc0,6 [FLog::Output] (AppDelegate) launchTimeMillis = [-4323]
2025-02-05T20:51:18.616Z,0.616086,4a953fc0,6,Info [FLog::PerformanceControlUtil] PerformanceControlUtil: registered single surface tunable (id=0)
2025-02-05T20:51:18.616Z,0.616224,4a953fc0,6 [FLog::SingleSurfaceApp] initializeWithAppStarter
2025-02-05T20:51:18.616Z,0.616242,4a953fc0,6 [FLog::SingleSurfaceApp] initializeSingleton
2025-02-05T20:51:18.616Z,0.616600,4a953fc0,6 [FLog::Output] setAssetFolder /Applications/Roblox.app/Contents/Resources/content/
2025-02-05T20:51:18.616Z,0.616773,4a953fc0,6 [FLog::Output] setExtraAssetFolder /Applications/Roblox.app/Contents/Resources/ExtraContent
2025-02-05T20:51:18.617Z,0.617071,4a953fc0,6 [FLog::Output] Evaluating deferred inferred crashes
2025-02-05T20:51:18.617Z,0.617652,4a953fc0,6 [FLog::SingleSurfaceApp] setStage: (stage:Native)
2025-02-05T20:51:18.617Z,0.617670,4a953fc0,6 [FLog::SingleSurfaceApp] setLocale
2025-02-05T20:51:18.617Z,0.617681,4a953fc0,6,Warning [FLog::SingleSurfaceApp] instantiate controllers
2025-02-05T20:51:18.617Z,0.617689,4a953fc0,6 [FLog::SurfaceController] SurfaceController[_:1]::SurfaceController, count: 1
2025-02-05T20:51:18.617Z,0.617698,4a953fc0,6,Warning [FLog::SingleSurfaceApp] instantiate experience coordinator
2025-02-05T20:51:18.617Z,0.617724,4a953fc0,6,Info [FLog::PerformanceControlUtil] PerformanceControlUtil: registered single surface tunable (id=1)
2025-02-05T20:51:18.617Z,0.617734,4a953fc0,6,Info [FLog::CrossExperienceVoiceController] CrossExperienceVoiceController::CrossExperienceVoiceController() constructor
2025-02-05T20:51:18.637Z,0.637297,102dc000,6,Warning [FLog::HttpOpenTelemetryTracing] No active span to end
2025-02-05T20:51:18.637Z,0.637348,102dc000,12 [DFLog::HttpTraceError] HttpResponse(#0 0x7fabd689be20) time:191.9ms (net:191.6ms callback:0.0ms timeInRetryQueue:0.0ms)status:404 Not Found bodySize:0 url:{ "https://accountsettings.roblox.com/" } ip:128.116.44.3 external:1 numberOfTimesRetried:0
2025-02-05T20:51:18.672Z,0.672930,102dc000,6,Warning [FLog::HttpOpenTelemetryTracing] No active span to end
2025-02-05T20:51:18.672Z,0.672988,102dc000,12 [DFLog::HttpTraceError] HttpResponse(#4 0x7fabd68d9020) time:227.3ms (net:227.0ms callback:0.0ms timeInRetryQueue:0.0ms)status:404 Not Found bodySize:0 url:{ "https://apis.roblox.com/" } ip:128.116.123.4 external:1 numberOfTimesRetried:0
2025-02-05T20:51:18.715Z,0.715182,102dc000,6,Warning [FLog::HttpOpenTelemetryTracing] No active span to end
2025-02-05T20:51:18.715Z,0.715233,102dc000,12 [DFLog::HttpTraceError] HttpResponse(#3 0x7fabd68bb620) time:269.6ms (net:269.3ms callback:0.0ms timeInRetryQueue:0.0ms)status:404 Not Found bodySize:0 url:{ "https://apis.roblox.com/" } ip:128.116.123.4 external:1 numberOfTimesRetried:0
2025-02-05T20:51:18.728Z,0.728267,102dc000,6,Warning [FLog::HttpOpenTelemetryTracing] No active span to end
2025-02-05T20:51:18.728Z,0.728302,102dc000,12 [DFLog::HttpTraceError] HttpResponse(#1 0x7fabd689f020) time:282.7ms (net:282.4ms callback:0.0ms timeInRetryQueue:0.0ms)status:404 Not Found bodySize:0 url:{ "https://apis.roblox.com/" } ip:128.116.123.4 external:1 numberOfTimesRetried:0
2025-02-05T20:51:18.740Z,0.740263,102dc000,6,Warning [FLog::HttpOpenTelemetryTracing] No active span to end
2025-02-05T20:51:18.740Z,0.740293,102dc000,12 [DFLog::HttpTraceError] HttpResponse(#2 0x7fabd68bb020) time:294.7ms (net:294.4ms callback:0.0ms timeInRetryQueue:0.0ms)status:404 Not Found bodySize:0 url:{ "https://apis.roblox.com/" } ip:128.116.123.4 external:1 numberOfTimesRetried:0
2025-02-05T20:51:19.052Z,1.052079,4a953fc0,6 [FLog::SingleSurfaceApp] launchUGCGame: (stage:Native).
2025-02-05T20:51:19.052Z,1.052098,4a953fc0,6 [FLog::SingleSurfaceApp] launchUGCGameInternal
2025-02-05T20:51:19.053Z,1.053576,4a953fc0,6 [FLog::SingleSurfaceApp] applyLocale
2025-02-05T20:51:19.053Z,1.053590,4a953fc0,6,Info [FLog::UgcExperienceController] UgcExperienceController: initialize:
2025-02-05T20:51:19.054Z,1.054153,4a953fc0,6 [FLog::DataModelPatchConfigurer] [_DataModelPatch] Load configs for user key: app:1423803869895817846
2025-02-05T20:51:19.055Z,1.055515,4a953fc0,6 [FLog::DataModelPatchConfigurer] [_DataModelPatch] Retrieving patch
2025-02-05T20:51:19.055Z,1.055532,4a953fc0,6 [FLog::DataModelPatchConfigurer] getCachedPatch DataModelPatchConfig : type=1, assetId=5345954812, assetVersion=10769, maxAppVersion=658, localAssetURI=rbxasset://models/DataModelPatch/DataModelPatch.rbxm
2025-02-05T20:51:19.055Z,1.055541,4a953fc0,6 [FLog::DataModelPatchConfigurer] getCachedPatch : numAttempts=10
2025-02-05T20:51:19.055Z,1.055582,4a953fc0,6 [FLog::DataModelPatchConfigurer] getCachedPatch : contentId=rbxasset://models/DataModelPatch/DataModelPatch.rbxm
2025-02-05T20:51:19.055Z,1.055591,4a953fc0,6 [FLog::DataModelPatchConfigurer] getCachedPatch : get patch from content provider for Model
2025-02-05T20:51:19.073Z,1.073540,4a953fc0,6 [FLog::DataModelPatchConfigurer] deserializeAndVerifyPatch with blake3
2025-02-05T20:51:19.396Z,1.396570,4a953fc0,6,Warning [DFLog::BootcampCLI139737Log] Hello world!!!!!!!!!!!!!!!!!!!!
2025-02-05T20:51:19.396Z,1.396633,4a953fc0,6,Warning [FLog::Output] Hello Earthlings!
2025-02-05T20:51:19.533Z,1.533740,4a953fc0,6,Info [FLog::Audio] OutputDevice 0: Cuffie esterne [BuiltIn] 48000/2
2025-02-05T20:51:19.655Z,1.655622,4a953fc0,6,Info [FLog::Audio] InputDevice 0: Microfono esterno({af0144be-277e-8cc3-0000000000000000}) 48000/1/4
2025-02-05T20:51:19.655Z,1.655674,4a953fc0,6,Info [FLog::Audio] InputDevice 1: Microfono iMac({50eb3c32-f018-032c-0000000000000000}) 48000/1/4
2025-02-05T20:51:19.711Z,1.711660,4a953fc0,6,Info [FLog::UgcExperienceController] UgcExperienceController: join: initialized dm 0x7fabdf7c2a00
2025-02-05T20:51:19.711Z,1.711707,4a953fc0,6 [FLog::GameJoinUtil] GameJoinUtil::joinGame
2025-02-05T20:51:19.711Z,1.711799,4a953fc0,6 [FLog::GameJoinUtil] GameJoinUtil::joinGamePostPrivateServer: URL: https://gamejoin.roblox.com/v1/join-private-game BODY: {"isTeleport":true,"placeId":10449761463,"gameJoinAttemptId":"fffc5751-94ab-4df3-a980-6b635ac93e0f","accessCode":"782fec9a-a323-4339-8dba-53e3dff5526d"}
2025-02-05T20:51:19.711Z,1.711857,4a953fc0,6 [FLog::GameJoinUtil] GameJoinUtil::makePlaceLauncherRequest: requestCount: 0, url: https://gamejoin.roblox.com/v1/join-private-game.
2025-02-05T20:51:19.711Z,1.711892,4a953fc0,6 [FLog::GameJoinUtil] Delaying request by 0.00 seconds
2025-02-05T20:51:19.711Z,1.711941,4a953fc0,6,Info [FLog::CrossExperienceVoiceController] CrossExperienceVoiceController: onCoordinatorTransitionEvent Started - Ugc
2025-02-05T20:51:19.712Z,1.712051,4a953fc0,6 [FLog::SurfaceController] [_:1]::replaceDataModel: (stage:0, window = 0x7fabd3f58450) [tid:0x7fabd680fd60]
2025-02-05T20:51:19.751Z,1.751077,4a953fc0,6,Warning [FLog::Graphics] RenderView created[1]
2025-02-05T20:51:19.753Z,1.753435,4a953fc0,6 [FLog::Graphics] Metal renderer: AMD Radeon Pro 5300
2025-02-05T20:51:19.753Z,1.753455,4a953fc0,6 [channel] Caps: ThreadSafe 1 Framebuffer 1 FpFramebuffer 1 Shaders 1 Compute 1 Instancing 1 PerInstanceStream 1 ConstBuffers 1
2025-02-05T20:51:19.753Z,1.753463,4a953fc0,6 [channel] Caps: Framebuffer: MRT 4 MSAA 8 Stencil 1
2025-02-05T20:51:19.753Z,1.753469,4a953fc0,6 [channel] Caps: Framebuffer: Depth16 1 Depth24 1 DepthFloat 1 DepthClamp 1
2025-02-05T20:51:19.753Z,1.753475,4a953fc0,6 [channel] Caps: Border Color 1
2025-02-05T20:51:19.753Z,1.753480,4a953fc0,6 [channel] Caps: Texture: RGB10A2 1 RG11B10F 1 R16I 1
2025-02-05T20:51:19.753Z,1.753486,4a953fc0,6 [channel] Caps: Texture: BC6H 1 ASTC HDR 0
2025-02-05T20:51:19.753Z,1.753491,4a953fc0,6 [channel] Caps: Texture: DXT 1 PVR 0 ETC1 0 ETC2 0 Half 1
2025-02-05T20:51:19.753Z,1.753496,4a953fc0,6 [channel] Caps: Texture: 3D 1 Array 1 Depth 1 MSAA 1 MSAAFP16 8
2025-02-05T20:51:19.753Z,1.753502,4a953fc0,6 [channel] Caps: Texture: NPOT 1 PartialMips 1 CubeMipGen 1 CubeFramebuffer 1
2025-02-05T20:51:19.753Z,1.753507,4a953fc0,6 [channel] Caps: Texture: Size 8192 Units 32 VertexUnits 32
2025-02-05T20:51:19.753Z,1.753512,4a953fc0,6 [channel] Caps: ConstantBufferSize 65536
2025-02-05T20:51:19.753Z,1.753518,4a953fc0,6 [channel] Caps: isAppleGPU 0
2025-02-05T20:51:19.753Z,1.753523,4a953fc0,6 [channel] Caps: 32bIdx 1 Memoryless 0
2025-02-05T20:51:19.753Z,1.753528,4a953fc0,6 [channel] Caps: ColorBGR 0 RTFlip 0 MinusOneToOneDepth 0
2025-02-05T20:51:19.760Z,1.760151,4a953fc0,6 [FLog::Graphics] Metal: creating framebuffer 5120x2528
2025-02-05T20:51:19.760Z,1.760195,4a953fc0,6 [FLog::Graphics] Video memory size: 2147483648
2025-02-05T20:51:19.799Z,1.799732,1076b000,6,Info [FLog::UgcExperienceController] UgcExperienceController: submitStartGameTask: scrips are loaded 0x7fabdf7c2a00
2025-02-05T20:51:19.814Z,1.814464,4a953fc0,6 [FLog::Graphics] Loaded 972 shaders from pack metal_osx variant default (7121760 bytes)
2025-02-05T20:51:19.814Z,1.814485,4a953fc0,6 [FLog::Graphics] Compiled 677 shaders in 54 ms
2025-02-05T20:51:19.839Z,1.839884,4a953fc0,6 [FLog::SurfaceController] SurfaceController::disableVR
2025-02-05T20:51:19.840Z,1.840016,4a953fc0,6 [FLog::SurfaceController] SurfaceController[_:1]::start dataModel(0x7fabdf7c2a00)
2025-02-05T20:51:19.840Z,1.840049,4a953fc0,6 [FLog::SurfaceController] SurfaceController::RenderJob[_:1]::RenderJob
2025-02-05T20:51:19.840Z,1.840062,4a953fc0,6 [FLog::SurfaceController] SurfaceController[_:1]::run dataModel(0x7fabdf7c2a00)
2025-02-05T20:51:19.840Z,1.840079,4a953fc0,6 [FLog::SingleSurfaceApp] setStage: (stage:UGCGame)
2025-02-05T20:51:19.840Z,1.840091,4a953fc0,6 [FLog::SingleSurfaceApp] userDidLogin
2025-02-05T20:51:19.840Z,1.840100,4a953fc0,6 [FLog::SingleSurfaceApp] applyLocale
2025-02-05T20:51:19.840Z,1.840130,1076b000,6 [FLog::Output] (AppDelegate) Doing machine id check.
2025-02-05T20:51:19.870Z,1.870692,10668000,6 [FLog::SurfaceController] SurfaceController::RenderJob::stepDataModelJob: No DM yet. Continue...
2025-02-05T20:51:19.972Z,1.972997,4a953fc0,6 [FLog::SurfaceController] SurfaceController::RenderJob::scheduleRender: No data model. Bind workspace now...
2025-02-05T20:51:19.978Z,1.978899,4a953fc0,6 [FLog::Graphics] LayeredClothingMode updated: LC=1 HSR=1
2025-02-05T20:51:19.983Z,1.983471,4a953fc0,6 [FLog::Graphics] SceneManager: resizing main targets to 2560x1264
2025-02-05T20:51:20.117Z,2.117693,10565000,6 [FLog::GameJoinUtil] GameJoinUtil::makePlaceLauncherRequest, response:
{"jobId":"163212d2-32b9-4065-88b7-e59e15c6c173","status":2,"statusData":null,"joinScriptUrl":"https://assetgame.roblox.com/Game/Join.ashx?ticketVersion=2&ticket={\"UserId\"%3a3047960021%2c\"UserName\"%3a\"paninorealaccount009\"%2c\"DisplayName\"%3a\"Jack\"%2c\"CharacterFetchUrl\"%3a\"https%3a%2f%2fapi.roblox.com%2fv1.1%2favatar-fetch%2f%3fplaceId%3d10449761463%26userId%3d3047960021\"%2c\"GameId\"%3a\"163212d2-32b9-4065-88b7-e59e15c6c173\"%2c\"PlaceId\"%3a10449761463%2c\"UniverseId\"%3a3808081382%2c\"ServerId\"%3a1117195%2c\"ServerPort\"%3a62608%2c\"IsTeleport\"%3atrue%2c\"FollowUserId\"%3anull%2c\"TimeStamp\"%3a\"02%2f05%2f2025+20%3a51%3a20\"%2c\"CharacterAppearanceId\"%3a3047960021%2c\"AlternateName\"%3anull%2c\"JoinTypeId\"%3a4%2c\"MatchmakingDecisionId\"%3anull%2c\"GameJoinMetadata\"%3a{\"JoinSource\"%3a1%2c\"RequestType\"%3a1%2c\"MatchmakingDecisionId\"%3a\"00000000-0000-0000-0000-00000000
2025-02-05T20:51:20.117Z,2.117825,10565000,6 [FLog::GameJoinUtil] Game join succeeded.
2025-02-05T20:51:20.117Z,2.117840,10565000,6 [FLog::GameJoinUtil] GameJoinUtil::processing join parameters
2025-02-05T20:51:20.133Z,2.133192,10565000,7 [FLog::Network] NetworkClient:Create
2025-02-05T20:51:20.133Z,2.133735,10565000,6 [FLog::GameJoinUtil] Null EventId
2025-02-05T20:51:20.133Z,2.133814,10565000,10 [DFLog::KeyRing] Parsed config created at: 11:59 4/1/2024.
2025-02-05T20:51:20.135Z,2.135594,10565000,6 [FLog::Output] AnalyticsSessionId is b4fe2925-4e3b-4a61-ada7-0cdf517517a9.
2025-02-05T20:51:20.135Z,2.135615,10565000,6 [FLog::Output] ! Joining game '163212d2-32b9-4065-88b7-e59e15c6c173' place 10449761463 at 10.30.9.30
2025-02-05T20:51:20.135Z,2.135650,10565000,6 [FLog::GameJoinLoadTime] Report game_join_loadtime: sid:b4fe2925-4e3b-4a61-ada7-0cdf517517a9, clienttime:1738788680.3940000534, join_time:1.0816754200000002761, referral_page:RequestPrivateGame, placeid:10449761463, userid:3047960021, universeid:3808081382, 
2025-02-05T20:51:20.137Z,2.137009,10565000,7 [FLog::Network] Client will attempt to connect following server endpoints with threadSleepTime(-1)
2025-02-05T20:51:20.137Z,2.137024,10565000,7 [FLog::Network] UDMUX Address = 128.116.13.33, Port = 62608 | RCC Server Address = 10.30.9.30, Port = 62608
2025-02-05T20:51:20.137Z,2.137851,10565000,7 [FLog::Network] binding socket on inaddr_any:0

2025-02-05T20:51:20.150Z,2.150135,10565000,6 [FLog::Output] Connecting to UDMUX server 128.116.13.33:62608, and RCC server 10.30.9.30:62608
2025-02-05T20:51:20.352Z,2.352284,1076b000,6 [FLog::Output] Connection accepted from 128.116.13.33|62608
2025-02-05T20:51:20.353Z,2.353834,1076b000,7 [FLog::Network] serverId: 128.116.13.33|62608
2025-02-05T20:51:20.353Z,2.353926,1076b000,7 [FLog::Network] Replicator created for player 128.116.13.33|62608
2025-02-05T20:51:20.353Z,2.353938,1076b000,7 [FLog::Network] Replicator created: 0x7fac36dfe670
2025-02-05T20:51:20.529Z,2.529597,10565000,7 [FLog::Network] Time taken to initialize schema = 5.125046 ms
2025-02-05T20:51:20.529Z,2.529734,10565000,7 [FLog::Network] Assigned peer id = 4
2025-02-05T20:51:20.529Z,2.529994,10565000,7 [FLog::Network] Join snapshot timer: 0.237120
2025-02-05T20:51:20.577Z,2.577442,1076b000,6 [FLog::DataModelPatchConfigurer] OTAPollingEnabled set to: false
2025-02-05T20:51:20.614Z,2.614635,1076b000,6,Info [FLog::AudioFocusManager] AudioFocusManager::AudioFocusManager() constructor
2025-02-05T20:51:20.614Z,2.614676,1076b000,6,Info [FLog::AudioFocusService] AudioFocusService::AudioFocusService() constructor
2025-02-05T20:51:20.614Z,2.614691,1076b000,6,Info [FLog::AudioFocusService] AudioFocusService onServiceProvider invokation
2025-02-05T20:51:20.614Z,2.614698,1076b000,6,Info [FLog::AudioFocusService] AudioFocusService::AudioFocusService() onServiceProvider setup
2025-02-05T20:51:21.298Z,3.298566,102dc000,6,Critical [DFLog::RbxStorage] RbxStorage::init [INIT] availableDiskSpace: 55226245120 bytes, oldCacheSize: -1 bytes, elapsed: 0.033 ms
2025-02-05T20:51:21.341Z,3.341978,102dc000,6,Error [DFLog::SQLite] sqlite3_error_log: 283 - recovered 185 frames from WAL file /private/var/folders/83/3w46ryz13191t1qd7k9xctdm0000gn/T/Roblox/rbx-storage.db-wal
2025-02-05T20:51:21.358Z,3.358567,102dc000,6,Critical [DFLog::RbxStorage] RbxStorage::init [DONE] name: TelemetryCache(SqliteCache+TelemetryCache(FileCache)), duration: 59.334 ms, dbOpenCount: 5, dbMaxMemory: 0.260 MiB, dbTotalSize: 0.000 MiB, dbNumItems: 1, fileTotalSize: 0.000 MiB, fileNumItems: 0
2025-02-05T20:51:21.372Z,3.372580,4a953fc0,6 [FLog::Graphics] Future is bright shadows
2025-02-05T20:51:21.379Z,3.379462,4a953fc0,6 [FLog::Graphics] Terrain TextureArray 512x512, arraySize: 36, mip: 10
2025-02-05T20:51:21.609Z,3.609686,1076b000,6 [FLog::Output] INTERPRETER LOADED 55.1946997299
2025-02-05T20:51:21.644Z,3.644918,1076b000,6 [FLog::Output] Server RobloxGitHash: 56a89352ee772e2d2f053a2758f8679453495915
2025-02-05T20:51:21.644Z,3.644948,1076b000,6 [FLog::Output] Server Prefix: 0.659.0.6590474_20250205T205114Z_RCC_8ca91
2025-02-05T20:51:21.820Z,3.820763,1076b000,6 [FLog::Error] Error: Players.paninorealaccount009.PlayerGui.Emotes.LocalScript:209: missing argument #1
    Stack Begin
    Script 'Players.paninorealaccount009.PlayerGui.Emotes.LocalScript', Line 209
    Script 'Players.paninorealaccount009.PlayerGui.Emotes.LocalScript', Line 262
    Script 'Players.paninorealaccount009.PlayerGui.Emotes.LocalScript', Line 748
    Script 'Players.paninorealaccount009.PlayerGui.Emotes.LocalScript', Line 757
    Stack End
2025-02-05T20:51:21.839Z,3.839988,1076b000,6 [FLog::Output] REPLICATION LOADED 0.3010385036468506
2025-02-05T20:51:22.004Z,4.004969,10565000,6 [FLog::Output] CLIENT LOADED 0.2547414302825928
2025-02-05T20:51:22.970Z,4.970997,10565000,6 [FLog::Output] 


⚽ [KJ] The Strongest Battlegrounds uses TopbarPlus v2.9.1
🍍 TopbarPlus was developed by ForeverHD and the Nanoblox Team
🚀 You can learn more and take a free copy by searching for 'TopbarPlus' on the DevForum


2025-02-05T20:51:26.528Z,8.528497,fdbe000,6 [FLog::Error] Asset (Animation) "rbxassetid://0" load failed in Animation.AnimationId: Animation failed to load
2025-02-05T20:51:26.528Z,8.528574,fdbe000,6 [FLog::Error] Error: Failed to load animation with sanitized ID rbxassetid://0: Animation failed to load, assetId: https://assetdelivery.roblox.com/v1/asset?id=0&serverplaceid=10449761463
2025-02-05T20:51:38.224Z,20.224195,1076b000,6 [FLog::Output] 247471
2025-02-05T20:51:39.102Z,21.102922,10565000,6 [FLog::Output] Auth Success
2025-02-05T20:51:39.619Z,21.619940,10668000,6 [FLog::Output] Auth Success / BLIP
2025-02-05T20:51:39.620Z,21.620262,10668000,6 [FLog::Warning] Warning: Forge Hub / Authenticated Securely. You're now protected.
2025-02-05T20:51:39.620Z,21.620300,10668000,6 [FLog::Warning] Warning: ATTS 1
2025-02-05T20:51:39.794Z,21.794182,4a953fc0,6 [FLog::Graphics] Metal: resizing main framebuffer to 5120x2880
2025-02-05T20:51:39.796Z,21.796209,4a953fc0,6 [FLog::Graphics] SceneManager: resizing main targets to 2560x1440
2025-02-05T20:51:39.840Z,21.840174,10565000,6 [FLog::Output] UO 02
2025-02-05T20:53:19.912Z,121.912102,102dc000,6 [FLog::Output] Settings Date header was Wed, 05 Feb 2025 20:52:52 GMT
2025-02-05T20:53:19.912Z,121.912422,102dc000,6 [FLog::Output] Settings Date timestamp is 1738788772
2025-02-05T20:54:25.133Z,187.133362,4a953fc0,6 [FLog::Error] Asset (Image) "" load failed in Workspace.Live.Weakest Dummy.Torso.roblox.Texture: Unexpected URL
2025-02-05T20:55:19.986Z,241.986954,102dc000,6 [FLog::Output] Settings Date header was Wed, 05 Feb 2025 20:55:20 GMT
2025-02-05T20:55:19.987Z,241.987671,102dc000,6 [FLog::Output] Settings Date timestamp is 1738788920
2025-02-05T20:57:20.067Z,362.067902,102dc000,6 [FLog::Output] Settings Date header was Wed, 05 Feb 2025 20:56:52 GMT
2025-02-05T20:57:20.068Z,362.068604,102dc000,6 [FLog::Output] Settings Date timestamp is 1738789012
2025-02-05T20:57:37.768Z,379.768402,1076b000,6,Warning [DFLog::DMNotificationMonitor] DM notification received. Type 35
2025-02-05T20:57:37.780Z,379.780365,4a953fc0,6 [FLog::SingleSurfaceApp] leaveUGCGame: (stage:UGCGame) blocking=0.
2025-02-05T20:57:37.780Z,379.780426,4a953fc0,6 [FLog::SingleSurfaceApp] leaveUGCGameInternal
2025-02-05T20:57:37.781Z,379.781616,4a953fc0,6 [FLog::SurfaceController] stop
2025-02-05T20:57:37.781Z,379.781647,4a953fc0,6 [FLog::SurfaceController] drainRenderingJobs
2025-02-05T20:57:37.781Z,379.781708,4a953fc0,6 [FLog::SurfaceController] SurfaceController::RenderJob[_:1]::~RenderJob
2025-02-05T20:57:37.805Z,379.805969,4a953fc0,6,Info [FLog::UgcExperienceController] UgcExperienceController: destroyCaptureModeDataModelIfExists: begin
2025-02-05T20:57:37.806Z,379.806061,4a953fc0,6,Info [FLog::UgcExperienceController] UgcExperienceController: destroyCaptureModeDataModelIfExists: end
2025-02-05T20:57:37.806Z,379.806061,4a953fc0,6,Info [FLog::UgcExperienceController] UgcExperienceController: stop: begin (blocking=false dataModel=0x7fabdf7c2a00)
2025-02-05T20:57:37.806Z,379.806091,4a953fc0,6,Info [FLog::UgcExperienceController] UgcExperienceController: sendAnalyticsBeforeLeave: sending event None_None
2025-02-05T20:57:37.806Z,379.806183,4a953fc0,6,Info [FLog::CrossExperienceVoiceController] CrossExperienceVoiceController: onCoordinatorTransitionEvent Stopped - Ugc
2025-02-05T20:57:37.806Z,379.806183,4a953fc0,6,Info [FLog::CrossExperienceVoiceController] CrossExperienceVoiceController: removing all observers for type Ugc
2025-02-05T20:57:37.807Z,379.807861,4a953fc0,6 [FLog::SingleSurfaceApp] setStage: (stage:Native)
2025-02-05T20:57:37.807Z,379.807892,4a953fc0,6 [DFLog::SignalRCoreError] ID: 1 Disconnected - stop() called
2025-02-05T20:57:37.811Z,379.811340,10668000,7 [FLog::Network] Client:Disconnect
2025-02-05T20:57:37.815Z,379.815155,10668000,7 [FLog::Network] Time to disconnect replication data: 3.758423
2025-02-05T20:57:37.815Z,379.815826,10668000,7 [FLog::Network] Sending disconnect with reason: 285
2025-02-05T20:57:37.815Z,379.815857,10668000,7 [FLog::Network] Sending disconnect with reason: 285
2025-02-05T20:57:37.815Z,379.815887,10f9b000,7 [FLog::Network] Sending disconnect with reason: 285
2025-02-05T20:57:37.816Z,379.816040,10f9b000,7 [FLog::Network] Connection lost
2025-02-05T20:57:37.816Z,379.816071,10f9b000,7 [FLog::Network] Connection lost: connectMode: Disconnect ASAP, timeMS:379815, connectionTime 2279
2025-02-05T20:57:37.816Z,379.816101,10f9b000,7 [FLog::Network] Connection lost: AckTimeout 0, IsOutgoingDataWaiting 0
2025-02-05T20:57:37.816Z,379.816101,10f9b000,7 [FLog::Network] Disconnection Notification. Reason: 285
2025-02-05T20:57:39.379Z,381.379456,10668000,6,Info [FLog::AudioFocusService] AudioFocusService onServiceProvider invokation
2025-02-05T20:57:39.389Z,381.389618,10668000,6,Info [FLog::AudioFocusService] AudioFocusService::AudioFocusService() onServiceProvider teardown
2025-02-05T20:57:39.394Z,381.394684,10668000,7 [FLog::Network] Client:Disconnect
2025-02-05T20:57:39.549Z,381.549042,10668000,7 [FLog::Network] NetworkClient:Remove
2025-02-05T20:57:39.549Z,381.549103,10668000,7 [DFLog::MegaReplicatorLogDisconnectCleanUpLog] Destroying MegaReplicator.
2025-02-05T20:57:39.961Z,381.961090,10668000,6,Info [FLog::AudioFocusService] AudioFocusService::AudioFocusService() destructor
2025-02-05T20:57:40.002Z,382.002014,10565000,7 [FLog::Network] Replicator destroyed: 0x7fac36dfe670
2025-02-05T20:57:40.332Z,382.332428,4a953fc0,6 [FLog::SingleSurfaceApp] shutDown: (stage:Native).
2025-02-05T20:57:40.349Z,382.349579,4a953fc0,6 [FLog::SingleSurfaceApp] destroyLuaApp: (stage:Native) blocking:true.
2025-02-05T20:57:40.349Z,382.349609,4a953fc0,6,Warning [FLog::CrossExperienceVoiceController] CrossExperienceVoiceController: finalize: Did not finalize due to state.
2025-02-05T20:57:40.349Z,382.349670,4a953fc0,6,Info [FLog::UgcExperienceController] UgcExperienceController: finalized
2025-02-05T20:57:40.349Z,382.349670,4a953fc0,6,Warning [FLog::SingleSurfaceApp] destroyLuaApp: (stage:Native)... finished destroying luaApp.
2025-02-05T20:57:40.349Z,382.349762,4a953fc0,6 [FLog::SingleSurfaceApp] setStage: (stage:None)
2025-02-05T20:57:40.349Z,382.349792,4a953fc0,6 [FLog::SingleSurfaceApp] destroy controllers
2025-02-05T20:57:40.350Z,382.350616,4a953fc0,6,Info [FLog::CrossExperienceVoiceController] CrossExperienceVoiceController::CrossExperienceVoiceController()
2025-02-05T20:57:40.350Z,382.350922,4a953fc0,6,Info [FLog::UgcExperienceController] UgcExperienceController::~UgcExperienceController()
2025-02-05T20:57:40.351Z,382.351074,4a953fc0,6 [FLog::SurfaceController] SurfaceController[_:1]::~SurfaceController, count: 0
2025-02-05T20:57:40.351Z,382.351105,4a953fc0,6,Warning [FLog::Graphics] RenderView destroyed[1]
2025-02-05T20:57:40.423Z,382.423859,4a953fc0,6 [FLog::SingleSurfaceApp] setStage: (stage:Native)
