2025-02-05T20:07:01.378Z,0.378747,4a953fc0,6 [FLog::MacLuaApp] (AppDelegate) application:openURLs:(
    "roblox-player:1+launchmode:play+gameinfo:rQaYqMb7DTvTblCn5fxLHFFeL2UaZ8N6qzYG3ePDFqMeBdl8VN5BqoNxOqiMPK38z0e9O5lY4AMTtOghoNBzvJRYOQyPBn1Q9mm8O2rvfjsFydY4aEU17pgbrlVzZp0Fy4BHpbVpBNqGv1N-nXhwQAajOoq43oVSj6sqNQY1XYkdkrkhCnc4N_p8WmrmMHA27puXmBDOd-3OsboMneB65B2LZpUPEWvWimThAmWg2wQ+launchtime:1738786018890+placelauncherurl:https%3A%2F%2Fwww.roblox.com%2FGame%2FPlaceLauncher.ashx%3Frequest%3DRequestPrivateGame%26browserTrackerId%3D1738344328674006%26placeId%3D10449761463%26accessCode%3D782fec9a-a323-4339-8dba-53e3dff5526d%26joinAttemptId%3Da07adcb6-2f44-400b-b316-efb92284ec15%26joinAttemptOrigin%3DprivateServerListJoin+browsertrackerid:1738344328674006+robloxLocale:en_us+gameLocale:en_us+channel:+LaunchExp:InApp"
)
2025-02-05T20:07:01.379Z,0.379350,4a953fc0,6 [FLog::MacLuaApp] (AppDelegate) application:openURLs handling web launch
2025-02-05T20:07:01.379Z,0.379433,4a953fc0,6 [FLog::MacLuaApp] (AppDelegate) Argument 1 = launchmode:play
2025-02-05T20:07:01.379Z,0.379447,4a953fc0,6 [FLog::MacLuaApp] (AppDelegate) Argument 2 = gameinfo:rQaYqMb7DTvTblCn5fxLHFFeL2UaZ8N6qzYG3ePDFqMeBdl8VN5BqoNxOqiMPK38z0e9O5lY4AMTtOghoNBzvJRYOQyPBn1Q9mm8O2rvfjsFydY4aEU17pgbrlVzZp0Fy4BHpbVpBNqGv1N-nXhwQAajOoq43oVSj6sqNQY1XYkdkrkhCnc4N_p8WmrmMHA27puXmBDOd-3OsboMneB65B2LZpUPEWvWimThAmWg2wQ
2025-02-05T20:07:01.379Z,0.379458,4a953fc0,6 [FLog::MacLuaApp] (AppDelegate) Argument 3 = launchtime:1738786018890
2025-02-05T20:07:01.379Z,0.379468,4a953fc0,6 [FLog::MacLuaApp] (AppDelegate) Argument 4 = placelauncherurl:https%3A%2F%2Fwww.roblox.com%2FGame%2FPlaceLauncher.ashx%3Frequest%3DRequestPrivateGame%26browserTrackerId%3D1738344328674006%26placeId%3D10449761463%26accessCode%3D782fec9a-a323-4339-8dba-53e3dff5526d%26joinAttemptId%3Da07adcb6-2f44-400b-b316-efb92284ec15%26joinAttemptOrigin%3DprivateServerListJoin
2025-02-05T20:07:01.379Z,0.379478,4a953fc0,6 [FLog::MacLuaApp] (AppDelegate) Argument 5 = browsertrackerid:1738344328674006
2025-02-05T20:07:01.379Z,0.379488,4a953fc0,6 [FLog::MacLuaApp] (AppDelegate) Argument 6 = robloxLocale:en_us
2025-02-05T20:07:01.379Z,0.379497,4a953fc0,6 [FLog::MacLuaApp] (AppDelegate) Argument 7 = gameLocale:en_us
2025-02-05T20:07:01.379Z,0.379506,4a953fc0,6 [FLog::MacLuaApp] (AppDelegate) Argument 8 = channel:
2025-02-05T20:07:01.379Z,0.379529,4a953fc0,6 [FLog::Output] Saved channel '' to 'com.roblox.RobloxPlayerChannel' for baseUrl 'www.roblox.com'
2025-02-05T20:07:01.379Z,0.379556,4a953fc0,6 [FLog::Output] RobloxChannel has been set to production
2025-02-05T20:07:01.379Z,0.379566,4a953fc0,6 [FLog::MacLuaApp] (AppDelegate) Argument 9 = LaunchExp:InApp
2025-02-05T20:07:01.379Z,0.379615,4a953fc0,6 [FLog::MacLuaApp] (AppDelegate) reportClientStatus url: https://www.roblox.com/client-status/set?browserTrackerId=1738344328674006&status=BootstrapperInstalling
2025-02-05T20:07:01.380Z,0.380893,4a953fc0,6 [FLog::MacLuaApp] (AppDelegate) application:openURLs cold launch. Defer web launch until after initialization is complete.
2025-02-05T20:07:01.381Z,0.381012,4a953fc0,6 [FLog::Output] (AppDelegate) applicationDidFinishLaunching
2025-02-05T20:07:01.381Z,0.381285,4a953fc0,6,Info [FLog::UpdateController] UpdateController: versionQueryUrl: https://clientsettingscdn.roblox.com/v2/client-version/MacPlayer
2025-02-05T20:07:01.381Z,0.381313,4a953fc0,6,Info [FLog::UpdateController] MacUpdateController: updaterFullPath: /Applications/Roblox.app/Contents/MacOS/RobloxPlayerInstaller.app/Contents/MacOS/RobloxPlayerInstaller
2025-02-05T20:07:01.381Z,0.381371,7ed4000,6,Info [FLog::UpdateController] Update check thread started
2025-02-05T20:07:01.381Z,0.381407,7ed4000,6,Info [FLog::UpdateController] Checking if updater exists at /Applications/Roblox.app/Contents/MacOS/RobloxPlayerInstaller.app/Contents/MacOS/RobloxPlayerInstaller. Returning 1
2025-02-05T20:07:01.381Z,0.381436,4a953fc0,6 [FLog::Output] settingsUrl: https://clientsettingscdn.roblox.com/v2/settings-compressed/application/MacDesktopClient/876303bc5322fbc5499ad5d572b4a57fc6305ca10adf81769b9121c45b7d3a38.dcz
2025-02-05T20:07:01.456Z,0.456016,4a953fc0,6 [FLog::Output] Settings Date header was Wed, 05 Feb 2025 20:06:52 GMT
2025-02-05T20:07:01.456Z,0.456081,4a953fc0,6 [FLog::Output] Settings Date timestamp is 1738786012
2025-02-05T20:07:01.467Z,0.467273,4a953fc0,6 [FLog::ClientRunInfo] RobloxGitHash: 6874f45ec658019a67f19ab7de6e688c50292b01
2025-02-05T20:07:01.467Z,0.467422,4a953fc0,6 [FLog::ClientRunInfo] The base url is https://www.roblox.com/
2025-02-05T20:07:01.467Z,0.467433,4a953fc0,6 [FLog::ClientRunInfo] The channel is production
2025-02-05T20:07:01.478Z,0.478634,4a953fc0,6 [FLog::Output] *******
** Validated reflection database in 6.183075 ms, found 5363 entries with the following skipped: 0 enums, 0 properties, 0 functions, 0 events, 0 callbacks, 0 classes.
*******

2025-02-05T20:07:01.479Z,0.479469,4a953fc0,6 [FLog::Output] (AppDelegate) Universal App on Mac: initialize...
2025-02-05T20:07:01.479Z,0.479499,4a953fc0,6 [FLog::Output] syncCookiesFromNativeToEngine was skipped
2025-02-05T20:07:01.479Z,0.479567,4a953fc0,6 [FLog::Output] Current file descriptor limit is 2560, no need to increase
2025-02-05T20:07:01.479Z,0.479580,4a953fc0,6 [FLog::Output] (AppDelegate) web browserTrackerId = [1738344328674006].
2025-02-05T20:07:01.480Z,0.480628,805d000,6,Warning [FLog::HttpOpenTelemetryTracing] No active span to end
2025-02-05T20:07:01.480Z,0.480669,805d000,12 [DFLog::HttpTraceError] HttpResponse(#6 0x7fc22f030620) time:140.8ms (net:140.6ms callback:0.0ms timeInRetryQueue:0.0ms)status:404 Not Found bodySize:0 url:{ "https://users.roblox.com/" } ip:128.116.123.4 external:1 numberOfTimesRetried:0
2025-02-05T20:07:01.481Z,0.481622,4a953fc0,6 [FLog::Output] syncCookiesFromEngineToNative was skipped
2025-02-05T20:07:01.481Z,0.481644,4a953fc0,6 [FLog::Output] (AppDelegate) launchTimeMillis = [-2238]
2025-02-05T20:07:01.482Z,0.482205,4a953fc0,6,Info [FLog::PerformanceControlUtil] PerformanceControlUtil: registered single surface tunable (id=0)
2025-02-05T20:07:01.515Z,0.515299,805d000,6,Warning [FLog::HttpOpenTelemetryTracing] No active span to end
2025-02-05T20:07:01.515Z,0.515354,805d000,12 [DFLog::HttpTraceError] HttpResponse(#5 0x7fc22f030020) time:176.0ms (net:175.8ms callback:0.0ms timeInRetryQueue:0.0ms)status:404 Not Found bodySize:0 url:{ "https://locale.roblox.com/" } ip:128.116.123.4 external:1 numberOfTimesRetried:0
2025-02-05T20:07:01.529Z,0.529992,805d000,6,Warning [FLog::HttpOpenTelemetryTracing] No active span to end
2025-02-05T20:07:01.530Z,0.530049,805d000,12 [DFLog::HttpTraceError] HttpResponse(#0 0x7fc22f017e20) time:191.2ms (net:190.7ms callback:0.0ms timeInRetryQueue:0.0ms)status:404 Not Found bodySize:0 url:{ "https://accountsettings.roblox.com/" } ip:128.116.123.4 external:1 numberOfTimesRetried:0
2025-02-05T20:07:01.531Z,0.531470,805d000,6,Warning [FLog::HttpOpenTelemetryTracing] No active span to end
2025-02-05T20:07:01.531Z,0.531501,805d000,12 [DFLog::HttpTraceError] HttpResponse(#7 0x7fc22f030c20) time:192.2ms (net:191.9ms callback:0.0ms timeInRetryQueue:0.0ms)status:404 Not Found bodySize:0 url:{ "https://users.roblox.com/" } ip:128.116.123.4 external:1 numberOfTimesRetried:0
2025-02-05T20:07:01.584Z,0.584599,805d000,6,Warning [FLog::HttpOpenTelemetryTracing] No active span to end
2025-02-05T20:07:01.584Z,0.584654,805d000,12 [DFLog::HttpTraceError] HttpResponse(#1 0x7fc22f017420) time:245.4ms (net:245.1ms callback:0.0ms timeInRetryQueue:0.0ms)status:404 Not Found bodySize:0 url:{ "https://apis.roblox.com/" } ip:128.116.123.4 external:1 numberOfTimesRetried:0
2025-02-05T20:07:01.618Z,0.618847,805d000,6,Warning [FLog::HttpOpenTelemetryTracing] No active span to end
2025-02-05T20:07:01.618Z,0.618945,805d000,12 [DFLog::HttpTraceError] HttpResponse(#3 0x7fc22f02f420) time:279.4ms (net:279.1ms callback:0.0ms timeInRetryQueue:0.0ms)status:404 Not Found bodySize:0 url:{ "https://apis.roblox.com/" } ip:128.116.123.4 external:1 numberOfTimesRetried:0
2025-02-05T20:07:01.621Z,0.621927,805d000,6,Warning [FLog::HttpOpenTelemetryTracing] No active span to end
2025-02-05T20:07:01.621Z,0.621975,805d000,12 [DFLog::HttpTraceError] HttpResponse(#2 0x7fc22f02ee20) time:282.7ms (net:282.4ms callback:0.0ms timeInRetryQueue:0.0ms)status:404 Not Found bodySize:0 url:{ "https://apis.roblox.com/" } ip:128.116.123.4 external:1 numberOfTimesRetried:0
2025-02-05T20:07:01.626Z,0.626546,805d000,6,Warning [FLog::HttpOpenTelemetryTracing] No active span to end
2025-02-05T20:07:01.626Z,0.626659,805d000,12 [DFLog::HttpTraceError] HttpResponse(#4 0x7fc22f02fa20) time:287.3ms (net:287.0ms callback:0.0ms timeInRetryQueue:0.0ms)status:404 Not Found bodySize:0 url:{ "https://apis.roblox.com/" } ip:128.116.123.4 external:1 numberOfTimesRetried:0
2025-02-05T20:07:01.778Z,0.778878,805d000,6,Warning [FLog::HttpOpenTelemetryTracing] No active span to end
2025-02-05T20:07:01.778Z,0.778935,7ed4000,6,Debug [FLog::UpdateController] version response: {"version":"0.658.0.6580461","clientVersionUpload":"version-4c01fa4a41074574","bootstrapperVersion":"6580461"}
2025-02-05T20:07:01.779Z,0.779037,7ed4000,6,Info [FLog::UpdateController] Update check thread: updateRequired FALSE
2025-02-05T20:07:01.779Z,0.779122,4a953fc0,6 [FLog::SingleSurfaceApp] initializeWithAppStarter
2025-02-05T20:07:01.779Z,0.779141,4a953fc0,6 [FLog::SingleSurfaceApp] initializeSingleton
2025-02-05T20:07:01.779Z,0.779945,4a953fc0,6 [FLog::Output] setAssetFolder /Applications/Roblox.app/Contents/Resources/content/
2025-02-05T20:07:01.780Z,0.780185,4a953fc0,6 [FLog::Output] setExtraAssetFolder /Applications/Roblox.app/Contents/Resources/ExtraContent
2025-02-05T20:07:01.780Z,0.780700,4a953fc0,6 [FLog::Output] Evaluating deferred inferred crashes
2025-02-05T20:07:01.781Z,0.781346,4a953fc0,6 [FLog::SingleSurfaceApp] setStage: (stage:Native)
2025-02-05T20:07:01.781Z,0.781383,4a953fc0,6 [FLog::SingleSurfaceApp] setLocale
2025-02-05T20:07:01.781Z,0.781393,4a953fc0,6,Warning [FLog::SingleSurfaceApp] instantiate controllers
2025-02-05T20:07:01.781Z,0.781400,4a953fc0,6 [FLog::SurfaceController] SurfaceController[_:1]::SurfaceController, count: 1
2025-02-05T20:07:01.781Z,0.781408,4a953fc0,6,Warning [FLog::SingleSurfaceApp] instantiate experience coordinator
2025-02-05T20:07:01.781Z,0.781465,4a953fc0,6,Info [FLog::PerformanceControlUtil] PerformanceControlUtil: registered single surface tunable (id=1)
2025-02-05T20:07:01.781Z,0.781474,4a953fc0,6,Info [FLog::CrossExperienceVoiceController] CrossExperienceVoiceController::CrossExperienceVoiceController() constructor
2025-02-05T20:07:02.481Z,1.481871,4a953fc0,6 [FLog::SingleSurfaceApp] launchUGCGame: (stage:Native).
2025-02-05T20:07:02.481Z,1.481891,4a953fc0,6 [FLog::SingleSurfaceApp] launchUGCGameInternal
2025-02-05T20:07:02.483Z,1.483577,4a953fc0,6 [FLog::SingleSurfaceApp] applyLocale
2025-02-05T20:07:02.483Z,1.483591,4a953fc0,6,Info [FLog::UgcExperienceController] UgcExperienceController: initialize:
2025-02-05T20:07:02.484Z,1.484159,4a953fc0,6 [FLog::DataModelPatchConfigurer] [_DataModelPatch] Load configs for user key: app:1423803869895817846
2025-02-05T20:07:02.485Z,1.485208,4a953fc0,6 [FLog::DataModelPatchConfigurer] [_DataModelPatch] Retrieving patch
2025-02-05T20:07:02.485Z,1.485224,4a953fc0,6 [FLog::DataModelPatchConfigurer] getCachedPatch DataModelPatchConfig : type=1, assetId=5345954812, assetVersion=10769, maxAppVersion=658, localAssetURI=rbxasset://models/DataModelPatch/DataModelPatch.rbxm
2025-02-05T20:07:02.485Z,1.485234,4a953fc0,6 [FLog::DataModelPatchConfigurer] getCachedPatch : numAttempts=10
2025-02-05T20:07:02.485Z,1.485279,4a953fc0,6 [FLog::DataModelPatchConfigurer] getCachedPatch : contentId=rbxasset://models/DataModelPatch/DataModelPatch.rbxm
2025-02-05T20:07:02.485Z,1.485289,4a953fc0,6 [FLog::DataModelPatchConfigurer] getCachedPatch : get patch from content provider for Model
2025-02-05T20:07:02.492Z,1.492301,4a953fc0,6 [FLog::DataModelPatchConfigurer] deserializeAndVerifyPatch with blake3
2025-02-05T20:07:02.780Z,1.780873,4a953fc0,6,Warning [DFLog::BootcampCLI139737Log] Hello world!!!!!!!!!!!!!!!!!!!!
2025-02-05T20:07:02.780Z,1.780909,4a953fc0,6,Warning [FLog::Output] Hello Earthlings!
2025-02-05T20:07:02.872Z,1.872510,4a953fc0,6,Info [FLog::Audio] OutputDevice 0: Cuffie esterne [BuiltIn] 48000/2
2025-02-05T20:07:02.901Z,1.901625,4a953fc0,6,Info [FLog::Audio] InputDevice 0: Microfono esterno({af0144be-277e-8cc3-0000000000000000}) 48000/1/4
2025-02-05T20:07:02.901Z,1.901658,4a953fc0,6,Info [FLog::Audio] InputDevice 1: Microfono iMac({50eb3c32-f018-032c-0000000000000000}) 48000/1/4
2025-02-05T20:07:02.928Z,1.928431,4a953fc0,6,Info [FLog::UgcExperienceController] UgcExperienceController: join: initialized dm 0x7fc235390200
2025-02-05T20:07:02.928Z,1.928473,4a953fc0,6 [FLog::GameJoinUtil] GameJoinUtil::joinGame
2025-02-05T20:07:02.928Z,1.928560,4a953fc0,6 [FLog::GameJoinUtil] GameJoinUtil::joinGamePostPrivateServer: URL: https://gamejoin.roblox.com/v1/join-private-game BODY: {"placeId":10449761463,"gameJoinAttemptId":"a07adcb6-2f44-400b-b316-efb92284ec15","accessCode":"782fec9a-a323-4339-8dba-53e3dff5526d"}
2025-02-05T20:07:02.928Z,1.928619,4a953fc0,6 [FLog::GameJoinUtil] GameJoinUtil::makePlaceLauncherRequest: requestCount: 0, url: https://gamejoin.roblox.com/v1/join-private-game.
2025-02-05T20:07:02.928Z,1.928640,4a953fc0,6 [FLog::GameJoinUtil] Delaying request by 0.00 seconds
2025-02-05T20:07:02.928Z,1.928693,4a953fc0,6,Info [FLog::CrossExperienceVoiceController] CrossExperienceVoiceController: onCoordinatorTransitionEvent Started - Ugc
2025-02-05T20:07:02.928Z,1.928786,4a953fc0,6 [FLog::SurfaceController] [_:1]::replaceDataModel: (stage:0, window = 0x7fc22cf42770) [tid:0x7fc22b80f360]
2025-02-05T20:07:02.929Z,1.929232,4a953fc0,6,Warning [FLog::Graphics] RenderView created[1]
2025-02-05T20:07:02.931Z,1.931160,4a953fc0,6 [FLog::Graphics] Metal renderer: AMD Radeon Pro 5300
2025-02-05T20:07:02.931Z,1.931185,4a953fc0,6 [channel] Caps: ThreadSafe 1 Framebuffer 1 FpFramebuffer 1 Shaders 1 Compute 1 Instancing 1 PerInstanceStream 1 ConstBuffers 1
2025-02-05T20:07:02.931Z,1.931194,4a953fc0,6 [channel] Caps: Framebuffer: MRT 4 MSAA 8 Stencil 1
2025-02-05T20:07:02.931Z,1.931200,4a953fc0,6 [channel] Caps: Framebuffer: Depth16 1 Depth24 1 DepthFloat 1 DepthClamp 1
2025-02-05T20:07:02.931Z,1.931206,4a953fc0,6 [channel] Caps: Border Color 1
2025-02-05T20:07:02.931Z,1.931212,4a953fc0,6 [channel] Caps: Texture: RGB10A2 1 RG11B10F 1 R16I 1
2025-02-05T20:07:02.931Z,1.931218,4a953fc0,6 [channel] Caps: Texture: BC6H 1 ASTC HDR 0
2025-02-05T20:07:02.931Z,1.931223,4a953fc0,6 [channel] Caps: Texture: DXT 1 PVR 0 ETC1 0 ETC2 0 Half 1
2025-02-05T20:07:02.931Z,1.931229,4a953fc0,6 [channel] Caps: Texture: 3D 1 Array 1 Depth 1 MSAA 1 MSAAFP16 8
2025-02-05T20:07:02.931Z,1.931234,4a953fc0,6 [channel] Caps: Texture: NPOT 1 PartialMips 1 CubeMipGen 1 CubeFramebuffer 1
2025-02-05T20:07:02.931Z,1.931240,4a953fc0,6 [channel] Caps: Texture: Size 8192 Units 32 VertexUnits 32
2025-02-05T20:07:02.931Z,1.931245,4a953fc0,6 [channel] Caps: ConstantBufferSize 65536
2025-02-05T20:07:02.931Z,1.931250,4a953fc0,6 [channel] Caps: isAppleGPU 0
2025-02-05T20:07:02.931Z,1.931256,4a953fc0,6 [channel] Caps: 32bIdx 1 Memoryless 0
2025-02-05T20:07:02.931Z,1.931261,4a953fc0,6 [channel] Caps: ColorBGR 0 RTFlip 0 MinusOneToOneDepth 0
2025-02-05T20:07:02.935Z,1.935502,4a953fc0,6 [FLog::Graphics] Metal: creating framebuffer 5120x2528
2025-02-05T20:07:02.935Z,1.935541,4a953fc0,6 [FLog::Graphics] Video memory size: 2147483648
2025-02-05T20:07:02.986Z,1.986284,846c000,6,Info [FLog::UgcExperienceController] UgcExperienceController: submitStartGameTask: scrips are loaded 0x7fc235390200
2025-02-05T20:07:02.997Z,1.997684,4a953fc0,6 [FLog::Graphics] Loaded 972 shaders from pack metal_osx variant default (7121760 bytes)
2025-02-05T20:07:02.997Z,1.997713,4a953fc0,6 [FLog::Graphics] Compiled 677 shaders in 62 ms
2025-02-05T20:07:03.022Z,2.022635,4a953fc0,6 [FLog::SurfaceController] SurfaceController::disableVR
2025-02-05T20:07:03.022Z,2.022748,4a953fc0,6 [FLog::SurfaceController] SurfaceController[_:1]::start dataModel(0x7fc235390200)
2025-02-05T20:07:03.022Z,2.022775,4a953fc0,6 [FLog::SurfaceController] SurfaceController::RenderJob[_:1]::RenderJob
2025-02-05T20:07:03.022Z,2.022785,4a953fc0,6 [FLog::SurfaceController] SurfaceController[_:1]::run dataModel(0x7fc235390200)
2025-02-05T20:07:03.022Z,2.022819,4a953fc0,6 [FLog::SingleSurfaceApp] setStage: (stage:UGCGame)
2025-02-05T20:07:03.022Z,2.022830,4a953fc0,6 [FLog::SingleSurfaceApp] userDidLogin
2025-02-05T20:07:03.022Z,2.022838,4a953fc0,6 [FLog::SingleSurfaceApp] applyLocale
2025-02-05T20:07:03.022Z,2.022886,8369000,6 [FLog::Output] (AppDelegate) Doing machine id check.
2025-02-05T20:07:03.038Z,2.038992,846c000,6 [FLog::SurfaceController] SurfaceController::RenderJob::stepDataModelJob: No DM yet. Continue...
2025-02-05T20:07:03.092Z,2.092752,4a953fc0,6 [FLog::SurfaceController] SurfaceController::RenderJob::scheduleRender: No data model. Bind workspace now...
2025-02-05T20:07:03.100Z,2.100454,4a953fc0,6 [FLog::Graphics] LayeredClothingMode updated: LC=1 HSR=1
2025-02-05T20:07:03.106Z,2.106993,4a953fc0,6 [FLog::Graphics] SceneManager: resizing main targets to 2560x1264
2025-02-05T20:07:03.368Z,2.368305,856f000,6 [FLog::GameJoinUtil] GameJoinUtil::makePlaceLauncherRequest, response:
{"jobId":"c51105ce-6bc2-4777-8bb9-7482d2221c41","status":2,"statusData":null,"joinScriptUrl":"https://assetgame.roblox.com/Game/Join.ashx?ticketVersion=2&ticket={\"UserId\"%3a3047960021%2c\"UserName\"%3a\"paninorealaccount009\"%2c\"DisplayName\"%3a\"Jack\"%2c\"CharacterFetchUrl\"%3a\"https%3a%2f%2fapi.roblox.com%2fv1.1%2favatar-fetch%2f%3fplaceId%3d10449761463%26userId%3d3047960021\"%2c\"GameId\"%3a\"c51105ce-6bc2-4777-8bb9-7482d2221c41\"%2c\"PlaceId\"%3a10449761463%2c\"UniverseId\"%3a3808081382%2c\"ServerId\"%3a214560%2c\"ServerPort\"%3a49201%2c\"IsTeleport\"%3afalse%2c\"FollowUserId\"%3anull%2c\"TimeStamp\"%3a\"02%2f05%2f2025+20%3a07%3a03\"%2c\"CharacterAppearanceId\"%3a3047960021%2c\"AlternateName\"%3anull%2c\"JoinTypeId\"%3a4%2c\"MatchmakingDecisionId\"%3anull%2c\"GameJoinMetadata\"%3a{\"JoinSource\"%3a0%2c\"RequestType\"%3a1%2c\"MatchmakingDecisionId\"%3a\"00000000-0000-0000-0000-000000000
2025-02-05T20:07:03.368Z,2.368446,856f000,6 [FLog::GameJoinUtil] Game join succeeded.
2025-02-05T20:07:03.368Z,2.368464,856f000,6 [FLog::GameJoinUtil] GameJoinUtil::processing join parameters
2025-02-05T20:07:03.385Z,2.385454,8369000,7 [FLog::Network] NetworkClient:Create
2025-02-05T20:07:03.387Z,2.387119,8369000,6 [FLog::GameJoinUtil] Null EventId
2025-02-05T20:07:03.387Z,2.387222,8369000,10 [DFLog::KeyRing] Parsed config created at: 11:59 4/1/2024.
2025-02-05T20:07:03.390Z,2.390012,8369000,6 [FLog::Output] AnalyticsSessionId is 6964dfc6-42cf-46d9-940b-a1d6ab0a61d7.
2025-02-05T20:07:03.390Z,2.390077,8369000,6 [FLog::Output] ! Joining game 'c51105ce-6bc2-4777-8bb9-7482d2221c41' place 10449761463 at 10.206.11.24
2025-02-05T20:07:03.390Z,2.390116,8369000,6 [FLog::GameJoinLoadTime] Report game_join_loadtime: sid:6964dfc6-42cf-46d9-940b-a1d6ab0a61d7, clienttime:1738786023.6099998951, join_time:0.90528011500000027389, referral_page:RequestPrivateGame, placeid:10449761463, userid:3047960021, universeid:3808081382, 
2025-02-05T20:07:03.392Z,2.392494,8369000,7 [FLog::Network] Client will attempt to connect following server endpoints with threadSleepTime(-1)
2025-02-05T20:07:03.392Z,2.392514,8369000,7 [FLog::Network] UDMUX Address = 128.116.5.33, Port = 49201 | RCC Server Address = 10.206.11.24, Port = 49201
2025-02-05T20:07:03.550Z,2.550101,8369000,7 [FLog::Network] binding socket on inaddr_any:0

2025-02-05T20:07:03.562Z,2.562914,8369000,6 [FLog::Output] Connecting to UDMUX server 128.116.5.33:49201, and RCC server 10.206.11.24:49201
2025-02-05T20:07:03.638Z,2.638083,805d000,6,Critical [DFLog::RbxStorage] RbxStorage::init [INIT] availableDiskSpace: 56600088576 bytes, oldCacheSize: -1 bytes, elapsed: 0.043 ms
2025-02-05T20:07:03.657Z,2.657437,805d000,6,Error [DFLog::SQLite] sqlite3_error_log: 283 - recovered 51 frames from WAL file /private/var/folders/83/3w46ryz13191t1qd7k9xctdm0000gn/T/Roblox/rbx-storage.db-wal
2025-02-05T20:07:03.660Z,2.660632,805d000,6,Critical [DFLog::RbxStorage] RbxStorage::init [DONE] name: TelemetryCache(SqliteCache+TelemetryCache(FileCache)), duration: 21.970 ms, dbOpenCount: 2, dbMaxMemory: 0.260 MiB, dbTotalSize: 0.000 MiB, dbNumItems: 1, fileTotalSize: 0.000 MiB, fileNumItems: 0
2025-02-05T20:07:03.660Z,2.660759,805d000,12,Error [DFLog::HttpTraceError] RbxStorage is not ready
2025-02-05T20:07:03.704Z,2.704375,8369000,6 [FLog::Output] Connection accepted from 128.116.5.33|49201
2025-02-05T20:07:03.705Z,2.705727,8369000,7 [FLog::Network] serverId: 128.116.5.33|49201
2025-02-05T20:07:03.705Z,2.705852,8369000,7 [FLog::Network] Replicator created for player 128.116.5.33|49201
2025-02-05T20:07:03.705Z,2.705867,8369000,7 [FLog::Network] Replicator created: 0x7fc266318060
2025-02-05T20:07:03.977Z,2.977481,8369000,7 [FLog::Network] Time taken to initialize schema = 6.828523 ms
2025-02-05T20:07:03.977Z,2.977639,8369000,7 [FLog::Network] Assigned peer id = 4
2025-02-05T20:07:03.978Z,2.978138,8369000,7 [FLog::Network] Join snapshot timer: 0.477786
2025-02-05T20:07:04.304Z,3.304505,846c000,6 [FLog::DataModelPatchConfigurer] OTAPollingEnabled set to: false
2025-02-05T20:07:04.326Z,3.326342,846c000,6,Info [FLog::AudioFocusManager] AudioFocusManager::AudioFocusManager() constructor
2025-02-05T20:07:04.326Z,3.326382,846c000,6,Info [FLog::AudioFocusService] AudioFocusService::AudioFocusService() constructor
2025-02-05T20:07:04.326Z,3.326398,846c000,6,Info [FLog::AudioFocusService] AudioFocusService onServiceProvider invokation
2025-02-05T20:07:04.326Z,3.326405,846c000,6,Info [FLog::AudioFocusService] AudioFocusService::AudioFocusService() onServiceProvider setup
2025-02-05T20:07:04.654Z,3.654646,4a953fc0,6 [FLog::Graphics] Future is bright shadows
2025-02-05T20:07:05.268Z,4.268204,4a953fc0,6 [FLog::Graphics] Terrain TextureArray 512x512, arraySize: 36, mip: 10
2025-02-05T20:07:05.380Z,4.380835,856f000,6 [FLog::Output] INTERPRETER LOADED 93.1586585868
2025-02-05T20:07:05.389Z,4.389311,856f000,6 [FLog::Output] Server RobloxGitHash: 56a89352ee772e2d2f053a2758f8679453495915
2025-02-05T20:07:05.389Z,4.389341,856f000,6 [FLog::Output] Server Prefix: 0.659.0.6590474_20250205T200641Z_RCC_05b36
2025-02-05T20:07:05.540Z,4.540266,856f000,6 [FLog::Output] REPLICATION LOADED 0.185333251953125
2025-02-05T20:07:05.764Z,4.764539,846c000,6 [FLog::Output] CLIENT LOADED 0.33466410636901855
2025-02-05T20:07:05.780Z,4.780374,805d000,6 [FLog::Error] Asset (Image) "https://assetdelivery.roblox.com/v1/asset?id=7216855364'" load failed in Workspace.Live.paninorealaccount009.Left Arm.WaterPalm.ConstantEmit.3.Texture: Request failed
2025-02-05T20:07:05.780Z,4.780559,805d000,12 [DFLog::HttpTraceError] HttpResponse(#132 0x7fc23212b220) time:211.3ms (net:203.8ms callback:0.2ms timeInRetryQueue:0.0ms)status:404 Not Found bodySize:63 url:{ "https://assetdelivery.roblox.com/v1/asset?id=7216855364'" } ip:128.116.44.3 external:0 numberOfTimesRetried:0
2025-02-05T20:07:08.654Z,7.654877,8369000,6 [FLog::Output] 


⚽ [KJ] The Strongest Battlegrounds uses TopbarPlus v2.9.1
🍍 TopbarPlus was developed by ForeverHD and the Nanoblox Team
🚀 You can learn more and take a free copy by searching for 'TopbarPlus' on the DevForum


2025-02-05T20:07:09.421Z,8.421306,4a953fc0,6 [FLog::Error] Asset (Image) "" load failed in Workspace.Live.Weakest Dummy.Torso.roblox.Texture: Unexpected URL
2025-02-05T20:07:10.322Z,9.322303,8a8d000,6 [FLog::Error] Asset (Animation) "rbxassetid://0" load failed in Animation.AnimationId: Animation failed to load
2025-02-05T20:07:10.322Z,9.322353,8a8d000,6 [FLog::Error] Error: Failed to load animation with sanitized ID rbxassetid://0: Animation failed to load, assetId: https://assetdelivery.roblox.com/v1/asset?id=0&serverplaceid=10449761463
2025-02-05T20:07:19.106Z,18.106157,4a953fc0,6 [FLog::Graphics] Metal: resizing main framebuffer to 5120x2880
2025-02-05T20:07:19.108Z,18.108099,4a953fc0,6 [FLog::Graphics] SceneManager: resizing main targets to 2560x1440
2025-02-05T20:09:03.110Z,122.110435,805d000,6 [FLog::Output] Settings Date header was Wed, 05 Feb 2025 20:08:51 GMT
2025-02-05T20:09:03.111Z,122.111244,805d000,6 [FLog::Output] Settings Date timestamp is 1738786131
2025-02-05T20:11:03.190Z,242.190018,805d000,6 [FLog::Output] Settings Date header was Wed, 05 Feb 2025 20:10:52 GMT
2025-02-05T20:11:03.190Z,242.190414,805d000,6 [FLog::Output] Settings Date timestamp is 1738786252
2025-02-05T20:13:03.269Z,362.269989,805d000,6 [FLog::Output] Settings Date header was Wed, 05 Feb 2025 20:12:51 GMT
2025-02-05T20:13:03.270Z,362.270325,805d000,6 [FLog::Output] Settings Date timestamp is 1738786371
2025-02-05T20:14:16.596Z,435.596558,8a8d000,6 [FLog::Error] Asset (Animation) "rbxassetid://0" load failed in Animation.AnimationId: Animation failed to load
2025-02-05T20:14:16.597Z,435.597382,8a8d000,6 [FLog::Error] Error: Failed to load animation with sanitized ID rbxassetid://0: Animation failed to load, assetId: https://assetdelivery.roblox.com/v1/asset?id=0&serverplaceid=10449761463
2025-02-05T20:15:03.345Z,482.345886,805d000,6 [FLog::Output] Settings Date header was Wed, 05 Feb 2025 20:15:03 GMT
2025-02-05T20:15:03.345Z,482.345947,805d000,6 [FLog::Output] Settings Date timestamp is 1738786503
2025-02-05T20:17:03.422Z,602.422913,805d000,6 [FLog::Output] Settings Date header was Wed, 05 Feb 2025 20:16:52 GMT
2025-02-05T20:17:03.423Z,602.423218,805d000,6 [FLog::Output] Settings Date timestamp is 1738786612
2025-02-05T20:19:03.505Z,722.505066,805d000,6 [FLog::Output] Settings Date header was Wed, 05 Feb 2025 20:19:03 GMT
2025-02-05T20:19:03.505Z,722.505371,805d000,6 [FLog::Output] Settings Date timestamp is 1738786743
2025-02-05T20:21:03.585Z,842.585510,805d000,6 [FLog::Output] Settings Date header was Wed, 05 Feb 2025 20:21:03 GMT
2025-02-05T20:21:03.586Z,842.586243,805d000,6 [FLog::Output] Settings Date timestamp is 1738786863
2025-02-05T20:23:03.707Z,962.707520,805d000,6 [FLog::Output] Settings Date header was Wed, 05 Feb 2025 20:23:04 GMT
2025-02-05T20:23:03.708Z,962.708740,805d000,6 [FLog::Output] Settings Date timestamp is 1738786984
2025-02-05T20:25:03.816Z,1082.816895,805d000,6 [FLog::Output] Settings Date header was Wed, 05 Feb 2025 20:25:04 GMT
2025-02-05T20:25:03.817Z,1082.817749,805d000,6 [FLog::Output] Settings Date timestamp is 1738787104
2025-02-05T20:27:03.893Z,1202.893311,805d000,6 [FLog::Output] Settings Date header was Wed, 05 Feb 2025 20:26:52 GMT
2025-02-05T20:27:03.894Z,1202.894043,805d000,6 [FLog::Output] Settings Date timestamp is 1738787212
2025-02-05T20:29:03.976Z,1322.976074,805d000,6 [FLog::Output] Settings Date header was Wed, 05 Feb 2025 20:28:52 GMT
2025-02-05T20:29:03.976Z,1322.976440,805d000,6 [FLog::Output] Settings Date timestamp is 1738787332
2025-02-05T20:31:04.061Z,1443.061279,805d000,6 [FLog::Output] Settings Date header was Wed, 05 Feb 2025 20:31:04 GMT
2025-02-05T20:31:04.061Z,1443.061523,805d000,6 [FLog::Output] Settings Date timestamp is 1738787464
2025-02-05T20:33:04.137Z,1563.137695,805d000,6 [FLog::Output] Settings Date header was Wed, 05 Feb 2025 20:32:52 GMT
2025-02-05T20:33:04.138Z,1563.138428,805d000,6 [FLog::Output] Settings Date timestamp is 1738787572
2025-02-05T20:34:04.938Z,1623.938110,8369000,6 [FLog::Output] Session Transition FSM: Error Occurred.
2025-02-05T20:34:04.975Z,1623.975586,8369000,7 [FLog::Network] Client:Disconnect
2025-02-05T20:34:05.006Z,1624.006348,8369000,7 [FLog::Network] Time to disconnect replication data: 30.608543
2025-02-05T20:34:05.009Z,1624.009521,8369000,7 [FLog::Network] Sending disconnect with reason: 1
2025-02-05T20:34:05.009Z,1624.009644,8369000,7 [FLog::Network] Sending disconnect with reason: 1
2025-02-05T20:34:05.009Z,1624.009644,8f28000,7 [FLog::Network] Sending disconnect with reason: 1
2025-02-05T20:34:05.009Z,1624.009766,8f28000,7 [FLog::Network] Connection lost
2025-02-05T20:34:05.009Z,1624.009766,8f28000,7 [FLog::Network] Connection lost: connectMode: Disconnect ASAP, timeMS:1624009, connectionTime 2651
2025-02-05T20:34:05.009Z,1624.009766,8f28000,7 [FLog::Network] Connection lost: AckTimeout 0, IsOutgoingDataWaiting 0
2025-02-05T20:34:05.009Z,1624.009766,8f28000,7 [FLog::Network] Disconnection Notification. Reason: 1
2025-02-05T20:34:05.025Z,1624.025757,856f000,7 [FLog::Network] Replicator destroyed: 0x7fc266318060
2025-02-05T20:35:04.211Z,1683.211060,805d000,6 [FLog::Output] Settings Date header was Wed, 05 Feb 2025 20:34:52 GMT
2025-02-05T20:35:04.211Z,1683.211304,805d000,6 [FLog::Output] Settings Date timestamp is 1738787692
2025-02-05T20:35:06.821Z,1685.821533,4a953fc0,6 [FLog::SingleSurfaceApp] returnToLuaApp: (stage:UGCGame).
2025-02-05T20:35:06.823Z,1685.823364,4a953fc0,6 [FLog::SingleSurfaceApp] leaveUGCGameInternal
2025-02-05T20:35:06.823Z,1685.823730,4a953fc0,6 [FLog::SurfaceController] stop
2025-02-05T20:35:06.824Z,1685.824097,4a953fc0,6 [FLog::SurfaceController] drainRenderingJobs
2025-02-05T20:35:06.947Z,1685.947876,4a953fc0,6,Info [FLog::UgcExperienceController] UgcExperienceController: destroyCaptureModeDataModelIfExists: begin
2025-02-05T20:35:06.948Z,1685.948242,4a953fc0,6,Info [FLog::UgcExperienceController] UgcExperienceController: destroyCaptureModeDataModelIfExists: end
2025-02-05T20:35:06.948Z,1685.948242,4a953fc0,6,Info [FLog::UgcExperienceController] UgcExperienceController: stop: begin (blocking=false dataModel=0x7fc235390200)
2025-02-05T20:35:06.949Z,1685.949341,4a953fc0,6,Info [FLog::UgcExperienceController] UgcExperienceController: sendAnalyticsBeforeLeave: sending event None_None
2025-02-05T20:35:06.950Z,1685.950562,4a953fc0,6,Info [FLog::CrossExperienceVoiceController] CrossExperienceVoiceController: onCoordinatorTransitionEvent Stopped - Ugc
2025-02-05T20:35:06.950Z,1685.950806,4a953fc0,6,Info [FLog::CrossExperienceVoiceController] CrossExperienceVoiceController: removing all observers for type Ugc
2025-02-05T20:35:06.955Z,1685.955200,4a953fc0,6 [FLog::SingleSurfaceApp] returnToLuaAppInternal: ... App not yet initialized, returning from game.
2025-02-05T20:35:06.955Z,1685.955200,4a953fc0,6,Info [FLog::CrossExperienceVoiceController] CrossExperienceVoiceController: onCoordinatorTransitionEvent Stopped - LuaApp
2025-02-05T20:35:06.966Z,1685.966309,4a953fc0,6 [FLog::DataModelPatchConfigurer] [_DataModelPatch] Retrieving patch
2025-02-05T20:35:06.966Z,1685.966675,4a953fc0,6 [FLog::DataModelPatchConfigurer] getCachedPatch DataModelPatchConfig : type=1, assetId=5345954812, assetVersion=10769, maxAppVersion=658, localAssetURI=rbxasset://models/DataModelPatch/DataModelPatch.rbxm
2025-02-05T20:35:06.967Z,1685.967041,4a953fc0,6 [FLog::DataModelPatchConfigurer] getCachedPatch : numAttempts=10
2025-02-05T20:35:06.967Z,1685.967896,4a953fc0,6 [FLog::DataModelPatchConfigurer] getCachedPatch : contentId=rbxasset://models/DataModelPatch/DataModelPatch.rbxm
2025-02-05T20:35:06.967Z,1685.967896,4a953fc0,6 [FLog::DataModelPatchConfigurer] getCachedPatch : get patch from content provider for Model
2025-02-05T20:35:06.968Z,1685.968384,856f000,7 [FLog::Network] Client:Disconnect
2025-02-05T20:35:06.981Z,1685.981079,4a953fc0,6 [FLog::DataModelPatchConfigurer] deserializeAndVerifyPatch with blake3
2025-02-05T20:35:07.338Z,1686.338867,4a953fc0,6,Warning [DFLog::BootcampCLI139737Log] Hello world!!!!!!!!!!!!!!!!!!!!
2025-02-05T20:35:07.339Z,1686.339111,4a953fc0,6,Warning [FLog::Output] Hello Earthlings!
2025-02-05T20:35:07.381Z,1686.381104,4a953fc0,6 [FLog::SingleSurfaceApp] setStage: (stage:InitializedLuaApp)
2025-02-05T20:35:07.381Z,1686.381104,4a953fc0,6 [FLog::SurfaceController] [_:1]::replaceDataModel: (stage:5, window = 0x7fc22cf42770) [tid:0x7fc22b80f360]
2025-02-05T20:35:07.381Z,1686.381226,4a953fc0,6 [FLog::SurfaceController] SurfaceController[_:1]::start dataModel(0x7fc22519a200)
2025-02-05T20:35:07.381Z,1686.381348,4a953fc0,6 [FLog::SurfaceController] SurfaceController::RenderJob[_:2]::RenderJob
2025-02-05T20:35:07.381Z,1686.381348,4a953fc0,6 [FLog::SurfaceController] SurfaceController[_:1]::run dataModel(0x7fc22519a200)
2025-02-05T20:35:07.381Z,1686.381714,4a953fc0,6,Info [FLog::CrossExperienceVoiceController] CrossExperienceVoiceController: onCoordinatorTransitionEvent Started - LuaApp
2025-02-05T20:35:07.381Z,1686.381714,4a953fc0,6 [FLog::SingleSurfaceApp] setStage: (stage:LuaApp)
2025-02-05T20:35:07.383Z,1686.383667,4a953fc0,6 [FLog::SurfaceController] SurfaceController::RenderJob[_:1]::~RenderJob
2025-02-05T20:35:07.708Z,1686.708374,856f000,6,Info [FLog::AudioFocusService] AudioFocusService onServiceProvider invokation
2025-02-05T20:35:07.708Z,1686.708374,856f000,6,Info [FLog::AudioFocusService] AudioFocusService::AudioFocusService() onServiceProvider teardown
2025-02-05T20:35:07.712Z,1686.712769,856f000,7 [FLog::Network] Client:Disconnect
2025-02-05T20:35:07.831Z,1686.831299,856f000,7 [FLog::Network] NetworkClient:Remove
2025-02-05T20:35:07.831Z,1686.831665,856f000,7 [DFLog::MegaReplicatorLogDisconnectCleanUpLog] Destroying MegaReplicator.
2025-02-05T20:35:08.291Z,1687.291382,856f000,6,Info [FLog::AudioFocusService] AudioFocusService::AudioFocusService() destructor
2025-02-05T20:35:08.378Z,1687.378906,846c000,6 [FLog::Output] Info: DataModel Loading rbxasset://places/Mobile.rbxl
2025-02-05T20:35:08.465Z,1687.465698,846c000,6 [FLog::DataModelPatchConfigurer] [discovery-ota] Load configs for user key: user:3047960021
2025-02-05T20:35:08.468Z,1687.468384,846c000,6 [FLog::DataModelPatchConfigurer] [discovery-ota] Retrieving patch
2025-02-05T20:35:08.468Z,1687.468384,846c000,6 [FLog::DataModelPatchConfigurer] getCachedPatch DataModelPatchConfig : type=1, assetId=16639814581, assetVersion=1967, maxAppVersion=658, localAssetURI=
2025-02-05T20:35:08.608Z,1687.608887,846c000,6,Info [FLog::AudioFocusService] AudioFocusService::AudioFocusService() constructor
2025-02-05T20:35:08.608Z,1687.608887,846c000,6,Info [FLog::AudioFocusService] AudioFocusService onServiceProvider invokation
2025-02-05T20:35:08.608Z,1687.608887,846c000,6,Info [FLog::AudioFocusService] AudioFocusService::AudioFocusService() onServiceProvider setup
2025-02-05T20:35:08.954Z,1687.954468,846c000,6 [FLog::SurfaceController] SurfaceController::RenderJob::stepDataModelJob: No DM yet. Continue...
2025-02-05T20:35:08.955Z,1687.955933,4a953fc0,6 [FLog::SurfaceController] SurfaceController::RenderJob::scheduleRender: No data model. Bind workspace now...
2025-02-05T20:35:08.973Z,1687.973633,4a953fc0,6 [FLog::Graphics] Terrain TextureArray 512x512, arraySize: 36, mip: 10
2025-02-05T20:35:08.992Z,1687.992554,846c000,6 [FLog::Warning] Warning: Unable to fetch completed survey ids from app storage  
2025-02-05T20:35:09.110Z,1688.110229,8369000,6,Warning [DFLog::DMNotificationMonitor] DM notification received. Type 10
2025-02-05T20:35:09.160Z,1688.160767,856f000,6,Warning [DFLog::DMNotificationMonitor] DM notification received. Type 10
2025-02-05T20:35:09.171Z,1688.171997,846c000,6 [FLog::Error] Asset (Image) "rbxthumb://type=AvatarHeadShot&id=&w=48&h=48&filters=circular" load failed in TextureManager::PreloadTexture: Request failed
2025-02-05T20:35:09.452Z,1688.452881,846c000,6 [FLog::Error] Asset (Image) "rbxthumb://type=AvatarHeadShot&id=0&w=48&h=48&filters=circular" load failed in TextureManager::PreloadTexture: Request failed
2025-02-05T20:35:09.478Z,1688.478271,846c000,6,Warning [DFLog::DMNotificationMonitor] DM notification received. Type 28
2025-02-05T20:35:09.478Z,1688.478271,8369000,6 [DFLog::SignalRCoreError] ID: 1 Disconnected - stop() called
2025-02-05T20:35:09.496Z,1688.496582,846c000,6,Warning [DFLog::DMNotificationMonitor] DM notification received. Type 10
2025-02-05T20:35:09.496Z,1688.496704,846c000,6,Warning [DFLog::DMNotificationMonitor] DM notification received. Type 10
2025-02-05T20:35:10.026Z,1689.026489,4a953fc0,6 [FLog::Output] Saved channel '' to 'com.roblox.RobloxPlayerChannel' for baseUrl 'www.roblox.com'
2025-02-05T20:35:10.542Z,1689.542480,856f000,6 [FLog::DataModelPatchConfigurer] [_DataModelPatch] Update OTA config
2025-02-05T20:35:10.801Z,1689.801392,805d000,6 [FLog::DataModelPatchConfigurer] [_DataModelPatch] Update OTA succeeded: {"SchemaVersion":"1","CanaryUserIds":[],"CanaryPercentage":0}
2025-02-05T20:35:10.801Z,1689.801392,805d000,6 [FLog::DataModelPatchConfigurer] [_DataModelPatch] Update OTA config not deployed
2025-02-05T20:35:11.408Z,1690.408936,4a953fc0,6 [FLog::SingleSurfaceApp] leaveUGCGame: (stage:LuaApp) blocking=0.
2025-02-05T20:35:11.409Z,1690.409058,4a953fc0,6 [FLog::SingleSurfaceApp] leaveUGCGame: ... no-op, not in-game
2025-02-05T20:35:11.409Z,1690.409180,4a953fc0,6 [DFLog::SignalRCoreError] ID: 1 Disconnected - stop() called
2025-02-05T20:35:11.859Z,1690.859009,4a953fc0,6 [FLog::SingleSurfaceApp] shutDown: (stage:LuaApp).
2025-02-05T20:35:11.859Z,1690.859009,4a953fc0,6 [FLog::SurfaceController] drainRenderingJobs
2025-02-05T20:35:11.860Z,1690.860352,4a953fc0,6,Warning [FLog::Graphics] RenderView destroyed[1]
2025-02-05T20:35:11.864Z,1690.864624,856f000,6 [FLog::SurfaceController] SurfaceController::RenderJob[_:2]::~RenderJob
2025-02-05T20:35:11.929Z,1690.929932,4a953fc0,6 [FLog::SurfaceController] stop
2025-02-05T20:35:11.929Z,1690.929932,4a953fc0,6 [FLog::SurfaceController] drainRenderingJobs
2025-02-05T20:35:11.929Z,1690.929932,4a953fc0,6 [FLog::SingleSurfaceApp] destroyLuaApp: (stage:LuaApp) blocking:true.
2025-02-05T20:35:11.929Z,1690.929932,4a953fc0,6,Warning [FLog::CrossExperienceVoiceController] CrossExperienceVoiceController: finalize: Did not finalize due to state.
2025-02-05T20:35:11.929Z,1690.929932,4a953fc0,6,Info [FLog::UgcExperienceController] UgcExperienceController: finalized
2025-02-05T20:35:12.870Z,1691.870239,856f000,12 [DFLog::HttpTraceError] HttpResponse(#3276 0x7fc2273f1e20) time:268.6ms (net:268.6ms callback:0.0ms timeInRetryQueue:0.0ms) error:9 message:HttpError: Aborted url:{ "https://ecsv2.roblox.com/client/pbe" } ip:128.116.123.4 external:0 numberOfTimesRetried:0
2025-02-05T20:35:13.485Z,1692.485352,4a953fc0,6,Info [FLog::AudioFocusService] AudioFocusService onServiceProvider invokation
2025-02-05T20:35:13.485Z,1692.485474,4a953fc0,6,Info [FLog::AudioFocusService] AudioFocusService::AudioFocusService() onServiceProvider teardown
2025-02-05T20:35:13.559Z,1692.559570,4a953fc0,6,Info [FLog::AudioFocusService] AudioFocusService::AudioFocusService() destructor
2025-02-05T20:35:13.562Z,1692.562256,4a953fc0,6,Warning [FLog::SingleSurfaceApp] destroyLuaApp: (stage:LuaApp)... finished destroying luaApp.
2025-02-05T20:35:13.562Z,1692.562256,4a953fc0,6 [FLog::SingleSurfaceApp] setStage: (stage:None)
2025-02-05T20:35:13.562Z,1692.562256,4a953fc0,6 [FLog::SingleSurfaceApp] destroy controllers
2025-02-05T20:35:13.562Z,1692.562500,4a953fc0,6,Info [FLog::CrossExperienceVoiceController] CrossExperienceVoiceController::CrossExperienceVoiceController()
2025-02-05T20:35:13.562Z,1692.562500,4a953fc0,6,Info [FLog::UgcExperienceController] UgcExperienceController::~UgcExperienceController()
2025-02-05T20:35:13.562Z,1692.562622,4a953fc0,6 [FLog::SurfaceController] SurfaceController[_:1]::~SurfaceController, count: 0
2025-02-05T20:35:13.562Z,1692.562622,4a953fc0,6 [FLog::SingleSurfaceApp] setStage: (stage:Native)
