2025-02-04T21:55:22.493Z,0.493099,5cb6ffc0,6 [FLog::MacLuaApp] (AppDelegate) application:openURLs:(
    "roblox-player:1+launchmode:play+gameinfo:yS24cf004v_TTL3gdu4iAPlGwrAtTMBGOFOVbod5tMfYd1ya7n-LVZIfPzUAVgP51q1sAgX4JpQ_-X9_2inHjvNEW_35_ilBPRe8gO9KdDprl0DQCPTs4vm-16V-JQh3XMlKzUSliQFTzqeITwVUK7VQaNOPAjMRmWsTGwg-vu3ZXieJrD8xFiSKZZykARpHupcAeU28PBD7DJqgRdFOntR6IVxgKUUiARUm_x1EVGE+launchtime:1738706119397+placelauncherurl:https%3A%2F%2Fwww.roblox.com%2FGame%2FPlaceLauncher.ashx%3Frequest%3DRequestPrivateGame%26browserTrackerId%3D1738344328674006%26placeId%3D10449761463%26accessCode%3D782fec9a-a323-4339-8dba-53e3dff5526d%26joinAttemptId%3D655d97a5-0957-4ce2-b6e8-69e1f184f9a9%26joinAttemptOrigin%3DprivateServerListJoin+browsertrackerid:1738344328674006+robloxLocale:en_us+gameLocale:en_us+channel:+LaunchExp:InApp"
)
2025-02-04T21:55:22.493Z,0.493488,5cb6ffc0,6 [FLog::MacLuaApp] (AppDelegate) application:openURLs handling web launch
2025-02-04T21:55:22.493Z,0.493571,5cb6ffc0,6 [FLog::MacLuaApp] (AppDelegate) Argument 1 = launchmode:play
2025-02-04T21:55:22.493Z,0.493585,5cb6ffc0,6 [FLog::MacLuaApp] (AppDelegate) Argument 2 = gameinfo:yS24cf004v_TTL3gdu4iAPlGwrAtTMBGOFOVbod5tMfYd1ya7n-LVZIfPzUAVgP51q1sAgX4JpQ_-X9_2inHjvNEW_35_ilBPRe8gO9KdDprl0DQCPTs4vm-16V-JQh3XMlKzUSliQFTzqeITwVUK7VQaNOPAjMRmWsTGwg-vu3ZXieJrD8xFiSKZZykARpHupcAeU28PBD7DJqgRdFOntR6IVxgKUUiARUm_x1EVGE
2025-02-04T21:55:22.493Z,0.493596,5cb6ffc0,6 [FLog::MacLuaApp] (AppDelegate) Argument 3 = launchtime:1738706119397
2025-02-04T21:55:22.493Z,0.493606,5cb6ffc0,6 [FLog::MacLuaApp] (AppDelegate) Argument 4 = placelauncherurl:https%3A%2F%2Fwww.roblox.com%2FGame%2FPlaceLauncher.ashx%3Frequest%3DRequestPrivateGame%26browserTrackerId%3D1738344328674006%26placeId%3D10449761463%26accessCode%3D782fec9a-a323-4339-8dba-53e3dff5526d%26joinAttemptId%3D655d97a5-0957-4ce2-b6e8-69e1f184f9a9%26joinAttemptOrigin%3DprivateServerListJoin
2025-02-04T21:55:22.493Z,0.493615,5cb6ffc0,6 [FLog::MacLuaApp] (AppDelegate) Argument 5 = browsertrackerid:1738344328674006
2025-02-04T21:55:22.493Z,0.493625,5cb6ffc0,6 [FLog::MacLuaApp] (AppDelegate) Argument 6 = robloxLocale:en_us
2025-02-04T21:55:22.493Z,0.493633,5cb6ffc0,6 [FLog::MacLuaApp] (AppDelegate) Argument 7 = gameLocale:en_us
2025-02-04T21:55:22.493Z,0.493642,5cb6ffc0,6 [FLog::MacLuaApp] (AppDelegate) Argument 8 = channel:
2025-02-04T21:55:22.493Z,0.493667,5cb6ffc0,6 [FLog::Output] Saved channel '' to 'com.roblox.RobloxPlayerChannel' for baseUrl 'www.roblox.com'
2025-02-04T21:55:22.493Z,0.493693,5cb6ffc0,6 [FLog::Output] RobloxChannel has been set to production
2025-02-04T21:55:22.493Z,0.493703,5cb6ffc0,6 [FLog::MacLuaApp] (AppDelegate) Argument 9 = LaunchExp:InApp
2025-02-04T21:55:22.493Z,0.493762,5cb6ffc0,6 [FLog::MacLuaApp] (AppDelegate) reportClientStatus url: https://www.roblox.com/client-status/set?browserTrackerId=1738344328674006&status=BootstrapperInstalling
2025-02-04T21:55:22.496Z,0.496723,5cb6ffc0,6 [FLog::MacLuaApp] (AppDelegate) application:openURLs cold launch. Defer web launch until after initialization is complete.
2025-02-04T21:55:22.496Z,0.496915,5cb6ffc0,6 [FLog::Output] (AppDelegate) applicationDidFinishLaunching
2025-02-04T21:55:22.497Z,0.497235,5cb6ffc0,6,Info [FLog::UpdateController] UpdateController: versionQueryUrl: https://clientsettingscdn.roblox.com/v2/client-version/MacPlayer
2025-02-04T21:55:22.497Z,0.497265,5cb6ffc0,6,Info [FLog::UpdateController] MacUpdateController: updaterFullPath: /Applications/Roblox.app/Contents/MacOS/RobloxPlayerInstaller.app/Contents/MacOS/RobloxPlayerInstaller
2025-02-04T21:55:22.497Z,0.497343,c417000,6,Info [FLog::UpdateController] Update check thread started
2025-02-04T21:55:22.497Z,0.497380,c417000,6,Info [FLog::UpdateController] Checking if updater exists at /Applications/Roblox.app/Contents/MacOS/RobloxPlayerInstaller.app/Contents/MacOS/RobloxPlayerInstaller. Returning 1
2025-02-04T21:55:22.497Z,0.497388,5cb6ffc0,6 [FLog::Output] settingsUrl: https://clientsettingscdn.roblox.com/v2/settings-compressed/application/MacDesktopClient/876303bc5322fbc5499ad5d572b4a57fc6305ca10adf81769b9121c45b7d3a38.dcz
2025-02-04T21:55:22.573Z,0.573373,c417000,6,Debug [FLog::UpdateController] version response: {"version":"0.658.0.6580461","clientVersionUpload":"version-4c01fa4a41074574","bootstrapperVersion":"6580461"}
2025-02-04T21:55:22.573Z,0.573484,c417000,6,Info [FLog::UpdateController] Update check thread: updateRequired FALSE
2025-02-04T21:55:22.577Z,0.577981,5cb6ffc0,6 [FLog::Output] Settings Date header was Tue, 04 Feb 2025 21:55:21 GMT
2025-02-04T21:55:22.578Z,0.578059,5cb6ffc0,6 [FLog::Output] Settings Date timestamp is 1738706121
2025-02-04T21:55:22.583Z,0.583169,c6a6000,12 [DFLog::HttpTraceError] HttpResponse(#5 0x7f964d91b820) time:142.2ms (net:141.9ms callback:0.0ms timeInRetryQueue:0.0ms)status:404 Not Found bodySize:0 url:{ "https://locale.roblox.com/" } ip:128.116.44.3 external:1 numberOfTimesRetried:0
2025-02-04T21:55:22.590Z,0.590737,5cb6ffc0,6 [FLog::ClientRunInfo] RobloxGitHash: 6874f45ec658019a67f19ab7de6e688c50292b01
2025-02-04T21:55:22.590Z,0.590934,5cb6ffc0,6 [FLog::ClientRunInfo] The base url is https://www.roblox.com/
2025-02-04T21:55:22.590Z,0.590947,5cb6ffc0,6 [FLog::ClientRunInfo] The channel is production
2025-02-04T21:55:22.598Z,0.598388,c6a6000,6,Warning [FLog::HttpOpenTelemetryTracing] No active span to end
2025-02-04T21:55:22.598Z,0.598451,c6a6000,12 [DFLog::HttpTraceError] HttpResponse(#0 0x7f964d908420) time:156.7ms (net:156.2ms callback:0.0ms timeInRetryQueue:0.0ms)status:404 Not Found bodySize:0 url:{ "https://accountsettings.roblox.com/" } ip:128.116.44.3 external:1 numberOfTimesRetried:0
2025-02-04T21:55:22.599Z,0.599967,c6a6000,6,Warning [FLog::HttpOpenTelemetryTracing] No active span to end
2025-02-04T21:55:22.600Z,0.600039,c6a6000,12 [DFLog::HttpTraceError] HttpResponse(#7 0x7f964d91c420) time:158.9ms (net:158.7ms callback:0.0ms timeInRetryQueue:0.0ms)status:404 Not Found bodySize:0 url:{ "https://users.roblox.com/" } ip:128.116.44.3 external:1 numberOfTimesRetried:0
2025-02-04T21:55:22.605Z,0.605862,5cb6ffc0,6 [FLog::Output] *******
** Validated reflection database in 7.845204 ms, found 5363 entries with the following skipped: 0 enums, 0 properties, 0 functions, 0 events, 0 callbacks, 0 classes.
*******

2025-02-04T21:55:22.606Z,0.606745,5cb6ffc0,6 [FLog::Output] (AppDelegate) Universal App on Mac: initialize...
2025-02-04T21:55:22.606Z,0.606777,5cb6ffc0,6 [FLog::Output] syncCookiesFromNativeToEngine was skipped
2025-02-04T21:55:22.606Z,0.606865,5cb6ffc0,6 [FLog::Output] Current file descriptor limit is 256, increasing to 2560
2025-02-04T21:55:22.606Z,0.606880,5cb6ffc0,6 [FLog::Output] (AppDelegate) web browserTrackerId = [1738344328674006].
2025-02-04T21:55:22.609Z,0.609215,5cb6ffc0,6 [FLog::Output] syncCookiesFromEngineToNative was skipped
2025-02-04T21:55:22.609Z,0.609261,5cb6ffc0,6 [FLog::Output] (AppDelegate) launchTimeMillis = [-2249]
2025-02-04T21:55:22.609Z,0.609896,5cb6ffc0,6,Info [FLog::PerformanceControlUtil] PerformanceControlUtil: registered single surface tunable (id=0)
2025-02-04T21:55:22.610Z,0.610139,5cb6ffc0,6 [FLog::SingleSurfaceApp] initializeWithAppStarter
2025-02-04T21:55:22.610Z,0.610154,5cb6ffc0,6 [FLog::SingleSurfaceApp] initializeSingleton
2025-02-04T21:55:22.610Z,0.610701,5cb6ffc0,6 [FLog::Output] setAssetFolder /Applications/Roblox.app/Contents/Resources/content/
2025-02-04T21:55:22.610Z,0.610906,5cb6ffc0,6 [FLog::Output] setExtraAssetFolder /Applications/Roblox.app/Contents/Resources/ExtraContent
2025-02-04T21:55:22.611Z,0.611475,5cb6ffc0,6 [FLog::Output] Evaluating deferred inferred crashes
2025-02-04T21:55:22.612Z,0.612162,5cb6ffc0,6 [FLog::SingleSurfaceApp] setStage: (stage:Native)
2025-02-04T21:55:22.612Z,0.612203,5cb6ffc0,6 [FLog::SingleSurfaceApp] setLocale
2025-02-04T21:55:22.612Z,0.612215,5cb6ffc0,6,Warning [FLog::SingleSurfaceApp] instantiate controllers
2025-02-04T21:55:22.612Z,0.612224,5cb6ffc0,6 [FLog::SurfaceController] SurfaceController[_:1]::SurfaceController, count: 1
2025-02-04T21:55:22.612Z,0.612234,5cb6ffc0,6,Warning [FLog::SingleSurfaceApp] instantiate experience coordinator
2025-02-04T21:55:22.612Z,0.612296,5cb6ffc0,6,Info [FLog::PerformanceControlUtil] PerformanceControlUtil: registered single surface tunable (id=1)
2025-02-04T21:55:22.612Z,0.612329,5cb6ffc0,6,Info [FLog::CrossExperienceVoiceController] CrossExperienceVoiceController::CrossExperienceVoiceController() constructor
2025-02-04T21:55:22.613Z,0.613511,c6a6000,6,Warning [FLog::HttpOpenTelemetryTracing] No active span to end
2025-02-04T21:55:22.613Z,0.613562,c6a6000,12 [DFLog::HttpTraceError] HttpResponse(#6 0x7f964d91be20) time:172.5ms (net:172.3ms callback:0.0ms timeInRetryQueue:0.0ms)status:404 Not Found bodySize:0 url:{ "https://users.roblox.com/" } ip:128.116.44.3 external:1 numberOfTimesRetried:0
2025-02-04T21:55:22.698Z,0.698606,c6a6000,6,Warning [FLog::HttpOpenTelemetryTracing] No active span to end
2025-02-04T21:55:22.698Z,0.698655,c6a6000,12 [DFLog::HttpTraceError] HttpResponse(#4 0x7f964d91b220) time:257.6ms (net:257.4ms callback:0.0ms timeInRetryQueue:0.0ms)status:404 Not Found bodySize:0 url:{ "https://apis.roblox.com/" } ip:128.116.44.3 external:1 numberOfTimesRetried:0
2025-02-04T21:55:22.699Z,0.699833,c6a6000,6,Warning [FLog::HttpOpenTelemetryTracing] No active span to end
2025-02-04T21:55:22.699Z,0.699870,c6a6000,12 [DFLog::HttpTraceError] HttpResponse(#3 0x7f964d91ac20) time:258.9ms (net:258.6ms callback:0.0ms timeInRetryQueue:0.0ms)status:404 Not Found bodySize:0 url:{ "https://apis.roblox.com/" } ip:128.116.44.3 external:1 numberOfTimesRetried:0
2025-02-04T21:55:22.711Z,0.711545,c6a6000,6,Warning [FLog::HttpOpenTelemetryTracing] No active span to end
2025-02-04T21:55:22.711Z,0.711654,c6a6000,12 [DFLog::HttpTraceError] HttpResponse(#1 0x7f964d91a020) time:270.6ms (net:270.3ms callback:0.0ms timeInRetryQueue:0.0ms)status:404 Not Found bodySize:0 url:{ "https://apis.roblox.com/" } ip:128.116.44.3 external:1 numberOfTimesRetried:0
2025-02-04T21:55:22.720Z,0.720366,c6a6000,6,Warning [FLog::HttpOpenTelemetryTracing] No active span to end
2025-02-04T21:55:22.720Z,0.720471,c6a6000,12 [DFLog::HttpTraceError] HttpResponse(#2 0x7f964d91a620) time:279.4ms (net:279.1ms callback:0.0ms timeInRetryQueue:0.0ms)status:404 Not Found bodySize:0 url:{ "https://apis.roblox.com/" } ip:128.116.44.3 external:1 numberOfTimesRetried:0
2025-02-04T21:55:23.086Z,1.086229,5cb6ffc0,6 [FLog::SingleSurfaceApp] launchUGCGame: (stage:Native).
2025-02-04T21:55:23.086Z,1.086252,5cb6ffc0,6 [FLog::SingleSurfaceApp] launchUGCGameInternal
2025-02-04T21:55:23.088Z,1.088123,5cb6ffc0,6 [FLog::SingleSurfaceApp] applyLocale
2025-02-04T21:55:23.088Z,1.088140,5cb6ffc0,6,Info [FLog::UgcExperienceController] UgcExperienceController: initialize:
2025-02-04T21:55:23.088Z,1.088713,5cb6ffc0,6 [FLog::DataModelPatchConfigurer] [_DataModelPatch] Load configs for user key: app:1423803869895817846
2025-02-04T21:55:23.089Z,1.089928,5cb6ffc0,6 [FLog::DataModelPatchConfigurer] [_DataModelPatch] Retrieving patch
2025-02-04T21:55:23.089Z,1.089947,5cb6ffc0,6 [FLog::DataModelPatchConfigurer] getCachedPatch DataModelPatchConfig : type=1, assetId=5345954812, assetVersion=10769, maxAppVersion=658, localAssetURI=rbxasset://models/DataModelPatch/DataModelPatch.rbxm
2025-02-04T21:55:23.089Z,1.089957,5cb6ffc0,6 [FLog::DataModelPatchConfigurer] getCachedPatch : numAttempts=10
2025-02-04T21:55:23.090Z,1.090005,5cb6ffc0,6 [FLog::DataModelPatchConfigurer] getCachedPatch : contentId=rbxasset://models/DataModelPatch/DataModelPatch.rbxm
2025-02-04T21:55:23.090Z,1.090015,5cb6ffc0,6 [FLog::DataModelPatchConfigurer] getCachedPatch : get patch from content provider for Model
2025-02-04T21:55:23.100Z,1.100160,5cb6ffc0,6 [FLog::DataModelPatchConfigurer] deserializeAndVerifyPatch with blake3
2025-02-04T21:55:23.386Z,1.386322,5cb6ffc0,6,Warning [DFLog::BootcampCLI139737Log] Hello world!!!!!!!!!!!!!!!!!!!!
2025-02-04T21:55:23.386Z,1.386361,5cb6ffc0,6,Warning [FLog::Output] Hello Earthlings!
2025-02-04T21:55:23.525Z,1.525778,5cb6ffc0,6,Info [FLog::Audio] OutputDevice 0: Cuffie esterne [BuiltIn] 48000/2
2025-02-04T21:55:23.629Z,1.629428,5cb6ffc0,6,Info [FLog::Audio] InputDevice 0: Microfono esterno({af0144be-277e-8cc3-0000000000000000}) 48000/1/4
2025-02-04T21:55:23.629Z,1.629473,5cb6ffc0,6,Info [FLog::Audio] InputDevice 1: Microfono iMac({50eb3c32-f018-032c-0000000000000000}) 48000/1/4
2025-02-04T21:55:23.674Z,1.674351,5cb6ffc0,6,Info [FLog::UgcExperienceController] UgcExperienceController: join: initialized dm 0x7f9653a1e200
2025-02-04T21:55:23.674Z,1.674390,5cb6ffc0,6 [FLog::GameJoinUtil] GameJoinUtil::joinGame
2025-02-04T21:55:23.674Z,1.674473,5cb6ffc0,6 [FLog::GameJoinUtil] GameJoinUtil::joinGamePostPrivateServer: URL: https://gamejoin.roblox.com/v1/join-private-game BODY: {"placeId":10449761463,"gameJoinAttemptId":"655d97a5-0957-4ce2-b6e8-69e1f184f9a9","accessCode":"782fec9a-a323-4339-8dba-53e3dff5526d"}
2025-02-04T21:55:23.674Z,1.674525,5cb6ffc0,6 [FLog::GameJoinUtil] GameJoinUtil::makePlaceLauncherRequest: requestCount: 0, url: https://gamejoin.roblox.com/v1/join-private-game.
2025-02-04T21:55:23.674Z,1.674543,5cb6ffc0,6 [FLog::GameJoinUtil] Delaying request by 0.00 seconds
2025-02-04T21:55:23.674Z,1.674593,5cb6ffc0,6,Info [FLog::CrossExperienceVoiceController] CrossExperienceVoiceController: onCoordinatorTransitionEvent Started - Ugc
2025-02-04T21:55:23.674Z,1.674692,5cb6ffc0,6 [FLog::SurfaceController] [_:1]::replaceDataModel: (stage:0, window = 0x7f964d068150) [tid:0x7f964d809b60]
2025-02-04T21:55:23.685Z,1.685073,5cb6ffc0,6,Warning [FLog::Graphics] RenderView created[1]
2025-02-04T21:55:23.691Z,1.691322,5cb6ffc0,6 [FLog::Graphics] Metal renderer: AMD Radeon Pro 5300
2025-02-04T21:55:23.691Z,1.691350,5cb6ffc0,6 [channel] Caps: ThreadSafe 1 Framebuffer 1 FpFramebuffer 1 Shaders 1 Compute 1 Instancing 1 PerInstanceStream 1 ConstBuffers 1
2025-02-04T21:55:23.691Z,1.691358,5cb6ffc0,6 [channel] Caps: Framebuffer: MRT 4 MSAA 8 Stencil 1
2025-02-04T21:55:23.691Z,1.691364,5cb6ffc0,6 [channel] Caps: Framebuffer: Depth16 1 Depth24 1 DepthFloat 1 DepthClamp 1
2025-02-04T21:55:23.691Z,1.691370,5cb6ffc0,6 [channel] Caps: Border Color 1
2025-02-04T21:55:23.691Z,1.691375,5cb6ffc0,6 [channel] Caps: Texture: RGB10A2 1 RG11B10F 1 R16I 1
2025-02-04T21:55:23.691Z,1.691380,5cb6ffc0,6 [channel] Caps: Texture: BC6H 1 ASTC HDR 0
2025-02-04T21:55:23.691Z,1.691385,5cb6ffc0,6 [channel] Caps: Texture: DXT 1 PVR 0 ETC1 0 ETC2 0 Half 1
2025-02-04T21:55:23.691Z,1.691391,5cb6ffc0,6 [channel] Caps: Texture: 3D 1 Array 1 Depth 1 MSAA 1 MSAAFP16 8
2025-02-04T21:55:23.691Z,1.691396,5cb6ffc0,6 [channel] Caps: Texture: NPOT 1 PartialMips 1 CubeMipGen 1 CubeFramebuffer 1
2025-02-04T21:55:23.691Z,1.691401,5cb6ffc0,6 [channel] Caps: Texture: Size 8192 Units 32 VertexUnits 32
2025-02-04T21:55:23.691Z,1.691406,5cb6ffc0,6 [channel] Caps: ConstantBufferSize 65536
2025-02-04T21:55:23.691Z,1.691411,5cb6ffc0,6 [channel] Caps: isAppleGPU 0
2025-02-04T21:55:23.691Z,1.691417,5cb6ffc0,6 [channel] Caps: 32bIdx 1 Memoryless 0
2025-02-04T21:55:23.691Z,1.691422,5cb6ffc0,6 [channel] Caps: ColorBGR 0 RTFlip 0 MinusOneToOneDepth 0
2025-02-04T21:55:23.698Z,1.698275,5cb6ffc0,6 [FLog::Graphics] Metal: creating framebuffer 5120x2528
2025-02-04T21:55:23.698Z,1.698348,5cb6ffc0,6 [FLog::Graphics] Video memory size: 2147483648
2025-02-04T21:55:23.731Z,1.731668,c9b2000,6,Info [FLog::UgcExperienceController] UgcExperienceController: submitStartGameTask: scrips are loaded 0x7f9653a1e200
2025-02-04T21:55:23.766Z,1.766952,5cb6ffc0,6 [FLog::Graphics] Loaded 972 shaders from pack metal_osx variant default (7121760 bytes)
2025-02-04T21:55:23.766Z,1.766977,5cb6ffc0,6 [FLog::Graphics] Compiled 677 shaders in 68 ms
2025-02-04T21:55:23.790Z,1.790415,5cb6ffc0,6 [FLog::SurfaceController] SurfaceController::disableVR
2025-02-04T21:55:23.790Z,1.790530,5cb6ffc0,6 [FLog::SurfaceController] SurfaceController[_:1]::start dataModel(0x7f9653a1e200)
2025-02-04T21:55:23.790Z,1.790559,5cb6ffc0,6 [FLog::SurfaceController] SurfaceController::RenderJob[_:1]::RenderJob
2025-02-04T21:55:23.790Z,1.790572,5cb6ffc0,6 [FLog::SurfaceController] SurfaceController[_:1]::run dataModel(0x7f9653a1e200)
2025-02-04T21:55:23.790Z,1.790587,5cb6ffc0,6 [FLog::SingleSurfaceApp] setStage: (stage:UGCGame)
2025-02-04T21:55:23.790Z,1.790598,5cb6ffc0,6 [FLog::SingleSurfaceApp] userDidLogin
2025-02-04T21:55:23.790Z,1.790631,5cb6ffc0,6 [FLog::SingleSurfaceApp] applyLocale
2025-02-04T21:55:23.790Z,1.790656,cab5000,6 [FLog::Output] (AppDelegate) Doing machine id check.
2025-02-04T21:55:23.794Z,1.794673,c9b2000,6 [FLog::SurfaceController] SurfaceController::RenderJob::stepDataModelJob: No DM yet. Continue...
2025-02-04T21:55:23.905Z,1.905115,5cb6ffc0,6 [FLog::SurfaceController] SurfaceController::RenderJob::scheduleRender: No data model. Bind workspace now...
2025-02-04T21:55:23.926Z,1.926576,5cb6ffc0,6 [FLog::Graphics] LayeredClothingMode updated: LC=1 HSR=1
2025-02-04T21:55:23.939Z,1.939792,5cb6ffc0,6 [FLog::Graphics] SceneManager: resizing main targets to 2560x1264
2025-02-04T21:55:24.093Z,2.093060,cbb8000,6 [FLog::GameJoinUtil] GameJoinUtil::makePlaceLauncherRequest, response:
{"jobId":"82fc24ae-f399-4e1e-9972-e6ce903db9be","status":2,"statusData":null,"joinScriptUrl":"https://assetgame.roblox.com/Game/Join.ashx?ticketVersion=2&ticket={\"UserId\"%3a3047960021%2c\"UserName\"%3a\"paninorealaccount009\"%2c\"DisplayName\"%3a\"Jack\"%2c\"CharacterFetchUrl\"%3a\"https%3a%2f%2fapi.roblox.com%2fv1.1%2favatar-fetch%2f%3fplaceId%3d10449761463%26userId%3d3047960021\"%2c\"GameId\"%3a\"82fc24ae-f399-4e1e-9972-e6ce903db9be\"%2c\"PlaceId\"%3a10449761463%2c\"UniverseId\"%3a3808081382%2c\"ServerId\"%3a270340%2c\"ServerPort\"%3a51598%2c\"IsTeleport\"%3afalse%2c\"FollowUserId\"%3anull%2c\"TimeStamp\"%3a\"02%2f04%2f2025+21%3a55%3a23\"%2c\"CharacterAppearanceId\"%3a3047960021%2c\"AlternateName\"%3anull%2c\"JoinTypeId\"%3a4%2c\"MatchmakingDecisionId\"%3anull%2c\"GameJoinMetadata\"%3a{\"JoinSource\"%3a0%2c\"RequestType\"%3a1%2c\"MatchmakingDecisionId\"%3a\"00000000-0000-0000-0000-000000000
2025-02-04T21:55:24.093Z,2.093287,cbb8000,6 [FLog::GameJoinUtil] Game join succeeded.
2025-02-04T21:55:24.093Z,2.093317,cbb8000,6 [FLog::GameJoinUtil] GameJoinUtil::processing join parameters
2025-02-04T21:55:24.111Z,2.111185,c9b2000,7 [FLog::Network] NetworkClient:Create
2025-02-04T21:55:24.112Z,2.112360,c9b2000,6 [FLog::GameJoinUtil] Null EventId
2025-02-04T21:55:24.112Z,2.112496,c9b2000,10 [DFLog::KeyRing] Parsed config created at: 11:59 4/1/2024.
2025-02-04T21:55:24.114Z,2.114900,c9b2000,6 [FLog::Output] AnalyticsSessionId is 45e70dcb-1b94-44a2-9d36-a6fbcb20c1a1.
2025-02-04T21:55:24.114Z,2.114929,c9b2000,6 [FLog::Output] ! Joining game '82fc24ae-f399-4e1e-9972-e6ce903db9be' place 10449761463 at 10.206.19.72
2025-02-04T21:55:24.114Z,2.114978,c9b2000,6 [FLog::GameJoinLoadTime] Report game_join_loadtime: sid:45e70dcb-1b94-44a2-9d36-a6fbcb20c1a1, clienttime:1738706123.9260001183, join_time:1.0261664000000001451, referral_page:RequestPrivateGame, placeid:10449761463, userid:3047960021, universeid:3808081382, 
2025-02-04T21:55:24.116Z,2.116422,c9b2000,7 [FLog::Network] Client will attempt to connect following server endpoints with threadSleepTime(-1)
2025-02-04T21:55:24.116Z,2.116437,c9b2000,7 [FLog::Network] UDMUX Address = 128.116.5.33, Port = 51598 | RCC Server Address = 10.206.19.72, Port = 51598
2025-02-04T21:55:24.118Z,2.118299,c9b2000,7 [FLog::Network] binding socket on inaddr_any:0

2025-02-04T21:55:24.131Z,2.131410,c9b2000,6 [FLog::Output] Connecting to UDMUX server 128.116.5.33:51598, and RCC server 10.206.19.72:51598
2025-02-04T21:55:24.250Z,2.250155,d46b000,6,Verbose [DFLog::RakNetMissingPingPong] Time since last (ms): ping recv 18446744073709551615, ping sent 18446744073709551615, pong recv 18446744073709551615, pong sent 18446744073709551615, pkt recv 18446744073709551615, pkt sent 2247, reliable recv 2247, ack recv 2247, oldest unacked send 0, oldest unacked recv 2249 | MTU size: 1396 bytes
2025-02-04T21:55:24.250Z,2.250217,d46b000,6,Verbose [DFLog::RakNetMissingPingPong] Other stats: dead false, outgoingWaiting true, acksWaiting false, netCapacity 65536, resendBuf msg0, resendBuf bytes0, loss last sec0, limitedByBw false, outputQueueSize 0
2025-02-04T21:55:24.311Z,2.311589,cbb8000,6 [FLog::Output] Connection accepted from 128.116.5.33|51598
2025-02-04T21:55:24.313Z,2.313053,cbb8000,7 [FLog::Network] serverId: 128.116.5.33|51598
2025-02-04T21:55:24.313Z,2.313192,cbb8000,7 [FLog::Network] Replicator created for player 128.116.5.33|51598
2025-02-04T21:55:24.313Z,2.313206,cbb8000,7 [FLog::Network] Replicator created: 0x7f967652a800
2025-02-04T21:55:24.564Z,2.564662,cbb8000,7 [FLog::Network] Time taken to initialize schema = 6.096603 ms
2025-02-04T21:55:24.564Z,2.564782,cbb8000,7 [FLog::Network] Assigned peer id = 4
2025-02-04T21:55:24.565Z,2.565067,cbb8000,7 [FLog::Network] Join snapshot timer: 0.267994
2025-02-04T21:55:24.777Z,2.777999,cbb8000,6 [FLog::DataModelPatchConfigurer] OTAPollingEnabled set to: false
2025-02-04T21:55:24.794Z,2.794534,cbb8000,6,Info [FLog::AudioFocusManager] AudioFocusManager::AudioFocusManager() constructor
2025-02-04T21:55:24.794Z,2.794572,cbb8000,6,Info [FLog::AudioFocusService] AudioFocusService::AudioFocusService() constructor
2025-02-04T21:55:24.794Z,2.794583,cbb8000,6,Info [FLog::AudioFocusService] AudioFocusService onServiceProvider invokation
2025-02-04T21:55:24.794Z,2.794590,cbb8000,6,Info [FLog::AudioFocusService] AudioFocusService::AudioFocusService() onServiceProvider setup
2025-02-04T21:55:25.229Z,3.229709,5cb6ffc0,6 [FLog::Graphics] Future is bright shadows
2025-02-04T21:55:25.372Z,3.372473,c6a6000,6,Critical [DFLog::RbxStorage] RbxStorage::init [INIT] availableDiskSpace: 55011704832 bytes, oldCacheSize: -1 bytes, elapsed: 0.040 ms
2025-02-04T21:55:25.399Z,3.399804,c6a6000,6,Error [DFLog::SQLite] sqlite3_error_log: 283 - recovered 449 frames from WAL file /private/var/folders/83/3w46ryz13191t1qd7k9xctdm0000gn/T/Roblox/rbx-storage.db-wal
2025-02-04T21:55:25.405Z,3.405185,c6a6000,6,Critical [DFLog::RbxStorage] RbxStorage::init [DONE] name: TelemetryCache(SqliteCache+TelemetryCache(FileCache)), duration: 32.127 ms, dbOpenCount: 11, dbMaxMemory: 0.260 MiB, dbTotalSize: 0.000 MiB, dbNumItems: 1, fileTotalSize: 0.000 MiB, fileNumItems: 0
2025-02-04T21:55:25.810Z,3.810770,5cb6ffc0,6 [FLog::Graphics] Terrain TextureArray 512x512, arraySize: 36, mip: 10
2025-02-04T21:55:26.029Z,4.029144,cbb8000,6 [FLog::Output] INTERPRETER LOADED 72.1802114360
2025-02-04T21:55:26.037Z,4.037059,cbb8000,6 [FLog::Output] Server RobloxGitHash: 6874f45ec658019a67f19ab7de6e688c50292b01
2025-02-04T21:55:26.037Z,4.037081,cbb8000,6 [FLog::Output] Server Prefix: 0.658.0.6580461_20250204T215339Z_RCC_93623
2025-02-04T21:55:26.097Z,4.097446,c9b2000,6 [FLog::Output] REPLICATION LOADED 0.08937811851501465
2025-02-04T21:55:26.256Z,4.256695,cbb8000,6 [FLog::Output] CLIENT LOADED 0.20713305473327637
2025-02-04T21:55:26.915Z,4.915690,c6a6000,6 [FLog::Error] Asset (Image) "https://assetdelivery.roblox.com/v1/asset?id=7216855364'" load failed in Workspace.Live.paninorealaccount009.Left Arm.WaterPalm.ConstantEmit.3.Texture: Request failed
2025-02-04T21:55:26.915Z,4.915743,c6a6000,12 [DFLog::HttpTraceError] HttpResponse(#431 0x7f964b50a420) time:150.4ms (net:150.3ms callback:0.1ms timeInRetryQueue:0.0ms)status:404 Not Found bodySize:63 url:{ "https://assetdelivery.roblox.com/v1/asset?id=7216855364'" } ip:128.116.123.4 external:0 numberOfTimesRetried:0
2025-02-04T21:55:27.395Z,5.395551,cab5000,6 [FLog::Output] 


⚽ [KJ] The Strongest Battlegrounds uses TopbarPlus v2.9.1
🍍 TopbarPlus was developed by ForeverHD and the Nanoblox Team
🚀 You can learn more and take a free copy by searching for 'TopbarPlus' on the DevForum


2025-02-04T21:55:29.895Z,7.895112,5cb6ffc0,6 [FLog::Error] Asset (Image) "" load failed in Workspace.Live.Weakest Dummy.Torso.roblox.Texture: Unexpected URL
2025-02-04T21:55:30.804Z,8.804340,cfd0000,6 [FLog::Error] Asset (Animation) "rbxassetid://0" load failed in Animation.AnimationId: Animation failed to load
2025-02-04T21:55:30.804Z,8.804380,cfd0000,6 [FLog::Error] Error: Failed to load animation with sanitized ID rbxassetid://0: Animation failed to load, assetId: https://assetdelivery.roblox.com/v1/asset?id=0&serverplaceid=10449761463
2025-02-04T21:55:55.618Z,33.618870,c6a6000,6,Warning [FLog::HttpOpenTelemetryTracing] No active span to end
2025-02-04T21:55:55.879Z,33.879848,c6a6000,6,Warning [FLog::HttpOpenTelemetryTracing] No active span to end
2025-02-04T21:55:56.138Z,34.138458,c6a6000,6,Warning [FLog::HttpOpenTelemetryTracing] No active span to end
2025-02-04T21:55:56.299Z,34.299145,c6a6000,6,Warning [FLog::HttpOpenTelemetryTracing] No active span to end
2025-02-04T21:55:56.444Z,34.444786,c6a6000,6,Warning [FLog::HttpOpenTelemetryTracing] No active span to end
2025-02-04T21:55:56.608Z,34.608570,c6a6000,6,Warning [FLog::HttpOpenTelemetryTracing] No active span to end
2025-02-04T21:55:56.770Z,34.770176,c6a6000,6,Warning [FLog::HttpOpenTelemetryTracing] No active span to end
2025-02-04T21:55:57.181Z,35.181725,c6a6000,6,Warning [FLog::HttpOpenTelemetryTracing] No active span to end
2025-02-04T21:55:57.341Z,35.341484,c6a6000,6,Warning [FLog::HttpOpenTelemetryTracing] No active span to end
2025-02-04T21:55:57.487Z,35.487942,c6a6000,6,Warning [FLog::HttpOpenTelemetryTracing] No active span to end
2025-02-04T21:55:58.038Z,36.038082,c6a6000,6,Warning [FLog::HttpOpenTelemetryTracing] No active span to end
2025-02-04T21:55:58.198Z,36.198975,c6a6000,6,Warning [FLog::HttpOpenTelemetryTracing] No active span to end
2025-02-04T21:55:58.357Z,36.357872,c6a6000,6,Warning [FLog::HttpOpenTelemetryTracing] No active span to end
2025-02-04T21:55:58.649Z,36.649117,c6a6000,6,Warning [FLog::HttpOpenTelemetryTracing] No active span to end
2025-02-04T21:55:59.015Z,37.015175,c6a6000,6,Warning [FLog::HttpOpenTelemetryTracing] No active span to end
2025-02-04T21:55:59.173Z,37.173264,c6a6000,6,Warning [FLog::HttpOpenTelemetryTracing] No active span to end
2025-02-04T21:55:59.342Z,37.342106,c6a6000,6,Warning [FLog::HttpOpenTelemetryTracing] No active span to end
2025-02-04T21:56:20.690Z,58.690693,5cb6ffc0,6 [FLog::Graphics] Metal: resizing main framebuffer to 5120x2880
2025-02-04T21:56:20.694Z,58.694256,5cb6ffc0,6 [FLog::Graphics] SceneManager: resizing main targets to 2560x1440
2025-02-04T21:57:23.982Z,121.982445,c6a6000,6 [FLog::Output] Settings Date header was Tue, 04 Feb 2025 21:57:23 GMT
2025-02-04T21:57:23.983Z,121.983215,c6a6000,6 [FLog::Output] Settings Date timestamp is 1738706243
2025-02-04T21:57:42.780Z,140.780197,c6a6000,6,Warning [FLog::HttpOpenTelemetryTracing] No active span to end
2025-02-04T21:59:24.064Z,242.064499,c6a6000,6 [FLog::Output] Settings Date header was Tue, 04 Feb 2025 21:59:23 GMT
2025-02-04T21:59:24.065Z,242.065231,c6a6000,6 [FLog::Output] Settings Date timestamp is 1738706363
2025-02-04T21:59:32.473Z,250.473541,5cb6ffc0,6 [FLog::SingleSurfaceApp] leaveUGCGame: (stage:UGCGame) blocking=0.
2025-02-04T21:59:32.473Z,250.473801,5cb6ffc0,6 [FLog::SingleSurfaceApp] leaveUGCGameInternal
2025-02-04T21:59:32.474Z,250.474579,5cb6ffc0,6 [FLog::SurfaceController] stop
2025-02-04T21:59:32.474Z,250.474594,5cb6ffc0,6 [FLog::SurfaceController] drainRenderingJobs
2025-02-04T21:59:32.497Z,250.497406,cab5000,6 [FLog::SurfaceController] SurfaceController::RenderJob[_:1]::~RenderJob
2025-02-04T21:59:32.497Z,250.497452,5cb6ffc0,6,Info [FLog::UgcExperienceController] UgcExperienceController: destroyCaptureModeDataModelIfExists: begin
2025-02-04T21:59:32.497Z,250.497482,5cb6ffc0,6,Info [FLog::UgcExperienceController] UgcExperienceController: destroyCaptureModeDataModelIfExists: end
2025-02-04T21:59:32.497Z,250.497498,5cb6ffc0,6,Info [FLog::UgcExperienceController] UgcExperienceController: stop: begin (blocking=false dataModel=0x7f9653a1e200)
2025-02-04T21:59:32.497Z,250.497543,5cb6ffc0,6,Info [FLog::UgcExperienceController] UgcExperienceController: sendAnalyticsBeforeLeave: sending event None_None
2025-02-04T21:59:32.497Z,250.497604,5cb6ffc0,6,Info [FLog::CrossExperienceVoiceController] CrossExperienceVoiceController: onCoordinatorTransitionEvent Stopped - Ugc
2025-02-04T21:59:32.497Z,250.497620,5cb6ffc0,6,Info [FLog::CrossExperienceVoiceController] CrossExperienceVoiceController: removing all observers for type Ugc
2025-02-04T21:59:32.498Z,250.498688,5cb6ffc0,6 [FLog::SingleSurfaceApp] setStage: (stage:Native)
2025-02-04T21:59:32.498Z,250.498718,5cb6ffc0,6 [DFLog::SignalRCoreError] ID: 1 Disconnected - stop() called
2025-02-04T21:59:32.500Z,250.500732,c9b2000,7 [FLog::Network] Client:Disconnect
2025-02-04T21:59:32.505Z,250.505417,c9b2000,7 [FLog::Network] Time to disconnect replication data: 4.621216
2025-02-04T21:59:32.506Z,250.506775,c9b2000,7 [FLog::Network] Sending disconnect with reason: 285
2025-02-04T21:59:32.506Z,250.506805,c9b2000,7 [FLog::Network] Sending disconnect with reason: 285
2025-02-04T21:59:32.506Z,250.506821,d46b000,7 [FLog::Network] Sending disconnect with reason: 285
2025-02-04T21:59:32.506Z,250.506927,d46b000,7 [FLog::Network] Connection lost
2025-02-04T21:59:32.506Z,250.506927,d46b000,7 [FLog::Network] Connection lost: connectMode: Disconnect ASAP, timeMS:250506, connectionTime 2250
2025-02-04T21:59:32.506Z,250.506943,d46b000,7 [FLog::Network] Connection lost: AckTimeout 0, IsOutgoingDataWaiting 0
2025-02-04T21:59:32.506Z,250.506943,d46b000,7 [FLog::Network] Disconnection Notification. Reason: 285
2025-02-04T21:59:32.928Z,250.928162,c9b2000,6,Info [FLog::AudioFocusService] AudioFocusService onServiceProvider invokation
2025-02-04T21:59:32.928Z,250.928192,c9b2000,6,Info [FLog::AudioFocusService] AudioFocusService::AudioFocusService() onServiceProvider teardown
2025-02-04T21:59:32.928Z,250.928360,c9b2000,7 [FLog::Network] Client:Disconnect
2025-02-04T21:59:33.078Z,251.078461,c9b2000,7 [FLog::Network] NetworkClient:Remove
2025-02-04T21:59:33.078Z,251.078506,c9b2000,7 [DFLog::MegaReplicatorLogDisconnectCleanUpLog] Destroying MegaReplicator.
2025-02-04T21:59:33.438Z,251.438828,c9b2000,6,Info [FLog::AudioFocusService] AudioFocusService::AudioFocusService() destructor
2025-02-04T21:59:33.458Z,251.458099,cbb8000,7 [FLog::Network] Replicator destroyed: 0x7f967652a800
2025-02-04T21:59:33.868Z,251.868866,5cb6ffc0,6 [FLog::SingleSurfaceApp] shutDown: (stage:Native).
2025-02-04T21:59:33.868Z,251.868942,5cb6ffc0,6 [FLog::SingleSurfaceApp] destroyLuaApp: (stage:Native) blocking:true.
2025-02-04T21:59:33.868Z,251.868958,5cb6ffc0,6,Warning [FLog::CrossExperienceVoiceController] CrossExperienceVoiceController: finalize: Did not finalize due to state.
2025-02-04T21:59:33.868Z,251.868973,5cb6ffc0,6,Info [FLog::UgcExperienceController] UgcExperienceController: finalized
2025-02-04T21:59:33.868Z,251.868988,5cb6ffc0,6,Warning [FLog::SingleSurfaceApp] destroyLuaApp: (stage:Native)... finished destroying luaApp.
2025-02-04T21:59:33.869Z,251.869003,5cb6ffc0,6 [FLog::SingleSurfaceApp] setStage: (stage:None)
2025-02-04T21:59:33.869Z,251.869019,5cb6ffc0,6 [FLog::SingleSurfaceApp] destroy controllers
2025-02-04T21:59:33.869Z,251.869049,5cb6ffc0,6,Info [FLog::CrossExperienceVoiceController] CrossExperienceVoiceController::CrossExperienceVoiceController()
2025-02-04T21:59:33.869Z,251.869080,5cb6ffc0,6,Info [FLog::UgcExperienceController] UgcExperienceController::~UgcExperienceController()
2025-02-04T21:59:33.869Z,251.869110,5cb6ffc0,6 [FLog::SurfaceController] SurfaceController[_:1]::~SurfaceController, count: 0
2025-02-04T21:59:33.869Z,251.869125,5cb6ffc0,6,Warning [FLog::Graphics] RenderView destroyed[1]
2025-02-04T21:59:33.920Z,251.920822,5cb6ffc0,6 [FLog::SingleSurfaceApp] setStage: (stage:Native)
