2025-02-05T20:35:30.299Z,0.299093,4a953fc0,6 [FLog::Output] (AppDelegate) applicationDidFinishLaunching
2025-02-05T20:35:30.299Z,0.299695,4a953fc0,6,Info [FLog::UpdateController] UpdateController: versionQueryUrl: https://clientsettingscdn.roblox.com/v2/client-version/MacPlayer
2025-02-05T20:35:30.299Z,0.299732,4a953fc0,6,Info [FLog::UpdateController] MacUpdateController: updaterFullPath: /Applications/Roblox.app/Contents/MacOS/RobloxPlayerInstaller.app/Contents/MacOS/RobloxPlayerInstaller
2025-02-05T20:35:30.299Z,0.299777,9e55000,6,Info [FLog::UpdateController] Update check thread started
2025-02-05T20:35:30.299Z,0.299811,9e55000,6,Info [FLog::UpdateController] Checking if updater exists at /Applications/Roblox.app/Contents/MacOS/RobloxPlayerInstaller.app/Contents/MacOS/RobloxPlayerInstaller. Returning 0
2025-02-05T20:35:30.299Z,0.299823,9e55000,6,Warning [FLog::UpdateController] Updater not found. Skipping update
2025-02-05T20:35:30.299Z,0.299822,4a953fc0,6 [FLog::Output] settingsUrl: https://clientsettingscdn.roblox.com/v2/settings-compressed/application/MacDesktopClient/876303bc5322fbc5499ad5d572b4a57fc6305ca10adf81769b9121c45b7d3a38.dcz
2025-02-05T20:35:30.299Z,0.299837,9e55000,6,Info [FLog::UpdateController] Update check thread: updateRequired FALSE
2025-02-05T20:35:30.560Z,0.560250,4a953fc0,6 [FLog::Output] Settings Date header was Wed, 05 Feb 2025 20:35:30 GMT
2025-02-05T20:35:30.560Z,0.560294,4a953fc0,6 [FLog::Output] Settings Date timestamp is 1738787730
2025-02-05T20:35:30.571Z,0.571071,9f5b000,12 [DFLog::HttpTraceError] HttpResponse(#3 0x7fb16f872420) time:326.1ms (net:326.0ms callback:0.0ms timeInRetryQueue:0.0ms)status:404 Not Found bodySize:0 url:{ "https://apis.roblox.com/" } ip:128.116.123.4 external:1 numberOfTimesRetried:0
2025-02-05T20:35:30.571Z,0.571748,4a953fc0,6 [FLog::ClientRunInfo] RobloxGitHash: 6874f45ec658019a67f19ab7de6e688c50292b01
2025-02-05T20:35:30.571Z,0.571881,4a953fc0,6 [FLog::ClientRunInfo] The base url is https://www.roblox.com/
2025-02-05T20:35:30.571Z,0.571898,4a953fc0,6 [FLog::ClientRunInfo] The channel is production
2025-02-05T20:35:30.583Z,0.583182,4a953fc0,6 [FLog::Output] *******
** Validated reflection database in 6.308456 ms, found 5363 entries with the following skipped: 0 enums, 0 properties, 0 functions, 0 events, 0 callbacks, 0 classes.
*******

2025-02-05T20:35:30.584Z,0.584133,4a953fc0,6 [FLog::Output] (AppDelegate) Universal App on Mac: initialize...
2025-02-05T20:35:30.584Z,0.584231,4a953fc0,6 [FLog::Output] syncCookiesFromNativeToEngine was skipped
2025-02-05T20:35:30.584Z,0.584367,4a953fc0,6 [FLog::Output] Current file descriptor limit is 256, increasing to 2560
2025-02-05T20:35:30.584Z,0.584388,4a953fc0,6 [FLog::Output] (AppDelegate) Don't have initial browserTrackerId.
2025-02-05T20:35:30.588Z,0.588897,9f5b000,6,Warning [FLog::HttpOpenTelemetryTracing] No active span to end
2025-02-05T20:35:30.588Z,0.588942,9f5b000,12 [DFLog::HttpTraceError] HttpResponse(#4 0x7fb16f872a20) time:343.9ms (net:343.8ms callback:0.0ms timeInRetryQueue:0.0ms)status:404 Not Found bodySize:0 url:{ "https://apis.roblox.com/" } ip:128.116.123.4 external:1 numberOfTimesRetried:0
2025-02-05T20:35:30.592Z,0.592300,9f5b000,6,Warning [FLog::HttpOpenTelemetryTracing] No active span to end
2025-02-05T20:35:30.592Z,0.592335,9f5b000,12 [DFLog::HttpTraceError] HttpResponse(#2 0x7fb16f858620) time:347.3ms (net:347.3ms callback:0.0ms timeInRetryQueue:0.0ms)status:404 Not Found bodySize:0 url:{ "https://apis.roblox.com/" } ip:128.116.123.4 external:1 numberOfTimesRetried:0
2025-02-05T20:35:30.596Z,0.596311,4a953fc0,6 [FLog::Output] syncCookiesFromEngineToNative was skipped
2025-02-05T20:35:30.596Z,0.596492,4a953fc0,6,Info [FLog::PerformanceControlUtil] PerformanceControlUtil: registered single surface tunable (id=0)
2025-02-05T20:35:30.596Z,0.596599,4a953fc0,6 [FLog::SingleSurfaceApp] initializeWithAppStarter
2025-02-05T20:35:30.596Z,0.596615,4a953fc0,6 [FLog::SingleSurfaceApp] initializeSingleton
2025-02-05T20:35:30.597Z,0.597089,4a953fc0,6 [FLog::Output] setAssetFolder /Applications/Roblox.app/Contents/Resources/content/
2025-02-05T20:35:30.597Z,0.597290,4a953fc0,6 [FLog::Output] setExtraAssetFolder /Applications/Roblox.app/Contents/Resources/ExtraContent
2025-02-05T20:35:30.597Z,0.597656,4a953fc0,6 [FLog::Output] Evaluating deferred inferred crashes
2025-02-05T20:35:30.598Z,0.598245,4a953fc0,6 [FLog::SingleSurfaceApp] setStage: (stage:Native)
2025-02-05T20:35:30.598Z,0.598261,4a953fc0,6,Warning [FLog::SingleSurfaceApp] instantiate controllers
2025-02-05T20:35:30.598Z,0.598269,4a953fc0,6 [FLog::SurfaceController] SurfaceController[_:1]::SurfaceController, count: 1
2025-02-05T20:35:30.598Z,0.598277,4a953fc0,6,Warning [FLog::SingleSurfaceApp] instantiate experience coordinator
2025-02-05T20:35:30.598Z,0.598301,4a953fc0,6,Info [FLog::PerformanceControlUtil] PerformanceControlUtil: registered single surface tunable (id=1)
2025-02-05T20:35:30.598Z,0.598310,4a953fc0,6,Info [FLog::CrossExperienceVoiceController] CrossExperienceVoiceController::CrossExperienceVoiceController() constructor
2025-02-05T20:35:30.600Z,0.600143,9f5b000,6,Warning [FLog::HttpOpenTelemetryTracing] No active span to end
2025-02-05T20:35:30.600Z,0.600185,9f5b000,12 [DFLog::HttpTraceError] HttpResponse(#1 0x7fb16f860e20) time:355.2ms (net:355.1ms callback:0.0ms timeInRetryQueue:0.0ms)status:404 Not Found bodySize:0 url:{ "https://apis.roblox.com/" } ip:128.116.123.4 external:1 numberOfTimesRetried:0
2025-02-05T20:35:30.662Z,0.662153,4a953fc0,6 [FLog::SingleSurfaceApp] initializeLuaAppWithLoggedInUser: (stage:Native).
2025-02-05T20:35:30.662Z,0.662188,4a953fc0,6 [FLog::SingleSurfaceApp] applyLocale
2025-02-05T20:35:30.662Z,0.662855,4a953fc0,6 [FLog::DataModelPatchConfigurer] [_DataModelPatch] Load configs for user key: app:1423803869895817846
2025-02-05T20:35:30.663Z,0.663355,4a953fc0,6 [FLog::DataModelPatchConfigurer] [_DataModelPatch] Retrieving patch
2025-02-05T20:35:30.663Z,0.663370,4a953fc0,6 [FLog::DataModelPatchConfigurer] getCachedPatch DataModelPatchConfig : type=1, assetId=5345954812, assetVersion=10769, maxAppVersion=658, localAssetURI=rbxasset://models/DataModelPatch/DataModelPatch.rbxm
2025-02-05T20:35:30.663Z,0.663380,4a953fc0,6 [FLog::DataModelPatchConfigurer] getCachedPatch : numAttempts=10
2025-02-05T20:35:30.663Z,0.663420,4a953fc0,6 [FLog::DataModelPatchConfigurer] getCachedPatch : contentId=rbxasset://models/DataModelPatch/DataModelPatch.rbxm
2025-02-05T20:35:30.663Z,0.663430,4a953fc0,6 [FLog::DataModelPatchConfigurer] getCachedPatch : get patch from content provider for Model
2025-02-05T20:35:30.669Z,0.669794,4a953fc0,6 [FLog::DataModelPatchConfigurer] deserializeAndVerifyPatch with blake3
2025-02-05T20:35:30.963Z,0.963813,4a953fc0,6,Warning [DFLog::BootcampCLI139737Log] Hello world!!!!!!!!!!!!!!!!!!!!
2025-02-05T20:35:30.963Z,0.963838,4a953fc0,6,Warning [FLog::Output] Hello Earthlings!
2025-02-05T20:35:30.980Z,0.980941,4a953fc0,6 [FLog::SingleSurfaceApp] setStage: (stage:InitializedLuaApp)
2025-02-05T20:35:30.980Z,0.980982,4a953fc0,6 [FLog::SingleSurfaceApp] startLuaApp: (stage:InitializedLuaApp).
2025-02-05T20:35:30.980Z,0.980991,4a953fc0,6 [FLog::SingleSurfaceApp] returnToLuaApp: (stage:InitializedLuaApp).
2025-02-05T20:35:30.981Z,0.981002,4a953fc0,6 [FLog::SingleSurfaceApp] returnToLuaApp: ... disable videoRecorder.
2025-02-05T20:35:30.981Z,0.981009,4a953fc0,6 [FLog::SingleSurfaceApp] returnToLuaAppInternal: ... App has been initialized, returning from game.
2025-02-05T20:35:30.981Z,0.981024,4a953fc0,6 [FLog::SurfaceController] [_:1]::replaceDataModel: (stage:0, window = 0x7fb171e35840) [tid:0x7fb17080d360]
2025-02-05T20:35:30.981Z,0.981249,a36a000,6 [FLog::Output] Info: DataModel Loading rbxasset://places/Mobile.rbxl
2025-02-05T20:35:30.982Z,0.982546,4a953fc0,6,Warning [FLog::Graphics] RenderView created[1]
2025-02-05T20:35:30.986Z,0.986019,4a953fc0,6 [FLog::Graphics] Metal renderer: AMD Radeon Pro 5300
2025-02-05T20:35:30.986Z,0.986099,4a953fc0,6 [channel] Caps: ThreadSafe 1 Framebuffer 1 FpFramebuffer 1 Shaders 1 Compute 1 Instancing 1 PerInstanceStream 1 ConstBuffers 1
2025-02-05T20:35:30.986Z,0.986121,4a953fc0,6 [channel] Caps: Framebuffer: MRT 4 MSAA 8 Stencil 1
2025-02-05T20:35:30.986Z,0.986300,4a953fc0,6 [channel] Caps: Framebuffer: Depth16 1 Depth24 1 DepthFloat 1 DepthClamp 1
2025-02-05T20:35:30.986Z,0.986320,4a953fc0,6 [channel] Caps: Border Color 1
2025-02-05T20:35:30.986Z,0.986328,4a953fc0,6 [channel] Caps: Texture: RGB10A2 1 RG11B10F 1 R16I 1
2025-02-05T20:35:30.986Z,0.986335,4a953fc0,6 [channel] Caps: Texture: BC6H 1 ASTC HDR 0
2025-02-05T20:35:30.986Z,0.986340,4a953fc0,6 [channel] Caps: Texture: DXT 1 PVR 0 ETC1 0 ETC2 0 Half 1
2025-02-05T20:35:30.986Z,0.986346,4a953fc0,6 [channel] Caps: Texture: 3D 1 Array 1 Depth 1 MSAA 1 MSAAFP16 8
2025-02-05T20:35:30.986Z,0.986352,4a953fc0,6 [channel] Caps: Texture: NPOT 1 PartialMips 1 CubeMipGen 1 CubeFramebuffer 1
2025-02-05T20:35:30.986Z,0.986359,4a953fc0,6 [channel] Caps: Texture: Size 8192 Units 32 VertexUnits 32
2025-02-05T20:35:30.986Z,0.986367,4a953fc0,6 [channel] Caps: ConstantBufferSize 65536
2025-02-05T20:35:30.986Z,0.986374,4a953fc0,6 [channel] Caps: isAppleGPU 0
2025-02-05T20:35:30.986Z,0.986380,4a953fc0,6 [channel] Caps: 32bIdx 1 Memoryless 0
2025-02-05T20:35:30.986Z,0.986385,4a953fc0,6 [channel] Caps: ColorBGR 0 RTFlip 0 MinusOneToOneDepth 0
2025-02-05T20:35:30.992Z,0.992716,4a953fc0,6 [FLog::Graphics] Metal: creating framebuffer 5120x2528
2025-02-05T20:35:30.992Z,0.992801,4a953fc0,6 [FLog::Graphics] Video memory size: 2147483648
2025-02-05T20:35:30.997Z,0.997633,a36a000,6 [FLog::DataModelPatchConfigurer] OTAPollingEnabled set to: false
2025-02-05T20:35:31.019Z,1.019387,4a953fc0,6 [FLog::Graphics] Loaded 972 shaders from pack metal_osx variant default (7121760 bytes)
2025-02-05T20:35:31.019Z,1.019417,4a953fc0,6 [FLog::Graphics] Compiled 677 shaders in 26 ms
2025-02-05T20:35:31.052Z,1.052919,4a953fc0,6 [FLog::SurfaceController] SurfaceController::disableVR
2025-02-05T20:35:31.053Z,1.053079,4a953fc0,6 [FLog::SurfaceController] SurfaceController[_:1]::start dataModel(0x7fb17ba2aa00)
2025-02-05T20:35:31.053Z,1.053119,4a953fc0,6 [FLog::SurfaceController] SurfaceController::RenderJob[_:1]::RenderJob
2025-02-05T20:35:31.053Z,1.053135,4a953fc0,6 [FLog::SurfaceController] SurfaceController[_:1]::run dataModel(0x7fb17ba2aa00)
2025-02-05T20:35:31.053Z,1.053180,4a953fc0,6,Info [FLog::CrossExperienceVoiceController] CrossExperienceVoiceController: onCoordinatorTransitionEvent Started - LuaApp
2025-02-05T20:35:31.053Z,1.053195,4a953fc0,6 [FLog::SingleSurfaceApp] setStage: (stage:LuaApp)
2025-02-05T20:35:31.053Z,1.053244,4a953fc0,6 [FLog::SingleSurfaceApp] userDidLogin
2025-02-05T20:35:31.053Z,1.053259,4a953fc0,6 [FLog::SingleSurfaceApp] applyLocale
2025-02-05T20:35:31.053Z,1.053683,a46d000,6 [FLog::Output] (AppDelegate) Doing machine id check.
2025-02-05T20:35:31.069Z,1.069211,a36a000,6 [FLog::DataModelPatchConfigurer] [discovery-ota] Load configs for user key: user:3047960021
2025-02-05T20:35:31.069Z,1.069478,a36a000,6 [FLog::DataModelPatchConfigurer] [discovery-ota] Retrieving patch
2025-02-05T20:35:31.069Z,1.069498,a36a000,6 [FLog::DataModelPatchConfigurer] getCachedPatch DataModelPatchConfig : type=1, assetId=16639814581, assetVersion=1967, maxAppVersion=658, localAssetURI=
2025-02-05T20:35:31.312Z,1.312343,a36a000,6,Info [FLog::AudioFocusManager] AudioFocusManager::AudioFocusManager() constructor
2025-02-05T20:35:31.312Z,1.312415,a36a000,6,Info [FLog::AudioFocusService] AudioFocusService::AudioFocusService() constructor
2025-02-05T20:35:31.312Z,1.312435,a36a000,6,Info [FLog::AudioFocusService] AudioFocusService onServiceProvider invokation
2025-02-05T20:35:31.312Z,1.312450,a36a000,6,Info [FLog::AudioFocusService] AudioFocusService::AudioFocusService() onServiceProvider setup
2025-02-05T20:35:31.842Z,1.842144,a36a000,6 [FLog::SurfaceController] SurfaceController::RenderJob::stepDataModelJob: No DM yet. Continue...
2025-02-05T20:35:31.851Z,1.851451,4a953fc0,6 [FLog::SurfaceController] SurfaceController::RenderJob::scheduleRender: No data model. Bind workspace now...
2025-02-05T20:35:31.858Z,1.858230,4a953fc0,6 [FLog::Graphics] Metal: resizing main framebuffer to 5120x2880
2025-02-05T20:35:31.858Z,1.858325,4a953fc0,6 [FLog::Graphics] LayeredClothingMode updated: LC=1 HSR=1
2025-02-05T20:35:31.858Z,1.858481,4a953fc0,6 [FLog::Graphics] Future is bright shadows
2025-02-05T20:35:31.860Z,1.860516,4a953fc0,6 [FLog::Graphics] Terrain TextureArray 512x512, arraySize: 36, mip: 10
2025-02-05T20:35:31.866Z,1.866633,4a953fc0,6 [FLog::Graphics] SceneManager: resizing main targets to 2560x1440
2025-02-05T20:35:31.889Z,1.889800,a36a000,6 [FLog::Warning] Warning: Unable to fetch completed survey ids from app storage  
2025-02-05T20:35:31.947Z,1.947408,a36a000,6,Warning [DFLog::DMNotificationMonitor] DM notification received. Type 10
2025-02-05T20:35:32.003Z,2.003742,a46d000,6,Warning [DFLog::DMNotificationMonitor] DM notification received. Type 10
2025-02-05T20:35:32.019Z,2.019405,a46d000,6 [FLog::Error] Asset (Image) "rbxthumb://type=AvatarHeadShot&id=&w=48&h=48&filters=circular" load failed in TextureManager::PreloadTexture: Request failed
2025-02-05T20:35:32.065Z,2.065645,a46d000,6,Warning [DFLog::DMNotificationMonitor] DM notification received. Type 10
2025-02-05T20:35:32.065Z,2.065781,a46d000,6,Warning [DFLog::DMNotificationMonitor] DM notification received. Type 10
2025-02-05T20:35:32.332Z,2.332762,a36a000,6 [FLog::DataModelPatchConfigurer] [_DataModelPatch] Update OTA config
2025-02-05T20:35:32.337Z,2.337047,a46d000,6 [FLog::Error] Asset (Image) "rbxthumb://type=AvatarHeadShot&id=0&w=48&h=48&filters=circular" load failed in TextureManager::PreloadTexture: Request failed
2025-02-05T20:35:32.339Z,2.339593,a36a000,6 [FLog::Warning] Warning: HTTP error url:`https://apis.roblox.com/attribution/v1/events/post-authentication`
2025-02-05T20:35:32.339Z,2.339626,a36a000,6 [FLog::Warning] Warning: HTTP error code:`nil`
2025-02-05T20:35:32.339Z,2.339638,a36a000,6 [FLog::Warning] Warning: HTTP error body:`nil`
2025-02-05T20:35:32.341Z,2.341194,a46d000,6 [DFLog::SignalRCoreError] ID: 1 Disconnected - stop() called
2025-02-05T20:35:32.341Z,2.341457,a36a000,6,Warning [DFLog::DMNotificationMonitor] DM notification received. Type 28
2025-02-05T20:35:32.497Z,2.497364,9f5b000,6 [FLog::DataModelPatchConfigurer] [_DataModelPatch] Update OTA succeeded: {"SchemaVersion":"1","CanaryUserIds":[],"CanaryPercentage":0}
2025-02-05T20:35:32.497Z,2.497422,9f5b000,6 [FLog::DataModelPatchConfigurer] [_DataModelPatch] Update OTA config not deployed
2025-02-05T20:35:33.768Z,3.768536,9f5b000,6,Critical [DFLog::RbxStorage] RbxStorage::init [INIT] availableDiskSpace: 55274106880 bytes, oldCacheSize: -1 bytes, elapsed: 0.030 ms
2025-02-05T20:35:33.786Z,3.786893,9f5b000,6,Error [DFLog::SQLite] sqlite3_error_log: 283 - recovered 97 frames from WAL file /private/var/folders/83/3w46ryz13191t1qd7k9xctdm0000gn/T/Roblox/rbx-storage.db-wal
2025-02-05T20:35:33.790Z,3.790435,9f5b000,6,Critical [DFLog::RbxStorage] RbxStorage::init [DONE] name: TelemetryCache(SqliteCache+TelemetryCache(FileCache)), duration: 21.214 ms, dbOpenCount: 3, dbMaxMemory: 0.260 MiB, dbTotalSize: 0.000 MiB, dbNumItems: 1, fileTotalSize: 0.000 MiB, fileNumItems: 0
2025-02-05T20:35:33.790Z,3.790522,9f5b000,12,Error [DFLog::HttpTraceError] RbxStorage is not ready
2025-02-05T20:36:16.823Z,46.823704,a36a000,6 [FLog::DataModelPatchConfigurer] [discovery-ota] Update OTA config
2025-02-05T20:36:16.992Z,46.992947,9f5b000,6 [FLog::DataModelPatchConfigurer] [discovery-ota] Update OTA succeeded: {"SchemaVersion":"1","CanaryUserIds":[],"CanaryPercentage":0}
2025-02-05T20:36:16.992Z,46.992996,9f5b000,6 [FLog::DataModelPatchConfigurer] [discovery-ota] Update OTA config not deployed
2025-02-05T20:36:44.246Z,74.246292,9dd2000,12 [DFLog::HttpTraceError] CURLOPT_ERRORBUFFER: Empty reply from server
2025-02-05T20:36:44.246Z,74.246567,9dd2000,12 [DFLog::HttpTraceError] CURLOPT_ERRORBUFFER: Empty reply from server
2025-02-05T20:36:44.246Z,74.246597,9dd2000,12 [DFLog::HttpTraceError] CURLOPT_ERRORBUFFER: Empty reply from server
2025-02-05T20:36:44.246Z,74.246674,9f5b000,12 [DFLog::HttpTraceError] HttpResponse(#246 0x7fb1769d8820) time:11652.2ms (net:11651.6ms callback:0.0ms timeInRetryQueue:0.0ms) error:12 message:HttpError: Unknown url:{ "https://ephemeralcounters.api.roblox.com/v1.0/SequenceStatistics/BatchAddToSequencesV2?apiKey=<REDACTED>" } ip:128.116.44.3 external:0 numberOfTimesRetried:0
2025-02-05T20:36:44.246Z,74.246727,9f5b000,12 [DFLog::HttpTraceError] HttpResponse(#250 0x7fb1682d8420) time:11647.9ms (net:11647.8ms callback:0.0ms timeInRetryQueue:0.0ms) error:12 message:HttpError: Unknown url:{ "https://ecsv2.roblox.com/client/pbe" } ip:128.116.44.3 external:0 numberOfTimesRetried:0
2025-02-05T20:36:44.246Z,74.246758,9f5b000,12 [DFLog::HttpTraceError] HttpResponse(#251 0x7fb17dd66220) time:11647.8ms (net:11647.7ms callback:0.0ms timeInRetryQueue:0.0ms) error:12 message:HttpError: Unknown url:{ "https://client-telemetry.roblox.com" } ip:128.116.44.3 external:0 numberOfTimesRetried:0
2025-02-05T20:37:04.463Z,94.463821,a46d000,6,Warning [DFLog::DMNotificationMonitor] DM notification received. Type 10
2025-02-05T20:37:04.818Z,94.818474,9f5b000,12 [DFLog::HttpTraceError] HttpResponse(#327 0x7fb1632d2420) time:143.8ms (net:143.6ms callback:0.0ms timeInRetryQueue:0.0ms)status:403 Forbidden bodySize:145 url:{ "https://games.roblox.com/v1/games/3808081382/social-links/list" } ip:128.116.123.4 external:0 numberOfTimesRetried:0
2025-02-05T20:37:04.823Z,94.823677,a46d000,6 [FLog::Warning] Warning: HTTP error url:`https://games.roblox.com/v1/games/3808081382/social-links/list`
2025-02-05T20:37:04.823Z,94.823723,a46d000,6 [FLog::Warning] Warning: HTTP error code:`403`
2025-02-05T20:37:04.823Z,94.823738,a46d000,6 [FLog::Warning] Warning: HTTP error body:`{"errors":[{"code":3,"message":"Only users who are over twelve years of age may view social links.","userFacingMessage":"Something went wrong"}]}`
2025-02-05T20:37:04.847Z,94.847549,a46d000,6 [FLog::Warning] Warning: Unhandled Promise rejection:

table: 0xe40b02a7b0bb83df

CoreGui.RobloxGui.Modules.LuaApp.Thunks.Games.ApiFetchGameSocialLinks:22
CorePackages.Packages._Index.Rodux.Rodux.makeThunkMiddleware:18
CorePackages.Packages._Index.Rodux.Rodux.makeThunkMiddleware:17
CorePackages.Packages._Index.Rodux.Rodux.Store:116
CoreGui.RobloxGui.Modules.LuaApp.Thunks.Games.FetchGameDetailsPageData:106 function startSecondClassFetchPromises
CoreGui.RobloxGui.Modules.LuaApp.Thunks.Games.FetchGameDetailsPageData:220
CorePackages.Packages._Index.Promise.Promise:172 function runExecutor
CorePackages.Packages._Index.Promise.Promise:181

2025-02-05T20:37:09.531Z,99.531166,a267000,6,Warning [DFLog::DMNotificationMonitor] DM notification received. Type 10
2025-02-05T20:37:12.627Z,102.627701,4a953fc0,6 [FLog::SingleSurfaceApp] launchUGCGame: (stage:LuaApp).
2025-02-05T20:37:12.628Z,102.628059,4a953fc0,6,Info [FLog::CrossExperienceVoiceController] CrossExperienceVoiceController: onCoordinatorTransitionEvent Paused - LuaApp
2025-02-05T20:37:12.628Z,102.628098,4a953fc0,6 [FLog::SingleSurfaceApp] launchUGCGameInternal
2025-02-05T20:37:12.633Z,102.633148,4a953fc0,6 [FLog::SingleSurfaceApp] applyLocale
2025-02-05T20:37:12.633Z,102.633202,4a953fc0,6,Warning [FLog::UgcExperienceController] UgcExperienceController: stop: Did not start due to state.
2025-02-05T20:37:12.633Z,102.633209,4a953fc0,6,Info [FLog::CrossExperienceVoiceController] CrossExperienceVoiceController: onCoordinatorTransitionEvent Stopped - Ugc
2025-02-05T20:37:12.633Z,102.633224,4a953fc0,6,Info [FLog::CrossExperienceVoiceController] CrossExperienceVoiceController: removing all observers for type Ugc
2025-02-05T20:37:12.633Z,102.633232,4a953fc0,6,Warning [FLog::UgcExperienceController] UgcExperienceController: finalize: Did not finalize due to state.
2025-02-05T20:37:12.633Z,102.633240,4a953fc0,6,Info [FLog::UgcExperienceController] UgcExperienceController: initialize:
2025-02-05T20:37:12.633Z,102.633736,4a953fc0,6 [FLog::DataModelPatchConfigurer] [_DataModelPatch] Retrieving patch
2025-02-05T20:37:12.633Z,102.633751,4a953fc0,6 [FLog::DataModelPatchConfigurer] getCachedPatch DataModelPatchConfig : type=1, assetId=5345954812, assetVersion=10769, maxAppVersion=658, localAssetURI=rbxasset://models/DataModelPatch/DataModelPatch.rbxm
2025-02-05T20:37:12.633Z,102.633766,4a953fc0,6 [FLog::DataModelPatchConfigurer] getCachedPatch : numAttempts=10
2025-02-05T20:37:12.633Z,102.633842,4a953fc0,6 [FLog::DataModelPatchConfigurer] getCachedPatch : contentId=rbxasset://models/DataModelPatch/DataModelPatch.rbxm
2025-02-05T20:37:12.633Z,102.633850,4a953fc0,6 [FLog::DataModelPatchConfigurer] getCachedPatch : get patch from content provider for Model
2025-02-05T20:37:12.640Z,102.640160,a36a000,6,Warning [DFLog::DMNotificationMonitor] DM notification received. Type 10
2025-02-05T20:37:12.644Z,102.644737,4a953fc0,6 [FLog::DataModelPatchConfigurer] deserializeAndVerifyPatch with blake3
2025-02-05T20:37:12.926Z,102.926636,4a953fc0,6,Warning [DFLog::BootcampCLI139737Log] Hello world!!!!!!!!!!!!!!!!!!!!
2025-02-05T20:37:12.926Z,102.926674,4a953fc0,6,Warning [FLog::Output] Hello Earthlings!
2025-02-05T20:37:12.929Z,102.929146,4a953fc0,6,Info [FLog::Audio] OutputDevice 0: Cuffie esterne [BuiltIn] 48000/2
2025-02-05T20:37:13.095Z,103.095192,4a953fc0,6,Info [FLog::Audio] InputDevice 0: Microfono esterno({af0144be-277e-8cc3-0000000000000000}) 48000/1/4
2025-02-05T20:37:13.095Z,103.095253,4a953fc0,6,Info [FLog::Audio] InputDevice 1: Microfono iMac({50eb3c32-f018-032c-0000000000000000}) 48000/1/4
2025-02-05T20:37:13.106Z,103.106148,4a953fc0,6,Info [FLog::UgcExperienceController] UgcExperienceController: join: initialized dm 0x7fb171777000
2025-02-05T20:37:13.106Z,103.106201,4a953fc0,6 [FLog::GameJoinUtil] GameJoinUtil::joinGame
2025-02-05T20:37:13.106Z,103.106316,4a953fc0,6 [FLog::GameJoinUtil] GameJoinUtil::joinGamePostPrivateServer: URL: https://gamejoin.roblox.com/v1/join-private-game BODY: {"isTeleport":true,"placeId":10449761463,"gameJoinAttemptId":"a4cda726-7fb7-47ce-bc5a-2ae37a97247e","accessCode":"782fec9a-a323-4339-8dba-53e3dff5526d"}
2025-02-05T20:37:13.106Z,103.106384,4a953fc0,6 [FLog::GameJoinUtil] GameJoinUtil::makePlaceLauncherRequest: requestCount: 0, url: https://gamejoin.roblox.com/v1/join-private-game.
2025-02-05T20:37:13.106Z,103.106407,4a953fc0,6 [FLog::GameJoinUtil] Delaying request by 0.00 seconds
2025-02-05T20:37:13.106Z,103.106468,4a953fc0,6,Info [FLog::CrossExperienceVoiceController] CrossExperienceVoiceController: onCoordinatorTransitionEvent Started - Ugc
2025-02-05T20:37:13.106Z,103.106644,4a953fc0,6 [FLog::SurfaceController] [_:1]::replaceDataModel: (stage:3, window = 0x7fb171e35840) [tid:0x7fb17080d360]
2025-02-05T20:37:13.106Z,103.106674,4a953fc0,6 [FLog::SurfaceController] stop
2025-02-05T20:37:13.106Z,103.106689,4a953fc0,6 [FLog::SurfaceController] drainRenderingJobs
2025-02-05T20:37:13.106Z,103.106728,a36a000,6 [FLog::SurfaceController] SurfaceController::RenderJob[_:1]::~RenderJob
2025-02-05T20:37:13.108Z,103.108963,4a953fc0,6 [FLog::SurfaceController] SurfaceController[_:1]::start dataModel(0x7fb171777000)
2025-02-05T20:37:13.109Z,103.109077,4a953fc0,6 [FLog::SurfaceController] SurfaceController::RenderJob[_:2]::RenderJob
2025-02-05T20:37:13.109Z,103.109093,4a953fc0,6 [FLog::SurfaceController] SurfaceController[_:1]::run dataModel(0x7fb171777000)
2025-02-05T20:37:13.109Z,103.109123,4a953fc0,6 [FLog::SingleSurfaceApp] setStage: (stage:UGCGame)
2025-02-05T20:37:13.224Z,103.224915,a267000,6,Info [FLog::UgcExperienceController] UgcExperienceController: submitStartGameTask: scrips are loaded 0x7fb171777000
2025-02-05T20:37:13.225Z,103.225044,a267000,6 [FLog::SurfaceController] SurfaceController::RenderJob::stepDataModelJob: No DM yet. Continue...
2025-02-05T20:37:13.225Z,103.225830,4a953fc0,6 [FLog::SurfaceController] SurfaceController::RenderJob::scheduleRender: No data model. Bind workspace now...
2025-02-05T20:37:13.538Z,103.538391,a36a000,6 [FLog::GameJoinUtil] GameJoinUtil::makePlaceLauncherRequest, response:
{"jobId":"b2cf157c-a166-4933-8af6-b20f3f9555a8","status":2,"statusData":null,"joinScriptUrl":"https://assetgame.roblox.com/Game/Join.ashx?ticketVersion=2&ticket={\"UserId\"%3a3047960021%2c\"UserName\"%3a\"paninorealaccount009\"%2c\"DisplayName\"%3a\"Jack\"%2c\"CharacterFetchUrl\"%3a\"https%3a%2f%2fapi.roblox.com%2fv1.1%2favatar-fetch%2f%3fplaceId%3d10449761463%26userId%3d3047960021\"%2c\"GameId\"%3a\"b2cf157c-a166-4933-8af6-b20f3f9555a8\"%2c\"PlaceId\"%3a10449761463%2c\"UniverseId\"%3a3808081382%2c\"ServerId\"%3a1047718%2c\"ServerPort\"%3a61874%2c\"IsTeleport\"%3atrue%2c\"FollowUserId\"%3anull%2c\"TimeStamp\"%3a\"02%2f05%2f2025+20%3a37%3a13\"%2c\"CharacterAppearanceId\"%3a3047960021%2c\"AlternateName\"%3anull%2c\"JoinTypeId\"%3a4%2c\"MatchmakingDecisionId\"%3anull%2c\"GameJoinMetadata\"%3a{\"JoinSource\"%3a1%2c\"RequestType\"%3a1%2c\"MatchmakingDecisionId\"%3a\"00000000-0000-0000-0000-0000000
2025-02-05T20:37:13.538Z,103.538544,a36a000,6 [FLog::GameJoinUtil] Game join succeeded.
2025-02-05T20:37:13.538Z,103.538559,a36a000,6 [FLog::GameJoinUtil] GameJoinUtil::processing join parameters
2025-02-05T20:37:13.556Z,103.556160,a36a000,7 [FLog::Network] NetworkClient:Create
2025-02-05T20:37:13.557Z,103.557442,a36a000,6 [FLog::GameJoinUtil] Null EventId
2025-02-05T20:37:13.557Z,103.557533,a36a000,10 [DFLog::KeyRing] Parsed config created at: 11:59 4/1/2024.
2025-02-05T20:37:13.559Z,103.559837,a36a000,6 [FLog::Output] AnalyticsSessionId is 5e8976f2-042f-4f66-95b5-d1b73725855f.
2025-02-05T20:37:13.559Z,103.559875,a36a000,6 [FLog::Output] ! Joining game 'b2cf157c-a166-4933-8af6-b20f3f9555a8' place 10449761463 at 10.17.0.211
2025-02-05T20:37:13.559Z,103.559914,a36a000,6 [FLog::GameJoinLoadTime] Report game_join_loadtime: sid:5e8976f2-042f-4f66-95b5-d1b73725855f, clienttime:1738787833.632999897, join_time:0.93092675399999791352, referral_page:GameDetailPageJSHybridEvent, placeid:10449761463, userid:3047960021, universeid:3808081382, 
2025-02-05T20:37:13.563Z,103.563568,a36a000,7 [FLog::Network] Client will attempt to connect following server endpoints with threadSleepTime(-1)
2025-02-05T20:37:13.563Z,103.563591,a36a000,7 [FLog::Network] UDMUX Address = 128.116.21.33, Port = 61874 | RCC Server Address = 10.17.0.211, Port = 61874
2025-02-05T20:37:13.565Z,103.565102,a36a000,7 [FLog::Network] binding socket on inaddr_any:0

2025-02-05T20:37:13.577Z,103.577293,a36a000,6 [FLog::Output] Connecting to UDMUX server 128.116.21.33:61874, and RCC server 10.17.0.211:61874
2025-02-05T20:37:13.759Z,103.759583,a267000,6 [FLog::Output] Connection accepted from 128.116.21.33|61874
2025-02-05T20:37:13.761Z,103.761017,a267000,7 [FLog::Network] serverId: 128.116.21.33|61874
2025-02-05T20:37:13.761Z,103.761108,a267000,7 [FLog::Network] Replicator created for player 128.116.21.33|61874
2025-02-05T20:37:13.761Z,103.761116,a267000,7 [FLog::Network] Replicator created: 0x7fb1c4993c10
2025-02-05T20:37:13.909Z,103.909821,a36a000,7 [FLog::Network] Time taken to initialize schema = 6.503608 ms
2025-02-05T20:37:13.909Z,103.909958,a36a000,7 [FLog::Network] Assigned peer id = 4
2025-02-05T20:37:13.910Z,103.910347,a36a000,7 [FLog::Network] Join snapshot timer: 0.369095
2025-02-05T20:37:14.060Z,104.060089,a46d000,6,Info [FLog::AudioFocusService] AudioFocusService::AudioFocusService() constructor
2025-02-05T20:37:14.060Z,104.060135,a46d000,6,Info [FLog::AudioFocusService] AudioFocusService onServiceProvider invokation
2025-02-05T20:37:14.060Z,104.060143,a46d000,6,Info [FLog::AudioFocusService] AudioFocusService::AudioFocusService() onServiceProvider setup
2025-02-05T20:37:15.201Z,105.201332,4a953fc0,6 [FLog::Graphics] Future is bright shadows
2025-02-05T20:37:15.503Z,105.503716,4a953fc0,6 [FLog::Graphics] Terrain TextureArray 512x512, arraySize: 36, mip: 10
2025-02-05T20:37:15.742Z,105.742874,a36a000,6 [FLog::Output] INTERPRETER LOADED 68.1262169396
2025-02-05T20:37:15.760Z,105.760681,a36a000,6 [FLog::Output] Server RobloxGitHash: 56a89352ee772e2d2f053a2758f8679453495915
2025-02-05T20:37:15.760Z,105.760712,a36a000,6 [FLog::Output] Server Prefix: 0.659.0.6590474_20250205T203638Z_RCC_5aaa7
2025-02-05T20:37:15.823Z,105.823830,a46d000,6 [FLog::Output] REPLICATION LOADED 0.12188363075256348
2025-02-05T20:37:15.826Z,105.826477,a46d000,6 [FLog::Error] Error: Players.paninorealaccount009.PlayerGui.Emotes.LocalScript:209: missing argument #1
    Stack Begin
    Script 'Players.paninorealaccount009.PlayerGui.Emotes.LocalScript', Line 209
    Script 'Players.paninorealaccount009.PlayerGui.Emotes.LocalScript', Line 262
    Script 'Players.paninorealaccount009.PlayerGui.Emotes.LocalScript', Line 748
    Script 'Players.paninorealaccount009.PlayerGui.Emotes.LocalScript', Line 757
    Stack End
2025-02-05T20:37:16.003Z,106.003448,a36a000,6 [FLog::Output] CLIENT LOADED 0.22740697860717773
2025-02-05T20:37:17.105Z,107.105385,a267000,6 [FLog::Output] 


⚽ [KJ] The Strongest Battlegrounds uses TopbarPlus v2.9.1
🍍 TopbarPlus was developed by ForeverHD and the Nanoblox Team
🚀 You can learn more and take a free copy by searching for 'TopbarPlus' on the DevForum


2025-02-05T20:37:20.006Z,110.006050,b1f1000,6 [FLog::Error] Asset (Animation) "rbxassetid://0" load failed in Animation.AnimationId: Animation failed to load
2025-02-05T20:37:20.006Z,110.006088,b1f1000,6 [FLog::Error] Error: Failed to load animation with sanitized ID rbxassetid://0: Animation failed to load, assetId: https://assetdelivery.roblox.com/v1/asset?id=0&serverplaceid=10449761463
2025-02-05T20:37:31.127Z,121.127930,9f5b000,6 [FLog::Output] Settings Date header was Wed, 05 Feb 2025 20:37:22 GMT
2025-02-05T20:37:31.128Z,121.128189,9f5b000,6 [FLog::Output] Settings Date timestamp is 1738787842
2025-02-05T20:37:45.406Z,135.406906,4a953fc0,6 [FLog::SingleSurfaceApp] leaveUGCGame: (stage:UGCGame) blocking=0.
2025-02-05T20:37:45.406Z,135.406952,4a953fc0,6 [FLog::SingleSurfaceApp] leaveUGCGameInternal
2025-02-05T20:37:45.407Z,135.407684,4a953fc0,6 [FLog::SurfaceController] stop
2025-02-05T20:37:45.407Z,135.407700,4a953fc0,6 [FLog::SurfaceController] drainRenderingJobs
