2025-02-05T21:30:36.220Z,0.220919,4a953fc0,6 [FLog::MacLuaApp] (AppDelegate) application:openURLs:(
    "roblox-player:1+launchmode:play+gameinfo:umWROBwKnYoZQCwx-qx7moPsrkb9kkRZEwpGpitKPdO1hglB6K5gfUokXkTPYxyWZWjoRqOIhWJMB4ZiubwULshLKZAt3rm86c4LyG0q3p4dFsUVpbuvYv4IWcolT6H2DNnr7DGtBPg_GSilKMZb-6sGrqOaIsDZekSmZbVOCiXG5jiqi11c_hN9B9NOHF_vTPfihgHEC9RomNOIGXv2JBCRuuLqd0Lr7SWAnvqmmYM+launchtime:1738791034728+placelauncherurl:https%3A%2F%2Fwww.roblox.com%2FGame%2FPlaceLauncher.ashx%3Frequest%3DRequestGame%26browserTrackerId%3D1738344328674006%26placeId%3D8286149869%26isPlayTogetherGame%3Dfalse%26referredByPlayerId%3D0%26joinAttemptId%3D38194290-e953-4e2f-a90b-d722cf82746b%26joinAttemptOrigin%3DPlayButton+browsertrackerid:1738344328674006+robloxLocale:en_us+gameLocale:en_us+channel:+LaunchExp:InApp"
)
2025-02-05T21:30:36.221Z,0.221085,4a953fc0,6 [FLog::MacLuaApp] (AppDelegate) application:openURLs handling web launch
2025-02-05T21:30:36.221Z,0.221128,4a953fc0,6 [FLog::MacLuaApp] (AppDelegate) Argument 1 = launchmode:play
2025-02-05T21:30:36.221Z,0.221141,4a953fc0,6 [FLog::MacLuaApp] (AppDelegate) Argument 2 = gameinfo:umWROBwKnYoZQCwx-qx7moPsrkb9kkRZEwpGpitKPdO1hglB6K5gfUokXkTPYxyWZWjoRqOIhWJMB4ZiubwULshLKZAt3rm86c4LyG0q3p4dFsUVpbuvYv4IWcolT6H2DNnr7DGtBPg_GSilKMZb-6sGrqOaIsDZekSmZbVOCiXG5jiqi11c_hN9B9NOHF_vTPfihgHEC9RomNOIGXv2JBCRuuLqd0Lr7SWAnvqmmYM
2025-02-05T21:30:36.221Z,0.221152,4a953fc0,6 [FLog::MacLuaApp] (AppDelegate) Argument 3 = launchtime:1738791034728
2025-02-05T21:30:36.221Z,0.221162,4a953fc0,6 [FLog::MacLuaApp] (AppDelegate) Argument 4 = placelauncherurl:https%3A%2F%2Fwww.roblox.com%2FGame%2FPlaceLauncher.ashx%3Frequest%3DRequestGame%26browserTrackerId%3D1738344328674006%26placeId%3D8286149869%26isPlayTogetherGame%3Dfalse%26referredByPlayerId%3D0%26joinAttemptId%3D38194290-e953-4e2f-a90b-d722cf82746b%26joinAttemptOrigin%3DPlayButton
2025-02-05T21:30:36.221Z,0.221172,4a953fc0,6 [FLog::MacLuaApp] (AppDelegate) Argument 5 = browsertrackerid:1738344328674006
2025-02-05T21:30:36.221Z,0.221181,4a953fc0,6 [FLog::MacLuaApp] (AppDelegate) Argument 6 = robloxLocale:en_us
2025-02-05T21:30:36.221Z,0.221190,4a953fc0,6 [FLog::MacLuaApp] (AppDelegate) Argument 7 = gameLocale:en_us
2025-02-05T21:30:36.221Z,0.221199,4a953fc0,6 [FLog::MacLuaApp] (AppDelegate) Argument 8 = channel:
2025-02-05T21:30:36.221Z,0.221222,4a953fc0,6 [FLog::Output] Saved channel '' to 'com.roblox.RobloxPlayerChannel' for baseUrl 'www.roblox.com'
2025-02-05T21:30:36.221Z,0.221239,4a953fc0,6 [FLog::Output] RobloxChannel has been set to production
2025-02-05T21:30:36.221Z,0.221248,4a953fc0,6 [FLog::MacLuaApp] (AppDelegate) Argument 9 = LaunchExp:InApp
2025-02-05T21:30:36.221Z,0.221299,4a953fc0,6 [FLog::MacLuaApp] (AppDelegate) reportClientStatus url: https://www.roblox.com/client-status/set?browserTrackerId=1738344328674006&status=BootstrapperInstalling
2025-02-05T21:30:36.222Z,0.222577,4a953fc0,6 [FLog::MacLuaApp] (AppDelegate) application:openURLs cold launch. Defer web launch until after initialization is complete.
2025-02-05T21:30:36.222Z,0.222697,4a953fc0,6 [FLog::Output] (AppDelegate) applicationDidFinishLaunching
2025-02-05T21:30:36.222Z,0.222798,4a953fc0,6,Info [FLog::UpdateController] UpdateController: versionQueryUrl: https://clientsettingscdn.roblox.com/v2/client-version/MacPlayer
2025-02-05T21:30:36.222Z,0.222826,4a953fc0,6,Info [FLog::UpdateController] MacUpdateController: updaterFullPath: /Applications/Roblox.app/Contents/MacOS/RobloxPlayerInstaller.app/Contents/MacOS/RobloxPlayerInstaller
2025-02-05T21:30:36.222Z,0.222869,fa06000,6,Info [FLog::UpdateController] Update check thread started
2025-02-05T21:30:36.222Z,0.222898,fa06000,6,Info [FLog::UpdateController] Checking if updater exists at /Applications/Roblox.app/Contents/MacOS/RobloxPlayerInstaller.app/Contents/MacOS/RobloxPlayerInstaller. Returning 0
2025-02-05T21:30:36.222Z,0.222909,fa06000,6,Warning [FLog::UpdateController] Updater not found. Skipping update
2025-02-05T21:30:36.222Z,0.222915,4a953fc0,6 [FLog::Output] settingsUrl: https://clientsettingscdn.roblox.com/v2/settings-compressed/application/MacDesktopClient/876303bc5322fbc5499ad5d572b4a57fc6305ca10adf81769b9121c45b7d3a38.dcz
2025-02-05T21:30:36.222Z,0.222920,fa06000,6,Info [FLog::UpdateController] Update check thread: updateRequired FALSE
2025-02-05T21:30:36.275Z,0.275194,4a953fc0,6 [FLog::Output] Settings Date header was Wed, 05 Feb 2025 21:30:37 GMT
2025-02-05T21:30:36.275Z,0.275223,4a953fc0,6 [FLog::Output] Settings Date timestamp is 1738791037
2025-02-05T21:30:36.285Z,0.285442,4a953fc0,6 [FLog::ClientRunInfo] RobloxGitHash: 6874f45ec658019a67f19ab7de6e688c50292b01
2025-02-05T21:30:36.285Z,0.285593,4a953fc0,6 [FLog::ClientRunInfo] The base url is https://www.roblox.com/
2025-02-05T21:30:36.285Z,0.285604,4a953fc0,6 [FLog::ClientRunInfo] The channel is production
2025-02-05T21:30:36.295Z,0.295021,4a953fc0,6 [FLog::Output] *******
** Validated reflection database in 5.698294 ms, found 5363 entries with the following skipped: 0 enums, 0 properties, 0 functions, 0 events, 0 callbacks, 0 classes.
*******

2025-02-05T21:30:36.295Z,0.295498,4a953fc0,6 [FLog::Output] (AppDelegate) Universal App on Mac: initialize...
2025-02-05T21:30:36.295Z,0.295518,4a953fc0,6 [FLog::Output] syncCookiesFromNativeToEngine was skipped
2025-02-05T21:30:36.295Z,0.295583,4a953fc0,6 [FLog::Output] Current file descriptor limit is 2560, no need to increase
2025-02-05T21:30:36.295Z,0.295597,4a953fc0,6 [FLog::Output] (AppDelegate) web browserTrackerId = [1738344328674006].
2025-02-05T21:30:36.296Z,0.296765,4a953fc0,6 [FLog::Output] syncCookiesFromEngineToNative was skipped
2025-02-05T21:30:36.296Z,0.296789,4a953fc0,6 [FLog::Output] (AppDelegate) launchTimeMillis = [-1830]
2025-02-05T21:30:36.297Z,0.297002,4a953fc0,6,Info [FLog::PerformanceControlUtil] PerformanceControlUtil: registered single surface tunable (id=0)
2025-02-05T21:30:36.297Z,0.297103,4a953fc0,6 [FLog::SingleSurfaceApp] initializeWithAppStarter
2025-02-05T21:30:36.297Z,0.297118,4a953fc0,6 [FLog::SingleSurfaceApp] initializeSingleton
2025-02-05T21:30:36.297Z,0.297463,4a953fc0,6 [FLog::Output] setAssetFolder /Applications/Roblox.app/Contents/Resources/content/
2025-02-05T21:30:36.297Z,0.297683,4a953fc0,6 [FLog::Output] setExtraAssetFolder /Applications/Roblox.app/Contents/Resources/ExtraContent
2025-02-05T21:30:36.297Z,0.297835,4a953fc0,6 [FLog::Output] Evaluating deferred inferred crashes
2025-02-05T21:30:36.298Z,0.298458,4a953fc0,6 [FLog::SingleSurfaceApp] setStage: (stage:Native)
2025-02-05T21:30:36.298Z,0.298477,4a953fc0,6 [FLog::SingleSurfaceApp] setLocale
2025-02-05T21:30:36.298Z,0.298488,4a953fc0,6,Warning [FLog::SingleSurfaceApp] instantiate controllers
2025-02-05T21:30:36.298Z,0.298496,4a953fc0,6 [FLog::SurfaceController] SurfaceController[_:1]::SurfaceController, count: 1
2025-02-05T21:30:36.298Z,0.298506,4a953fc0,6,Warning [FLog::SingleSurfaceApp] instantiate experience coordinator
2025-02-05T21:30:36.298Z,0.298529,4a953fc0,6,Info [FLog::PerformanceControlUtil] PerformanceControlUtil: registered single surface tunable (id=1)
2025-02-05T21:30:36.298Z,0.298539,4a953fc0,6,Info [FLog::CrossExperienceVoiceController] CrossExperienceVoiceController::CrossExperienceVoiceController() constructor
2025-02-05T21:30:36.310Z,0.310974,f983000,6,Warning [FLog::HttpOpenTelemetryTracing] No active span to end
2025-02-05T21:30:36.311Z,0.311044,f983000,12 [DFLog::HttpTraceError] HttpResponse(#7 0x7fdb1801aa20) time:125.4ms (net:125.3ms callback:0.0ms timeInRetryQueue:0.0ms)status:404 Not Found bodySize:0 url:{ "https://users.roblox.com/" } ip:128.116.44.3 external:1 numberOfTimesRetried:0
2025-02-05T21:30:36.334Z,0.334975,f983000,6,Warning [FLog::HttpOpenTelemetryTracing] No active span to end
2025-02-05T21:30:36.335Z,0.335024,f983000,12 [DFLog::HttpTraceError] HttpResponse(#5 0x7fdb18019e20) time:149.4ms (net:149.3ms callback:0.0ms timeInRetryQueue:0.0ms)status:404 Not Found bodySize:0 url:{ "https://locale.roblox.com/" } ip:128.116.44.3 external:1 numberOfTimesRetried:0
2025-02-05T21:30:36.354Z,0.354745,f983000,6,Warning [FLog::HttpOpenTelemetryTracing] No active span to end
2025-02-05T21:30:36.354Z,0.354802,f983000,12 [DFLog::HttpTraceError] HttpResponse(#6 0x7fdb1801a420) time:169.2ms (net:169.1ms callback:0.0ms timeInRetryQueue:0.0ms)status:404 Not Found bodySize:0 url:{ "https://users.roblox.com/" } ip:128.116.44.3 external:1 numberOfTimesRetried:0
2025-02-05T21:30:36.397Z,0.397697,f983000,6,Warning [FLog::HttpOpenTelemetryTracing] No active span to end
2025-02-05T21:30:36.397Z,0.397752,f983000,12 [DFLog::HttpTraceError] HttpResponse(#0 0x7fdb18a85020) time:212.3ms (net:212.2ms callback:0.0ms timeInRetryQueue:0.0ms)status:404 Not Found bodySize:0 url:{ "https://accountsettings.roblox.com/" } ip:128.116.123.4 external:1 numberOfTimesRetried:0
2025-02-05T21:30:36.433Z,0.433800,f983000,6,Warning [FLog::HttpOpenTelemetryTracing] No active span to end
2025-02-05T21:30:36.433Z,0.433857,f983000,12 [DFLog::HttpTraceError] HttpResponse(#2 0x7fdb18a89220) time:248.3ms (net:248.2ms callback:0.0ms timeInRetryQueue:0.0ms)status:404 Not Found bodySize:0 url:{ "https://apis.roblox.com/" } ip:128.116.123.4 external:1 numberOfTimesRetried:0
2025-02-05T21:30:36.469Z,0.469038,f983000,6,Warning [FLog::HttpOpenTelemetryTracing] No active span to end
2025-02-05T21:30:36.469Z,0.469093,f983000,12 [DFLog::HttpTraceError] HttpResponse(#1 0x7fdb18a87620) time:283.6ms (net:283.4ms callback:0.0ms timeInRetryQueue:0.0ms)status:404 Not Found bodySize:0 url:{ "https://apis.roblox.com/" } ip:128.116.123.4 external:1 numberOfTimesRetried:0
2025-02-05T21:30:36.481Z,0.481027,f983000,6,Warning [FLog::HttpOpenTelemetryTracing] No active span to end
2025-02-05T21:30:36.481Z,0.481083,f983000,12 [DFLog::HttpTraceError] HttpResponse(#4 0x7fdb18019820) time:295.5ms (net:295.4ms callback:0.0ms timeInRetryQueue:0.0ms)status:404 Not Found bodySize:0 url:{ "https://apis.roblox.com/" } ip:128.116.123.4 external:1 numberOfTimesRetried:0
2025-02-05T21:30:36.493Z,0.493661,f983000,6,Warning [FLog::HttpOpenTelemetryTracing] No active span to end
2025-02-05T21:30:36.493Z,0.493716,f983000,12 [DFLog::HttpTraceError] HttpResponse(#3 0x7fdb18a89820) time:308.2ms (net:308.0ms callback:0.0ms timeInRetryQueue:0.0ms)status:404 Not Found bodySize:0 url:{ "https://apis.roblox.com/" } ip:128.116.123.4 external:1 numberOfTimesRetried:0
2025-02-05T21:30:36.594Z,0.594758,4a953fc0,6 [FLog::SingleSurfaceApp] launchUGCGame: (stage:Native).
2025-02-05T21:30:36.594Z,0.594777,4a953fc0,6 [FLog::SingleSurfaceApp] launchUGCGameInternal
2025-02-05T21:30:36.596Z,0.596464,4a953fc0,6 [FLog::SingleSurfaceApp] applyLocale
2025-02-05T21:30:36.596Z,0.596482,4a953fc0,6,Info [FLog::UgcExperienceController] UgcExperienceController: initialize:
2025-02-05T21:30:36.597Z,0.597026,4a953fc0,6 [FLog::DataModelPatchConfigurer] [_DataModelPatch] Load configs for user key: app:1423803869895817846
2025-02-05T21:30:36.597Z,0.597767,4a953fc0,6 [FLog::DataModelPatchConfigurer] [_DataModelPatch] Retrieving patch
2025-02-05T21:30:36.597Z,0.597783,4a953fc0,6 [FLog::DataModelPatchConfigurer] getCachedPatch DataModelPatchConfig : type=1, assetId=5345954812, assetVersion=10769, maxAppVersion=658, localAssetURI=rbxasset://models/DataModelPatch/DataModelPatch.rbxm
2025-02-05T21:30:36.597Z,0.597793,4a953fc0,6 [FLog::DataModelPatchConfigurer] getCachedPatch : numAttempts=10
2025-02-05T21:30:36.597Z,0.597833,4a953fc0,6 [FLog::DataModelPatchConfigurer] getCachedPatch : contentId=rbxasset://models/DataModelPatch/DataModelPatch.rbxm
2025-02-05T21:30:36.597Z,0.597843,4a953fc0,6 [FLog::DataModelPatchConfigurer] getCachedPatch : get patch from content provider for Model
2025-02-05T21:30:36.604Z,0.604377,4a953fc0,6 [FLog::DataModelPatchConfigurer] deserializeAndVerifyPatch with blake3
2025-02-05T21:30:36.889Z,0.889559,4a953fc0,6,Warning [DFLog::BootcampCLI139737Log] Hello world!!!!!!!!!!!!!!!!!!!!
2025-02-05T21:30:36.889Z,0.889596,4a953fc0,6,Warning [FLog::Output] Hello Earthlings!
2025-02-05T21:30:36.947Z,0.947136,4a953fc0,6,Info [FLog::Audio] OutputDevice 0: Cuffie esterne [BuiltIn] 48000/2
2025-02-05T21:30:36.967Z,0.967735,4a953fc0,6,Info [FLog::Audio] InputDevice 0: Microfono esterno({af0144be-277e-8cc3-0000000000000000}) 48000/1/4
2025-02-05T21:30:36.967Z,0.967770,4a953fc0,6,Info [FLog::Audio] InputDevice 1: Microfono iMac({50eb3c32-f018-032c-0000000000000000}) 48000/1/4
2025-02-05T21:30:37.025Z,1.025811,4a953fc0,6,Info [FLog::UgcExperienceController] UgcExperienceController: join: initialized dm 0x7fdb27bec600
2025-02-05T21:30:37.025Z,1.025859,4a953fc0,6 [FLog::GameJoinUtil] GameJoinUtil::joinGame
2025-02-05T21:30:37.025Z,1.025983,4a953fc0,6 [FLog::GameJoinUtil] GameJoinUtil::joinGamePostStandard: URL: https://gamejoin.roblox.com/v1/join-game BODY: {"isTeleport":true,"placeId":8286149869,"gameJoinAttemptId":"38194290-e953-4e2f-a90b-d722cf82746b"}
2025-02-05T21:30:37.026Z,1.026062,4a953fc0,6 [FLog::GameJoinUtil] GameJoinUtil::makePlaceLauncherRequest: requestCount: 0, url: https://gamejoin.roblox.com/v1/join-game.
2025-02-05T21:30:37.026Z,1.026087,4a953fc0,6 [FLog::GameJoinUtil] Delaying request by 0.00 seconds
2025-02-05T21:30:37.026Z,1.026154,4a953fc0,6,Info [FLog::CrossExperienceVoiceController] CrossExperienceVoiceController: onCoordinatorTransitionEvent Started - Ugc
2025-02-05T21:30:37.026Z,1.026319,4a953fc0,6 [FLog::SurfaceController] [_:1]::replaceDataModel: (stage:0, window = 0x7fdb16bd0350) [tid:0x7fdb18824d60]
2025-02-05T21:30:37.026Z,1.026982,4a953fc0,6,Warning [FLog::Graphics] RenderView created[1]
2025-02-05T21:30:37.029Z,1.029544,4a953fc0,6 [FLog::Graphics] Metal renderer: AMD Radeon Pro 5300
2025-02-05T21:30:37.029Z,1.029572,4a953fc0,6 [channel] Caps: ThreadSafe 1 Framebuffer 1 FpFramebuffer 1 Shaders 1 Compute 1 Instancing 1 PerInstanceStream 1 ConstBuffers 1
2025-02-05T21:30:37.029Z,1.029584,4a953fc0,6 [channel] Caps: Framebuffer: MRT 4 MSAA 8 Stencil 1
2025-02-05T21:30:37.029Z,1.029593,4a953fc0,6 [channel] Caps: Framebuffer: Depth16 1 Depth24 1 DepthFloat 1 DepthClamp 1
2025-02-05T21:30:37.029Z,1.029602,4a953fc0,6 [channel] Caps: Border Color 1
2025-02-05T21:30:37.029Z,1.029611,4a953fc0,6 [channel] Caps: Texture: RGB10A2 1 RG11B10F 1 R16I 1
2025-02-05T21:30:37.029Z,1.029620,4a953fc0,6 [channel] Caps: Texture: BC6H 1 ASTC HDR 0
2025-02-05T21:30:37.029Z,1.029628,4a953fc0,6 [channel] Caps: Texture: DXT 1 PVR 0 ETC1 0 ETC2 0 Half 1
2025-02-05T21:30:37.029Z,1.029637,4a953fc0,6 [channel] Caps: Texture: 3D 1 Array 1 Depth 1 MSAA 1 MSAAFP16 8
2025-02-05T21:30:37.029Z,1.029645,4a953fc0,6 [channel] Caps: Texture: NPOT 1 PartialMips 1 CubeMipGen 1 CubeFramebuffer 1
2025-02-05T21:30:37.029Z,1.029653,4a953fc0,6 [channel] Caps: Texture: Size 8192 Units 32 VertexUnits 32
2025-02-05T21:30:37.029Z,1.029662,4a953fc0,6 [channel] Caps: ConstantBufferSize 65536
2025-02-05T21:30:37.029Z,1.029670,4a953fc0,6 [channel] Caps: isAppleGPU 0
2025-02-05T21:30:37.029Z,1.029678,4a953fc0,6 [channel] Caps: 32bIdx 1 Memoryless 0
2025-02-05T21:30:37.029Z,1.029685,4a953fc0,6 [channel] Caps: ColorBGR 0 RTFlip 0 MinusOneToOneDepth 0
2025-02-05T21:30:37.034Z,1.034508,4a953fc0,6 [FLog::Graphics] Metal: creating framebuffer 5120x2528
2025-02-05T21:30:37.034Z,1.034559,4a953fc0,6 [FLog::Graphics] Video memory size: 2147483648
2025-02-05T21:30:37.084Z,1.084349,4a953fc0,6 [FLog::Graphics] Loaded 972 shaders from pack metal_osx variant default (7121760 bytes)
2025-02-05T21:30:37.084Z,1.084377,4a953fc0,6 [FLog::Graphics] Compiled 677 shaders in 49 ms
2025-02-05T21:30:37.105Z,1.105796,4a953fc0,6 [FLog::SurfaceController] SurfaceController::disableVR
2025-02-05T21:30:37.105Z,1.105955,4a953fc0,6 [FLog::SurfaceController] SurfaceController[_:1]::start dataModel(0x7fdb27bec600)
2025-02-05T21:30:37.106Z,1.106003,4a953fc0,6 [FLog::SurfaceController] SurfaceController::RenderJob[_:1]::RenderJob
2025-02-05T21:30:37.106Z,1.106019,4a953fc0,6 [FLog::SurfaceController] SurfaceController[_:1]::run dataModel(0x7fdb27bec600)
2025-02-05T21:30:37.106Z,1.106036,4a953fc0,6 [FLog::SingleSurfaceApp] setStage: (stage:UGCGame)
2025-02-05T21:30:37.106Z,1.106050,4a953fc0,6 [FLog::SingleSurfaceApp] userDidLogin
2025-02-05T21:30:37.106Z,1.106060,4a953fc0,6 [FLog::SingleSurfaceApp] applyLocale
2025-02-05T21:30:37.106Z,1.106089,ff1e000,6 [FLog::Output] (AppDelegate) Doing machine id check.
2025-02-05T21:30:37.125Z,1.125185,10021000,6,Info [FLog::UgcExperienceController] UgcExperienceController: submitStartGameTask: scrips are loaded 0x7fdb27bec600
2025-02-05T21:30:37.224Z,1.224988,fe1b000,6 [FLog::SurfaceController] SurfaceController::RenderJob::stepDataModelJob: No DM yet. Continue...
2025-02-05T21:30:37.241Z,1.241133,4a953fc0,6 [FLog::SurfaceController] SurfaceController::RenderJob::scheduleRender: No data model. Bind workspace now...
2025-02-05T21:30:37.247Z,1.247363,4a953fc0,6 [FLog::Graphics] Metal: resizing main framebuffer to 5120x2880
2025-02-05T21:30:37.247Z,1.247449,4a953fc0,6 [FLog::Graphics] LayeredClothingMode updated: LC=1 HSR=1
2025-02-05T21:30:37.256Z,1.256877,4a953fc0,6 [FLog::Graphics] SceneManager: resizing main targets to 2560x1440
2025-02-05T21:30:37.421Z,1.421576,10021000,6 [FLog::GameJoinUtil] GameJoinUtil::makePlaceLauncherRequest, response:
{"jobId":"c694ed4e-3b05-4cc8-8c49-2d134afa00fe","status":2,"statusData":null,"joinScriptUrl":"https://assetgame.roblox.com/Game/Join.ashx?ticketVersion=2&ticket={\"UserId\"%3a3047960021%2c\"UserName\"%3a\"paninorealaccount009\"%2c\"DisplayName\"%3a\"Jack\"%2c\"CharacterFetchUrl\"%3a\"https%3a%2f%2fapi.roblox.com%2fv1.1%2favatar-fetch%2f%3fplaceId%3d8286149869%26userId%3d3047960021\"%2c\"GameId\"%3a\"c694ed4e-3b05-4cc8-8c49-2d134afa00fe\"%2c\"PlaceId\"%3a8286149869%2c\"UniverseId\"%3a3177453609%2c\"ServerId\"%3a1117214%2c\"ServerPort\"%3a56977%2c\"IsTeleport\"%3atrue%2c\"FollowUserId\"%3anull%2c\"TimeStamp\"%3a\"02%2f05%2f2025+21%3a30%3a38\"%2c\"CharacterAppearanceId\"%3a3047960021%2c\"AlternateName\"%3anull%2c\"JoinTypeId\"%3a10%2c\"MatchmakingDecisionId\"%3a\"313e7b4d-e3a3-4ce7-b132-4024079bb6c4\"%2c\"GameJoinMetadata\"%3a{\"JoinSource\"%3a1%2c\"RequestType\"%3a0%2c\"MatchmakingDecisionId\"%3
2025-02-05T21:30:37.421Z,1.421721,10021000,6 [FLog::GameJoinUtil] Game join succeeded.
2025-02-05T21:30:37.421Z,1.421737,10021000,6 [FLog::GameJoinUtil] GameJoinUtil::processing join parameters
2025-02-05T21:30:37.438Z,1.438550,fe1b000,7 [FLog::Network] NetworkClient:Create
2025-02-05T21:30:37.439Z,1.439881,fe1b000,6 [FLog::GameJoinUtil] Null EventId
2025-02-05T21:30:37.439Z,1.439969,fe1b000,10 [DFLog::KeyRing] Parsed config created at: 11:59 4/1/2024.
2025-02-05T21:30:37.442Z,1.442725,fe1b000,6 [FLog::Output] AnalyticsSessionId is cdf24efd-3771-426e-8403-084e02aa4ee6.
2025-02-05T21:30:37.442Z,1.442769,fe1b000,6 [FLog::Output] ! Joining game 'c694ed4e-3b05-4cc8-8c49-2d134afa00fe' place 8286149869 at 10.30.7.7
2025-02-05T21:30:37.442Z,1.442806,fe1b000,6 [FLog::GameJoinLoadTime] Report game_join_loadtime: sid:cdf24efd-3771-426e-8403-084e02aa4ee6, clienttime:1738791038.1119999886, join_time:0.84514690000000014525, referral_page:RequestGame, placeid:8286149869, userid:3047960021, universeid:3177453609, 
2025-02-05T21:30:37.444Z,1.444335,fe1b000,7 [FLog::Network] Client will attempt to connect following server endpoints with threadSleepTime(-1)
2025-02-05T21:30:37.444Z,1.444350,fe1b000,7 [FLog::Network] UDMUX Address = 128.116.13.33, Port = 56977 | RCC Server Address = 10.30.7.7, Port = 56977
2025-02-05T21:30:37.445Z,1.445320,fe1b000,7 [FLog::Network] binding socket on inaddr_any:0

2025-02-05T21:30:37.456Z,1.456342,fe1b000,6 [FLog::Output] Connecting to UDMUX server 128.116.13.33:56977, and RCC server 10.30.7.7:56977
2025-02-05T21:30:37.621Z,1.621905,10021000,6 [FLog::Output] Connection accepted from 128.116.13.33|56977
2025-02-05T21:30:37.623Z,1.623216,10021000,7 [FLog::Network] serverId: 128.116.13.33|56977
2025-02-05T21:30:37.623Z,1.623325,10021000,7 [FLog::Network] Replicator created for player 128.116.13.33|56977
2025-02-05T21:30:37.623Z,1.623343,10021000,7 [FLog::Network] Replicator created: 0x7fdb5f50d790
2025-02-05T21:30:37.754Z,1.754967,10021000,7 [FLog::Network] call to onreceive before physicsReceiver is initialized are ready, dropping packet
2025-02-05T21:30:37.778Z,1.778169,fe1b000,7 [FLog::Network] Time taken to initialize schema = 6.507768 ms
2025-02-05T21:30:37.778Z,1.778304,fe1b000,7 [FLog::Network] Assigned peer id = 21
2025-02-05T21:30:37.779Z,1.779264,fe1b000,7 [FLog::Network] Join snapshot timer: 0.940938
2025-02-05T21:30:37.789Z,1.789202,10021000,6 [FLog::DataModelPatchConfigurer] OTAPollingEnabled set to: false
2025-02-05T21:30:37.827Z,1.827041,10021000,6,Info [FLog::AudioFocusManager] AudioFocusManager::AudioFocusManager() constructor
2025-02-05T21:30:37.827Z,1.827079,10021000,6,Info [FLog::AudioFocusService] AudioFocusService::AudioFocusService() constructor
2025-02-05T21:30:37.827Z,1.827096,10021000,6,Info [FLog::AudioFocusService] AudioFocusService onServiceProvider invokation
2025-02-05T21:30:37.827Z,1.827106,10021000,6,Info [FLog::AudioFocusService] AudioFocusService::AudioFocusService() onServiceProvider setup
2025-02-05T21:30:38.501Z,2.501787,fe1b000,6 [FLog::Output] Server RobloxGitHash: 56a89352ee772e2d2f053a2758f8679453495915
2025-02-05T21:30:38.501Z,2.501810,fe1b000,6 [FLog::Output] Server Prefix: 0.659.0.6590474_20250205T212952Z_RCC_f421f
2025-02-05T21:30:38.714Z,2.714870,4a953fc0,6 [FLog::Graphics] Terrain TextureArray 512x512, arraySize: 36, mip: 10
2025-02-05T21:30:39.092Z,3.092053,f983000,6,Critical [DFLog::RbxStorage] RbxStorage::init [INIT] availableDiskSpace: 54827216896 bytes, oldCacheSize: -1 bytes, elapsed: 0.059 ms
2025-02-05T21:30:39.117Z,3.117682,f983000,6,Error [DFLog::SQLite] sqlite3_error_log: 283 - recovered 361 frames from WAL file /private/var/folders/83/3w46ryz13191t1qd7k9xctdm0000gn/T/Roblox/rbx-storage.db-wal
2025-02-05T21:30:39.124Z,3.124228,f983000,6,Critical [DFLog::RbxStorage] RbxStorage::init [DONE] name: TelemetryCache(SqliteCache+TelemetryCache(FileCache)), duration: 30.437 ms, dbOpenCount: 9, dbMaxMemory: 0.260 MiB, dbTotalSize: 0.000 MiB, dbNumItems: 1, fileTotalSize: 0.000 MiB, fileNumItems: 0
2025-02-05T21:30:39.236Z,3.236045,10021000,6 [FLog::Error] Error: Failed to load sound rbxassetid://2400723864: User is not authorized to access Asset.
2025-02-05T21:30:39.236Z,3.236094,10021000,6 [FLog::Error] Error: Failed to load sound rbxassetid://1372259: User is not authorized to access Asset.
2025-02-05T21:30:39.236Z,3.236109,10021000,6 [FLog::Error] Error: Failed to load sound rbxassetid://11420933: User is not authorized to access Asset.
2025-02-05T21:30:39.527Z,3.527309,fe1b000,6,Info [DFLog::TrackerAnimationStreamSourceTrace] open
2025-02-05T21:30:40.831Z,4.831245,ff1e000,6 [FLog::Output] Hidden Surface Removal data for Head in YahirGalan07 https://assetdelivery.roblox.com/v1/asset/?id=6568378085 is invalid, reason: HSR data has not uploaded as hsrId, please publish the place or the model. HSR data is empty.
2025-02-05T21:30:40.831Z,4.831293,ff1e000,6 [FLog::Output] HSR data for Head has not uploaded as hsrId, please publish the place or the model.
2025-02-05T21:30:43.425Z,7.425332,fe1b000,6 [FLog::Output] Hidden Surface Removal data for Head in YahirGalan07 https://assetdelivery.roblox.com/v1/asset/?id=6568378085 is invalid, reason: HSR data has not uploaded as hsrId, please publish the place or the model. HSR data is empty.
2025-02-05T21:30:43.425Z,7.425374,fe1b000,6 [FLog::Output] HSR data for Head has not uploaded as hsrId, please publish the place or the model.
2025-02-05T21:30:54.253Z,18.253565,fe1b000,6 [FLog::Error] Error: Player is not a valid member of LocalScript "cV1O7tNXJ5N9DK2Kq2mn"
    Stack Begin
    Script 'Script Raptor.Thread', Line 12
    Stack End
2025-02-05T21:31:48.941Z,72.941330,fe1b000,6 [FLog::Warning] Warning: Infinite yield possible on 'cV1O7tNXJ5N9DK2Kq2mn:WaitForChild("Player")'
2025-02-05T21:31:48.946Z,72.946358,fe1b000,6 [FLog::Output] Info: Stack Begin
2025-02-05T21:31:48.946Z,72.946457,fe1b000,6 [FLog::Output] Info: Script 'Script Raptor.Thread', Line 542
2025-02-05T21:31:48.946Z,72.946495,fe1b000,6 [FLog::Output] Info: Script 'Script Raptor.Thread', Line 1
2025-02-05T21:31:48.946Z,72.946518,fe1b000,6 [FLog::Output] Info: Stack End
2025-02-05T21:32:37.188Z,121.188759,f983000,6 [FLog::Output] Settings Date header was Wed, 05 Feb 2025 21:32:22 GMT
2025-02-05T21:32:37.188Z,121.188835,f983000,6 [FLog::Output] Settings Date timestamp is 1738791142
2025-02-05T21:34:37.261Z,241.261612,f983000,6 [FLog::Output] Settings Date header was Wed, 05 Feb 2025 21:34:38 GMT
2025-02-05T21:34:37.262Z,241.262344,f983000,6 [FLog::Output] Settings Date timestamp is 1738791278
2025-02-05T21:36:18.050Z,342.050629,10021000,6 [FLog::Output] Hidden Surface Removal data for Handle https://assetdelivery.roblox.com/v1/asset/?id=13253845633 is invalid, reason: HSR data has not uploaded as hsrId, please publish the place or the model. HSR data is empty.
2025-02-05T21:36:18.050Z,342.050903,10021000,6 [FLog::Output] HSR data for Eyebrow has not uploaded as hsrId, please publish the place or the model.
2025-02-05T21:36:37.342Z,361.342041,f983000,6 [FLog::Output] Settings Date header was Wed, 05 Feb 2025 21:36:24 GMT
2025-02-05T21:36:37.342Z,361.342102,f983000,6 [FLog::Output] Settings Date timestamp is 1738791384
2025-02-05T21:38:37.419Z,481.419922,f983000,6 [FLog::Output] Settings Date header was Wed, 05 Feb 2025 21:38:22 GMT
2025-02-05T21:38:37.420Z,481.420624,f983000,6 [FLog::Output] Settings Date timestamp is 1738791502
2025-02-05T21:40:31.997Z,595.997986,fe1b000,6 [FLog::Warning] Warning: trying to set locked parent!
2025-02-05T21:40:37.496Z,601.496582,f983000,6 [FLog::Output] Settings Date header was Wed, 05 Feb 2025 21:40:22 GMT
2025-02-05T21:40:37.496Z,601.496643,f983000,6 [FLog::Output] Settings Date timestamp is 1738791622
2025-02-05T21:40:51.486Z,615.486938,fe1b000,6,Error [FLog::FMOD] FMOD API error, FMOD_RESULT:46, instance:0x7fdb20007008, functionname:System::playSound, functionparams:0x7fdb105b5128, 0x7fdb1fd134c8, true, 0x7fdb201ae0a0
2025-02-05T21:40:51.486Z,615.487000,fe1b000,6,Error [FLog::FMOD] FMOD object: 0x7fdb20007008, parent: 0x7fdb201adfe0, fmodOperation: playSound, error: Operation could not be performed because specified sound/DSP connection is not ready.
2025-02-05T21:40:59.697Z,623.697815,fe1b000,6,Info [DFLog::TrackerAnimationStreamSourceTrace] close
2025-02-05T21:40:59.698Z,623.698425,fe1b000,6,Info [DFLog::TrackerAnimationStreamSourceTrace] open
2025-02-05T21:40:59.706Z,623.706238,fe1b000,6,Info [DFLog::TrackerAnimationStreamSourceTrace] close
2025-02-05T21:41:04.725Z,628.725159,fe1b000,6 [FLog::Warning] Warning: Infinite yield possible on 'Workspace.Model:WaitForChild("Humanoid")'
2025-02-05T21:41:04.725Z,628.725220,fe1b000,6 [FLog::Output] Info: Stack Begin
2025-02-05T21:41:04.725Z,628.725281,fe1b000,6 [FLog::Output] Info: Script 'Script Raptor.Thread', Line 542
2025-02-05T21:41:04.725Z,628.725281,fe1b000,6 [FLog::Output] Info: Script 'Script Raptor.Thread', Line 11114
2025-02-05T21:41:04.725Z,628.725281,fe1b000,6 [FLog::Output] Info: Stack End
2025-02-05T21:41:04.725Z,628.725281,fe1b000,6 [FLog::Warning] Warning: Infinite yield possible on 'Workspace.Model:WaitForChild("Humanoid")'
2025-02-05T21:41:04.725Z,628.725342,fe1b000,6 [FLog::Output] Info: Stack Begin
2025-02-05T21:41:04.725Z,628.725342,fe1b000,6 [FLog::Output] Info: Script 'Script Raptor.Thread', Line 495
2025-02-05T21:41:04.725Z,628.725342,fe1b000,6 [FLog::Output] Info: Script 'Players.paninorealaccount009.PlayerScripts.LocalScript', Line 198
2025-02-05T21:41:04.725Z,628.725342,fe1b000,6 [FLog::Output] Info: Stack End
2025-02-05T21:41:04.766Z,628.766052,fe1b000,6 [FLog::Warning] Warning: Infinite yield possible on 'Workspace.paninorealaccount009:WaitForChild("Humanoid")'
2025-02-05T21:41:04.766Z,628.766113,fe1b000,6 [FLog::Output] Info: Stack Begin
2025-02-05T21:41:04.766Z,628.766113,fe1b000,6 [FLog::Output] Info: Script 'Script Raptor.Thread', Line 495
2025-02-05T21:41:04.766Z,628.766174,fe1b000,6 [FLog::Output] Info: Script 'Players.paninorealaccount009.PlayerScripts.LocalScript', Line 198
2025-02-05T21:41:04.766Z,628.766174,fe1b000,6 [FLog::Output] Info: Stack End
2025-02-05T21:41:28.528Z,652.528015,fe1b000,6,Warning [DFLog::DMNotificationMonitor] DM notification received. Type 35
2025-02-05T21:41:28.537Z,652.537109,4a953fc0,6 [FLog::SingleSurfaceApp] leaveUGCGame: (stage:UGCGame) blocking=0.
2025-02-05T21:41:28.537Z,652.537170,4a953fc0,6 [FLog::SingleSurfaceApp] leaveUGCGameInternal
2025-02-05T21:41:28.537Z,652.537903,4a953fc0,6 [FLog::SurfaceController] stop
2025-02-05T21:41:28.537Z,652.537964,4a953fc0,6 [FLog::SurfaceController] drainRenderingJobs
2025-02-05T21:41:28.537Z,652.537964,4a953fc0,6 [FLog::SurfaceController] SurfaceController::RenderJob[_:1]::~RenderJob
2025-02-05T21:41:28.553Z,652.553955,4a953fc0,6,Info [FLog::UgcExperienceController] UgcExperienceController: destroyCaptureModeDataModelIfExists: begin
2025-02-05T21:41:28.553Z,652.553955,4a953fc0,6,Info [FLog::UgcExperienceController] UgcExperienceController: destroyCaptureModeDataModelIfExists: end
2025-02-05T21:41:28.554Z,652.554016,4a953fc0,6,Info [FLog::UgcExperienceController] UgcExperienceController: stop: begin (blocking=false dataModel=0x7fdb27bec600)
2025-02-05T21:41:28.554Z,652.554016,4a953fc0,6,Info [FLog::UgcExperienceController] UgcExperienceController: sendAnalyticsBeforeLeave: sending event None_None
2025-02-05T21:41:28.554Z,652.554077,4a953fc0,6,Info [FLog::CrossExperienceVoiceController] CrossExperienceVoiceController: onCoordinatorTransitionEvent Stopped - Ugc
2025-02-05T21:41:28.554Z,652.554077,4a953fc0,6,Info [FLog::CrossExperienceVoiceController] CrossExperienceVoiceController: removing all observers for type Ugc
2025-02-05T21:41:28.555Z,652.555664,4a953fc0,6 [FLog::SingleSurfaceApp] setStage: (stage:Native)
2025-02-05T21:41:28.555Z,652.555725,4a953fc0,6 [DFLog::SignalRCoreError] ID: 1 Disconnected - stop() called
2025-02-05T21:41:28.584Z,652.584106,fe1b000,7 [FLog::Network] Client:Disconnect
2025-02-05T21:41:28.584Z,652.584900,fe1b000,7 [FLog::Network] Time to disconnect replication data: 0.772706
2025-02-05T21:41:28.585Z,652.585571,fe1b000,7 [FLog::Network] Sending disconnect with reason: 285
2025-02-05T21:41:28.585Z,652.585571,fe1b000,7 [FLog::Network] Sending disconnect with reason: 285
2025-02-05T21:41:28.585Z,652.585571,10be6000,7 [FLog::Network] Sending disconnect with reason: 285
2025-02-05T21:41:28.585Z,652.585632,10be6000,7 [FLog::Network] Connection lost
2025-02-05T21:41:28.585Z,652.585632,10be6000,7 [FLog::Network] Connection lost: connectMode: Disconnect ASAP, timeMS:652585, connectionTime 1564
2025-02-05T21:41:28.585Z,652.585632,10be6000,7 [FLog::Network] Connection lost: AckTimeout 0, IsOutgoingDataWaiting 0
2025-02-05T21:41:28.585Z,652.585632,10be6000,7 [FLog::Network] Disconnection Notification. Reason: 285
2025-02-05T21:41:29.022Z,653.022888,fe1b000,6,Info [FLog::AudioFocusService] AudioFocusService onServiceProvider invokation
2025-02-05T21:41:29.022Z,653.022888,fe1b000,6,Info [FLog::AudioFocusService] AudioFocusService::AudioFocusService() onServiceProvider teardown
2025-02-05T21:41:29.023Z,653.023254,fe1b000,7 [FLog::Network] Client:Disconnect
2025-02-05T21:41:29.151Z,653.151978,fe1b000,7 [FLog::Network] NetworkClient:Remove
2025-02-05T21:41:29.152Z,653.152039,fe1b000,7 [DFLog::MegaReplicatorLogDisconnectCleanUpLog] Destroying MegaReplicator.
2025-02-05T21:41:29.220Z,653.220459,fe1b000,6,Info [FLog::AudioFocusService] AudioFocusService::AudioFocusService() destructor
2025-02-05T21:41:29.270Z,653.270447,10021000,7 [FLog::Network] Replicator destroyed: 0x7fdb5f50d790
2025-02-05T21:41:29.631Z,653.631592,4a953fc0,6 [FLog::SingleSurfaceApp] shutDown: (stage:Native).
2025-02-05T21:41:29.631Z,653.631653,4a953fc0,6 [FLog::SingleSurfaceApp] destroyLuaApp: (stage:Native) blocking:true.
2025-02-05T21:41:29.631Z,653.631653,4a953fc0,6,Warning [FLog::CrossExperienceVoiceController] CrossExperienceVoiceController: finalize: Did not finalize due to state.
2025-02-05T21:41:29.631Z,653.631653,4a953fc0,6,Info [FLog::UgcExperienceController] UgcExperienceController: finalized
2025-02-05T21:41:29.631Z,653.631653,4a953fc0,6,Warning [FLog::SingleSurfaceApp] destroyLuaApp: (stage:Native)... finished destroying luaApp.
2025-02-05T21:41:29.631Z,653.631714,4a953fc0,6 [FLog::SingleSurfaceApp] setStage: (stage:None)
2025-02-05T21:41:29.631Z,653.631714,4a953fc0,6 [FLog::SingleSurfaceApp] destroy controllers
2025-02-05T21:41:29.631Z,653.631714,4a953fc0,6,Info [FLog::CrossExperienceVoiceController] CrossExperienceVoiceController::CrossExperienceVoiceController()
2025-02-05T21:41:29.631Z,653.631714,4a953fc0,6,Info [FLog::UgcExperienceController] UgcExperienceController::~UgcExperienceController()
2025-02-05T21:41:29.631Z,653.631775,4a953fc0,6 [FLog::SurfaceController] SurfaceController[_:1]::~SurfaceController, count: 0
2025-02-05T21:41:29.631Z,653.631775,4a953fc0,6,Warning [FLog::Graphics] RenderView destroyed[1]
2025-02-05T21:41:29.669Z,653.669678,4a953fc0,6 [FLog::SingleSurfaceApp] setStage: (stage:Native)
