2025-02-04T19:40:22.257Z,0.257132,5cb6ffc0,6 [FLog::MacLuaApp] (AppDelegate) application:openURLs:(
    "roblox-player:1+launchmode:play+gameinfo:30q4Ldaeo-glh8vbDed80SRmdpbE9iV_OKe9GDYMB9pZJQ-29o3mKxJWFftnbAm-mM9KtCvD_0crsw8U_ElXsWhyanC31AMSwW43Q0o2WOUAoUx2Ap-oLsfSpluvt1sIaflT-RGNZhwgXeVxd3SB5k2W_c7r1gfYuzlq3zvzZinRA2RwDTO1YGIh9bLwPINdBuUhtaUBufcQZ2gyDStS5mCvffq2gLQPXU1PYu1hy74+launchtime:1738698019219+placelauncherurl:https%3A%2F%2Fwww.roblox.com%2FGame%2FPlaceLauncher.ashx%3Frequest%3DRequestGame%26browserTrackerId%3D1738344328674006%26placeId%3D81080628786688%26isPlayTogetherGame%3Dfalse%26referredByPlayerId%3D0%26joinAttemptId%3D68eb72d0-7d9b-4c76-9408-883ad2c0dc80%26joinAttemptOrigin%3DPlayButton+browsertrackerid:1738344328674006+robloxLocale:en_us+gameLocale:en_us+channel:+LaunchExp:InApp"
)
2025-02-04T19:40:22.257Z,0.257587,5cb6ffc0,6 [FLog::MacLuaApp] (AppDelegate) application:openURLs handling web launch
2025-02-04T19:40:22.257Z,0.257633,5cb6ffc0,6 [FLog::MacLuaApp] (AppDelegate) Argument 1 = launchmode:play
2025-02-04T19:40:22.257Z,0.257647,5cb6ffc0,6 [FLog::MacLuaApp] (AppDelegate) Argument 2 = gameinfo:30q4Ldaeo-glh8vbDed80SRmdpbE9iV_OKe9GDYMB9pZJQ-29o3mKxJWFftnbAm-mM9KtCvD_0crsw8U_ElXsWhyanC31AMSwW43Q0o2WOUAoUx2Ap-oLsfSpluvt1sIaflT-RGNZhwgXeVxd3SB5k2W_c7r1gfYuzlq3zvzZinRA2RwDTO1YGIh9bLwPINdBuUhtaUBufcQZ2gyDStS5mCvffq2gLQPXU1PYu1hy74
2025-02-04T19:40:22.257Z,0.257658,5cb6ffc0,6 [FLog::MacLuaApp] (AppDelegate) Argument 3 = launchtime:1738698019219
2025-02-04T19:40:22.257Z,0.257668,5cb6ffc0,6 [FLog::MacLuaApp] (AppDelegate) Argument 4 = placelauncherurl:https%3A%2F%2Fwww.roblox.com%2FGame%2FPlaceLauncher.ashx%3Frequest%3DRequestGame%26browserTrackerId%3D1738344328674006%26placeId%3D81080628786688%26isPlayTogetherGame%3Dfalse%26referredByPlayerId%3D0%26joinAttemptId%3D68eb72d0-7d9b-4c76-9408-883ad2c0dc80%26joinAttemptOrigin%3DPlayButton
2025-02-04T19:40:22.257Z,0.257678,5cb6ffc0,6 [FLog::MacLuaApp] (AppDelegate) Argument 5 = browsertrackerid:1738344328674006
2025-02-04T19:40:22.257Z,0.257688,5cb6ffc0,6 [FLog::MacLuaApp] (AppDelegate) Argument 6 = robloxLocale:en_us
2025-02-04T19:40:22.257Z,0.257697,5cb6ffc0,6 [FLog::MacLuaApp] (AppDelegate) Argument 7 = gameLocale:en_us
2025-02-04T19:40:22.257Z,0.257706,5cb6ffc0,6 [FLog::MacLuaApp] (AppDelegate) Argument 8 = channel:
2025-02-04T19:40:22.257Z,0.257728,5cb6ffc0,6 [FLog::Output] Saved channel '' to 'com.roblox.RobloxPlayerChannel' for baseUrl 'www.roblox.com'
2025-02-04T19:40:22.257Z,0.257746,5cb6ffc0,6 [FLog::Output] RobloxChannel has been set to production
2025-02-04T19:40:22.257Z,0.257756,5cb6ffc0,6 [FLog::MacLuaApp] (AppDelegate) Argument 9 = LaunchExp:InApp
2025-02-04T19:40:22.257Z,0.257811,5cb6ffc0,6 [FLog::MacLuaApp] (AppDelegate) reportClientStatus url: https://www.roblox.com/client-status/set?browserTrackerId=1738344328674006&status=BootstrapperInstalling
2025-02-04T19:40:22.259Z,0.259168,5cb6ffc0,6 [FLog::MacLuaApp] (AppDelegate) application:openURLs cold launch. Defer web launch until after initialization is complete.
2025-02-04T19:40:22.259Z,0.259275,5cb6ffc0,6 [FLog::Output] (AppDelegate) applicationDidFinishLaunching
2025-02-04T19:40:22.259Z,0.259372,5cb6ffc0,6,Info [FLog::UpdateController] UpdateController: versionQueryUrl: https://clientsettingscdn.roblox.com/v2/client-version/MacPlayer
2025-02-04T19:40:22.259Z,0.259398,5cb6ffc0,6,Info [FLog::UpdateController] MacUpdateController: updaterFullPath: /Applications/Roblox.app/Contents/MacOS/RobloxPlayerInstaller.app/Contents/MacOS/RobloxPlayerInstaller
2025-02-04T19:40:22.259Z,0.259446,1061000,6,Info [FLog::UpdateController] Update check thread started
2025-02-04T19:40:22.259Z,0.259481,1061000,6,Info [FLog::UpdateController] Checking if updater exists at /Applications/Roblox.app/Contents/MacOS/RobloxPlayerInstaller.app/Contents/MacOS/RobloxPlayerInstaller. Returning 1
2025-02-04T19:40:22.259Z,0.259486,5cb6ffc0,6 [FLog::Output] settingsUrl: https://clientsettingscdn.roblox.com/v2/settings-compressed/application/MacDesktopClient/876303bc5322fbc5499ad5d572b4a57fc6305ca10adf81769b9121c45b7d3a38.dcz
2025-02-04T19:40:22.330Z,0.330955,5cb6ffc0,6 [FLog::Output] Settings Date header was Tue, 04 Feb 2025 19:40:22 GMT
2025-02-04T19:40:22.331Z,0.331003,5cb6ffc0,6 [FLog::Output] Settings Date timestamp is 1738698022
2025-02-04T19:40:22.342Z,0.342729,5cb6ffc0,6 [FLog::ClientRunInfo] RobloxGitHash: 6874f45ec658019a67f19ab7de6e688c50292b01
2025-02-04T19:40:22.342Z,0.342884,5cb6ffc0,6 [FLog::ClientRunInfo] The base url is https://www.roblox.com/
2025-02-04T19:40:22.342Z,0.342895,5cb6ffc0,6 [FLog::ClientRunInfo] The channel is production
2025-02-04T19:40:22.353Z,0.353068,5cb6ffc0,6 [FLog::Output] *******
** Validated reflection database in 6.536175 ms, found 5363 entries with the following skipped: 0 enums, 0 properties, 0 functions, 0 events, 0 callbacks, 0 classes.
*******

2025-02-04T19:40:22.353Z,0.353565,5cb6ffc0,6 [FLog::Output] (AppDelegate) Universal App on Mac: initialize...
2025-02-04T19:40:22.353Z,0.353623,5cb6ffc0,6 [FLog::Output] syncCookiesFromNativeToEngine was skipped
2025-02-04T19:40:22.353Z,0.353718,5cb6ffc0,6 [FLog::Output] Current file descriptor limit is 256, increasing to 2560
2025-02-04T19:40:22.353Z,0.353755,5cb6ffc0,6 [FLog::Output] (AppDelegate) web browserTrackerId = [1738344328674006].
2025-02-04T19:40:22.354Z,0.354566,10e4000,6,Warning [FLog::HttpOpenTelemetryTracing] No active span to end
2025-02-04T19:40:22.354Z,0.354631,10e4000,12 [DFLog::HttpTraceError] HttpResponse(#7 0x7fb4dd024c20) time:136.8ms (net:136.8ms callback:0.0ms timeInRetryQueue:0.0ms)status:404 Not Found bodySize:0 url:{ "https://users.roblox.com/" } ip:128.116.44.4 external:1 numberOfTimesRetried:0
2025-02-04T19:40:22.355Z,0.355132,5cb6ffc0,6 [FLog::Output] syncCookiesFromEngineToNative was skipped
2025-02-04T19:40:22.355Z,0.355157,5cb6ffc0,6 [FLog::Output] (AppDelegate) launchTimeMillis = [-3086]
2025-02-04T19:40:22.355Z,0.355420,5cb6ffc0,6,Info [FLog::PerformanceControlUtil] PerformanceControlUtil: registered single surface tunable (id=0)
2025-02-04T19:40:22.388Z,0.388496,10e4000,6,Warning [FLog::HttpOpenTelemetryTracing] No active span to end
2025-02-04T19:40:22.388Z,0.388560,10e4000,12 [DFLog::HttpTraceError] HttpResponse(#0 0x7fb4dd00dc20) time:170.9ms (net:170.8ms callback:0.0ms timeInRetryQueue:0.0ms)status:404 Not Found bodySize:0 url:{ "https://accountsettings.roblox.com/" } ip:128.116.44.4 external:1 numberOfTimesRetried:0
2025-02-04T19:40:22.388Z,0.388585,10e4000,6,Warning [FLog::HttpOpenTelemetryTracing] No active span to end
2025-02-04T19:40:22.388Z,0.388607,10e4000,12 [DFLog::HttpTraceError] HttpResponse(#5 0x7fb4dd024020) time:170.8ms (net:170.8ms callback:0.0ms timeInRetryQueue:0.0ms)status:404 Not Found bodySize:0 url:{ "https://locale.roblox.com/" } ip:128.116.44.4 external:1 numberOfTimesRetried:0
2025-02-04T19:40:22.393Z,0.393876,10e4000,6,Warning [FLog::HttpOpenTelemetryTracing] No active span to end
2025-02-04T19:40:22.393Z,0.393906,10e4000,12 [DFLog::HttpTraceError] HttpResponse(#6 0x7fb4dd024620) time:176.2ms (net:176.1ms callback:0.0ms timeInRetryQueue:0.0ms)status:404 Not Found bodySize:0 url:{ "https://users.roblox.com/" } ip:128.116.44.4 external:1 numberOfTimesRetried:0
2025-02-04T19:40:22.461Z,0.461969,10e4000,6,Warning [FLog::HttpOpenTelemetryTracing] No active span to end
2025-02-04T19:40:22.462Z,0.462033,10e4000,12 [DFLog::HttpTraceError] HttpResponse(#3 0x7fb4dd023420) time:244.3ms (net:244.2ms callback:0.0ms timeInRetryQueue:0.0ms)status:404 Not Found bodySize:0 url:{ "https://apis.roblox.com/" } ip:128.116.123.4 external:1 numberOfTimesRetried:0
2025-02-04T19:40:22.469Z,0.469731,10e4000,6,Warning [FLog::HttpOpenTelemetryTracing] No active span to end
2025-02-04T19:40:22.469Z,0.469813,10e4000,12 [DFLog::HttpTraceError] HttpResponse(#1 0x7fb4dd00c820) time:252.1ms (net:252.0ms callback:0.0ms timeInRetryQueue:0.0ms)status:404 Not Found bodySize:0 url:{ "https://apis.roblox.com/" } ip:128.116.123.4 external:1 numberOfTimesRetried:0
2025-02-04T19:40:22.506Z,0.506047,10e4000,6,Warning [FLog::HttpOpenTelemetryTracing] No active span to end
2025-02-04T19:40:22.506Z,0.506112,10e4000,12 [DFLog::HttpTraceError] HttpResponse(#4 0x7fb4dd023a20) time:288.4ms (net:288.3ms callback:0.0ms timeInRetryQueue:0.0ms)status:404 Not Found bodySize:0 url:{ "https://apis.roblox.com/" } ip:128.116.123.4 external:1 numberOfTimesRetried:0
2025-02-04T19:40:22.517Z,0.517693,10e4000,6,Warning [FLog::HttpOpenTelemetryTracing] No active span to end
2025-02-04T19:40:22.517Z,0.517747,10e4000,12 [DFLog::HttpTraceError] HttpResponse(#2 0x7fb4dd022e20) time:300.1ms (net:300.0ms callback:0.0ms timeInRetryQueue:0.0ms)status:404 Not Found bodySize:0 url:{ "https://apis.roblox.com/" } ip:128.116.123.4 external:1 numberOfTimesRetried:0
2025-02-04T19:40:22.667Z,0.667652,10e4000,6,Warning [FLog::HttpOpenTelemetryTracing] No active span to end
2025-02-04T19:40:22.667Z,0.667712,1061000,6,Debug [FLog::UpdateController] version response: {"version":"0.658.0.6580461","clientVersionUpload":"version-4c01fa4a41074574","bootstrapperVersion":"6580461"}
2025-02-04T19:40:22.667Z,0.667771,1061000,6,Info [FLog::UpdateController] Update check thread: updateRequired FALSE
2025-02-04T19:40:22.667Z,0.667846,5cb6ffc0,6 [FLog::SingleSurfaceApp] initializeWithAppStarter
2025-02-04T19:40:22.667Z,0.667864,5cb6ffc0,6 [FLog::SingleSurfaceApp] initializeSingleton
2025-02-04T19:40:22.668Z,0.668111,5cb6ffc0,6 [FLog::Output] setAssetFolder /Applications/Roblox.app/Contents/Resources/content/
2025-02-04T19:40:22.668Z,0.668348,5cb6ffc0,6 [FLog::Output] setExtraAssetFolder /Applications/Roblox.app/Contents/Resources/ExtraContent
2025-02-04T19:40:22.668Z,0.668522,5cb6ffc0,6 [FLog::Output] Evaluating deferred inferred crashes
2025-02-04T19:40:22.669Z,0.669227,5cb6ffc0,6 [FLog::SingleSurfaceApp] setStage: (stage:Native)
2025-02-04T19:40:22.669Z,0.669250,5cb6ffc0,6 [FLog::SingleSurfaceApp] setLocale
2025-02-04T19:40:22.669Z,0.669260,5cb6ffc0,6,Warning [FLog::SingleSurfaceApp] instantiate controllers
2025-02-04T19:40:22.669Z,0.669267,5cb6ffc0,6 [FLog::SurfaceController] SurfaceController[_:1]::SurfaceController, count: 1
2025-02-04T19:40:22.669Z,0.669276,5cb6ffc0,6,Warning [FLog::SingleSurfaceApp] instantiate experience coordinator
2025-02-04T19:40:22.669Z,0.669303,5cb6ffc0,6,Info [FLog::PerformanceControlUtil] PerformanceControlUtil: registered single surface tunable (id=1)
2025-02-04T19:40:22.669Z,0.669313,5cb6ffc0,6,Info [FLog::CrossExperienceVoiceController] CrossExperienceVoiceController::CrossExperienceVoiceController() constructor
2025-02-04T19:40:23.030Z,1.030870,5cb6ffc0,6 [FLog::SingleSurfaceApp] launchUGCGame: (stage:Native).
2025-02-04T19:40:23.030Z,1.030897,5cb6ffc0,6 [FLog::SingleSurfaceApp] launchUGCGameInternal
2025-02-04T19:40:23.032Z,1.032987,5cb6ffc0,6 [FLog::SingleSurfaceApp] applyLocale
2025-02-04T19:40:23.033Z,1.033016,5cb6ffc0,6,Info [FLog::UgcExperienceController] UgcExperienceController: initialize:
2025-02-04T19:40:23.033Z,1.033682,5cb6ffc0,6 [FLog::DataModelPatchConfigurer] [_DataModelPatch] Load configs for user key: app:1423803869895817846
2025-02-04T19:40:23.034Z,1.034995,5cb6ffc0,6 [FLog::DataModelPatchConfigurer] [_DataModelPatch] Retrieving patch
2025-02-04T19:40:23.035Z,1.035015,5cb6ffc0,6 [FLog::DataModelPatchConfigurer] getCachedPatch DataModelPatchConfig : type=1, assetId=5345954812, assetVersion=10769, maxAppVersion=658, localAssetURI=rbxasset://models/DataModelPatch/DataModelPatch.rbxm
2025-02-04T19:40:23.035Z,1.035027,5cb6ffc0,6 [FLog::DataModelPatchConfigurer] getCachedPatch : numAttempts=10
2025-02-04T19:40:23.035Z,1.035073,5cb6ffc0,6 [FLog::DataModelPatchConfigurer] getCachedPatch : contentId=rbxasset://models/DataModelPatch/DataModelPatch.rbxm
2025-02-04T19:40:23.035Z,1.035084,5cb6ffc0,6 [FLog::DataModelPatchConfigurer] getCachedPatch : get patch from content provider for Model
2025-02-04T19:40:23.039Z,1.039812,5cb6ffc0,6 [FLog::DataModelPatchConfigurer] deserializeAndVerifyPatch with blake3
2025-02-04T19:40:23.308Z,1.308918,5cb6ffc0,6,Warning [DFLog::BootcampCLI139737Log] Hello world!!!!!!!!!!!!!!!!!!!!
2025-02-04T19:40:23.308Z,1.308965,5cb6ffc0,6,Warning [FLog::Output] Hello Earthlings!
2025-02-04T19:40:23.389Z,1.389473,5cb6ffc0,6,Info [FLog::Audio] OutputDevice 0: Cuffie esterne [BuiltIn] 48000/2
2025-02-04T19:40:23.404Z,1.404725,5cb6ffc0,6,Info [FLog::Audio] InputDevice 0: Microfono esterno({af0144be-277e-8cc3-0000000000000000}) 48000/1/4
2025-02-04T19:40:23.404Z,1.404762,5cb6ffc0,6,Info [FLog::Audio] InputDevice 1: Microfono iMac({50eb3c32-f018-032c-0000000000000000}) 48000/1/4
2025-02-04T19:40:23.419Z,1.419529,5cb6ffc0,6,Info [FLog::UgcExperienceController] UgcExperienceController: join: initialized dm 0x7fb4ea62de00
2025-02-04T19:40:23.419Z,1.419572,5cb6ffc0,6 [FLog::GameJoinUtil] GameJoinUtil::joinGame
2025-02-04T19:40:23.419Z,1.419657,5cb6ffc0,6 [FLog::GameJoinUtil] GameJoinUtil::joinGamePostStandard: URL: https://gamejoin.roblox.com/v1/join-game BODY: {"placeId":81080628786688,"gameJoinAttemptId":"68eb72d0-7d9b-4c76-9408-883ad2c0dc80"}
2025-02-04T19:40:23.419Z,1.419714,5cb6ffc0,6 [FLog::GameJoinUtil] GameJoinUtil::makePlaceLauncherRequest: requestCount: 0, url: https://gamejoin.roblox.com/v1/join-game.
2025-02-04T19:40:23.419Z,1.419733,5cb6ffc0,6 [FLog::GameJoinUtil] Delaying request by 0.00 seconds
2025-02-04T19:40:23.419Z,1.419779,5cb6ffc0,6,Info [FLog::CrossExperienceVoiceController] CrossExperienceVoiceController: onCoordinatorTransitionEvent Started - Ugc
2025-02-04T19:40:23.419Z,1.419901,5cb6ffc0,6 [FLog::SurfaceController] [_:1]::replaceDataModel: (stage:0, window = 0x7fb4db2996a0) [tid:0x7fb4dc00e560]
2025-02-04T19:40:23.420Z,1.420332,5cb6ffc0,6,Warning [FLog::Graphics] RenderView created[1]
2025-02-04T19:40:23.422Z,1.422115,5cb6ffc0,6 [FLog::Graphics] Metal renderer: AMD Radeon Pro 5300
2025-02-04T19:40:23.422Z,1.422141,5cb6ffc0,6 [channel] Caps: ThreadSafe 1 Framebuffer 1 FpFramebuffer 1 Shaders 1 Compute 1 Instancing 1 PerInstanceStream 1 ConstBuffers 1
2025-02-04T19:40:23.422Z,1.422150,5cb6ffc0,6 [channel] Caps: Framebuffer: MRT 4 MSAA 8 Stencil 1
2025-02-04T19:40:23.422Z,1.422157,5cb6ffc0,6 [channel] Caps: Framebuffer: Depth16 1 Depth24 1 DepthFloat 1 DepthClamp 1
2025-02-04T19:40:23.422Z,1.422163,5cb6ffc0,6 [channel] Caps: Border Color 1
2025-02-04T19:40:23.422Z,1.422168,5cb6ffc0,6 [channel] Caps: Texture: RGB10A2 1 RG11B10F 1 R16I 1
2025-02-04T19:40:23.422Z,1.422174,5cb6ffc0,6 [channel] Caps: Texture: BC6H 1 ASTC HDR 0
2025-02-04T19:40:23.422Z,1.422180,5cb6ffc0,6 [channel] Caps: Texture: DXT 1 PVR 0 ETC1 0 ETC2 0 Half 1
2025-02-04T19:40:23.422Z,1.422186,5cb6ffc0,6 [channel] Caps: Texture: 3D 1 Array 1 Depth 1 MSAA 1 MSAAFP16 8
2025-02-04T19:40:23.422Z,1.422191,5cb6ffc0,6 [channel] Caps: Texture: NPOT 1 PartialMips 1 CubeMipGen 1 CubeFramebuffer 1
2025-02-04T19:40:23.422Z,1.422197,5cb6ffc0,6 [channel] Caps: Texture: Size 8192 Units 32 VertexUnits 32
2025-02-04T19:40:23.422Z,1.422203,5cb6ffc0,6 [channel] Caps: ConstantBufferSize 65536
2025-02-04T19:40:23.422Z,1.422208,5cb6ffc0,6 [channel] Caps: isAppleGPU 0
2025-02-04T19:40:23.422Z,1.422213,5cb6ffc0,6 [channel] Caps: 32bIdx 1 Memoryless 0
2025-02-04T19:40:23.422Z,1.422219,5cb6ffc0,6 [channel] Caps: ColorBGR 0 RTFlip 0 MinusOneToOneDepth 0
2025-02-04T19:40:23.425Z,1.425788,5cb6ffc0,6 [FLog::Graphics] Metal: creating framebuffer 5120x2528
2025-02-04T19:40:23.425Z,1.425833,5cb6ffc0,6 [FLog::Graphics] Video memory size: 2147483648
2025-02-04T19:40:23.461Z,1.461637,5cb6ffc0,6 [FLog::Graphics] Loaded 972 shaders from pack metal_osx variant default (7121760 bytes)
2025-02-04T19:40:23.461Z,1.461660,5cb6ffc0,6 [FLog::Graphics] Compiled 677 shaders in 35 ms
2025-02-04T19:40:23.484Z,1.484812,5cb6ffc0,6 [FLog::SurfaceController] SurfaceController::disableVR
2025-02-04T19:40:23.484Z,1.484925,5cb6ffc0,6 [FLog::SurfaceController] SurfaceController[_:1]::start dataModel(0x7fb4ea62de00)
2025-02-04T19:40:23.484Z,1.484950,5cb6ffc0,6 [FLog::SurfaceController] SurfaceController::RenderJob[_:1]::RenderJob
2025-02-04T19:40:23.484Z,1.484960,5cb6ffc0,6 [FLog::SurfaceController] SurfaceController[_:1]::run dataModel(0x7fb4ea62de00)
2025-02-04T19:40:23.484Z,1.484974,5cb6ffc0,6 [FLog::SingleSurfaceApp] setStage: (stage:UGCGame)
2025-02-04T19:40:23.484Z,1.484983,5cb6ffc0,6 [FLog::SingleSurfaceApp] userDidLogin
2025-02-04T19:40:23.484Z,1.484991,5cb6ffc0,6 [FLog::SingleSurfaceApp] applyLocale
2025-02-04T19:40:23.485Z,1.485038,15fc000,6 [FLog::Output] (AppDelegate) Doing machine id check.
2025-02-04T19:40:23.487Z,1.487353,14f9000,6,Info [FLog::UgcExperienceController] UgcExperienceController: submitStartGameTask: scrips are loaded 0x7fb4ea62de00
2025-02-04T19:40:23.487Z,1.487685,16ff000,6 [FLog::SurfaceController] SurfaceController::RenderJob::stepDataModelJob: No DM yet. Continue...
2025-02-04T19:40:23.527Z,1.527961,5cb6ffc0,6 [FLog::SurfaceController] SurfaceController::RenderJob::scheduleRender: No data model. Bind workspace now...
2025-02-04T19:40:23.535Z,1.535692,5cb6ffc0,6 [FLog::Graphics] LayeredClothingMode updated: LC=1 HSR=1
2025-02-04T19:40:23.541Z,1.541077,5cb6ffc0,6 [FLog::Graphics] SceneManager: resizing main targets to 2560x1264
2025-02-04T19:40:23.626Z,1.626076,5cb6ffc0,6 [FLog::Graphics] Metal: resizing main framebuffer to 5120x2880
2025-02-04T19:40:23.631Z,1.631327,5cb6ffc0,6 [FLog::Graphics] SceneManager: resizing main targets to 2560x1440
2025-02-04T19:40:24.676Z,2.676083,16ff000,6 [FLog::GameJoinUtil] GameJoinUtil::makePlaceLauncherRequest, response:
{"jobId":"8493489f-68e2-48bb-84d2-bd5ed330b792","status":2,"statusData":null,"joinScriptUrl":"https://assetgame.roblox.com/Game/Join.ashx?ticketVersion=2&ticket={\"UserId\"%3a3047960021%2c\"UserName\"%3a\"paninorealaccount009\"%2c\"DisplayName\"%3a\"Jack\"%2c\"CharacterFetchUrl\"%3a\"https%3a%2f%2fapi.roblox.com%2fv1.1%2favatar-fetch%2f%3fplaceId%3d81080628786688%26userId%3d3047960021\"%2c\"GameId\"%3a\"8493489f-68e2-48bb-84d2-bd5ed330b792\"%2c\"PlaceId\"%3a81080628786688%2c\"UniverseId\"%3a6832661798%2c\"ServerId\"%3a1007984%2c\"ServerPort\"%3a49814%2c\"IsTeleport\"%3afalse%2c\"FollowUserId\"%3anull%2c\"TimeStamp\"%3a\"02%2f04%2f2025+19%3a40%3a24\"%2c\"CharacterAppearanceId\"%3a3047960021%2c\"AlternateName\"%3anull%2c\"JoinTypeId\"%3a10%2c\"MatchmakingDecisionId\"%3a\"f19912fe-1d96-49db-adc2-e759f6179ae9\"%2c\"GameJoinMetadata\"%3a{\"JoinSource\"%3a0%2c\"RequestType\"%3a0%2c\"MatchmakingDecisi
2025-02-04T19:40:24.676Z,2.676226,16ff000,6 [FLog::GameJoinUtil] Game join succeeded.
2025-02-04T19:40:24.676Z,2.676242,16ff000,6 [FLog::GameJoinUtil] GameJoinUtil::processing join parameters
2025-02-04T19:40:24.720Z,2.720756,14f9000,7 [FLog::Network] NetworkClient:Create
2025-02-04T19:40:24.721Z,2.721259,14f9000,6 [FLog::GameJoinUtil] Null EventId
2025-02-04T19:40:24.721Z,2.721366,14f9000,10 [DFLog::KeyRing] Parsed config created at: 11:59 4/1/2024.
2025-02-04T19:40:24.723Z,2.723825,14f9000,6 [FLog::Output] AnalyticsSessionId is fc8c0d33-9442-45d5-8c86-691c67573a92.
2025-02-04T19:40:24.723Z,2.723877,14f9000,6 [FLog::Output] ! Joining game '8493489f-68e2-48bb-84d2-bd5ed330b792' place 81080628786688 at 10.9.7.203
2025-02-04T19:40:24.723Z,2.723913,14f9000,6 [FLog::GameJoinLoadTime] Report game_join_loadtime: sid:fc8c0d33-9442-45d5-8c86-691c67573a92, clienttime:1738698025.0650000572, join_time:1.690421968000000108, referral_page:RequestGame, placeid:81080628786688, userid:3047960021, universeid:6832661798, 
2025-02-04T19:40:24.725Z,2.725696,14f9000,7 [FLog::Network] Client will attempt to connect following server endpoints with threadSleepTime(-1)
2025-02-04T19:40:24.725Z,2.725713,14f9000,7 [FLog::Network] UDMUX Address = 128.116.44.33, Port = 49814 | RCC Server Address = 10.9.7.203, Port = 49814
2025-02-04T19:40:24.726Z,2.726520,14f9000,7 [FLog::Network] binding socket on inaddr_any:0

2025-02-04T19:40:24.737Z,2.737402,14f9000,6 [FLog::Output] Connecting to UDMUX server 128.116.44.33:49814, and RCC server 10.9.7.203:49814
2025-02-04T19:40:24.771Z,2.771586,10e4000,6,Critical [DFLog::RbxStorage] RbxStorage::init [INIT] availableDiskSpace: 56031846400 bytes, oldCacheSize: -1 bytes, elapsed: 0.043 ms
2025-02-04T19:40:24.789Z,2.789541,10e4000,6,Error [DFLog::SQLite] sqlite3_error_log: 283 - recovered 185 frames from WAL file /private/var/folders/83/3w46ryz13191t1qd7k9xctdm0000gn/T/Roblox/rbx-storage.db-wal
2025-02-04T19:40:24.792Z,2.792532,10e4000,6,Critical [DFLog::RbxStorage] RbxStorage::init [DONE] name: TelemetryCache(SqliteCache+TelemetryCache(FileCache)), duration: 20.397 ms, dbOpenCount: 5, dbMaxMemory: 0.260 MiB, dbTotalSize: 0.000 MiB, dbNumItems: 1, fileTotalSize: 0.000 MiB, fileNumItems: 0
2025-02-04T19:40:24.928Z,2.928873,16ff000,6 [FLog::Output] Connection accepted from 128.116.44.33|49814
2025-02-04T19:40:24.930Z,2.930299,16ff000,7 [FLog::Network] serverId: 128.116.44.33|49814
2025-02-04T19:40:24.930Z,2.930385,16ff000,7 [FLog::Network] Replicator created for player 128.116.44.33|49814
2025-02-04T19:40:24.930Z,2.930398,16ff000,7 [FLog::Network] Replicator created: 0x7fb5056f1cb0
2025-02-04T19:40:25.083Z,3.083151,14f9000,7 [FLog::Network] Time taken to initialize schema = 4.122592 ms
2025-02-04T19:40:25.085Z,3.085830,14f9000,7 [FLog::Network] Assigned peer id = 20
2025-02-04T19:40:25.086Z,3.086039,14f9000,7 [FLog::Network] Join snapshot timer: 0.186083
2025-02-04T19:40:25.094Z,3.094762,16ff000,6 [FLog::DataModelPatchConfigurer] OTAPollingEnabled set to: false
2025-02-04T19:40:25.112Z,3.112007,16ff000,6,Info [FLog::AudioFocusManager] AudioFocusManager::AudioFocusManager() constructor
2025-02-04T19:40:25.112Z,3.112041,16ff000,6,Info [FLog::AudioFocusService] AudioFocusService::AudioFocusService() constructor
2025-02-04T19:40:25.112Z,3.112052,16ff000,6,Info [FLog::AudioFocusService] AudioFocusService onServiceProvider invokation
2025-02-04T19:40:25.112Z,3.112059,16ff000,6,Info [FLog::AudioFocusService] AudioFocusService::AudioFocusService() onServiceProvider setup
2025-02-04T19:40:25.411Z,3.411547,15fc000,6 [FLog::Output] Server RobloxGitHash: 6874f45ec658019a67f19ab7de6e688c50292b01
2025-02-04T19:40:25.411Z,3.411569,15fc000,6 [FLog::Output] Server Prefix: 0.658.0.6580461_20250204T191822Z_RCC_e03e2
2025-02-04T19:40:25.476Z,3.476689,5cb6ffc0,6 [FLog::Graphics] Future is bright lights
2025-02-04T19:40:25.481Z,3.481831,5cb6ffc0,6 [FLog::Graphics] Terrain TextureArray (2022) 512x512, arraySize: 35, mip: 10
2025-02-04T19:40:26.174Z,4.174783,15fc000,6 [FLog::Output] Loaded data in 743ms!
2025-02-04T19:41:25.143Z,63.143364,15fc000,6,Warning [DFLog::DMNotificationMonitor] DM notification received. Type 35
2025-02-04T19:41:25.152Z,63.152920,5cb6ffc0,6 [FLog::SingleSurfaceApp] leaveUGCGame: (stage:UGCGame) blocking=0.
2025-02-04T19:41:25.152Z,63.152962,5cb6ffc0,6 [FLog::SingleSurfaceApp] leaveUGCGameInternal
2025-02-04T19:41:25.153Z,63.153698,5cb6ffc0,6 [FLog::SurfaceController] stop
2025-02-04T19:41:25.153Z,63.153709,5cb6ffc0,6 [FLog::SurfaceController] drainRenderingJobs
2025-02-04T19:41:25.153Z,63.153740,5cb6ffc0,6 [FLog::SurfaceController] SurfaceController::RenderJob[_:1]::~RenderJob
2025-02-04T19:41:25.156Z,63.156075,5cb6ffc0,6,Info [FLog::UgcExperienceController] UgcExperienceController: destroyCaptureModeDataModelIfExists: begin
2025-02-04T19:41:25.156Z,63.156105,5cb6ffc0,6,Info [FLog::UgcExperienceController] UgcExperienceController: destroyCaptureModeDataModelIfExists: end
2025-02-04T19:41:25.156Z,63.156116,5cb6ffc0,6,Info [FLog::UgcExperienceController] UgcExperienceController: stop: begin (blocking=false dataModel=0x7fb4ea62de00)
2025-02-04T19:41:25.156Z,63.156132,5cb6ffc0,6,Info [FLog::UgcExperienceController] UgcExperienceController: sendAnalyticsBeforeLeave: sending event None_None
2025-02-04T19:41:25.156Z,63.156155,5cb6ffc0,6,Info [FLog::CrossExperienceVoiceController] CrossExperienceVoiceController: onCoordinatorTransitionEvent Stopped - Ugc
2025-02-04T19:41:25.156Z,63.156162,5cb6ffc0,6,Info [FLog::CrossExperienceVoiceController] CrossExperienceVoiceController: removing all observers for type Ugc
2025-02-04T19:41:25.156Z,63.156467,5cb6ffc0,6 [FLog::SingleSurfaceApp] setStage: (stage:Native)
2025-02-04T19:41:25.156Z,63.156487,5cb6ffc0,6 [DFLog::SignalRCoreError] ID: 1 Disconnected - stop() called
2025-02-04T19:41:25.159Z,63.159428,16ff000,7 [FLog::Network] Client:Disconnect
2025-02-04T19:41:25.159Z,63.159538,16ff000,7 [FLog::Network] Time to disconnect replication data: 0.068611
2025-02-04T19:41:25.159Z,63.159843,16ff000,7 [FLog::Network] Sending disconnect with reason: 285
2025-02-04T19:41:25.159Z,63.159870,16ff000,7 [FLog::Network] Sending disconnect with reason: 285
2025-02-04T19:41:25.159Z,63.159920,23ca000,7 [FLog::Network] Sending disconnect with reason: 285
2025-02-04T19:41:25.159Z,63.159977,23ca000,7 [FLog::Network] Connection lost
2025-02-04T19:41:25.159Z,63.159992,23ca000,7 [FLog::Network] Connection lost: connectMode: Disconnect ASAP, timeMS:63159, connectionTime 2864
2025-02-04T19:41:25.159Z,63.159996,23ca000,7 [FLog::Network] Connection lost: AckTimeout 0, IsOutgoingDataWaiting 0
2025-02-04T19:41:25.160Z,63.160004,23ca000,7 [FLog::Network] Disconnection Notification. Reason: 285
2025-02-04T19:41:25.469Z,63.469582,16ff000,6,Info [FLog::AudioFocusService] AudioFocusService onServiceProvider invokation
2025-02-04T19:41:25.478Z,63.478287,16ff000,6,Info [FLog::AudioFocusService] AudioFocusService::AudioFocusService() onServiceProvider teardown
2025-02-04T19:41:25.478Z,63.478409,16ff000,7 [FLog::Network] Client:Disconnect
2025-02-04T19:41:25.575Z,63.575851,16ff000,7 [FLog::Network] NetworkClient:Remove
2025-02-04T19:41:25.575Z,63.575905,16ff000,7 [DFLog::MegaReplicatorLogDisconnectCleanUpLog] Destroying MegaReplicator.
2025-02-04T19:41:25.607Z,63.607075,16ff000,6,Info [FLog::AudioFocusService] AudioFocusService::AudioFocusService() destructor
2025-02-04T19:41:25.622Z,63.622128,16ff000,7 [FLog::Network] Replicator destroyed: 0x7fb5056f1cb0
2025-02-04T19:41:26.103Z,64.103210,5cb6ffc0,6 [FLog::SingleSurfaceApp] shutDown: (stage:Native).
2025-02-04T19:41:26.103Z,64.103271,5cb6ffc0,6 [FLog::SingleSurfaceApp] destroyLuaApp: (stage:Native) blocking:true.
2025-02-04T19:41:26.103Z,64.103287,5cb6ffc0,6,Warning [FLog::CrossExperienceVoiceController] CrossExperienceVoiceController: finalize: Did not finalize due to state.
2025-02-04T19:41:26.103Z,64.103310,5cb6ffc0,6,Info [FLog::UgcExperienceController] UgcExperienceController: finalized
2025-02-04T19:41:26.103Z,64.103317,5cb6ffc0,6,Warning [FLog::SingleSurfaceApp] destroyLuaApp: (stage:Native)... finished destroying luaApp.
2025-02-04T19:41:26.103Z,64.103333,5cb6ffc0,6 [FLog::SingleSurfaceApp] setStage: (stage:None)
2025-02-04T19:41:26.103Z,64.103348,5cb6ffc0,6 [FLog::SingleSurfaceApp] destroy controllers
2025-02-04T19:41:26.103Z,64.103363,5cb6ffc0,6,Info [FLog::CrossExperienceVoiceController] CrossExperienceVoiceController::CrossExperienceVoiceController()
2025-02-04T19:41:26.103Z,64.103386,5cb6ffc0,6,Info [FLog::UgcExperienceController] UgcExperienceController::~UgcExperienceController()
2025-02-04T19:41:26.103Z,64.103424,5cb6ffc0,6 [FLog::SurfaceController] SurfaceController[_:1]::~SurfaceController, count: 0
2025-02-04T19:41:26.103Z,64.103439,5cb6ffc0,6,Warning [FLog::Graphics] RenderView destroyed[1]
2025-02-04T19:41:26.132Z,64.132355,5cb6ffc0,6 [FLog::SingleSurfaceApp] setStage: (stage:Native)
