2025-02-01 13:12:14.851 RobloxPlayerInstaller[3085:187882] Starting
2025-02-01 13:12:14.932 RobloxPlayerInstaller[3085:187882] INFO -[AppDelegate applicationWillFinishLaunching:] [Line 24] Enter
2025-02-01 13:12:14.932 RobloxPlayerInstaller[3085:187882] INFO -[AppDelegate applicationWillFinishLaunching:] [Line 26] Leave
2025-02-01 13:12:14.949 RobloxPlayerInstaller[3085:187882] INFO -[AppDelegate applicationDidFinishLaunching:] [Line 31] Enter
2025-02-01 13:12:14.952 RobloxPlayerInstaller[3085:187882] INFO +[Configuration selectAppChannel:] [Line 180] Using production channel, and set local channel preference to production
2025-02-01 13:12:15.565 RobloxPlayerInstaller[3085:187882] INFO -[Configuration fetchRobloxFlags:forAppGroup:outUrlUsed:errorOut:] [Line 129] Succeed fetching flags. URL https://clientsettingscdn.roblox.com/v2/settings/application/MacClientBootstrapper for channel production
2025-02-01 13:12:15.565 RobloxPlayerInstaller[3085:187882] INFO -[Installer configInstallation] [Line 315] Check whether MacOS version is greater than 10.9
2025-02-01 13:12:15.621 RobloxPlayerInstaller[3085:187882] INFO +[MacUtil loadNibNamed:ofClass:toOwner:] [Line 196] found the object with class name NSKVONotifying_CustomPanel
2025-02-01 13:12:15.637 RobloxPlayerInstaller[3085:187882] INFO -[Installer fetchVersionInfo] [Line 848] Agent MacOS 14.7.3/com.roblox.RobloxPlayerInstaller 6580461 will install com.roblox.RobloxPlayer version: number 0.658.0.6580461, Guid version-4c01fa4a41074574
2025-02-01 13:12:15.637 RobloxPlayerInstaller[3085:187882] INFO -[Installer configInstallation] [Line 371] agent 'MacOS 14.7.3/com.roblox.RobloxPlayerInstaller 6580461' will connect server https://www.roblox.com/, download com.roblox.RobloxPlayer archive /var/folders/83/3w46ryz13191t1qd7k9xctdm0000gn/T/TemporaryItems/NSIRD__hJUo8q/RobloxPlayer.zip, install to path /Applications
2025-02-01 13:12:15.646 RobloxPlayerInstaller[3085:187882] INFO -[AppDelegate applicationDidFinishLaunching:] [Line 80] Leave
2025-02-01 13:12:19.634 RobloxPlayerInstaller[3085:187918] INFO -[Installer didFinishDownloadingTo:forDownloadTask:] [Line 391] Downloaded from https://setup.rbxcdn.com/mac/version-4c01fa4a41074574-RobloxPlayer.zip to file:///var/folders/83/3w46ryz13191t1qd7k9xctdm0000gn/T/CFNetworkDownload_avB6B2.tmp
2025-02-01 13:12:19.634 RobloxPlayerInstaller[3085:187918] INFO -[Installer didFinishDownloadingTo:forDownloadTask:] [Line 418] Moved /var/folders/83/3w46ryz13191t1qd7k9xctdm0000gn/T/CFNetworkDownload_avB6B2.tmp to /var/folders/83/3w46ryz13191t1qd7k9xctdm0000gn/T/TemporaryItems/NSIRD__hJUo8q/RobloxPlayer.zip
2025-02-01 13:12:22.167 RobloxPlayerInstaller[3085:187918] INFO +[MacUtil unzipFile:intoParentFolder:toFilename:error:] [Line 454] unzipped /var/folders/83/3w46ryz13191t1qd7k9xctdm0000gn/T/TemporaryItems/NSIRD__hJUo8q/RobloxPlayer.zip to /Applications.
2025-02-01 13:12:22.170 RobloxPlayerInstaller[3085:187918] INFO +[MacUtil isAppInDock:] [Line 145] Check whether /Applications/Roblox.app is in dock
2025-02-01 13:12:22.171 RobloxPlayerInstaller[3085:187918] INFO +[MacUtil isAppInDock:] [Line 156] Application /Applications/Roblox.app is NOT found in dock
2025-02-01 13:12:24.830 RobloxPlayerInstaller[3085:187918] INFO +[MacUtil sendEventToAppleScript:eventName:paramArray:] [Line 543] executed script from /Volumes/RobloxPlayerInstaller/RobloxPlayerInstaller.app/Contents/Resources/RobloxPlayerInstaller.scpt
2025-02-01 13:12:24.923 RobloxPlayerInstaller[3085:187882] INFO -[Installer handleInstallSuccess] [Line 1092] Success - launch the application
2025-02-01 13:12:25.028 RobloxPlayerInstaller[3085:187882] INFO -[Installer findPersonalizedTokenFromAttributes:] [Line 1181] Current file path of installer: /Users/petruilies/Downloads/Roblox.dmg
2025-02-01 13:12:25.192 RobloxPlayerInstaller[3085:187882] INFO +[Installer exitApplication:] [Line 757] Installation succeed!
2025-02-01 13:12:25.192 RobloxPlayerInstaller[3085:187882] INFO -[AppDelegate applicationShouldTerminate:] [Line 106] Enter
2025-02-01 13:12:25.192 RobloxPlayerInstaller[3085:187882] INFO -[AppDelegate applicationShouldTerminate:] [Line 107] Leave
2025-02-01 13:12:25.192 RobloxPlayerInstaller[3085:187882] INFO -[AppDelegate applicationWillTerminate:] [Line 85] Enter
2025-02-01 13:12:25.544 RobloxPlayerInstaller[3085:187882] INFO -[AppDelegate applicationWillTerminate:] [Line 101] Leave
[3096:188403:20250201,131227.910850:INFO ClientCrashpadHandler.cpp:37] Handler executable command line:
/Applications/Roblox.app/Contents/MacOS/RobloxCrashHandler --no-rate-limit --crashCounter Mac-ROBLOXPlayer-Crash --baseUrl https://www.roblox.com/ --attachment=attachment_0.658.0.6580461_20250201T121227Z_Player_519eb_last.log=/Users/petruilies/Library/Logs/Roblox/0.658.0.6580461_20250201T121227Z_Player_519eb_last.log --database=/Users/petruilies/Library/Logs/Roblox/crashes --metrics-dir=/Users/petruilies/Library/Logs/Roblox/crashes --url=https://uploads.backtrace.rbx.com/post --annotation=AppVersion=0.658.0.6580461 --annotation=Format=minidump --annotation=RobloxChannel=production --annotation=RobloxGitHash=6874f45ec658019a67f19ab7de6e688c50292b01 --annotation=RobloxProduct=RobloxPlayer --annotation=UniqueId=1820751794831771638 --annotation=UploadPercentage=100 --handshake-fd=4
[3096:188403:20250201,131227.911545:INFO ClientCrashpadHandler.cpp:63] Running the crashpad handler main function with 14 arguments:
/Applications/Roblox.app/Contents/MacOS/RobloxCrashHandler --no-rate-limit --attachment=attachment_0.658.0.6580461_20250201T121227Z_Player_519eb_last.log=/Users/petruilies/Library/Logs/Roblox/0.658.0.6580461_20250201T121227Z_Player_519eb_last.log --database=/Users/petruilies/Library/Logs/Roblox/crashes --metrics-dir=/Users/petruilies/Library/Logs/Roblox/crashes --url=https://uploads.backtrace.rbx.com/post --annotation=AppVersion=0.658.0.6580461 --annotation=Format=minidump --annotation=RobloxChannel=production --annotation=RobloxGitHash=6874f45ec658019a67f19ab7de6e688c50292b01 --annotation=RobloxProduct=RobloxPlayer --annotation=UniqueId=1820751794831771638 --annotation=UploadPercentage=100 --handshake-fd=4
2025-02-01 13:12:28.558 RobloxPlayer[3094:188462] Roblox::terminateWaiter - pid = 3094
2025-02-01 13:12:28.559 RobloxPlayer[3094:188462] isOtherRunning - pid = 3094 waiting on semaphore
2025-02-01 13:12:44.141 RobloxPlayer[3094:188337] WARNING: Secure coding is automatically enabled for restorable state! However, not on all supported macOS versions of this application. Opt-in to secure coding explicitly by implementing NSApplicationDelegate.applicationSupportsSecureRestorableState:.
2025-02-01 13:14:27.115 RobloxPlayer[3094:188337] Roblox::shutdownInstance - pid = 3094, thread is still waiting, signaling semaphore
2025-02-01 13:14:27.115 RobloxPlayer[3094:188462] isOtherRunning - pid = 3094 closing semaphore
